47.0 APEX_CODE,FINEST;APEX_PROFILING,INFO;CALLOUT,INFO;DB,INFO;NBA,INFO;SYSTEM,DEBUG;VALIDATION,INFO;VISUALFORCE,FINER;WAVE,INFO;WORKFLOW,INFO
Execute Anonymous: insert new myorder__c(Name = 'asd',customer__c = 'a003X0000132mlIQAQ',  Additional_Information__c = 'asdads');
10:45:06.29 (29494441)|USER_INFO|[EXTERNAL]|0053X00000AtM0M|khrystynych.vasyl@ctdevlviv.stud|(GMT+00:00) Irish Standard Time (Europe/Dublin)|GMTZ
10:45:06.29 (29523770)|EXECUTION_STARTED
10:45:06.29 (29529343)|CODE_UNIT_STARTED|[EXTERNAL]|execute_anonymous_apex
10:45:06.29 (29752435)|HEAP_ALLOCATE|[79]|Bytes:3
10:45:06.29 (29789489)|HEAP_ALLOCATE|[84]|Bytes:152
10:45:06.29 (29807163)|HEAP_ALLOCATE|[399]|Bytes:408
10:45:06.29 (29824101)|HEAP_ALLOCATE|[412]|Bytes:408
10:45:06.29 (29836787)|HEAP_ALLOCATE|[520]|Bytes:48
10:45:06.29 (29859961)|HEAP_ALLOCATE|[139]|Bytes:6
10:45:06.29 (29893868)|HEAP_ALLOCATE|[EXTERNAL]|Bytes:1
10:45:06.29 (30005315)|STATEMENT_EXECUTE|[1]
10:45:06.29 (30010860)|STATEMENT_EXECUTE|[1]
10:45:06.29 (30101749)|HEAP_ALLOCATE|[1]|Bytes:4
10:45:06.29 (30192314)|HEAP_ALLOCATE|[1]|Bytes:3
10:45:06.29 (30291741)|VARIABLE_ASSIGNMENT|[1]|this.Name|"asd"|0x31d424b
10:45:06.29 (30299831)|HEAP_ALLOCATE|[1]|Bytes:18
10:45:06.29 (30316414)|HEAP_ALLOCATE|[1]|Bytes:4
10:45:06.29 (30363288)|VARIABLE_ASSIGNMENT|[1]|this.customer__c|"a003X0000132mlIQAQ"|0x31d424b
10:45:06.29 (30370643)|HEAP_ALLOCATE|[1]|Bytes:6
10:45:06.29 (30390621)|VARIABLE_ASSIGNMENT|[1]|this.Additional_Information__c|"asdads"|0x31d424b
10:45:06.29 (30443719)|HEAP_ALLOCATE|[52]|Bytes:5
10:45:06.29 (30472224)|HEAP_ALLOCATE|[58]|Bytes:5
10:45:06.29 (30480348)|HEAP_ALLOCATE|[66]|Bytes:7
10:45:06.29 (30513931)|HEAP_ALLOCATE|[1]|Bytes:8
10:45:06.29 (30528227)|DML_BEGIN|[1]|Op:Insert|Type:myorder__c|Rows:1
10:45:06.29 (30563238)|HEAP_ALLOCATE|[EXTERNAL]|Bytes:8
10:45:06.29 (81740297)|CODE_UNIT_STARTED|[EXTERNAL]|01q3X0000018STF|myOrderTrigger on myorder trigger event AfterInsert|__sfdc_trigger/myOrderTrigger
10:45:06.29 (81799096)|HEAP_ALLOCATE|[EXTERNAL]|Bytes:8
10:45:06.29 (81957037)|HEAP_ALLOCATE|[EXTERNAL]|Bytes:4
10:45:06.29 (81971245)|VARIABLE_SCOPE_BEGIN|[1]|this|myOrderTrigger|true|false
10:45:06.29 (82034412)|VARIABLE_ASSIGNMENT|[1]|this|{}|0x654dea4e
10:45:06.29 (82072521)|HEAP_ALLOCATE|[EXTERNAL]|Bytes:4
10:45:06.29 (82079607)|VARIABLE_SCOPE_BEGIN|[1]|this|myOrderTrigger|true|false
10:45:06.29 (82092100)|VARIABLE_ASSIGNMENT|[1]|this|{}|0x654dea4e
10:45:06.29 (82099832)|STATEMENT_EXECUTE|[1]
10:45:06.29 (82102582)|STATEMENT_EXECUTE|[2]
10:45:06.29 (85407325)|VARIABLE_SCOPE_BEGIN|[10]|HandlerExecutionPool.instance|HandlerExecutionPool|true|true
10:45:06.29 (85459988)|HEAP_ALLOCATE|[2]|Bytes:31
10:45:06.29 (85471229)|HEAP_ALLOCATE|[2]|Bytes:8
10:45:06.29 (85503999)|METHOD_ENTRY|[8]|01p3X00000DVhaf|HandlerExecutionPool.HandlerExecutionPool()
10:45:06.29 (85510210)|STATEMENT_EXECUTE|[8]
10:45:06.29 (85515979)|STATEMENT_EXECUTE|[8]
10:45:06.29 (85957135)|SYSTEM_MODE_ENTER|false
10:45:06.29 (85982693)|HEAP_ALLOCATE|[2]|Bytes:5
10:45:06.29 (85992353)|STATEMENT_EXECUTE|[60]
10:45:06.29 (85995183)|STATEMENT_EXECUTE|[172]
10:45:06.29 (86001609)|SYSTEM_MODE_EXIT|false
10:45:06.29 (86016640)|METHOD_EXIT|[8]|HandlerExecutionPool
10:45:06.29 (86048411)|METHOD_ENTRY|[2]|01p3X00000DVhaf|HandlerExecutionPool.getInstance()
10:45:06.29 (86081973)|SYSTEM_MODE_ENTER|false
10:45:06.29 (86087803)|HEAP_ALLOCATE|[25]|Bytes:5
10:45:06.29 (86093227)|STATEMENT_EXECUTE|[24]
10:45:06.29 (86098832)|STATEMENT_EXECUTE|[25]
10:45:06.29 (86101100)|STATEMENT_EXECUTE|[26]
10:45:06.29 (86679492)|HEAP_ALLOCATE|[26]|Bytes:8
10:45:06.29 (86707855)|CONSTRUCTOR_ENTRY|[26]|01p3X00000DVhaf|<init>()|HandlerExecutionPool
10:45:06.29 (86758856)|VARIABLE_SCOPE_BEGIN|[13]|this|HandlerExecutionPool|true|false
10:45:06.29 (86800248)|VARIABLE_ASSIGNMENT|[13]|this|{}|0x304bcc72
10:45:06.29 (86813778)|HEAP_ALLOCATE|[14]|Bytes:5
10:45:06.29 (86818746)|STATEMENT_EXECUTE|[8]
10:45:06.29 (86822519)|HEAP_ALLOCATE|[14]|Bytes:5
10:45:06.29 (86826443)|STATEMENT_EXECUTE|[11]
10:45:06.29 (86835587)|HEAP_ALLOCATE|[14]|Bytes:6
10:45:06.29 (87512829)|STATEMENT_EXECUTE|[13]
10:45:06.29 (87518766)|STATEMENT_EXECUTE|[14]
10:45:06.29 (87539363)|HEAP_ALLOCATE|[14]|Bytes:4
10:45:06.29 (87608177)|VARIABLE_ASSIGNMENT|[14]|this.handlerPool|{}|0x304bcc72
10:45:06.29 (87622943)|CONSTRUCTOR_EXIT|[26]|01p3X00000DVhaf|<init>()|HandlerExecutionPool
10:45:06.29 (87656675)|VARIABLE_ASSIGNMENT|[26]|HandlerExecutionPool.instance|{"handlerPool":"0x2dee710d"}|0x304bcc72
10:45:06.29 (87662665)|STATEMENT_EXECUTE|[28]
10:45:06.29 (87669406)|SYSTEM_MODE_EXIT|false
10:45:06.29 (87684813)|METHOD_EXIT|[2]|01p3X00000DVhaf|HandlerExecutionPool.getInstance()
10:45:06.29 (87694023)|HEAP_ALLOCATE|[2]|Bytes:36
10:45:06.29 (87758492)|HEAP_ALLOCATE|[2]|Bytes:30
10:45:06.29 (87770250)|SYSTEM_METHOD_ENTRY|[1]|Type.Type()
10:45:06.29 (87774598)|STATEMENT_EXECUTE|[1]
10:45:06.29 (87781705)|SYSTEM_METHOD_EXIT|[1]|Type
10:45:06.29 (87788723)|HEAP_ALLOCATE|[2]|Bytes:8
10:45:06.29 (87806156)|HEAP_ALLOCATE|[2]|Bytes:8
10:45:06.29 (87812508)|VARIABLE_SCOPE_BEGIN|[4]|this|System.Type|true|false
10:45:06.29 (87879596)|VARIABLE_ASSIGNMENT|[4]|this|{}|0x105a1bd4
10:45:06.29 (87886710)|VARIABLE_SCOPE_BEGIN|[4]|apextype|java:common.apex.runtime.ApexObjectType|true|false
10:45:06.29 (88173574)|VARIABLE_ASSIGNMENT|[4]|apextype|"myorder__c"|0x7e1c7df1
10:45:06.29 (88218724)|HEAP_ALLOCATE|[2]|Bytes:8
10:45:06.29 (88247556)|METHOD_ENTRY|[2]|01p3X00000DVhaf|HandlerExecutionPool.getHandler(System.Type)
10:45:06.29 (88255631)|VARIABLE_SCOPE_BEGIN|[41]|this|HandlerExecutionPool|true|false
10:45:06.29 (88277702)|VARIABLE_ASSIGNMENT|[41]|this|{"handlerPool":"0x2dee710d"}|0x304bcc72
10:45:06.29 (88283839)|VARIABLE_SCOPE_BEGIN|[41]|typeName|System.Type|true|false
10:45:06.29 (88298575)|VARIABLE_ASSIGNMENT|[41]|typeName|{"aot":"0x7e1c7df1"}|0x105a1bd4
10:45:06.29 (88311942)|SYSTEM_MODE_ENTER|false
10:45:06.29 (88319429)|HEAP_ALLOCATE|[42]|Bytes:5
10:45:06.29 (88324373)|STATEMENT_EXECUTE|[41]
10:45:06.29 (88326911)|STATEMENT_EXECUTE|[42]
10:45:06.29 (88422129)|VARIABLE_SCOPE_BEGIN|[42]|executor|HandlerExecutionPool.HandlerExecutor|true|false
10:45:06.29 (88434061)|VARIABLE_ASSIGNMENT|[42]|executor|null|
10:45:06.29 (88439580)|STATEMENT_EXECUTE|[43]
10:45:06.29 (88441856)|STATEMENT_EXECUTE|[44]
10:45:06.29 (88447287)|HEAP_ALLOCATE|[44]|Bytes:16
10:45:06.29 (88452805)|HEAP_ALLOCATE|[44]|Bytes:11
10:45:06.29 (126340533)|HEAP_ALLOCATE|[44]|Bytes:12
10:45:06.29 (126389506)|CONSTRUCTOR_ENTRY|[44]|01p3X00000DVhaf|<init>(System.Type)|HandlerExecutionPool.HandlerExecutor
10:45:06.29 (126431711)|VARIABLE_SCOPE_BEGIN|[65]|this|HandlerExecutionPool.HandlerExecutor|true|false
10:45:06.29 (126475575)|VARIABLE_ASSIGNMENT|[65]|this|{}|0x616eb630
10:45:06.29 (126483464)|VARIABLE_SCOPE_BEGIN|[65]|typeName|System.Type|true|false
10:45:06.29 (126505639)|VARIABLE_ASSIGNMENT|[65]|typeName|{"aot":"0x7e1c7df1"}|0x105a1bd4
10:45:06.29 (126513540)|STATEMENT_EXECUTE|[60]
10:45:06.29 (126516487)|STATEMENT_EXECUTE|[62]
10:45:06.29 (126518962)|STATEMENT_EXECUTE|[63]
10:45:06.29 (126539577)|STATEMENT_EXECUTE|[65]
10:45:06.29 (126541903)|STATEMENT_EXECUTE|[66]
10:45:06.29 (126553395)|VARIABLE_ASSIGNMENT|[66]|this.typeName|0x105a1bd4|0x616eb630
10:45:06.29 (126563709)|CONSTRUCTOR_EXIT|[44]|01p3X00000DVhaf|<init>(System.Type)|HandlerExecutionPool.HandlerExecutor
10:45:06.29 (126580246)|VARIABLE_ASSIGNMENT|[44]|executor|{"typeName":"0x105a1bd4"}|0x616eb630
10:45:06.29 (126586456)|STATEMENT_EXECUTE|[45]
10:45:06.29 (126647837)|HEAP_ALLOCATE|[EXTERNAL]|Bytes:-4
10:45:06.29 (126659964)|STATEMENT_EXECUTE|[47]
10:45:06.29 (126668215)|SYSTEM_MODE_EXIT|false
10:45:06.29 (126683300)|METHOD_EXIT|[2]|01p3X00000DVhaf|HandlerExecutionPool.getHandler(System.Type)
10:45:06.29 (126708338)|METHOD_ENTRY|[2]|01p3X00000DVhaf|HandlerExecutionPool.HandlerExecutor.execute()
10:45:06.29 (126715196)|VARIABLE_SCOPE_BEGIN|[76]|this|HandlerExecutionPool.HandlerExecutor|true|false
10:45:06.29 (126731359)|VARIABLE_ASSIGNMENT|[76]|this|{"typeName":"0x105a1bd4"}|0x616eb630
10:45:06.29 (126739163)|STATEMENT_EXECUTE|[76]
10:45:06.29 (126741595)|STATEMENT_EXECUTE|[77]
10:45:06.29 (126750149)|METHOD_ENTRY|[77]|01p3X00000DVhaf|HandlerExecutionPool.HandlerExecutor.getActiveHandlers()
10:45:06.29 (126781298)|VARIABLE_SCOPE_BEGIN|[95]|this|HandlerExecutionPool.HandlerExecutor|true|false
10:45:06.29 (126795333)|VARIABLE_ASSIGNMENT|[95]|this|{"typeName":"0x105a1bd4"}|0x616eb630
10:45:06.29 (126802195)|STATEMENT_EXECUTE|[95]
10:45:06.29 (126804499)|STATEMENT_EXECUTE|[96]
10:45:06.29 (127184504)|HEAP_ALLOCATE|[96]|Bytes:11
10:45:06.29 (127292270)|HEAP_ALLOCATE|[96]|Bytes:8
10:45:06.29 (127318708)|CONSTRUCTOR_ENTRY|[96]|01p3X00000DVhaf|<init>(System.Type)|HandlerExecutionPool.MetadataHandler
10:45:06.29 (127343430)|VARIABLE_SCOPE_BEGIN|[176]|this|HandlerExecutionPool.MetadataHandler|true|false
10:45:06.29 (127370368)|VARIABLE_ASSIGNMENT|[176]|this|{}|0x64b98a82
10:45:06.29 (127377665)|VARIABLE_SCOPE_BEGIN|[176]|typeName|System.Type|true|false
10:45:06.29 (127395280)|VARIABLE_ASSIGNMENT|[176]|typeName|{"aot":"0x7e1c7df1"}|0x105a1bd4
10:45:06.29 (127402671)|STATEMENT_EXECUTE|[172]
10:45:06.29 (127405186)|STATEMENT_EXECUTE|[174]
10:45:06.29 (127422366)|STATEMENT_EXECUTE|[176]
10:45:06.29 (127424854)|STATEMENT_EXECUTE|[177]
10:45:06.29 (127445498)|METHOD_ENTRY|[177]|01p3X00000DVhaf|HandlerExecutionPool.MetadataHandler.readHandlersMetadata(System.Type)
10:45:06.29 (127471336)|VARIABLE_SCOPE_BEGIN|[184]|this|HandlerExecutionPool.MetadataHandler|true|false
10:45:06.29 (127484413)|VARIABLE_ASSIGNMENT|[184]|this|{}|0x64b98a82
10:45:06.29 (127490341)|VARIABLE_SCOPE_BEGIN|[184]|typeName|System.Type|true|false
10:45:06.29 (127503169)|VARIABLE_ASSIGNMENT|[184]|typeName|{"aot":"0x7e1c7df1"}|0x105a1bd4
10:45:06.29 (127510144)|STATEMENT_EXECUTE|[184]
10:45:06.29 (127512503)|STATEMENT_EXECUTE|[185]
10:45:06.29 (127517649)|HEAP_ALLOCATE|[185]|Bytes:199
10:45:06.29 (127537018)|HEAP_ALLOCATE|[185]|Bytes:4
10:45:06.29 (134071464)|SOQL_EXECUTE_BEGIN|[185]|Aggregations:0|SELECT Id, NamespacePrefix, Class_Name__c, Other_Object_API_Name__c, Object_Name__r.QualifiedAPIName FROM Trigger_Dependency__mdt WHERE Is_Active__c = TRUE ORDER BY Execution_Order__c ASC NULLS FIRST
10:45:06.29 (149961531)|SOQL_EXECUTE_END|[185]|Rows:1
10:45:06.29 (150013072)|HEAP_ALLOCATE|[185]|Bytes:8
10:45:06.29 (150050255)|HEAP_ALLOCATE|[185]|Bytes:202
10:45:06.29 (150104835)|HEAP_ALLOCATE|[185]|Bytes:8
10:45:06.29 (150126981)|VARIABLE_SCOPE_BEGIN|[185]|triggerDependencies|List<Trigger_Dependency__mdt>|true|false
10:45:06.29 (150177727)|VARIABLE_ASSIGNMENT|[185]|triggerDependencies|[{"Id":"m003X0000009oReQAI","Class_Name__c":"MyOrderEmailService","Object_Name__c":"01I3X000001p4fD","Object_Name__r":{"Id":"000000000000000AAA","DurableId":"01I3X000001p4fD","QualifiedApiName":"myorder__c"}}]|0x10049e38
10:45:06.29 (150187555)|STATEMENT_EXECUTE|[195]
10:45:06.29 (150201568)|HEAP_ALLOCATE|[195]|Bytes:4
10:45:06.29 (150290914)|VARIABLE_SCOPE_BEGIN|[195]|result|List<Trigger_Dependency__mdt>|true|false
10:45:06.29 (150301686)|HEAP_ALLOCATE|[EXTERNAL]|Bytes:4
10:45:06.29 (150310663)|VARIABLE_ASSIGNMENT|[195]|result|[]|0x648f5ddc
10:45:06.29 (150316875)|STATEMENT_EXECUTE|[196]
10:45:06.29 (150346217)|METHOD_ENTRY|[196]||System.Type.toString()
10:45:06.29 (150427134)|METHOD_EXIT|[196]||System.Type.toString()
10:45:06.29 (150435847)|VARIABLE_SCOPE_BEGIN|[196]|typeNameString|String|false|false
10:45:06.29 (150447863)|VARIABLE_ASSIGNMENT|[196]|typeNameString|"myorder__c"
10:45:06.29 (150634630)|HEAP_ALLOCATE|[197]|Bytes:5
10:45:06.29 (150679699)|HEAP_ALLOCATE|[197]|Bytes:20
10:45:06.29 (150690084)|VARIABLE_SCOPE_BEGIN|[197]|dependency|Trigger_Dependency__mdt|true|false
10:45:06.29 (150720299)|VARIABLE_ASSIGNMENT|[197]|dependency|{"Id":"m003X0000009oReQAI","Class_Name__c":"MyOrderEmailService","Object_Name__c":"01I3X000001p4fD","Object_Name__r":{"Id":"000000000000000AAA","DurableId":"01I3X000001p4fD","QualifiedApiName":"myorder__c"}}|0xebe6cf
10:45:06.29 (150729214)|STATEMENT_EXECUTE|[197]
10:45:06.29 (150872799)|STATEMENT_EXECUTE|[199]
10:45:06.29 (150875864)|STATEMENT_EXECUTE|[200]
10:45:06.29 (150931301)|HEAP_ALLOCATE|[EXTERNAL]|Bytes:4
10:45:06.29 (150952490)|HEAP_ALLOCATE|[197]|Bytes:5
10:45:06.29 (150968806)|VARIABLE_ASSIGNMENT|[197]|dependency|null|
10:45:06.29 (150974947)|STATEMENT_EXECUTE|[203]
10:45:06.29 (150982050)|METHOD_EXIT|[177]|01p3X00000DVhaf|HandlerExecutionPool.MetadataHandler.readHandlersMetadata(System.Type)
10:45:06.29 (151016107)|VARIABLE_ASSIGNMENT|[177]|this.handlersMeta|[{"Id":"m003X0000009oReQAI","Class_Name__c":"MyOrderEmailService","Object_Name__c":"01I3X000001p4fD","Object_Name__r":{"Id":"000000000000000AAA","DurableId":"01I3X000001p4fD","QualifiedApiName":"myorder__c"}}]|0x64b98a82
10:45:06.29 (151031504)|CONSTRUCTOR_EXIT|[96]|01p3X00000DVhaf|<init>(System.Type)|HandlerExecutionPool.MetadataHandler
10:45:06.29 (151039072)|VARIABLE_SCOPE_BEGIN|[96]|metadataHandler|HandlerExecutionPool.MetadataHandler|true|false
10:45:06.29 (151066701)|VARIABLE_ASSIGNMENT|[96]|metadataHandler|{"handlersMeta":"0x648f5ddc"}|0x64b98a82
10:45:06.29 (151072416)|STATEMENT_EXECUTE|[97]
10:45:06.29 (151085517)|HEAP_ALLOCATE|[97]|Bytes:4
10:45:06.29 (151133639)|VARIABLE_SCOPE_BEGIN|[97]|handlers|List<Handler>|true|false
10:45:06.29 (151155831)|HEAP_ALLOCATE|[EXTERNAL]|Bytes:4
10:45:06.29 (151166315)|VARIABLE_ASSIGNMENT|[97]|handlers|[]|0x1e143ab3
10:45:06.29 (151183545)|METHOD_ENTRY|[98]|01p3X00000DVhaf|HandlerExecutionPool.MetadataHandler.getMeta()
10:45:06.29 (151200019)|VARIABLE_SCOPE_BEGIN|[180]|this|HandlerExecutionPool.MetadataHandler|true|false
10:45:06.29 (151217285)|VARIABLE_ASSIGNMENT|[180]|this|{"handlersMeta":"0x648f5ddc"}|0x64b98a82
10:45:06.29 (151224893)|STATEMENT_EXECUTE|[180]
10:45:06.29 (151227360)|STATEMENT_EXECUTE|[181]
10:45:06.29 (151233900)|METHOD_EXIT|[98]|01p3X00000DVhaf|HandlerExecutionPool.MetadataHandler.getMeta()
10:45:06.29 (151257431)|HEAP_ALLOCATE|[98]|Bytes:5
10:45:06.29 (151271560)|HEAP_ALLOCATE|[98]|Bytes:20
10:45:06.29 (151279128)|VARIABLE_SCOPE_BEGIN|[98]|handlerMeta|Trigger_Dependency__mdt|true|false
10:45:06.29 (151301299)|VARIABLE_ASSIGNMENT|[98]|handlerMeta|{"Id":"m003X0000009oReQAI","Class_Name__c":"MyOrderEmailService","Object_Name__c":"01I3X000001p4fD","Object_Name__r":{"Id":"000000000000000AAA","DurableId":"01I3X000001p4fD","QualifiedApiName":"myorder__c"}}|0xebe6cf
10:45:06.29 (151308778)|STATEMENT_EXECUTE|[98]
10:45:06.29 (151311279)|STATEMENT_EXECUTE|[99]
10:45:06.29 (151360709)|METHOD_ENTRY|[99]||System.Type.forName(String, String)
10:45:06.29 (184774002)|METHOD_EXIT|[99]||System.Type.forName(String, String)
10:45:06.29 (184793962)|VARIABLE_SCOPE_BEGIN|[99]|handlerType|System.Type|true|false
10:45:06.29 (184839349)|VARIABLE_ASSIGNMENT|[99]|handlerType|{"aot":"0x38bed4a6"}|0x6178d62
10:45:06.29 (184848248)|STATEMENT_EXECUTE|[100]
10:45:06.29 (184851175)|STATEMENT_EXECUTE|[104]
10:45:06.29 (184869321)|METHOD_ENTRY|[104]||System.Type.newInstance()
10:45:06.29 (185074052)|METHOD_ENTRY|[1]|01p3X00000DVjDo|MyOrderEmailService.MyOrderEmailService()
10:45:06.29 (185082584)|STATEMENT_EXECUTE|[1]
10:45:06.29 (185086585)|STATEMENT_EXECUTE|[1]
10:45:06.29 (185574630)|SYSTEM_MODE_ENTER|false
10:45:06.29 (185591490)|HEAP_ALLOCATE|[42]|Bytes:5
10:45:06.29 (185601796)|STATEMENT_EXECUTE|[9]
10:45:06.29 (185604499)|STATEMENT_EXECUTE|[48]
10:45:06.29 (185607167)|STATEMENT_EXECUTE|[88]
10:45:06.29 (185613334)|SYSTEM_MODE_EXIT|false
10:45:06.29 (185625791)|METHOD_EXIT|[1]|MyOrderEmailService
10:45:06.29 (185646150)|HEAP_ALLOCATE|[42]|Bytes:8
10:45:06.29 (185655087)|VARIABLE_SCOPE_BEGIN|[1]|this|MyOrderEmailService|true|false
10:45:06.29 (185686424)|VARIABLE_ASSIGNMENT|[1]|this|{}|0x3ea09ed0
10:45:06.29 (185697959)|SYSTEM_MODE_ENTER|false
10:45:06.29 (185703156)|HEAP_ALLOCATE|[42]|Bytes:5
10:45:06.29 (185716808)|HEAP_ALLOCATE|[42]|Bytes:14
10:45:06.29 (185722522)|HEAP_ALLOCATE|[42]|Bytes:63
10:45:06.29 (185749209)|METHOD_ENTRY|[10]|01p3X00000DVhae|Handler.Handler()
10:45:06.29 (185754392)|STATEMENT_EXECUTE|[10]
10:45:06.29 (185757729)|STATEMENT_EXECUTE|[10]
10:45:06.29 (185761698)|HEAP_ALLOCATE|[42]|Bytes:5
10:45:06.29 (185765802)|STATEMENT_EXECUTE|[238]
10:45:06.29 (185770867)|METHOD_EXIT|[10]|Handler
10:45:06.29 (185780811)|CONSTRUCTOR_ENTRY|[EXTERNAL]|01p3X00000DVhae|<init>()|Handler
10:45:06.29 (185793154)|VARIABLE_SCOPE_BEGIN|[14]|this|Handler|true|false
10:45:06.29 (185808240)|VARIABLE_ASSIGNMENT|[14]|this|{}|0x3ea09ed0
10:45:06.29 (185816179)|HEAP_ALLOCATE|[42]|Bytes:5
10:45:06.29 (185820071)|STATEMENT_EXECUTE|[10]
10:45:06.29 (185823384)|HEAP_ALLOCATE|[42]|Bytes:5
10:45:06.29 (185827248)|STATEMENT_EXECUTE|[12]
10:45:06.29 (185844902)|STATEMENT_EXECUTE|[14]
10:45:06.29 (185849756)|CONSTRUCTOR_EXIT|[EXTERNAL]|01p3X00000DVhae|<init>()|Handler
10:45:06.29 (185856684)|SYSTEM_MODE_EXIT|false
10:45:06.29 (185861439)|STATEMENT_EXECUTE|[1]
10:45:06.29 (185865587)|SYSTEM_MODE_ENTER|false
10:45:06.29 (185869613)|HEAP_ALLOCATE|[42]|Bytes:5
10:45:06.29 (185873901)|SYSTEM_MODE_EXIT|false
10:45:06.29 (185895130)|METHOD_EXIT|[104]||System.Type.newInstance()
10:45:06.29 (185908118)|VARIABLE_SCOPE_BEGIN|[104]|handler|Handler|true|false
10:45:06.29 (185930479)|VARIABLE_ASSIGNMENT|[104]|handler|{}|0x3ea09ed0
10:45:06.29 (185936165)|STATEMENT_EXECUTE|[105]
10:45:06.29 (185975105)|METHOD_ENTRY|[105]|01p3X00000DVhae|Handler.setSobjectType(System.Type)
10:45:06.29 (186003159)|VARIABLE_SCOPE_BEGIN|[205]|this|Handler|true|false
10:45:06.29 (186017711)|VARIABLE_ASSIGNMENT|[205]|this|{}|0x3ea09ed0
10:45:06.29 (186023886)|VARIABLE_SCOPE_BEGIN|[205]|typeName|System.Type|true|false
10:45:06.29 (186041287)|VARIABLE_ASSIGNMENT|[205]|typeName|{"aot":"0x7e1c7df1"}|0x105a1bd4
10:45:06.29 (186051127)|SYSTEM_MODE_ENTER|false
10:45:06.29 (186056533)|HEAP_ALLOCATE|[206]|Bytes:5
10:45:06.29 (186061261)|STATEMENT_EXECUTE|[205]
10:45:06.29 (186063687)|STATEMENT_EXECUTE|[206]
10:45:06.29 (186070059)|SYSTEM_MODE_EXIT|false
10:45:06.29 (186077136)|METHOD_EXIT|[105]|01p3X00000DVhae|Handler.setSobjectType(System.Type)
10:45:06.29 (186116113)|STATEMENT_EXECUTE|[106]
10:45:06.29 (186163049)|HEAP_ALLOCATE|[EXTERNAL]|Bytes:4
10:45:06.29 (186187340)|HEAP_ALLOCATE|[98]|Bytes:5
10:45:06.29 (186208711)|VARIABLE_ASSIGNMENT|[98]|handlerMeta|null|
10:45:06.29 (186215773)|STATEMENT_EXECUTE|[108]
10:45:06.29 (186221412)|METHOD_EXIT|[77]|01p3X00000DVhaf|HandlerExecutionPool.HandlerExecutor.getActiveHandlers()
10:45:06.29 (186249620)|VARIABLE_ASSIGNMENT|[77]|this.activeHandlers|[{"typeName":"0x105a1bd4"}]|0x616eb630
10:45:06.29 (186378747)|HEAP_ALLOCATE|[78]|Bytes:5
10:45:06.29 (186392905)|HEAP_ALLOCATE|[78]|Bytes:8
10:45:06.29 (186413675)|VARIABLE_SCOPE_BEGIN|[78]|handler|Handler|true|false
10:45:06.29 (186434868)|VARIABLE_ASSIGNMENT|[78]|handler|{"typeName":"0x105a1bd4"}|0x3ea09ed0
10:45:06.29 (186441474)|STATEMENT_EXECUTE|[78]
10:45:06.29 (186443977)|STATEMENT_EXECUTE|[79]
10:45:06.29 (186455783)|METHOD_ENTRY|[79]|01p3X00000DVhaf|HandlerExecutionPool.HandlerExecutor.executeHandler(Handler)
10:45:06.29 (186481202)|VARIABLE_SCOPE_BEGIN|[119]|this|HandlerExecutionPool.HandlerExecutor|true|false
10:45:06.29 (186500266)|VARIABLE_ASSIGNMENT|[119]|this|{"activeHandlers":"0x1e143ab3","typeName":"0x105a1bd4"}|0x616eb630
10:45:06.29 (186506517)|VARIABLE_SCOPE_BEGIN|[119]|handler|Handler|true|false
10:45:06.29 (186519484)|VARIABLE_ASSIGNMENT|[119]|handler|{"typeName":"0x105a1bd4"}|0x3ea09ed0
10:45:06.29 (186526589)|STATEMENT_EXECUTE|[119]
10:45:06.29 (186528975)|STATEMENT_EXECUTE|[120]
10:45:06.29 (186740673)|HEAP_ALLOCATE|[121]|Bytes:12
10:45:06.29 (186893258)|STATEMENT_EXECUTE|[130]
10:45:06.29 (186896137)|STATEMENT_EXECUTE|[131]
10:45:06.29 (186909735)|METHOD_ENTRY|[131]|01p3X00000DVhae|Handler.afterInsert()
10:45:06.29 (186933082)|VARIABLE_SCOPE_BEGIN|[147]|this|Handler|true|false
10:45:06.29 (186955410)|VARIABLE_ASSIGNMENT|[147]|this|{"typeName":"0x105a1bd4"}|0x3ea09ed0
10:45:06.29 (186967978)|SYSTEM_MODE_ENTER|false
10:45:06.29 (186975134)|HEAP_ALLOCATE|[148]|Bytes:5
10:45:06.29 (186979995)|STATEMENT_EXECUTE|[147]
10:45:06.29 (186982337)|STATEMENT_EXECUTE|[148]
10:45:06.29 (187272114)|HEAP_ALLOCATE|[148]|Bytes:3
10:45:06.29 (187297623)|HEAP_ALLOCATE|[148]|Bytes:28
10:45:06.29 (187315549)|CONSTRUCTOR_ENTRY|[148]|01p3X00000DVhae|<init>()|Handler.TriggerContext
10:45:06.29 (187375591)|VARIABLE_SCOPE_BEGIN|[247]|this|Handler.TriggerContext|true|false
10:45:06.29 (187408235)|VARIABLE_ASSIGNMENT|[247]|this|{}|0x59c55968
10:45:06.29 (187415729)|STATEMENT_EXECUTE|[238]
10:45:06.29 (187418241)|STATEMENT_EXECUTE|[240]
10:45:06.29 (187420655)|STATEMENT_EXECUTE|[241]
10:45:06.29 (187422878)|STATEMENT_EXECUTE|[242]
10:45:06.29 (187425471)|STATEMENT_EXECUTE|[243]
10:45:06.29 (187428048)|STATEMENT_EXECUTE|[244]
10:45:06.29 (187430230)|STATEMENT_EXECUTE|[245]
10:45:06.29 (187446228)|STATEMENT_EXECUTE|[247]
10:45:06.29 (187448528)|STATEMENT_EXECUTE|[248]
10:45:06.29 (187842880)|VARIABLE_ASSIGNMENT|[248]|this.newList|[{"LastModifiedDate":"2020-01-29T10:45:06.000Z","IsDeleted":false,"customer__c":"a003X0000132mlIQAQ","total_count__c":0,"Additional_Information__c":"asdads","Name":"asd","SystemModstamp":"2020-01-29T10:45:06.000Z","CreatedById":"0053X00000AtM0MQAV","CreatedDate":"2020-01-29T10:45:06.000Z","Id":"a013X00002RTmBIQA1","Status__c":false,"LastModifiedById":"0053X00000AtM0MQAV","order_price__c":0.00}]|0x59c55968
10:45:06.29 (187856444)|STATEMENT_EXECUTE|[249]
10:45:06.29 (188029818)|VARIABLE_ASSIGNMENT|[249]|this.newMap|{"a013X00002RTmBIQA1":{"LastModifiedDate":"2020-01-29T10:45:06.000Z","IsDeleted":false,"customer__c":"a003X0000132mlIQAQ","total_count__c":0,"Additional_Information__c":"asdads","Name":"asd","SystemModstamp":"2020-01-29T10:45:06.000Z","CreatedById":"0053X00000AtM0MQAV","CreatedDate":"2020-01-29T10:45:06.000Z","Id":"a013X00002RTmBIQA1","Status__c":false,"LastModifiedById":"0053X00000AtM0MQAV","order_price__c":0.00}}|0x59c55968
10:45:06.29 (188042116)|STATEMENT_EXECUTE|[250]
10:45:06.29 (188056911)|VARIABLE_ASSIGNMENT|[250]|this.oldList|null|0x59c55968
10:45:06.29 (188062673)|STATEMENT_EXECUTE|[251]
10:45:06.29 (188076810)|VARIABLE_ASSIGNMENT|[251]|this.oldMap|null|0x59c55968
10:45:06.29 (188089759)|STATEMENT_EXECUTE|[252]
10:45:06.29 (188105629)|HEAP_ALLOCATE|[252]|Bytes:4
10:45:06.29 (188117846)|VARIABLE_ASSIGNMENT|[252]|this.size|1|0x59c55968
10:45:06.29 (188123498)|STATEMENT_EXECUTE|[253]
10:45:06.29 (188186525)|HEAP_ALLOCATE|[252]|Bytes:12
10:45:06.29 (188203882)|VARIABLE_ASSIGNMENT|[253]|this.operationType|0x4fe4ce39|0x59c55968
10:45:06.29 (188213347)|CONSTRUCTOR_EXIT|[148]|01p3X00000DVhae|<init>()|Handler.TriggerContext
10:45:06.29 (188220869)|VARIABLE_SCOPE_BEGIN|[148]|context|Handler.TriggerContext|true|false
10:45:06.29 (188251370)|VARIABLE_ASSIGNMENT|[148]|context|{"newList":"0x3aeb74f6","newMap":"0x560662b3","operationType":"0x4fe4ce39","size":1}|0x59c55968
10:45:06.29 (188257920)|STATEMENT_EXECUTE|[149]
10:45:06.29 (188273404)|METHOD_ENTRY|[149]|01p3X00000DVhae|Handler.logBeforeEventHandling(Handler.TriggerContext)
10:45:06.29 (188292989)|VARIABLE_SCOPE_BEGIN|[217]|this|Handler|true|false
10:45:06.29 (188310327)|VARIABLE_ASSIGNMENT|[217]|this|{"typeName":"0x105a1bd4"}|0x3ea09ed0
10:45:06.29 (188316459)|VARIABLE_SCOPE_BEGIN|[217]|context|Handler.TriggerContext|true|false
10:45:06.29 (188334394)|VARIABLE_ASSIGNMENT|[217]|context|{"newList":"0x3aeb74f6","newMap":"0x560662b3","operationType":"0x4fe4ce39","size":1}|0x59c55968
10:45:06.29 (188346590)|HEAP_ALLOCATE|[EXTERNAL]|Bytes:5
10:45:06.29 (188355144)|STATEMENT_EXECUTE|[217]
10:45:06.29 (188362914)|METHOD_EXIT|[149]|01p3X00000DVhae|Handler.logBeforeEventHandling(Handler.TriggerContext)
10:45:06.29 (188368369)|STATEMENT_EXECUTE|[150]
10:45:06.29 (188382826)|METHOD_ENTRY|[150]|01p3X00000DVjDo|MyOrderEmailService.onAfterInsert(Handler.TriggerContext)
10:45:06.29 (188396547)|VARIABLE_SCOPE_BEGIN|[2]|this|MyOrderEmailService|true|false
10:45:06.29 (188412034)|VARIABLE_ASSIGNMENT|[2]|this|{"typeName":"0x105a1bd4"}|0x3ea09ed0
10:45:06.29 (188417856)|VARIABLE_SCOPE_BEGIN|[2]|context|Handler.TriggerContext|true|false
10:45:06.29 (188435524)|VARIABLE_ASSIGNMENT|[2]|context|{"newList":"0x3aeb74f6","newMap":"0x560662b3","operationType":"0x4fe4ce39","size":1}|0x59c55968
10:45:06.29 (188444137)|HEAP_ALLOCATE|[3]|Bytes:5
10:45:06.29 (188448508)|STATEMENT_EXECUTE|[2]
10:45:06.29 (188451214)|STATEMENT_EXECUTE|[3]
10:45:06.29 (189095675)|HEAP_ALLOCATE|[3]|Bytes:5
10:45:06.29 (189119578)|HEAP_ALLOCATE|[3]|Bytes:8
10:45:06.29 (189137388)|CONSTRUCTOR_ENTRY|[3]|01p3X00000DVjDo|<init>()|MyOrderEmailService.OrderEmailTriggerHandler
10:45:06.29 (189169460)|VARIABLE_SCOPE_BEGIN|[89]|this|MyOrderEmailService.OrderEmailTriggerHandler|true|false
10:45:06.29 (189196194)|VARIABLE_ASSIGNMENT|[89]|this|{}|0x36a1f0ba
10:45:06.29 (189203352)|STATEMENT_EXECUTE|[88]
10:45:06.29 (189206343)|STATEMENT_EXECUTE|[90]
10:45:06.29 (189210372)|HEAP_ALLOCATE|[90]|Bytes:10
10:45:06.29 (189220465)|HEAP_ALLOCATE|[90]|Bytes:8
10:45:06.29 (189229806)|HEAP_ALLOCATE|[90]|Bytes:2
10:45:06.29 (189240867)|CONSTRUCTOR_ENTRY|[90]|01p3X00000DVjDo|<init>(String)|MyOrderEmailService.OrderEmailService
10:45:06.29 (189266722)|VARIABLE_SCOPE_BEGIN|[12]|this|MyOrderEmailService.OrderEmailService|true|false
10:45:06.29 (189281338)|VARIABLE_ASSIGNMENT|[12]|this|{}|0x36a1f0ba
10:45:06.29 (189288654)|VARIABLE_SCOPE_BEGIN|[12]|profileName|String|false|false
10:45:06.29 (189300588)|VARIABLE_ASSIGNMENT|[12]|profileName|"Shop Admin"
10:45:06.29 (189306068)|STATEMENT_EXECUTE|[9]
10:45:06.29 (189308705)|STATEMENT_EXECUTE|[10]
10:45:06.29 (189325051)|STATEMENT_EXECUTE|[12]
10:45:06.29 (189327488)|STATEMENT_EXECUTE|[13]
10:45:06.29 (189340706)|CONSTRUCTOR_EXIT|[90]|01p3X00000DVjDo|<init>(String)|MyOrderEmailService.OrderEmailService
10:45:06.29 (189347487)|STATEMENT_EXECUTE|[89]
10:45:06.29 (189350991)|CONSTRUCTOR_EXIT|[3]|01p3X00000DVjDo|<init>()|MyOrderEmailService.OrderEmailTriggerHandler
10:45:06.29 (189380967)|METHOD_ENTRY|[3]|01p3X00000DVjDo|MyOrderEmailService.OrderEmailTriggerHandler.sendEmailOnNewOrder(List<myorder__c>)
10:45:06.29 (189388044)|VARIABLE_SCOPE_BEGIN|[92]|this|MyOrderEmailService.OrderEmailTriggerHandler|true|false
10:45:06.29 (189404261)|VARIABLE_ASSIGNMENT|[92]|this|{"profileName":"Shop Admin"}|0x36a1f0ba
10:45:06.29 (189410846)|VARIABLE_SCOPE_BEGIN|[92]|newOrders|List<myorder__c>|true|false
10:45:06.29 (189572239)|VARIABLE_ASSIGNMENT|[92]|newOrders|[{"LastModifiedDate":"2020-01-29T10:45:06.000Z","IsDeleted":false,"customer__c":"a003X0000132mlIQAQ","total_count__c":0,"Additional_Information__c":"asdads","Name":"asd","SystemModstamp":"2020-01-29T10:45:06.000Z","CreatedById":"0053X00000AtM0MQAV","CreatedDate":"2020-01-29T10:45:06.000Z","Id":"a013X00002RTmBIQA1","Status__c":false,"LastModifiedById":"0053X00000AtM0MQAV","order_price__c":0.00}]|0x3aeb74f6
10:45:06.29 (189584994)|STATEMENT_EXECUTE|[92]
10:45:06.29 (189587410)|STATEMENT_EXECUTE|[93]
10:45:06.29 (189604497)|HEAP_ALLOCATE|[93]|Bytes:4
10:45:06.29 (189635855)|VARIABLE_SCOPE_BEGIN|[93]|newOrderLetterSubjectList|List<String>|true|false
10:45:06.29 (189665470)|HEAP_ALLOCATE|[EXTERNAL]|Bytes:4
10:45:06.29 (189676342)|VARIABLE_ASSIGNMENT|[93]|newOrderLetterSubjectList|[]|0x617d5c67
10:45:06.29 (189682244)|STATEMENT_EXECUTE|[94]
10:45:06.29 (189689008)|HEAP_ALLOCATE|[94]|Bytes:4
10:45:06.29 (189704120)|VARIABLE_SCOPE_BEGIN|[94]|newOrderLetterBodyList|List<String>|true|false
10:45:06.29 (189718007)|HEAP_ALLOCATE|[EXTERNAL]|Bytes:4
10:45:06.29 (189725647)|VARIABLE_ASSIGNMENT|[94]|newOrderLetterBodyList|[]|0x38579400
10:45:06.29 (189854459)|HEAP_ALLOCATE|[96]|Bytes:5
10:45:06.29 (189878076)|VARIABLE_SCOPE_BEGIN|[96]|order|myorder__c|true|false
10:45:06.29 (190004422)|VARIABLE_ASSIGNMENT|[96]|order|{"LastModifiedDate":"2020-01-29T10:45:06.000Z","IsDeleted":false,"customer__c":"a003X0000132mlIQAQ","total_count__c":0,"Additional_Information__c":"asdads","Name":"asd","SystemModstamp":"2020-01-29T10:45:06.000Z","CreatedById":"0053X00000AtM0MQAV","CreatedDate":"2020-01-29T10:45:06.000Z","Id":"a013X00002RTmBIQA1","Status__c":false,"LastModifiedById":"0053X00000AtM0MQAV","order_price__c":0.00}|0x62bd5b75
10:45:06.29 (190016214)|STATEMENT_EXECUTE|[96]
10:45:06.29 (190018791)|STATEMENT_EXECUTE|[97]
10:45:06.29 (190023087)|HEAP_ALLOCATE|[97]|Bytes:11
10:45:06.29 (190063853)|HEAP_ALLOCATE|[97]|Bytes:14
10:45:06.29 (190104954)|HEAP_ALLOCATE|[EXTERNAL]|Bytes:4
10:45:06.29 (190114422)|STATEMENT_EXECUTE|[98]
10:45:06.29 (190118020)|HEAP_ALLOCATE|[99]|Bytes:12
10:45:06.29 (190126053)|HEAP_ALLOCATE|[101]|Bytes:12
10:45:06.29 (190175124)|HEAP_ALLOCATE|[102]|Bytes:18
10:45:06.29 (190186811)|HEAP_ALLOCATE|[103]|Bytes:1
10:45:06.29 (190196804)|HEAP_ALLOCATE|[99]|Bytes:46
10:45:06.29 (190213842)|HEAP_ALLOCATE|[EXTERNAL]|Bytes:4
10:45:06.29 (190231470)|HEAP_ALLOCATE|[96]|Bytes:5
10:45:06.29 (190246998)|VARIABLE_ASSIGNMENT|[96]|order|null|
10:45:06.29 (190252684)|STATEMENT_EXECUTE|[107]
10:45:06.29 (190269477)|METHOD_ENTRY|[107]|01p3X00000DVjDo|MyOrderEmailService.OrderEmailService.sendEmailOnOrder(List<myorder__c>, List<String>, List<String>)
10:45:06.29 (190285181)|VARIABLE_SCOPE_BEGIN|[16]|this|MyOrderEmailService.OrderEmailService|true|false
10:45:06.29 (190307663)|VARIABLE_ASSIGNMENT|[16]|this|{"profileName":"Shop Admin"}|0x36a1f0ba
10:45:06.29 (190314537)|VARIABLE_SCOPE_BEGIN|[16]|orders|List<myorder__c>|true|false
10:45:06.29 (190420860)|VARIABLE_ASSIGNMENT|[16]|orders|[{"LastModifiedDate":"2020-01-29T10:45:06.000Z","IsDeleted":false,"customer__c":"a003X0000132mlIQAQ","total_count__c":0,"Additional_Information__c":"asdads","Name":"asd","SystemModstamp":"2020-01-29T10:45:06.000Z","CreatedById":"0053X00000AtM0MQAV","CreatedDate":"2020-01-29T10:45:06.000Z","Id":"a013X00002RTmBIQA1","Status__c":false,"LastModifiedById":"0053X00000AtM0MQAV","order_price__c":0.00}]|0x3aeb74f6
10:45:06.29 (190431674)|VARIABLE_SCOPE_BEGIN|[16]|letterSubject|List<String>|true|false
10:45:06.29 (190443501)|VARIABLE_ASSIGNMENT|[16]|letterSubject|["New Order: asd"]|0x617d5c67
10:45:06.29 (190449892)|VARIABLE_SCOPE_BEGIN|[16]|letterBody|List<String>|true|false
10:45:06.29 (190462663)|VARIABLE_ASSIGNMENT|[16]|letterBody|["Order Name: asd; Ord (26 more) ..."]|0x38579400
10:45:06.29 (190469971)|STATEMENT_EXECUTE|[20]
10:45:06.29 (190472437)|STATEMENT_EXECUTE|[21]
10:45:06.29 (190532311)|HEAP_ALLOCATE|[21]|Bytes:4
10:45:06.29 (190580939)|VARIABLE_SCOPE_BEGIN|[21]|mails|List<Messaging.SingleEmailMessage>|true|false
10:45:06.29 (190604285)|HEAP_ALLOCATE|[EXTERNAL]|Bytes:4
10:45:06.29 (190613729)|VARIABLE_ASSIGNMENT|[21]|mails|[]|0x3d55c764
10:45:06.29 (190619851)|STATEMENT_EXECUTE|[22]
10:45:06.29 (190634737)|METHOD_ENTRY|[22]|01p3X00000DVjDo|MyOrderEmailService.OrderEmailService.getUserIdsByProfile(String)
10:45:06.29 (190654830)|VARIABLE_SCOPE_BEGIN|[37]|this|MyOrderEmailService.OrderEmailService|true|false
10:45:06.29 (190675100)|VARIABLE_ASSIGNMENT|[37]|this|{"profileName":"Shop Admin"}|0x36a1f0ba
10:45:06.29 (190681622)|VARIABLE_SCOPE_BEGIN|[37]|profileName|String|false|false
10:45:06.29 (190691140)|VARIABLE_ASSIGNMENT|[37]|profileName|"Shop Admin"
10:45:06.29 (190696897)|STATEMENT_EXECUTE|[37]
10:45:06.29 (190699505)|STATEMENT_EXECUTE|[38]
10:45:06.29 (190703594)|HEAP_ALLOCATE|[38]|Bytes:44
10:45:06.29 (190719900)|HEAP_ALLOCATE|[38]|Bytes:4
10:45:06.29 (190728086)|HEAP_ALLOCATE|[38]|Bytes:7
10:45:06.29 (191015690)|SOQL_EXECUTE_BEGIN|[38]|Aggregations:0|SELECT Id FROM Profile WHERE Name = :tmpVar1
10:45:06.29 (198542247)|SOQL_EXECUTE_END|[38]|Rows:1
10:45:06.29 (198584625)|HEAP_ALLOCATE|[38]|Bytes:8
10:45:06.29 (198608194)|HEAP_ALLOCATE|[38]|Bytes:29
10:45:06.29 (198703665)|HEAP_ALLOCATE|[38]|Bytes:8
10:45:06.29 (198724745)|VARIABLE_SCOPE_BEGIN|[38]|profiles|List<Profile>|true|false
10:45:06.29 (198763647)|VARIABLE_ASSIGNMENT|[38]|profiles|[{"Id":"00e3X000002PAHAQA4"}]|0x47bfeb09
10:45:06.29 (198771938)|STATEMENT_EXECUTE|[43]
10:45:06.29 (198778092)|HEAP_ALLOCATE|[43]|Bytes:47
10:45:06.29 (198798796)|HEAP_ALLOCATE|[43]|Bytes:4
10:45:06.29 (199082121)|SOQL_EXECUTE_BEGIN|[43]|Aggregations:0|SELECT Id FROM User WHERE ProfileId IN :tmpVar1
10:45:06.29 (207364513)|SOQL_EXECUTE_END|[43]|Rows:1
10:45:06.29 (207406768)|HEAP_ALLOCATE|[43]|Bytes:8
10:45:06.29 (207426898)|HEAP_ALLOCATE|[43]|Bytes:29
10:45:06.29 (207506640)|HEAP_ALLOCATE|[43]|Bytes:8
10:45:06.29 (207526032)|VARIABLE_SCOPE_BEGIN|[43]|users|List<User>|true|false
10:45:06.29 (207566402)|VARIABLE_ASSIGNMENT|[43]|users|[{"Id":"0053X00000AtUkgQAF"}]|0x7dfac08f
10:45:06.29 (207575248)|STATEMENT_EXECUTE|[44]
10:45:06.29 (207588428)|HEAP_ALLOCATE|[44]|Bytes:4
10:45:06.29 (207664335)|HEAP_ALLOCATE|[44]|Bytes:4
10:45:06.29 (207713416)|HEAP_ALLOCATE|[44]|Bytes:8
10:45:06.29 (207725719)|HEAP_ALLOCATE|[44]|Bytes:18
10:45:06.29 (207771219)|HEAP_ALLOCATE|[44]|Bytes:26
10:45:06.29 (207796021)|HEAP_ALLOCATE|[44]|Bytes:4
10:45:06.29 (207805157)|HEAP_ALLOCATE|[44]|Bytes:54
10:45:06.29 (207831039)|HEAP_ALLOCATE|[EXTERNAL]|Bytes:8
10:45:06.29 (207865543)|METHOD_EXIT|[22]|01p3X00000DVjDo|MyOrderEmailService.OrderEmailService.getUserIdsByProfile(String)
10:45:06.29 (207875085)|VARIABLE_SCOPE_BEGIN|[22]|recievers|List<String>|true|false
10:45:06.29 (207896146)|VARIABLE_ASSIGNMENT|[22]|recievers|["0053X00000AtUkgQAF"]|0x2e2a319b
10:45:06.29 (207903983)|STATEMENT_EXECUTE|[24]
10:45:06.29 (207910358)|VARIABLE_SCOPE_BEGIN|[24]|i|Integer|false|false
10:45:06.29 (207924772)|HEAP_ALLOCATE|[24]|Bytes:4
10:45:06.29 (207934696)|VARIABLE_ASSIGNMENT|[24]|i|0
10:45:06.29 (207974333)|STATEMENT_EXECUTE|[24]
10:45:06.29 (207976848)|STATEMENT_EXECUTE|[25]
10:45:06.29 (208057571)|VARIABLE_SCOPE_BEGIN|[25]|mail|Messaging.SingleEmailMessage|true|false
10:45:06.29 (208201766)|VARIABLE_ASSIGNMENT|[25]|mail|"common.api.soap.wsdl.SingleEmailMessage@14762317"|0x3fa377ae
10:45:06.29 (208209455)|STATEMENT_EXECUTE|[26]
10:45:06.29 (208301199)|STATEMENT_EXECUTE|[27]
10:45:06.29 (208311470)|HEAP_ALLOCATE|[27]|Bytes:14
10:45:06.29 (208374446)|STATEMENT_EXECUTE|[28]
10:45:06.29 (208379286)|HEAP_ALLOCATE|[28]|Bytes:46
10:45:06.29 (208397679)|STATEMENT_EXECUTE|[29]
10:45:06.29 (208444382)|HEAP_ALLOCATE|[EXTERNAL]|Bytes:4
10:45:06.29 (208462192)|HEAP_ALLOCATE|[24]|Bytes:4
10:45:06.29 (208472277)|VARIABLE_ASSIGNMENT|[24]|i|1
10:45:06.29 (208488798)|STATEMENT_EXECUTE|[32]
10:45:06.29 (208728449)|HEAP_ALLOCATE|[EXTERNAL]|Bytes:8
10:45:06.29 (208765903)|USER_DEBUG|[32]|DEBUG|(Messaging.SingleEmailMessage[getBccAddresses=null;getCcAddresses=null;getCharset=null;getEntityAttachments=null;getFileAttachments=null;getHtmlBody=null;getInReplyTo=null;getOptOutPolicy=SEND;getOrgWideEmailAddressId=null;getPlainTextBody=Order Name: asd; Order Id: a013X00002RTmBIQA1;;getReferences=null;getTargetObjectId=null;getTemplateId=null;getTemplateName=null;getToAddresses=(0053X00000AtUkgQAF);getWhatId=null;isTreatBodiesAsTemplate=false;isTreatTargetObjectAsRecipient=true;isUserMail=false;])
10:45:06.29 (208789983)|METHOD_EXIT|[107]|01p3X00000DVjDo|MyOrderEmailService.OrderEmailService.sendEmailOnOrder(List<myorder__c>, List<String>, List<String>)
10:45:06.29 (208801520)|METHOD_EXIT|[3]|01p3X00000DVjDo|MyOrderEmailService.OrderEmailTriggerHandler.sendEmailOnNewOrder(List<myorder__c>)
10:45:06.29 (208818053)|METHOD_EXIT|[150]|01p3X00000DVjDo|MyOrderEmailService.onAfterInsert(Handler.TriggerContext)
10:45:06.29 (208823367)|STATEMENT_EXECUTE|[151]
10:45:06.29 (208842017)|METHOD_ENTRY|[151]|01p3X00000DVhae|Handler.logAfterEventHandling(Handler.TriggerContext)
10:45:06.29 (208871737)|VARIABLE_SCOPE_BEGIN|[228]|this|Handler|true|false
10:45:06.29 (208908147)|VARIABLE_ASSIGNMENT|[228]|this|{"typeName":"0x105a1bd4"}|0x3ea09ed0
10:45:06.29 (208914691)|VARIABLE_SCOPE_BEGIN|[228]|context|Handler.TriggerContext|true|false
10:45:06.29 (208949876)|VARIABLE_ASSIGNMENT|[228]|context|{"newList":"0x3aeb74f6","newMap":"0x560662b3","operationType":"0x4fe4ce39","size":1}|0x59c55968
10:45:06.29 (208967439)|HEAP_ALLOCATE|[EXTERNAL]|Bytes:5
10:45:06.29 (208973846)|STATEMENT_EXECUTE|[228]
10:45:06.29 (208980352)|METHOD_EXIT|[151]|01p3X00000DVhae|Handler.logAfterEventHandling(Handler.TriggerContext)
10:45:06.29 (208988204)|SYSTEM_MODE_EXIT|false
10:45:06.29 (208998296)|METHOD_EXIT|[131]|01p3X00000DVhae|Handler.afterInsert()
10:45:06.29 (209006917)|METHOD_EXIT|[79]|01p3X00000DVhaf|HandlerExecutionPool.HandlerExecutor.executeHandler(Handler)
10:45:06.29 (209026734)|HEAP_ALLOCATE|[78]|Bytes:5
10:45:06.29 (209041947)|VARIABLE_ASSIGNMENT|[78]|handler|null|
10:45:06.29 (209050390)|METHOD_EXIT|[2]|01p3X00000DVhaf|HandlerExecutionPool.HandlerExecutor.execute()
10:45:06.209 (209059920)|CUMULATIVE_LIMIT_USAGE
10:45:06.209 (209059920)|LIMIT_USAGE_FOR_NS|(default)|
  Number of SOQL queries: 2 out of 100
  Number of query rows: 3 out of 50000
  Number of SOSL queries: 0 out of 20
  Number of DML statements: 1 out of 150
  Number of DML rows: 1 out of 10000
  Maximum CPU time: 0 out of 10000
  Maximum heap size: 0 out of 6000000
  Number of callouts: 0 out of 100
  Number of Email Invocations: 0 out of 10
  Number of future calls: 0 out of 50
  Number of queueable jobs added to the queue: 0 out of 50
  Number of Mobile Apex push calls: 0 out of 10

10:45:06.209 (209059920)|CUMULATIVE_LIMIT_USAGE_END

10:45:06.29 (210657735)|CODE_UNIT_FINISHED|myOrderTrigger on myorder trigger event AfterInsert|__sfdc_trigger/myOrderTrigger
10:45:06.29 (238460526)|DML_END|[1]
10:45:06.258 (258412759)|CUMULATIVE_LIMIT_USAGE
10:45:06.258 (258412759)|LIMIT_USAGE_FOR_NS|(default)|
  Number of SOQL queries: 2 out of 100
  Number of query rows: 3 out of 50000
  Number of SOSL queries: 0 out of 20
  Number of DML statements: 1 out of 150
  Number of DML rows: 1 out of 10000
  Maximum CPU time: 0 out of 10000
  Maximum heap size: 0 out of 6000000
  Number of callouts: 0 out of 100
  Number of Email Invocations: 0 out of 10
  Number of future calls: 0 out of 50
  Number of queueable jobs added to the queue: 0 out of 50
  Number of Mobile Apex push calls: 0 out of 10

10:45:06.258 (258412759)|CUMULATIVE_LIMIT_USAGE_END

10:45:06.29 (258466306)|CODE_UNIT_FINISHED|execute_anonymous_apex
10:45:06.29 (259847456)|EXECUTION_FINISHED
