47.0 APEX_CODE,FINEST;APEX_PROFILING,INFO;CALLOUT,INFO;DB,INFO;NBA,INFO;SYSTEM,DEBUG;VALIDATION,INFO;VISUALFORCE,FINER;WAVE,INFO;WORKFLOW,INFO
Execute Anonymous: insert new myorder__c(Name = 'asd',customer__c = 'a003X0000132mlIQAQ',  Additional_Information__c = 'asdads');
11:04:46.29 (29553812)|USER_INFO|[EXTERNAL]|0053X00000AtM0M|khrystynych.vasyl@ctdevlviv.stud|(GMT+00:00) Irish Standard Time (Europe/Dublin)|GMTZ
11:04:46.29 (29600944)|EXECUTION_STARTED
11:04:46.29 (29615661)|CODE_UNIT_STARTED|[EXTERNAL]|execute_anonymous_apex
11:04:46.29 (29954731)|HEAP_ALLOCATE|[79]|Bytes:3
11:04:46.29 (30035673)|HEAP_ALLOCATE|[84]|Bytes:152
11:04:46.29 (30052675)|HEAP_ALLOCATE|[399]|Bytes:408
11:04:46.29 (30067711)|HEAP_ALLOCATE|[412]|Bytes:408
11:04:46.29 (30080635)|HEAP_ALLOCATE|[520]|Bytes:48
11:04:46.29 (30115663)|HEAP_ALLOCATE|[139]|Bytes:6
11:04:46.29 (30145836)|HEAP_ALLOCATE|[EXTERNAL]|Bytes:1
11:04:46.29 (30261165)|STATEMENT_EXECUTE|[1]
11:04:46.29 (30269188)|STATEMENT_EXECUTE|[1]
11:04:46.29 (30380626)|HEAP_ALLOCATE|[1]|Bytes:4
11:04:46.29 (30467190)|HEAP_ALLOCATE|[1]|Bytes:3
11:04:46.29 (30593542)|VARIABLE_ASSIGNMENT|[1]|this.Name|"asd"|0x49c7ec1f
11:04:46.29 (30602320)|HEAP_ALLOCATE|[1]|Bytes:18
11:04:46.29 (30616273)|HEAP_ALLOCATE|[1]|Bytes:4
11:04:46.29 (30661892)|VARIABLE_ASSIGNMENT|[1]|this.customer__c|"a003X0000132mlIQAQ"|0x49c7ec1f
11:04:46.29 (30668832)|HEAP_ALLOCATE|[1]|Bytes:6
11:04:46.29 (30690422)|VARIABLE_ASSIGNMENT|[1]|this.Additional_Information__c|"asdads"|0x49c7ec1f
11:04:46.29 (30752852)|HEAP_ALLOCATE|[52]|Bytes:5
11:04:46.29 (30829413)|HEAP_ALLOCATE|[58]|Bytes:5
11:04:46.29 (30840483)|HEAP_ALLOCATE|[66]|Bytes:7
11:04:46.29 (30893194)|HEAP_ALLOCATE|[1]|Bytes:8
11:04:46.29 (30922237)|DML_BEGIN|[1]|Op:Insert|Type:myorder__c|Rows:1
11:04:46.29 (30969352)|HEAP_ALLOCATE|[EXTERNAL]|Bytes:8
11:04:46.29 (82743214)|CODE_UNIT_STARTED|[EXTERNAL]|01q3X0000018STF|myOrderTrigger on myorder trigger event AfterInsert|__sfdc_trigger/myOrderTrigger
11:04:46.29 (82844742)|HEAP_ALLOCATE|[EXTERNAL]|Bytes:8
11:04:46.29 (83015552)|HEAP_ALLOCATE|[EXTERNAL]|Bytes:4
11:04:46.29 (83040297)|VARIABLE_SCOPE_BEGIN|[1]|this|myOrderTrigger|true|false
11:04:46.29 (83140464)|VARIABLE_ASSIGNMENT|[1]|this|{}|0x6f76a260
11:04:46.29 (83195867)|HEAP_ALLOCATE|[EXTERNAL]|Bytes:4
11:04:46.29 (83204467)|VARIABLE_SCOPE_BEGIN|[1]|this|myOrderTrigger|true|false
11:04:46.29 (83216544)|VARIABLE_ASSIGNMENT|[1]|this|{}|0x6f76a260
11:04:46.29 (83224425)|STATEMENT_EXECUTE|[1]
11:04:46.29 (83227605)|STATEMENT_EXECUTE|[2]
11:04:46.29 (86617288)|VARIABLE_SCOPE_BEGIN|[10]|HandlerExecutionPool.instance|HandlerExecutionPool|true|true
11:04:46.29 (86677052)|HEAP_ALLOCATE|[2]|Bytes:31
11:04:46.29 (86689002)|HEAP_ALLOCATE|[2]|Bytes:8
11:04:46.29 (86787072)|METHOD_ENTRY|[8]|01p3X00000DVhaf|HandlerExecutionPool.HandlerExecutionPool()
11:04:46.29 (86797972)|STATEMENT_EXECUTE|[8]
11:04:46.29 (86805049)|STATEMENT_EXECUTE|[8]
11:04:46.29 (87262799)|SYSTEM_MODE_ENTER|false
11:04:46.29 (87287333)|HEAP_ALLOCATE|[2]|Bytes:5
11:04:46.29 (87296805)|STATEMENT_EXECUTE|[60]
11:04:46.29 (87299928)|STATEMENT_EXECUTE|[172]
11:04:46.29 (87305838)|SYSTEM_MODE_EXIT|false
11:04:46.29 (87344573)|METHOD_EXIT|[8]|HandlerExecutionPool
11:04:46.29 (87391324)|METHOD_ENTRY|[2]|01p3X00000DVhaf|HandlerExecutionPool.getInstance()
11:04:46.29 (87428843)|SYSTEM_MODE_ENTER|false
11:04:46.29 (87435200)|HEAP_ALLOCATE|[25]|Bytes:5
11:04:46.29 (87440965)|STATEMENT_EXECUTE|[24]
11:04:46.29 (87447660)|STATEMENT_EXECUTE|[25]
11:04:46.29 (87450081)|STATEMENT_EXECUTE|[26]
11:04:46.29 (88088971)|HEAP_ALLOCATE|[26]|Bytes:8
11:04:46.29 (88144152)|CONSTRUCTOR_ENTRY|[26]|01p3X00000DVhaf|<init>()|HandlerExecutionPool
11:04:46.29 (88215835)|VARIABLE_SCOPE_BEGIN|[13]|this|HandlerExecutionPool|true|false
11:04:46.29 (88261738)|VARIABLE_ASSIGNMENT|[13]|this|{}|0x7b1a6d94
11:04:46.29 (88274932)|HEAP_ALLOCATE|[14]|Bytes:5
11:04:46.29 (88280528)|STATEMENT_EXECUTE|[8]
11:04:46.29 (88284331)|HEAP_ALLOCATE|[14]|Bytes:5
11:04:46.29 (88288368)|STATEMENT_EXECUTE|[11]
11:04:46.29 (88297407)|HEAP_ALLOCATE|[14]|Bytes:6
11:04:46.29 (88975531)|STATEMENT_EXECUTE|[13]
11:04:46.29 (88979586)|STATEMENT_EXECUTE|[14]
11:04:46.29 (88998955)|HEAP_ALLOCATE|[14]|Bytes:4
11:04:46.29 (89110085)|VARIABLE_ASSIGNMENT|[14]|this.handlerPool|{}|0x7b1a6d94
11:04:46.29 (89145468)|CONSTRUCTOR_EXIT|[26]|01p3X00000DVhaf|<init>()|HandlerExecutionPool
11:04:46.29 (89201240)|VARIABLE_ASSIGNMENT|[26]|HandlerExecutionPool.instance|{"handlerPool":"0x3a056aa7"}|0x7b1a6d94
11:04:46.29 (89208070)|STATEMENT_EXECUTE|[28]
11:04:46.29 (89215300)|SYSTEM_MODE_EXIT|false
11:04:46.29 (89245870)|METHOD_EXIT|[2]|01p3X00000DVhaf|HandlerExecutionPool.getInstance()
11:04:46.29 (89258741)|HEAP_ALLOCATE|[2]|Bytes:36
11:04:46.29 (89324533)|HEAP_ALLOCATE|[2]|Bytes:30
11:04:46.29 (89346352)|SYSTEM_METHOD_ENTRY|[1]|Type.Type()
11:04:46.29 (89351484)|STATEMENT_EXECUTE|[1]
11:04:46.29 (89358922)|SYSTEM_METHOD_EXIT|[1]|Type
11:04:46.29 (89366653)|HEAP_ALLOCATE|[2]|Bytes:8
11:04:46.29 (89386696)|HEAP_ALLOCATE|[2]|Bytes:8
11:04:46.29 (89392610)|VARIABLE_SCOPE_BEGIN|[4]|this|System.Type|true|false
11:04:46.29 (89433128)|VARIABLE_ASSIGNMENT|[4]|this|{}|0x7dcfd0d0
11:04:46.29 (89439810)|VARIABLE_SCOPE_BEGIN|[4]|apextype|java:common.apex.runtime.ApexObjectType|true|false
11:04:46.29 (89755761)|VARIABLE_ASSIGNMENT|[4]|apextype|"myorder__c"|0x55117430
11:04:46.29 (89812946)|HEAP_ALLOCATE|[2]|Bytes:8
11:04:46.29 (89840417)|METHOD_ENTRY|[2]|01p3X00000DVhaf|HandlerExecutionPool.getHandler(System.Type)
11:04:46.29 (89849066)|VARIABLE_SCOPE_BEGIN|[41]|this|HandlerExecutionPool|true|false
11:04:46.29 (89872860)|VARIABLE_ASSIGNMENT|[41]|this|{"handlerPool":"0x3a056aa7"}|0x7b1a6d94
11:04:46.29 (89879583)|VARIABLE_SCOPE_BEGIN|[41]|typeName|System.Type|true|false
11:04:46.29 (89896512)|VARIABLE_ASSIGNMENT|[41]|typeName|{"aot":"0x55117430"}|0x7dcfd0d0
11:04:46.29 (89909444)|SYSTEM_MODE_ENTER|false
11:04:46.29 (89916392)|HEAP_ALLOCATE|[42]|Bytes:5
11:04:46.29 (89921633)|STATEMENT_EXECUTE|[41]
11:04:46.29 (89924389)|STATEMENT_EXECUTE|[42]
11:04:46.29 (90036798)|VARIABLE_SCOPE_BEGIN|[42]|executor|HandlerExecutionPool.HandlerExecutor|true|false
11:04:46.29 (90051782)|VARIABLE_ASSIGNMENT|[42]|executor|null|
11:04:46.29 (90058829)|STATEMENT_EXECUTE|[43]
11:04:46.29 (90062802)|STATEMENT_EXECUTE|[44]
11:04:46.29 (90070438)|HEAP_ALLOCATE|[44]|Bytes:16
11:04:46.29 (90079534)|HEAP_ALLOCATE|[44]|Bytes:11
11:04:46.29 (123003628)|HEAP_ALLOCATE|[44]|Bytes:12
11:04:46.29 (123059346)|CONSTRUCTOR_ENTRY|[44]|01p3X00000DVhaf|<init>(System.Type)|HandlerExecutionPool.HandlerExecutor
11:04:46.29 (123113789)|VARIABLE_SCOPE_BEGIN|[65]|this|HandlerExecutionPool.HandlerExecutor|true|false
11:04:46.29 (123168650)|VARIABLE_ASSIGNMENT|[65]|this|{}|0x7d6381bb
11:04:46.29 (123182226)|VARIABLE_SCOPE_BEGIN|[65]|typeName|System.Type|true|false
11:04:46.29 (123213172)|VARIABLE_ASSIGNMENT|[65]|typeName|{"aot":"0x55117430"}|0x7dcfd0d0
11:04:46.29 (123226532)|STATEMENT_EXECUTE|[60]
11:04:46.29 (123230418)|STATEMENT_EXECUTE|[62]
11:04:46.29 (123234215)|STATEMENT_EXECUTE|[63]
11:04:46.29 (123265424)|STATEMENT_EXECUTE|[65]
11:04:46.29 (123268588)|STATEMENT_EXECUTE|[66]
11:04:46.29 (123281545)|VARIABLE_ASSIGNMENT|[66]|this.typeName|0x7dcfd0d0|0x7d6381bb
11:04:46.29 (123296045)|CONSTRUCTOR_EXIT|[44]|01p3X00000DVhaf|<init>(System.Type)|HandlerExecutionPool.HandlerExecutor
11:04:46.29 (123319035)|VARIABLE_ASSIGNMENT|[44]|executor|{"typeName":"0x7dcfd0d0"}|0x7d6381bb
11:04:46.29 (123327578)|STATEMENT_EXECUTE|[45]
11:04:46.29 (123472068)|HEAP_ALLOCATE|[EXTERNAL]|Bytes:-4
11:04:46.29 (123493469)|STATEMENT_EXECUTE|[47]
11:04:46.29 (123503019)|SYSTEM_MODE_EXIT|false
11:04:46.29 (123520982)|METHOD_EXIT|[2]|01p3X00000DVhaf|HandlerExecutionPool.getHandler(System.Type)
11:04:46.29 (123555749)|METHOD_ENTRY|[2]|01p3X00000DVhaf|HandlerExecutionPool.HandlerExecutor.execute()
11:04:46.29 (123567276)|VARIABLE_SCOPE_BEGIN|[76]|this|HandlerExecutionPool.HandlerExecutor|true|false
11:04:46.29 (123600543)|VARIABLE_ASSIGNMENT|[76]|this|{"typeName":"0x7dcfd0d0"}|0x7d6381bb
11:04:46.29 (123613392)|STATEMENT_EXECUTE|[76]
11:04:46.29 (123616903)|STATEMENT_EXECUTE|[77]
11:04:46.29 (123631659)|METHOD_ENTRY|[77]|01p3X00000DVhaf|HandlerExecutionPool.HandlerExecutor.getActiveHandlers()
11:04:46.29 (123672917)|VARIABLE_SCOPE_BEGIN|[95]|this|HandlerExecutionPool.HandlerExecutor|true|false
11:04:46.29 (123690115)|VARIABLE_ASSIGNMENT|[95]|this|{"typeName":"0x7dcfd0d0"}|0x7d6381bb
11:04:46.29 (123697925)|STATEMENT_EXECUTE|[95]
11:04:46.29 (123700854)|STATEMENT_EXECUTE|[96]
11:04:46.29 (124350294)|HEAP_ALLOCATE|[96]|Bytes:11
11:04:46.29 (124495967)|HEAP_ALLOCATE|[96]|Bytes:8
11:04:46.29 (124536449)|CONSTRUCTOR_ENTRY|[96]|01p3X00000DVhaf|<init>(System.Type)|HandlerExecutionPool.MetadataHandler
11:04:46.29 (124570010)|VARIABLE_SCOPE_BEGIN|[176]|this|HandlerExecutionPool.MetadataHandler|true|false
11:04:46.29 (124608167)|VARIABLE_ASSIGNMENT|[176]|this|{}|0x778cecc2
11:04:46.29 (124619610)|VARIABLE_SCOPE_BEGIN|[176]|typeName|System.Type|true|false
11:04:46.29 (124648321)|VARIABLE_ASSIGNMENT|[176]|typeName|{"aot":"0x55117430"}|0x7dcfd0d0
11:04:46.29 (124659377)|STATEMENT_EXECUTE|[172]
11:04:46.29 (124662711)|STATEMENT_EXECUTE|[174]
11:04:46.29 (124689816)|STATEMENT_EXECUTE|[176]
11:04:46.29 (124692985)|STATEMENT_EXECUTE|[177]
11:04:46.29 (124720272)|METHOD_ENTRY|[177]|01p3X00000DVhaf|HandlerExecutionPool.MetadataHandler.readHandlersMetadata(System.Type)
11:04:46.29 (124757914)|VARIABLE_SCOPE_BEGIN|[184]|this|HandlerExecutionPool.MetadataHandler|true|false
11:04:46.29 (124785994)|VARIABLE_ASSIGNMENT|[184]|this|{}|0x778cecc2
11:04:46.29 (124796069)|VARIABLE_SCOPE_BEGIN|[184]|typeName|System.Type|true|false
11:04:46.29 (124816592)|VARIABLE_ASSIGNMENT|[184]|typeName|{"aot":"0x55117430"}|0x7dcfd0d0
11:04:46.29 (124828074)|STATEMENT_EXECUTE|[184]
11:04:46.29 (124831489)|STATEMENT_EXECUTE|[185]
11:04:46.29 (124838548)|HEAP_ALLOCATE|[185]|Bytes:199
11:04:46.29 (124868570)|HEAP_ALLOCATE|[185]|Bytes:4
11:04:46.29 (131787665)|SOQL_EXECUTE_BEGIN|[185]|Aggregations:0|SELECT Id, NamespacePrefix, Class_Name__c, Other_Object_API_Name__c, Object_Name__r.QualifiedAPIName FROM Trigger_Dependency__mdt WHERE Is_Active__c = TRUE ORDER BY Execution_Order__c ASC NULLS FIRST
11:04:46.29 (151378173)|SOQL_EXECUTE_END|[185]|Rows:1
11:04:46.29 (151451476)|HEAP_ALLOCATE|[185]|Bytes:8
11:04:46.29 (151492708)|HEAP_ALLOCATE|[185]|Bytes:202
11:04:46.29 (151556126)|HEAP_ALLOCATE|[185]|Bytes:8
11:04:46.29 (151596595)|VARIABLE_SCOPE_BEGIN|[185]|triggerDependencies|List<Trigger_Dependency__mdt>|true|false
11:04:46.29 (151655858)|VARIABLE_ASSIGNMENT|[185]|triggerDependencies|[{"Id":"m003X0000009oReQAI","Class_Name__c":"MyOrderEmailService","Object_Name__c":"01I3X000001p4fD","Object_Name__r":{"Id":"000000000000000AAA","DurableId":"01I3X000001p4fD","QualifiedApiName":"myorder__c"}}]|0x2e0f0aba
11:04:46.29 (151672277)|STATEMENT_EXECUTE|[195]
11:04:46.29 (151688542)|HEAP_ALLOCATE|[195]|Bytes:4
11:04:46.29 (151795221)|VARIABLE_SCOPE_BEGIN|[195]|result|List<Trigger_Dependency__mdt>|true|false
11:04:46.29 (151814837)|HEAP_ALLOCATE|[EXTERNAL]|Bytes:4
11:04:46.29 (151830739)|VARIABLE_ASSIGNMENT|[195]|result|[]|0x117f12a4
11:04:46.29 (151845381)|STATEMENT_EXECUTE|[196]
11:04:46.29 (151875086)|METHOD_ENTRY|[196]||System.Type.toString()
11:04:46.29 (151989865)|METHOD_EXIT|[196]||System.Type.toString()
11:04:46.29 (152005309)|VARIABLE_SCOPE_BEGIN|[196]|typeNameString|String|false|false
11:04:46.29 (152025738)|VARIABLE_ASSIGNMENT|[196]|typeNameString|"myorder__c"
11:04:46.29 (152255853)|HEAP_ALLOCATE|[197]|Bytes:5
11:04:46.29 (152347738)|HEAP_ALLOCATE|[197]|Bytes:20
11:04:46.29 (152364659)|VARIABLE_SCOPE_BEGIN|[197]|dependency|Trigger_Dependency__mdt|true|false
11:04:46.29 (152398330)|VARIABLE_ASSIGNMENT|[197]|dependency|{"Id":"m003X0000009oReQAI","Class_Name__c":"MyOrderEmailService","Object_Name__c":"01I3X000001p4fD","Object_Name__r":{"Id":"000000000000000AAA","DurableId":"01I3X000001p4fD","QualifiedApiName":"myorder__c"}}|0xe8960c8
11:04:46.29 (152407480)|STATEMENT_EXECUTE|[197]
11:04:46.29 (152562037)|STATEMENT_EXECUTE|[199]
11:04:46.29 (152565075)|STATEMENT_EXECUTE|[200]
11:04:46.29 (152613493)|HEAP_ALLOCATE|[EXTERNAL]|Bytes:4
11:04:46.29 (152636172)|HEAP_ALLOCATE|[197]|Bytes:5
11:04:46.29 (152654774)|VARIABLE_ASSIGNMENT|[197]|dependency|null|
11:04:46.29 (152660769)|STATEMENT_EXECUTE|[203]
11:04:46.29 (152668182)|METHOD_EXIT|[177]|01p3X00000DVhaf|HandlerExecutionPool.MetadataHandler.readHandlersMetadata(System.Type)
11:04:46.29 (152703904)|VARIABLE_ASSIGNMENT|[177]|this.handlersMeta|[{"Id":"m003X0000009oReQAI","Class_Name__c":"MyOrderEmailService","Object_Name__c":"01I3X000001p4fD","Object_Name__r":{"Id":"000000000000000AAA","DurableId":"01I3X000001p4fD","QualifiedApiName":"myorder__c"}}]|0x778cecc2
11:04:46.29 (152718858)|CONSTRUCTOR_EXIT|[96]|01p3X00000DVhaf|<init>(System.Type)|HandlerExecutionPool.MetadataHandler
11:04:46.29 (152726908)|VARIABLE_SCOPE_BEGIN|[96]|metadataHandler|HandlerExecutionPool.MetadataHandler|true|false
11:04:46.29 (152754472)|VARIABLE_ASSIGNMENT|[96]|metadataHandler|{"handlersMeta":"0x117f12a4"}|0x778cecc2
11:04:46.29 (152760525)|STATEMENT_EXECUTE|[97]
11:04:46.29 (152787825)|HEAP_ALLOCATE|[97]|Bytes:4
11:04:46.29 (152868341)|VARIABLE_SCOPE_BEGIN|[97]|handlers|List<Handler>|true|false
11:04:46.29 (152895380)|HEAP_ALLOCATE|[EXTERNAL]|Bytes:4
11:04:46.29 (152906029)|VARIABLE_ASSIGNMENT|[97]|handlers|[]|0x670aa98f
11:04:46.29 (152923102)|METHOD_ENTRY|[98]|01p3X00000DVhaf|HandlerExecutionPool.MetadataHandler.getMeta()
11:04:46.29 (152942925)|VARIABLE_SCOPE_BEGIN|[180]|this|HandlerExecutionPool.MetadataHandler|true|false
11:04:46.29 (152961136)|VARIABLE_ASSIGNMENT|[180]|this|{"handlersMeta":"0x117f12a4"}|0x778cecc2
11:04:46.29 (152970695)|STATEMENT_EXECUTE|[180]
11:04:46.29 (152973563)|STATEMENT_EXECUTE|[181]
11:04:46.29 (152981011)|METHOD_EXIT|[98]|01p3X00000DVhaf|HandlerExecutionPool.MetadataHandler.getMeta()
11:04:46.29 (153007406)|HEAP_ALLOCATE|[98]|Bytes:5
11:04:46.29 (153024311)|HEAP_ALLOCATE|[98]|Bytes:20
11:04:46.29 (153032933)|VARIABLE_SCOPE_BEGIN|[98]|handlerMeta|Trigger_Dependency__mdt|true|false
11:04:46.29 (153056234)|VARIABLE_ASSIGNMENT|[98]|handlerMeta|{"Id":"m003X0000009oReQAI","Class_Name__c":"MyOrderEmailService","Object_Name__c":"01I3X000001p4fD","Object_Name__r":{"Id":"000000000000000AAA","DurableId":"01I3X000001p4fD","QualifiedApiName":"myorder__c"}}|0xe8960c8
11:04:46.29 (153064093)|STATEMENT_EXECUTE|[98]
11:04:46.29 (153066620)|STATEMENT_EXECUTE|[99]
11:04:46.29 (153122060)|METHOD_ENTRY|[99]||System.Type.forName(String, String)
11:04:46.29 (193810301)|METHOD_EXIT|[99]||System.Type.forName(String, String)
11:04:46.29 (193832210)|VARIABLE_SCOPE_BEGIN|[99]|handlerType|System.Type|true|false
11:04:46.29 (193878212)|VARIABLE_ASSIGNMENT|[99]|handlerType|{"aot":"0x5bf8cb82"}|0x1cba51ec
11:04:46.29 (193887876)|STATEMENT_EXECUTE|[100]
11:04:46.29 (193891197)|STATEMENT_EXECUTE|[104]
11:04:46.29 (193904430)|METHOD_ENTRY|[104]||System.Type.newInstance()
11:04:46.29 (194140094)|METHOD_ENTRY|[1]|01p3X00000DVjDo|MyOrderEmailService.MyOrderEmailService()
11:04:46.29 (194149832)|STATEMENT_EXECUTE|[1]
11:04:46.29 (194153694)|STATEMENT_EXECUTE|[1]
11:04:46.29 (194629383)|SYSTEM_MODE_ENTER|false
11:04:46.29 (194647904)|HEAP_ALLOCATE|[42]|Bytes:5
11:04:46.29 (194658287)|STATEMENT_EXECUTE|[9]
11:04:46.29 (194661413)|STATEMENT_EXECUTE|[62]
11:04:46.29 (194663692)|STATEMENT_EXECUTE|[102]
11:04:46.29 (194669715)|SYSTEM_MODE_EXIT|false
11:04:46.29 (194685293)|METHOD_EXIT|[1]|MyOrderEmailService
11:04:46.29 (194708292)|HEAP_ALLOCATE|[42]|Bytes:8
11:04:46.29 (194718970)|VARIABLE_SCOPE_BEGIN|[1]|this|MyOrderEmailService|true|false
11:04:46.29 (194753554)|VARIABLE_ASSIGNMENT|[1]|this|{}|0x234ac15d
11:04:46.29 (194774324)|SYSTEM_MODE_ENTER|false
11:04:46.29 (194781080)|HEAP_ALLOCATE|[42]|Bytes:5
11:04:46.29 (194797877)|HEAP_ALLOCATE|[42]|Bytes:14
11:04:46.29 (194804058)|HEAP_ALLOCATE|[42]|Bytes:63
11:04:46.29 (194836205)|METHOD_ENTRY|[10]|01p3X00000DVhae|Handler.Handler()
11:04:46.29 (194841596)|STATEMENT_EXECUTE|[10]
11:04:46.29 (194845100)|STATEMENT_EXECUTE|[10]
11:04:46.29 (194849262)|HEAP_ALLOCATE|[42]|Bytes:5
11:04:46.29 (194853470)|STATEMENT_EXECUTE|[238]
11:04:46.29 (194858953)|METHOD_EXIT|[10]|Handler
11:04:46.29 (194869067)|CONSTRUCTOR_ENTRY|[EXTERNAL]|01p3X00000DVhae|<init>()|Handler
11:04:46.29 (194881465)|VARIABLE_SCOPE_BEGIN|[14]|this|Handler|true|false
11:04:46.29 (194897692)|VARIABLE_ASSIGNMENT|[14]|this|{}|0x234ac15d
11:04:46.29 (194906241)|HEAP_ALLOCATE|[42]|Bytes:5
11:04:46.29 (194910265)|STATEMENT_EXECUTE|[10]
11:04:46.29 (194913529)|HEAP_ALLOCATE|[42]|Bytes:5
11:04:46.29 (194917455)|STATEMENT_EXECUTE|[12]
11:04:46.29 (194937582)|STATEMENT_EXECUTE|[14]
11:04:46.29 (194942732)|CONSTRUCTOR_EXIT|[EXTERNAL]|01p3X00000DVhae|<init>()|Handler
11:04:46.29 (194949632)|SYSTEM_MODE_EXIT|false
11:04:46.29 (194954463)|STATEMENT_EXECUTE|[1]
11:04:46.29 (194959004)|SYSTEM_MODE_ENTER|false
11:04:46.29 (194963213)|HEAP_ALLOCATE|[42]|Bytes:5
11:04:46.29 (194967720)|SYSTEM_MODE_EXIT|false
11:04:46.29 (194990903)|METHOD_EXIT|[104]||System.Type.newInstance()
11:04:46.29 (195004855)|VARIABLE_SCOPE_BEGIN|[104]|handler|Handler|true|false
11:04:46.29 (195019751)|VARIABLE_ASSIGNMENT|[104]|handler|{}|0x234ac15d
11:04:46.29 (195025979)|STATEMENT_EXECUTE|[105]
11:04:46.29 (195061359)|METHOD_ENTRY|[105]|01p3X00000DVhae|Handler.setSobjectType(System.Type)
11:04:46.29 (195094893)|VARIABLE_SCOPE_BEGIN|[205]|this|Handler|true|false
11:04:46.29 (195107832)|VARIABLE_ASSIGNMENT|[205]|this|{}|0x234ac15d
11:04:46.29 (195114548)|VARIABLE_SCOPE_BEGIN|[205]|typeName|System.Type|true|false
11:04:46.29 (195137152)|VARIABLE_ASSIGNMENT|[205]|typeName|{"aot":"0x55117430"}|0x7dcfd0d0
11:04:46.29 (195147849)|SYSTEM_MODE_ENTER|false
11:04:46.29 (195152964)|HEAP_ALLOCATE|[206]|Bytes:5
11:04:46.29 (195157782)|STATEMENT_EXECUTE|[205]
11:04:46.29 (195160324)|STATEMENT_EXECUTE|[206]
11:04:46.29 (195168576)|SYSTEM_MODE_EXIT|false
11:04:46.29 (195175463)|METHOD_EXIT|[105]|01p3X00000DVhae|Handler.setSobjectType(System.Type)
11:04:46.29 (195181320)|STATEMENT_EXECUTE|[106]
11:04:46.29 (195221777)|HEAP_ALLOCATE|[EXTERNAL]|Bytes:4
11:04:46.29 (195245381)|HEAP_ALLOCATE|[98]|Bytes:5
11:04:46.29 (195266968)|VARIABLE_ASSIGNMENT|[98]|handlerMeta|null|
11:04:46.29 (195273187)|STATEMENT_EXECUTE|[108]
11:04:46.29 (195279928)|METHOD_EXIT|[77]|01p3X00000DVhaf|HandlerExecutionPool.HandlerExecutor.getActiveHandlers()
11:04:46.29 (195317833)|VARIABLE_ASSIGNMENT|[77]|this.activeHandlers|[{"typeName":"0x7dcfd0d0"}]|0x7d6381bb
11:04:46.29 (195491978)|HEAP_ALLOCATE|[78]|Bytes:5
11:04:46.29 (195513739)|HEAP_ALLOCATE|[78]|Bytes:8
11:04:46.29 (195545698)|VARIABLE_SCOPE_BEGIN|[78]|handler|Handler|true|false
11:04:46.29 (195580064)|VARIABLE_ASSIGNMENT|[78]|handler|{"typeName":"0x7dcfd0d0"}|0x234ac15d
11:04:46.29 (195587853)|STATEMENT_EXECUTE|[78]
11:04:46.29 (195590297)|STATEMENT_EXECUTE|[79]
11:04:46.29 (195608762)|METHOD_ENTRY|[79]|01p3X00000DVhaf|HandlerExecutionPool.HandlerExecutor.executeHandler(Handler)
11:04:46.29 (195643841)|VARIABLE_SCOPE_BEGIN|[119]|this|HandlerExecutionPool.HandlerExecutor|true|false
11:04:46.29 (195666643)|VARIABLE_ASSIGNMENT|[119]|this|{"activeHandlers":"0x670aa98f","typeName":"0x7dcfd0d0"}|0x7d6381bb
11:04:46.29 (195673308)|VARIABLE_SCOPE_BEGIN|[119]|handler|Handler|true|false
11:04:46.29 (195687209)|VARIABLE_ASSIGNMENT|[119]|handler|{"typeName":"0x7dcfd0d0"}|0x234ac15d
11:04:46.29 (195695700)|STATEMENT_EXECUTE|[119]
11:04:46.29 (195698294)|STATEMENT_EXECUTE|[120]
11:04:46.29 (195966321)|HEAP_ALLOCATE|[121]|Bytes:12
11:04:46.29 (196208148)|STATEMENT_EXECUTE|[130]
11:04:46.29 (196212304)|STATEMENT_EXECUTE|[131]
11:04:46.29 (196226599)|METHOD_ENTRY|[131]|01p3X00000DVhae|Handler.afterInsert()
11:04:46.29 (196245670)|VARIABLE_SCOPE_BEGIN|[147]|this|Handler|true|false
11:04:46.29 (196270511)|VARIABLE_ASSIGNMENT|[147]|this|{"typeName":"0x7dcfd0d0"}|0x234ac15d
11:04:46.29 (196285156)|SYSTEM_MODE_ENTER|false
11:04:46.29 (196294627)|HEAP_ALLOCATE|[148]|Bytes:5
11:04:46.29 (196300250)|STATEMENT_EXECUTE|[147]
11:04:46.29 (196302766)|STATEMENT_EXECUTE|[148]
11:04:46.29 (196641772)|HEAP_ALLOCATE|[148]|Bytes:3
11:04:46.29 (196671807)|HEAP_ALLOCATE|[148]|Bytes:28
11:04:46.29 (196693780)|CONSTRUCTOR_ENTRY|[148]|01p3X00000DVhae|<init>()|Handler.TriggerContext
11:04:46.29 (196778853)|VARIABLE_SCOPE_BEGIN|[247]|this|Handler.TriggerContext|true|false
11:04:46.29 (196821449)|VARIABLE_ASSIGNMENT|[247]|this|{}|0x4f4ac8cb
11:04:46.29 (196829774)|STATEMENT_EXECUTE|[238]
11:04:46.29 (196832292)|STATEMENT_EXECUTE|[240]
11:04:46.29 (196834913)|STATEMENT_EXECUTE|[241]
11:04:46.29 (196838089)|STATEMENT_EXECUTE|[242]
11:04:46.29 (196840520)|STATEMENT_EXECUTE|[243]
11:04:46.29 (196842723)|STATEMENT_EXECUTE|[244]
11:04:46.29 (196844997)|STATEMENT_EXECUTE|[245]
11:04:46.29 (196864857)|STATEMENT_EXECUTE|[247]
11:04:46.29 (196868166)|STATEMENT_EXECUTE|[248]
11:04:46.29 (197376563)|VARIABLE_ASSIGNMENT|[248]|this.newList|[{"LastModifiedDate":"2020-01-29T11:04:46.000Z","IsDeleted":false,"customer__c":"a003X0000132mlIQAQ","total_count__c":0,"Additional_Information__c":"asdads","Name":"asd","SystemModstamp":"2020-01-29T11:04:46.000Z","CreatedById":"0053X00000AtM0MQAV","CreatedDate":"2020-01-29T11:04:46.000Z","Id":"a013X00002RTmFuQAL","Status__c":false,"LastModifiedById":"0053X00000AtM0MQAV","order_price__c":0.00}]|0x4f4ac8cb
11:04:46.29 (197395138)|STATEMENT_EXECUTE|[249]
11:04:46.29 (197610553)|VARIABLE_ASSIGNMENT|[249]|this.newMap|{"a013X00002RTmFuQAL":{"LastModifiedDate":"2020-01-29T11:04:46.000Z","IsDeleted":false,"customer__c":"a003X0000132mlIQAQ","total_count__c":0,"Additional_Information__c":"asdads","Name":"asd","SystemModstamp":"2020-01-29T11:04:46.000Z","CreatedById":"0053X00000AtM0MQAV","CreatedDate":"2020-01-29T11:04:46.000Z","Id":"a013X00002RTmFuQAL","Status__c":false,"LastModifiedById":"0053X00000AtM0MQAV","order_price__c":0.00}}|0x4f4ac8cb
11:04:46.29 (197624662)|STATEMENT_EXECUTE|[250]
11:04:46.29 (197643469)|VARIABLE_ASSIGNMENT|[250]|this.oldList|null|0x4f4ac8cb
11:04:46.29 (197649448)|STATEMENT_EXECUTE|[251]
11:04:46.29 (197662043)|VARIABLE_ASSIGNMENT|[251]|this.oldMap|null|0x4f4ac8cb
11:04:46.29 (197667480)|STATEMENT_EXECUTE|[252]
11:04:46.29 (197677997)|HEAP_ALLOCATE|[252]|Bytes:4
11:04:46.29 (197691645)|VARIABLE_ASSIGNMENT|[252]|this.size|1|0x4f4ac8cb
11:04:46.29 (197701348)|STATEMENT_EXECUTE|[253]
11:04:46.29 (197804969)|HEAP_ALLOCATE|[252]|Bytes:12
11:04:46.29 (197826866)|VARIABLE_ASSIGNMENT|[253]|this.operationType|0x7bd01826|0x4f4ac8cb
11:04:46.29 (197838531)|CONSTRUCTOR_EXIT|[148]|01p3X00000DVhae|<init>()|Handler.TriggerContext
11:04:46.29 (197847972)|VARIABLE_SCOPE_BEGIN|[148]|context|Handler.TriggerContext|true|false
11:04:46.29 (197890184)|VARIABLE_ASSIGNMENT|[148]|context|{"newList":"0x18cd9565","newMap":"0x747d60dd","operationType":"0x7bd01826","size":1}|0x4f4ac8cb
11:04:46.29 (197905484)|STATEMENT_EXECUTE|[149]
11:04:46.29 (197924137)|METHOD_ENTRY|[149]|01p3X00000DVhae|Handler.logBeforeEventHandling(Handler.TriggerContext)
11:04:46.29 (197949086)|VARIABLE_SCOPE_BEGIN|[217]|this|Handler|true|false
11:04:46.29 (197969356)|VARIABLE_ASSIGNMENT|[217]|this|{"typeName":"0x7dcfd0d0"}|0x234ac15d
11:04:46.29 (197975728)|VARIABLE_SCOPE_BEGIN|[217]|context|Handler.TriggerContext|true|false
11:04:46.29 (198015188)|VARIABLE_ASSIGNMENT|[217]|context|{"newList":"0x18cd9565","newMap":"0x747d60dd","operationType":"0x7bd01826","size":1}|0x4f4ac8cb
11:04:46.29 (198031705)|HEAP_ALLOCATE|[EXTERNAL]|Bytes:5
11:04:46.29 (198037524)|STATEMENT_EXECUTE|[217]
11:04:46.29 (198046839)|METHOD_EXIT|[149]|01p3X00000DVhae|Handler.logBeforeEventHandling(Handler.TriggerContext)
11:04:46.29 (198052775)|STATEMENT_EXECUTE|[150]
11:04:46.29 (198069822)|METHOD_ENTRY|[150]|01p3X00000DVjDo|MyOrderEmailService.onAfterInsert(Handler.TriggerContext)
11:04:46.29 (198087616)|VARIABLE_SCOPE_BEGIN|[2]|this|MyOrderEmailService|true|false
11:04:46.29 (198103869)|VARIABLE_ASSIGNMENT|[2]|this|{"typeName":"0x7dcfd0d0"}|0x234ac15d
11:04:46.29 (198110141)|VARIABLE_SCOPE_BEGIN|[2]|context|Handler.TriggerContext|true|false
11:04:46.29 (198136151)|VARIABLE_ASSIGNMENT|[2]|context|{"newList":"0x18cd9565","newMap":"0x747d60dd","operationType":"0x7bd01826","size":1}|0x4f4ac8cb
11:04:46.29 (198152282)|HEAP_ALLOCATE|[3]|Bytes:5
11:04:46.29 (198159668)|STATEMENT_EXECUTE|[2]
11:04:46.29 (198168354)|STATEMENT_EXECUTE|[3]
11:04:46.29 (198965202)|HEAP_ALLOCATE|[3]|Bytes:7
11:04:46.29 (198995654)|HEAP_ALLOCATE|[3]|Bytes:8
11:04:46.29 (199016585)|CONSTRUCTOR_ENTRY|[3]|01p3X00000DVjDo|<init>()|MyOrderEmailService.OrderEmailTriggerHandler
11:04:46.29 (199055921)|VARIABLE_SCOPE_BEGIN|[103]|this|MyOrderEmailService.OrderEmailTriggerHandler|true|false
11:04:46.29 (199092909)|VARIABLE_ASSIGNMENT|[103]|this|{}|0x57a63da8
11:04:46.29 (199100891)|STATEMENT_EXECUTE|[102]
11:04:46.29 (199103710)|STATEMENT_EXECUTE|[104]
11:04:46.29 (199108683)|HEAP_ALLOCATE|[104]|Bytes:20
11:04:46.29 (199120306)|HEAP_ALLOCATE|[104]|Bytes:8
11:04:46.29 (199130557)|HEAP_ALLOCATE|[104]|Bytes:14
11:04:46.29 (199142360)|CONSTRUCTOR_ENTRY|[104]|01p3X00000DVjDo|<init>(String)|MyOrderEmailService.OrderEmailService
11:04:46.29 (199169170)|VARIABLE_SCOPE_BEGIN|[12]|this|MyOrderEmailService.OrderEmailService|true|false
11:04:46.29 (199184673)|VARIABLE_ASSIGNMENT|[12]|this|{}|0x57a63da8
11:04:46.29 (199212724)|VARIABLE_SCOPE_BEGIN|[12]|profileName|String|false|false
11:04:46.29 (199225998)|VARIABLE_ASSIGNMENT|[12]|profileName|"System Administrator"
11:04:46.29 (199231402)|STATEMENT_EXECUTE|[9]
11:04:46.29 (199233862)|STATEMENT_EXECUTE|[10]
11:04:46.29 (199254548)|STATEMENT_EXECUTE|[12]
11:04:46.29 (199256910)|STATEMENT_EXECUTE|[13]
11:04:46.29 (199276068)|CONSTRUCTOR_EXIT|[104]|01p3X00000DVjDo|<init>(String)|MyOrderEmailService.OrderEmailService
11:04:46.29 (199283739)|STATEMENT_EXECUTE|[103]
11:04:46.29 (199287472)|CONSTRUCTOR_EXIT|[3]|01p3X00000DVjDo|<init>()|MyOrderEmailService.OrderEmailTriggerHandler
11:04:46.29 (199322733)|METHOD_ENTRY|[3]|01p3X00000DVjDo|MyOrderEmailService.OrderEmailTriggerHandler.sendEmailOnNewOrder(List<myorder__c>)
11:04:46.29 (199330795)|VARIABLE_SCOPE_BEGIN|[106]|this|MyOrderEmailService.OrderEmailTriggerHandler|true|false
11:04:46.29 (199348057)|VARIABLE_ASSIGNMENT|[106]|this|{"profileName":"System Administrator"}|0x57a63da8
11:04:46.29 (199355461)|VARIABLE_SCOPE_BEGIN|[106]|newOrders|List<myorder__c>|true|false
11:04:46.29 (199550991)|VARIABLE_ASSIGNMENT|[106]|newOrders|[{"LastModifiedDate":"2020-01-29T11:04:46.000Z","IsDeleted":false,"customer__c":"a003X0000132mlIQAQ","total_count__c":0,"Additional_Information__c":"asdads","Name":"asd","SystemModstamp":"2020-01-29T11:04:46.000Z","CreatedById":"0053X00000AtM0MQAV","CreatedDate":"2020-01-29T11:04:46.000Z","Id":"a013X00002RTmFuQAL","Status__c":false,"LastModifiedById":"0053X00000AtM0MQAV","order_price__c":0.00}]|0x18cd9565
11:04:46.29 (199564816)|STATEMENT_EXECUTE|[106]
11:04:46.29 (199567319)|STATEMENT_EXECUTE|[107]
11:04:46.29 (199588420)|HEAP_ALLOCATE|[107]|Bytes:4
11:04:46.29 (199625176)|VARIABLE_SCOPE_BEGIN|[107]|newOrderLetterSubjectList|List<String>|true|false
11:04:46.29 (199661431)|HEAP_ALLOCATE|[EXTERNAL]|Bytes:4
11:04:46.29 (199674062)|VARIABLE_ASSIGNMENT|[107]|newOrderLetterSubjectList|[]|0x9987a42
11:04:46.29 (199680120)|STATEMENT_EXECUTE|[108]
11:04:46.29 (199686982)|HEAP_ALLOCATE|[108]|Bytes:4
11:04:46.29 (199702011)|VARIABLE_SCOPE_BEGIN|[108]|newOrderLetterBodyList|List<String>|true|false
11:04:46.29 (199716829)|HEAP_ALLOCATE|[EXTERNAL]|Bytes:4
11:04:46.29 (199723657)|VARIABLE_ASSIGNMENT|[108]|newOrderLetterBodyList|[]|0x56e1cb87
11:04:46.29 (199916570)|HEAP_ALLOCATE|[110]|Bytes:5
11:04:46.29 (199950022)|VARIABLE_SCOPE_BEGIN|[110]|order|myorder__c|true|false
11:04:46.29 (200140351)|VARIABLE_ASSIGNMENT|[110]|order|{"LastModifiedDate":"2020-01-29T11:04:46.000Z","IsDeleted":false,"customer__c":"a003X0000132mlIQAQ","total_count__c":0,"Additional_Information__c":"asdads","Name":"asd","SystemModstamp":"2020-01-29T11:04:46.000Z","CreatedById":"0053X00000AtM0MQAV","CreatedDate":"2020-01-29T11:04:46.000Z","Id":"a013X00002RTmFuQAL","Status__c":false,"LastModifiedById":"0053X00000AtM0MQAV","order_price__c":0.00}|0x1bb7775d
11:04:46.29 (200156186)|STATEMENT_EXECUTE|[110]
11:04:46.29 (200158813)|STATEMENT_EXECUTE|[111]
11:04:46.29 (200164493)|HEAP_ALLOCATE|[111]|Bytes:11
11:04:46.29 (200224573)|HEAP_ALLOCATE|[111]|Bytes:14
11:04:46.29 (200275267)|HEAP_ALLOCATE|[EXTERNAL]|Bytes:4
11:04:46.29 (200290110)|STATEMENT_EXECUTE|[112]
11:04:46.29 (200296217)|HEAP_ALLOCATE|[113]|Bytes:12
11:04:46.29 (200338406)|HEAP_ALLOCATE|[115]|Bytes:12
11:04:46.29 (200431357)|HEAP_ALLOCATE|[116]|Bytes:18
11:04:46.29 (200447121)|HEAP_ALLOCATE|[117]|Bytes:1
11:04:46.29 (200459834)|HEAP_ALLOCATE|[113]|Bytes:46
11:04:46.29 (200482375)|HEAP_ALLOCATE|[EXTERNAL]|Bytes:4
11:04:46.29 (200503440)|HEAP_ALLOCATE|[110]|Bytes:5
11:04:46.29 (200522888)|VARIABLE_ASSIGNMENT|[110]|order|null|
11:04:46.29 (200530050)|STATEMENT_EXECUTE|[121]
11:04:46.29 (200554383)|METHOD_ENTRY|[121]|01p3X00000DVjDo|MyOrderEmailService.OrderEmailService.sendEmailOnOrder(List<myorder__c>, List<String>, List<String>)
11:04:46.29 (200583513)|VARIABLE_SCOPE_BEGIN|[16]|this|MyOrderEmailService.OrderEmailService|true|false
11:04:46.29 (200610264)|VARIABLE_ASSIGNMENT|[16]|this|{"profileName":"System Administrator"}|0x57a63da8
11:04:46.29 (200617662)|VARIABLE_SCOPE_BEGIN|[16]|orders|List<myorder__c>|true|false
11:04:46.29 (200781251)|VARIABLE_ASSIGNMENT|[16]|orders|[{"LastModifiedDate":"2020-01-29T11:04:46.000Z","IsDeleted":false,"customer__c":"a003X0000132mlIQAQ","total_count__c":0,"Additional_Information__c":"asdads","Name":"asd","SystemModstamp":"2020-01-29T11:04:46.000Z","CreatedById":"0053X00000AtM0MQAV","CreatedDate":"2020-01-29T11:04:46.000Z","Id":"a013X00002RTmFuQAL","Status__c":false,"LastModifiedById":"0053X00000AtM0MQAV","order_price__c":0.00}]|0x18cd9565
11:04:46.29 (200795913)|VARIABLE_SCOPE_BEGIN|[16]|letterSubject|List<String>|true|false
11:04:46.29 (200810195)|VARIABLE_ASSIGNMENT|[16]|letterSubject|["New Order: asd"]|0x9987a42
11:04:46.29 (200816424)|VARIABLE_SCOPE_BEGIN|[16]|letterBody|List<String>|true|false
11:04:46.29 (200834911)|VARIABLE_ASSIGNMENT|[16]|letterBody|["Order Name: asd; Ord (26 more) ..."]|0x56e1cb87
11:04:46.29 (200848541)|STATEMENT_EXECUTE|[20]
11:04:46.29 (200856566)|STATEMENT_EXECUTE|[21]
11:04:46.29 (200932599)|HEAP_ALLOCATE|[21]|Bytes:4
11:04:46.29 (200996831)|VARIABLE_SCOPE_BEGIN|[21]|mails|List<Messaging.SingleEmailMessage>|true|false
11:04:46.29 (201024610)|HEAP_ALLOCATE|[EXTERNAL]|Bytes:4
11:04:46.29 (201039260)|VARIABLE_ASSIGNMENT|[21]|mails|[]|0x747e13fd
11:04:46.29 (201048686)|STATEMENT_EXECUTE|[22]
11:04:46.29 (201066158)|METHOD_ENTRY|[22]|01p3X00000DVjDo|MyOrderEmailService.OrderEmailService.getUserIdsByProfile(String)
11:04:46.29 (201087655)|VARIABLE_SCOPE_BEGIN|[47]|this|MyOrderEmailService.OrderEmailService|true|false
11:04:46.29 (201111313)|VARIABLE_ASSIGNMENT|[47]|this|{"profileName":"System Administrator"}|0x57a63da8
11:04:46.29 (201118211)|VARIABLE_SCOPE_BEGIN|[47]|profileName|String|false|false
11:04:46.29 (201128742)|VARIABLE_ASSIGNMENT|[47]|profileName|"System Administrator"
11:04:46.29 (201135786)|STATEMENT_EXECUTE|[47]
11:04:46.29 (201138199)|STATEMENT_EXECUTE|[53]
11:04:46.29 (201142396)|HEAP_ALLOCATE|[53]|Bytes:85
11:04:46.29 (201160878)|HEAP_ALLOCATE|[53]|Bytes:4
11:04:46.29 (201169646)|HEAP_ALLOCATE|[53]|Bytes:7
11:04:46.29 (201597393)|SOQL_EXECUTE_BEGIN|[53]|Aggregations:0|SELECT Id FROM User WHERE ProfileId IN (SELECT Id FROM Profile WHERE Name = :tmpVar1)
11:04:46.29 (226692044)|SOQL_EXECUTE_END|[53]|Rows:2
11:04:46.29 (226746336)|HEAP_ALLOCATE|[53]|Bytes:12
11:04:46.29 (226781169)|HEAP_ALLOCATE|[53]|Bytes:58
11:04:46.29 (226858848)|HEAP_ALLOCATE|[53]|Bytes:12
11:04:46.29 (226883816)|VARIABLE_SCOPE_BEGIN|[53]|users|List<User>|true|false
11:04:46.29 (226924738)|VARIABLE_ASSIGNMENT|[53]|users|[{"Id":"0053X00000AtM0MQAV"},{"Id":"0053X00000AtUkgQAF"}]|0x7414182f
11:04:46.29 (226934130)|STATEMENT_EXECUTE|[58]
11:04:46.29 (226948621)|HEAP_ALLOCATE|[58]|Bytes:4
11:04:46.29 (227021424)|HEAP_ALLOCATE|[58]|Bytes:4
11:04:46.29 (227060764)|HEAP_ALLOCATE|[58]|Bytes:8
11:04:46.29 (227071574)|HEAP_ALLOCATE|[58]|Bytes:18
11:04:46.29 (227078732)|HEAP_ALLOCATE|[58]|Bytes:8
11:04:46.29 (227084040)|HEAP_ALLOCATE|[58]|Bytes:18
11:04:46.29 (227125927)|HEAP_ALLOCATE|[58]|Bytes:48
11:04:46.29 (227150577)|HEAP_ALLOCATE|[58]|Bytes:8
11:04:46.29 (227165685)|METHOD_EXIT|[22]|01p3X00000DVjDo|MyOrderEmailService.OrderEmailService.getUserIdsByProfile(String)
11:04:46.29 (227174284)|VARIABLE_SCOPE_BEGIN|[22]|recievers|List<String>|true|false
11:04:46.29 (227205006)|HEAP_ALLOCATE|[EXTERNAL]|Bytes:12
11:04:46.29 (227224184)|VARIABLE_ASSIGNMENT|[22]|recievers|["0053X00000AtM0MQAV","0053X00000AtUkgQAF"]|0x51d0bbd1
11:04:46.29 (227233066)|STATEMENT_EXECUTE|[24]
11:04:46.29 (227240120)|VARIABLE_SCOPE_BEGIN|[24]|i|Integer|false|false
11:04:46.29 (227248414)|HEAP_ALLOCATE|[24]|Bytes:4
11:04:46.29 (227259045)|VARIABLE_ASSIGNMENT|[24]|i|0
11:04:46.29 (227299015)|STATEMENT_EXECUTE|[24]
11:04:46.29 (227301444)|STATEMENT_EXECUTE|[25]
11:04:46.29 (227393830)|VARIABLE_SCOPE_BEGIN|[25]|mail|Messaging.SingleEmailMessage|true|false
11:04:46.29 (227555318)|VARIABLE_ASSIGNMENT|[25]|mail|"common.api.soap.wsdl.SingleEmailMessage@13e2654c"|0x4763d27f
11:04:46.29 (227566125)|STATEMENT_EXECUTE|[27]
11:04:46.29 (227678405)|STATEMENT_EXECUTE|[29]
11:04:46.29 (227762631)|USER_DEBUG|[29]|DEBUG|(0053X00000AtM0MQAV, 0053X00000AtUkgQAF)
11:04:46.29 (227785083)|STATEMENT_EXECUTE|[31]
11:04:46.29 (227797178)|HEAP_ALLOCATE|[31]|Bytes:14
11:04:46.29 (227895047)|STATEMENT_EXECUTE|[33]
11:04:46.29 (227901437)|HEAP_ALLOCATE|[33]|Bytes:14
11:04:46.29 (227937177)|USER_DEBUG|[33]|DEBUG|New Order: asd
11:04:46.29 (227947810)|STATEMENT_EXECUTE|[35]
11:04:46.29 (227953300)|HEAP_ALLOCATE|[35]|Bytes:46
11:04:46.29 (227987074)|STATEMENT_EXECUTE|[37]
11:04:46.29 (227993874)|HEAP_ALLOCATE|[37]|Bytes:46
11:04:46.29 (228016241)|USER_DEBUG|[37]|DEBUG|Order Name: asd; Order Id: a013X00002RTmFuQAL;
11:04:46.29 (228030766)|STATEMENT_EXECUTE|[38]
11:04:46.29 (228233566)|HEAP_ALLOCATE|[EXTERNAL]|Bytes:12
11:04:46.29 (228287596)|USER_DEBUG|[38]|DEBUG|Messaging.SingleEmailMessage[getBccAddresses=null;getCcAddresses=null;getCharset=null;getEntityAttachments=null;getFileAttachments=null;getHtmlBody=null;getInReplyTo=null;getOptOutPolicy=SEND;getOrgWideEmailAddressId=null;getPlainTextBody=Order Name: asd; Order Id: a013X00002RTmFuQAL;;getReferences=null;getTargetObjectId=null;getTemplateId=null;getTemplateName=null;getToAddresses=(0053X00000AtM0MQAV, 0053X00000AtUkgQAF);getWhatId=null;isTreatBodiesAsTemplate=false;isTreatTargetObjectAsRecipient=true;isUserMail=false;]
11:04:46.29 (228303383)|STATEMENT_EXECUTE|[39]
11:04:46.29 (228358235)|HEAP_ALLOCATE|[EXTERNAL]|Bytes:4
11:04:46.29 (228369464)|HEAP_ALLOCATE|[24]|Bytes:4
11:04:46.29 (228384253)|VARIABLE_ASSIGNMENT|[24]|i|1
11:04:46.29 (228403888)|STATEMENT_EXECUTE|[42]
11:04:46.29 (229386154)|USER_DEBUG|[42]|DEBUG|(Messaging.SingleEmailMessage[getBccAddresses=null;getCcAddresses=null;getCharset=null;getEntityAttachments=null;getFileAttachments=null;getHtmlBody=null;getInReplyTo=null;getOptOutPolicy=SEND;getOrgWideEmailAddressId=null;getPlainTextBody=Order Name: asd; Order Id: a013X00002RTmFuQAL;;getReferences=null;getTargetObjectId=null;getTemplateId=null;getTemplateName=null;getToAddresses=(0053X00000AtM0MQAV, 0053X00000AtUkgQAF);getWhatId=null;isTreatBodiesAsTemplate=false;isTreatTargetObjectAsRecipient=true;isUserMail=false;])
11:04:46.29 (229431315)|METHOD_EXIT|[121]|01p3X00000DVjDo|MyOrderEmailService.OrderEmailService.sendEmailOnOrder(List<myorder__c>, List<String>, List<String>)
11:04:46.29 (229447746)|METHOD_EXIT|[3]|01p3X00000DVjDo|MyOrderEmailService.OrderEmailTriggerHandler.sendEmailOnNewOrder(List<myorder__c>)
11:04:46.29 (229483149)|METHOD_EXIT|[150]|01p3X00000DVjDo|MyOrderEmailService.onAfterInsert(Handler.TriggerContext)
11:04:46.29 (229493163)|STATEMENT_EXECUTE|[151]
11:04:46.29 (229524861)|METHOD_ENTRY|[151]|01p3X00000DVhae|Handler.logAfterEventHandling(Handler.TriggerContext)
11:04:46.29 (229564091)|VARIABLE_SCOPE_BEGIN|[228]|this|Handler|true|false
11:04:46.29 (229606607)|VARIABLE_ASSIGNMENT|[228]|this|{"typeName":"0x7dcfd0d0"}|0x234ac15d
11:04:46.29 (229614041)|VARIABLE_SCOPE_BEGIN|[228]|context|Handler.TriggerContext|true|false
11:04:46.29 (229647742)|VARIABLE_ASSIGNMENT|[228]|context|{"newList":"0x18cd9565","newMap":"0x747d60dd","operationType":"0x7bd01826","size":1}|0x4f4ac8cb
11:04:46.29 (229670766)|HEAP_ALLOCATE|[EXTERNAL]|Bytes:5
11:04:46.29 (229683493)|STATEMENT_EXECUTE|[228]
11:04:46.29 (229691136)|METHOD_EXIT|[151]|01p3X00000DVhae|Handler.logAfterEventHandling(Handler.TriggerContext)
11:04:46.29 (229698946)|SYSTEM_MODE_EXIT|false
11:04:46.29 (229709367)|METHOD_EXIT|[131]|01p3X00000DVhae|Handler.afterInsert()
11:04:46.29 (229717956)|METHOD_EXIT|[79]|01p3X00000DVhaf|HandlerExecutionPool.HandlerExecutor.executeHandler(Handler)
11:04:46.29 (229739522)|HEAP_ALLOCATE|[78]|Bytes:5
11:04:46.29 (229756019)|VARIABLE_ASSIGNMENT|[78]|handler|null|
11:04:46.29 (229776923)|METHOD_EXIT|[2]|01p3X00000DVhaf|HandlerExecutionPool.HandlerExecutor.execute()
11:04:46.229 (229794144)|CUMULATIVE_LIMIT_USAGE
11:04:46.229 (229794144)|LIMIT_USAGE_FOR_NS|(default)|
  Number of SOQL queries: 1 out of 100
  Number of query rows: 3 out of 50000
  Number of SOSL queries: 0 out of 20
  Number of DML statements: 1 out of 150
  Number of DML rows: 1 out of 10000
  Maximum CPU time: 0 out of 10000
  Maximum heap size: 0 out of 6000000
  Number of callouts: 0 out of 100
  Number of Email Invocations: 0 out of 10
  Number of future calls: 0 out of 50
  Number of queueable jobs added to the queue: 0 out of 50
  Number of Mobile Apex push calls: 0 out of 10

11:04:46.229 (229794144)|CUMULATIVE_LIMIT_USAGE_END

11:04:46.29 (231889976)|CODE_UNIT_FINISHED|myOrderTrigger on myorder trigger event AfterInsert|__sfdc_trigger/myOrderTrigger
11:04:46.29 (266338089)|DML_END|[1]
11:04:46.291 (291679675)|CUMULATIVE_LIMIT_USAGE
11:04:46.291 (291679675)|LIMIT_USAGE_FOR_NS|(default)|
  Number of SOQL queries: 1 out of 100
  Number of query rows: 3 out of 50000
  Number of SOSL queries: 0 out of 20
  Number of DML statements: 1 out of 150
  Number of DML rows: 1 out of 10000
  Maximum CPU time: 0 out of 10000
  Maximum heap size: 0 out of 6000000
  Number of callouts: 0 out of 100
  Number of Email Invocations: 0 out of 10
  Number of future calls: 0 out of 50
  Number of queueable jobs added to the queue: 0 out of 50
  Number of Mobile Apex push calls: 0 out of 10

11:04:46.291 (291679675)|CUMULATIVE_LIMIT_USAGE_END

11:04:46.29 (291749632)|CODE_UNIT_FINISHED|execute_anonymous_apex
11:04:46.29 (293714797)|EXECUTION_FINISHED
