47.0 APEX_CODE,FINEST;APEX_PROFILING,INFO;CALLOUT,INFO;DB,INFO;NBA,INFO;SYSTEM,DEBUG;VALIDATION,INFO;VISUALFORCE,FINER;WAVE,INFO;WORKFLOW,INFO
Execute Anonymous: insert new myorder__c(Name = 'test',customer__c = 'a003X0000132mlIQAQ',Additional_Information__c = 'test text');      
14:01:47.25 (25477652)|USER_INFO|[EXTERNAL]|0053X00000AtM0M|khrystynych.vasyl@ctdevlviv.stud|(GMT+00:00) Irish Standard Time (Europe/Dublin)|GMTZ
14:01:47.25 (25505058)|EXECUTION_STARTED
14:01:47.25 (25511569)|CODE_UNIT_STARTED|[EXTERNAL]|execute_anonymous_apex
14:01:47.25 (25786416)|HEAP_ALLOCATE|[79]|Bytes:3
14:01:47.25 (25837507)|HEAP_ALLOCATE|[84]|Bytes:152
14:01:47.25 (25853030)|HEAP_ALLOCATE|[399]|Bytes:408
14:01:47.25 (25867721)|HEAP_ALLOCATE|[412]|Bytes:408
14:01:47.25 (25880679)|HEAP_ALLOCATE|[520]|Bytes:48
14:01:47.25 (25907599)|HEAP_ALLOCATE|[139]|Bytes:6
14:01:47.25 (25988029)|HEAP_ALLOCATE|[EXTERNAL]|Bytes:1
14:01:47.25 (26188497)|STATEMENT_EXECUTE|[1]
14:01:47.25 (26200914)|STATEMENT_EXECUTE|[1]
14:01:47.25 (26353599)|HEAP_ALLOCATE|[1]|Bytes:4
14:01:47.25 (26493137)|HEAP_ALLOCATE|[1]|Bytes:4
14:01:47.25 (26702518)|VARIABLE_ASSIGNMENT|[1]|this.Name|"test"|0x5d2f73a3
14:01:47.25 (26714281)|HEAP_ALLOCATE|[1]|Bytes:18
14:01:47.25 (26737382)|HEAP_ALLOCATE|[1]|Bytes:4
14:01:47.25 (26794894)|VARIABLE_ASSIGNMENT|[1]|this.customer__c|"a003X0000132mlIQAQ"|0x5d2f73a3
14:01:47.25 (26802304)|HEAP_ALLOCATE|[1]|Bytes:9
14:01:47.25 (26824056)|VARIABLE_ASSIGNMENT|[1]|this.Additional_Information__c|"test text"|0x5d2f73a3
14:01:47.25 (26900285)|HEAP_ALLOCATE|[52]|Bytes:5
14:01:47.25 (26929914)|HEAP_ALLOCATE|[58]|Bytes:5
14:01:47.25 (26939032)|HEAP_ALLOCATE|[66]|Bytes:7
14:01:47.25 (26992725)|HEAP_ALLOCATE|[1]|Bytes:8
14:01:47.25 (27020831)|DML_BEGIN|[1]|Op:Insert|Type:myorder__c|Rows:1
14:01:47.25 (27085740)|HEAP_ALLOCATE|[EXTERNAL]|Bytes:8
14:01:47.25 (78443206)|CODE_UNIT_STARTED|[EXTERNAL]|01q3X0000018STF|myOrderTrigger on myorder trigger event AfterInsert|__sfdc_trigger/myOrderTrigger
14:01:47.25 (78506790)|HEAP_ALLOCATE|[EXTERNAL]|Bytes:8
14:01:47.25 (78656839)|HEAP_ALLOCATE|[EXTERNAL]|Bytes:4
14:01:47.25 (78670014)|VARIABLE_SCOPE_BEGIN|[1]|this|myOrderTrigger|true|false
14:01:47.25 (78738693)|VARIABLE_ASSIGNMENT|[1]|this|{}|0x273ecc60
14:01:47.25 (78771912)|HEAP_ALLOCATE|[EXTERNAL]|Bytes:4
14:01:47.25 (78778491)|VARIABLE_SCOPE_BEGIN|[1]|this|myOrderTrigger|true|false
14:01:47.25 (78791274)|VARIABLE_ASSIGNMENT|[1]|this|{}|0x273ecc60
14:01:47.25 (78799561)|STATEMENT_EXECUTE|[1]
14:01:47.25 (78804629)|STATEMENT_EXECUTE|[2]
14:01:47.25 (81499570)|VARIABLE_SCOPE_BEGIN|[10]|HandlerExecutionPool.instance|HandlerExecutionPool|true|true
14:01:47.25 (81584312)|HEAP_ALLOCATE|[2]|Bytes:31
14:01:47.25 (81597771)|HEAP_ALLOCATE|[2]|Bytes:8
14:01:47.25 (81643738)|METHOD_ENTRY|[8]|01p3X00000DVhaf|HandlerExecutionPool.HandlerExecutionPool()
14:01:47.25 (81651107)|STATEMENT_EXECUTE|[8]
14:01:47.25 (81659381)|STATEMENT_EXECUTE|[8]
14:01:47.25 (82133070)|SYSTEM_MODE_ENTER|false
14:01:47.25 (82157826)|HEAP_ALLOCATE|[2]|Bytes:5
14:01:47.25 (82165377)|STATEMENT_EXECUTE|[60]
14:01:47.25 (82169252)|STATEMENT_EXECUTE|[172]
14:01:47.25 (82178721)|SYSTEM_MODE_EXIT|false
14:01:47.25 (82193536)|METHOD_EXIT|[8]|HandlerExecutionPool
14:01:47.25 (82225593)|METHOD_ENTRY|[2]|01p3X00000DVhaf|HandlerExecutionPool.getInstance()
14:01:47.25 (82261490)|SYSTEM_MODE_ENTER|false
14:01:47.25 (82266916)|HEAP_ALLOCATE|[25]|Bytes:5
14:01:47.25 (82273000)|STATEMENT_EXECUTE|[24]
14:01:47.25 (82279227)|STATEMENT_EXECUTE|[25]
14:01:47.25 (82281659)|STATEMENT_EXECUTE|[26]
14:01:47.25 (82289741)|HEAP_ALLOCATE|[26]|Bytes:8
14:01:47.25 (82308506)|CONSTRUCTOR_ENTRY|[26]|01p3X00000DVhaf|<init>()|HandlerExecutionPool
14:01:47.25 (82370760)|VARIABLE_SCOPE_BEGIN|[13]|this|HandlerExecutionPool|true|false
14:01:47.25 (82537967)|VARIABLE_ASSIGNMENT|[13]|this|{}|0x37665a40
14:01:47.25 (82552000)|HEAP_ALLOCATE|[14]|Bytes:5
14:01:47.25 (82559375)|STATEMENT_EXECUTE|[8]
14:01:47.25 (82563093)|HEAP_ALLOCATE|[14]|Bytes:5
14:01:47.25 (82567088)|STATEMENT_EXECUTE|[11]
14:01:47.25 (82577092)|HEAP_ALLOCATE|[14]|Bytes:6
14:01:47.25 (83177158)|STATEMENT_EXECUTE|[13]
14:01:47.25 (83182407)|STATEMENT_EXECUTE|[14]
14:01:47.25 (83199678)|HEAP_ALLOCATE|[14]|Bytes:4
14:01:47.25 (83279370)|VARIABLE_ASSIGNMENT|[14]|this.handlerPool|{}|0x37665a40
14:01:47.25 (83296184)|CONSTRUCTOR_EXIT|[26]|01p3X00000DVhaf|<init>()|HandlerExecutionPool
14:01:47.25 (83336410)|VARIABLE_ASSIGNMENT|[26]|HandlerExecutionPool.instance|{"handlerPool":"0xf839326"}|0x37665a40
14:01:47.25 (83342675)|STATEMENT_EXECUTE|[28]
14:01:47.25 (83349507)|SYSTEM_MODE_EXIT|false
14:01:47.25 (83361580)|METHOD_EXIT|[2]|01p3X00000DVhaf|HandlerExecutionPool.getInstance()
14:01:47.25 (83371359)|HEAP_ALLOCATE|[2]|Bytes:36
14:01:47.25 (83428706)|HEAP_ALLOCATE|[2]|Bytes:30
14:01:47.25 (83440517)|SYSTEM_METHOD_ENTRY|[1]|Type.Type()
14:01:47.25 (83445026)|STATEMENT_EXECUTE|[1]
14:01:47.25 (83451953)|SYSTEM_METHOD_EXIT|[1]|Type
14:01:47.25 (83459183)|HEAP_ALLOCATE|[2]|Bytes:8
14:01:47.25 (83479578)|HEAP_ALLOCATE|[2]|Bytes:8
14:01:47.25 (83485448)|VARIABLE_SCOPE_BEGIN|[4]|this|System.Type|true|false
14:01:47.25 (83538560)|VARIABLE_ASSIGNMENT|[4]|this|{}|0x74e35e4f
14:01:47.25 (83545557)|VARIABLE_SCOPE_BEGIN|[4]|apextype|java:common.apex.runtime.ApexObjectType|true|false
14:01:47.25 (84012353)|VARIABLE_ASSIGNMENT|[4]|apextype|"myorder__c"|0x717549a
14:01:47.25 (84073101)|HEAP_ALLOCATE|[2]|Bytes:8
14:01:47.25 (84096192)|METHOD_ENTRY|[2]|01p3X00000DVhaf|HandlerExecutionPool.getHandler(System.Type)
14:01:47.25 (84104191)|VARIABLE_SCOPE_BEGIN|[41]|this|HandlerExecutionPool|true|false
14:01:47.25 (84129137)|VARIABLE_ASSIGNMENT|[41]|this|{"handlerPool":"0xf839326"}|0x37665a40
14:01:47.25 (84136069)|VARIABLE_SCOPE_BEGIN|[41]|typeName|System.Type|true|false
14:01:47.25 (84150601)|VARIABLE_ASSIGNMENT|[41]|typeName|{"aot":"0x717549a"}|0x74e35e4f
14:01:47.25 (84164673)|SYSTEM_MODE_ENTER|false
14:01:47.25 (84172065)|HEAP_ALLOCATE|[42]|Bytes:5
14:01:47.25 (84177374)|STATEMENT_EXECUTE|[41]
14:01:47.25 (84180011)|STATEMENT_EXECUTE|[42]
14:01:47.25 (84280822)|VARIABLE_SCOPE_BEGIN|[42]|executor|HandlerExecutionPool.HandlerExecutor|true|false
14:01:47.25 (84295231)|VARIABLE_ASSIGNMENT|[42]|executor|null|
14:01:47.25 (84301636)|STATEMENT_EXECUTE|[43]
14:01:47.25 (84304214)|STATEMENT_EXECUTE|[44]
14:01:47.25 (84320235)|HEAP_ALLOCATE|[44]|Bytes:16
14:01:47.25 (84329323)|HEAP_ALLOCATE|[44]|Bytes:11
14:01:47.25 (84339918)|HEAP_ALLOCATE|[44]|Bytes:12
14:01:47.25 (84369630)|CONSTRUCTOR_ENTRY|[44]|01p3X00000DVhaf|<init>(System.Type)|HandlerExecutionPool.HandlerExecutor
14:01:47.25 (84392844)|VARIABLE_SCOPE_BEGIN|[65]|this|HandlerExecutionPool.HandlerExecutor|true|false
14:01:47.25 (118514894)|VARIABLE_ASSIGNMENT|[65]|this|{}|0x7178ca5e
14:01:47.25 (118544459)|VARIABLE_SCOPE_BEGIN|[65]|typeName|System.Type|true|false
14:01:47.25 (118595270)|VARIABLE_ASSIGNMENT|[65]|typeName|{"aot":"0x717549a"}|0x74e35e4f
14:01:47.25 (118608874)|STATEMENT_EXECUTE|[60]
14:01:47.25 (118612023)|STATEMENT_EXECUTE|[62]
14:01:47.25 (118616375)|STATEMENT_EXECUTE|[63]
14:01:47.25 (118648951)|STATEMENT_EXECUTE|[65]
14:01:47.25 (118651426)|STATEMENT_EXECUTE|[66]
14:01:47.25 (118660526)|VARIABLE_ASSIGNMENT|[66]|this.typeName|0x74e35e4f|0x7178ca5e
14:01:47.25 (118678056)|CONSTRUCTOR_EXIT|[44]|01p3X00000DVhaf|<init>(System.Type)|HandlerExecutionPool.HandlerExecutor
14:01:47.25 (118700623)|VARIABLE_ASSIGNMENT|[44]|executor|{"typeName":"0x74e35e4f"}|0x7178ca5e
14:01:47.25 (118707425)|STATEMENT_EXECUTE|[45]
14:01:47.25 (118789083)|HEAP_ALLOCATE|[EXTERNAL]|Bytes:-4
14:01:47.25 (118802713)|STATEMENT_EXECUTE|[47]
14:01:47.25 (118818404)|SYSTEM_MODE_EXIT|false
14:01:47.25 (118834601)|METHOD_EXIT|[2]|01p3X00000DVhaf|HandlerExecutionPool.getHandler(System.Type)
14:01:47.25 (118857172)|METHOD_ENTRY|[2]|01p3X00000DVhaf|HandlerExecutionPool.HandlerExecutor.execute()
14:01:47.25 (118864527)|VARIABLE_SCOPE_BEGIN|[76]|this|HandlerExecutionPool.HandlerExecutor|true|false
14:01:47.25 (118881729)|VARIABLE_ASSIGNMENT|[76]|this|{"typeName":"0x74e35e4f"}|0x7178ca5e
14:01:47.25 (118891047)|STATEMENT_EXECUTE|[76]
14:01:47.25 (118893801)|STATEMENT_EXECUTE|[77]
14:01:47.25 (118906113)|METHOD_ENTRY|[77]|01p3X00000DVhaf|HandlerExecutionPool.HandlerExecutor.getActiveHandlers()
14:01:47.25 (118928087)|VARIABLE_SCOPE_BEGIN|[95]|this|HandlerExecutionPool.HandlerExecutor|true|false
14:01:47.25 (118941788)|VARIABLE_ASSIGNMENT|[95]|this|{"typeName":"0x74e35e4f"}|0x7178ca5e
14:01:47.25 (118948637)|STATEMENT_EXECUTE|[95]
14:01:47.25 (118951070)|STATEMENT_EXECUTE|[96]
14:01:47.25 (119077287)|HEAP_ALLOCATE|[96]|Bytes:11
14:01:47.25 (119096670)|HEAP_ALLOCATE|[96]|Bytes:8
14:01:47.25 (119113204)|CONSTRUCTOR_ENTRY|[96]|01p3X00000DVhaf|<init>(System.Type)|HandlerExecutionPool.MetadataHandler
14:01:47.25 (119137080)|VARIABLE_SCOPE_BEGIN|[176]|this|HandlerExecutionPool.MetadataHandler|true|false
14:01:47.25 (119279949)|VARIABLE_ASSIGNMENT|[176]|this|{}|0x38beda09
14:01:47.25 (119289475)|VARIABLE_SCOPE_BEGIN|[176]|typeName|System.Type|true|false
14:01:47.25 (119308988)|VARIABLE_ASSIGNMENT|[176]|typeName|{"aot":"0x717549a"}|0x74e35e4f
14:01:47.25 (119316744)|STATEMENT_EXECUTE|[172]
14:01:47.25 (119319589)|STATEMENT_EXECUTE|[174]
14:01:47.25 (119336619)|STATEMENT_EXECUTE|[176]
14:01:47.25 (119339176)|STATEMENT_EXECUTE|[177]
14:01:47.25 (119352461)|METHOD_ENTRY|[177]|01p3X00000DVhaf|HandlerExecutionPool.MetadataHandler.readHandlersMetadata(System.Type)
14:01:47.25 (119375110)|VARIABLE_SCOPE_BEGIN|[184]|this|HandlerExecutionPool.MetadataHandler|true|false
14:01:47.25 (119387448)|VARIABLE_ASSIGNMENT|[184]|this|{}|0x38beda09
14:01:47.25 (119393937)|VARIABLE_SCOPE_BEGIN|[184]|typeName|System.Type|true|false
14:01:47.25 (119406424)|VARIABLE_ASSIGNMENT|[184]|typeName|{"aot":"0x717549a"}|0x74e35e4f
14:01:47.25 (119413818)|STATEMENT_EXECUTE|[184]
14:01:47.25 (119416366)|STATEMENT_EXECUTE|[185]
14:01:47.25 (119423602)|HEAP_ALLOCATE|[185]|Bytes:199
14:01:47.25 (119452738)|HEAP_ALLOCATE|[185]|Bytes:4
14:01:47.25 (126163330)|SOQL_EXECUTE_BEGIN|[185]|Aggregations:0|SELECT Id, NamespacePrefix, Class_Name__c, Other_Object_API_Name__c, Object_Name__r.QualifiedAPIName FROM Trigger_Dependency__mdt WHERE Is_Active__c = TRUE ORDER BY Execution_Order__c ASC NULLS FIRST
14:01:47.25 (143469494)|SOQL_EXECUTE_END|[185]|Rows:1
14:01:47.25 (143516997)|HEAP_ALLOCATE|[185]|Bytes:8
14:01:47.25 (143560216)|HEAP_ALLOCATE|[185]|Bytes:202
14:01:47.25 (143614247)|HEAP_ALLOCATE|[185]|Bytes:8
14:01:47.25 (143638035)|VARIABLE_SCOPE_BEGIN|[185]|triggerDependencies|List<Trigger_Dependency__mdt>|true|false
14:01:47.25 (143691097)|VARIABLE_ASSIGNMENT|[185]|triggerDependencies|[{"Id":"m003X0000009oReQAI","Class_Name__c":"MyOrderEmailService","Object_Name__c":"01I3X000001p4fD","Object_Name__r":{"Id":"000000000000000AAA","DurableId":"01I3X000001p4fD","QualifiedApiName":"myorder__c"}}]|0x4fcba118
14:01:47.25 (143702054)|STATEMENT_EXECUTE|[195]
14:01:47.25 (143717798)|HEAP_ALLOCATE|[195]|Bytes:4
14:01:47.25 (143816043)|VARIABLE_SCOPE_BEGIN|[195]|result|List<Trigger_Dependency__mdt>|true|false
14:01:47.25 (143826783)|HEAP_ALLOCATE|[EXTERNAL]|Bytes:4
14:01:47.25 (143836313)|VARIABLE_ASSIGNMENT|[195]|result|[]|0x3442ee3b
14:01:47.25 (143842408)|STATEMENT_EXECUTE|[196]
14:01:47.25 (143868349)|METHOD_ENTRY|[196]||System.Type.toString()
14:01:47.25 (143958544)|METHOD_EXIT|[196]||System.Type.toString()
14:01:47.25 (143967258)|VARIABLE_SCOPE_BEGIN|[196]|typeNameString|String|false|false
14:01:47.25 (143982960)|VARIABLE_ASSIGNMENT|[196]|typeNameString|"myorder__c"
14:01:47.25 (144167798)|HEAP_ALLOCATE|[197]|Bytes:5
14:01:47.25 (144218872)|HEAP_ALLOCATE|[197]|Bytes:20
14:01:47.25 (144232360)|VARIABLE_SCOPE_BEGIN|[197]|dependency|Trigger_Dependency__mdt|true|false
14:01:47.25 (144263921)|VARIABLE_ASSIGNMENT|[197]|dependency|{"Id":"m003X0000009oReQAI","Class_Name__c":"MyOrderEmailService","Object_Name__c":"01I3X000001p4fD","Object_Name__r":{"Id":"000000000000000AAA","DurableId":"01I3X000001p4fD","QualifiedApiName":"myorder__c"}}|0x3a2f085d
14:01:47.25 (144274329)|STATEMENT_EXECUTE|[197]
14:01:47.25 (144432109)|STATEMENT_EXECUTE|[199]
14:01:47.25 (144435500)|STATEMENT_EXECUTE|[200]
14:01:47.25 (144480171)|HEAP_ALLOCATE|[EXTERNAL]|Bytes:4
14:01:47.25 (144501583)|HEAP_ALLOCATE|[197]|Bytes:5
14:01:47.25 (144519599)|VARIABLE_ASSIGNMENT|[197]|dependency|null|
14:01:47.25 (144525824)|STATEMENT_EXECUTE|[203]
14:01:47.25 (144532103)|METHOD_EXIT|[177]|01p3X00000DVhaf|HandlerExecutionPool.MetadataHandler.readHandlersMetadata(System.Type)
14:01:47.25 (144564340)|VARIABLE_ASSIGNMENT|[177]|this.handlersMeta|[{"Id":"m003X0000009oReQAI","Class_Name__c":"MyOrderEmailService","Object_Name__c":"01I3X000001p4fD","Object_Name__r":{"Id":"000000000000000AAA","DurableId":"01I3X000001p4fD","QualifiedApiName":"myorder__c"}}]|0x38beda09
14:01:47.25 (144579691)|CONSTRUCTOR_EXIT|[96]|01p3X00000DVhaf|<init>(System.Type)|HandlerExecutionPool.MetadataHandler
14:01:47.25 (144587658)|VARIABLE_SCOPE_BEGIN|[96]|metadataHandler|HandlerExecutionPool.MetadataHandler|true|false
14:01:47.25 (144620050)|VARIABLE_ASSIGNMENT|[96]|metadataHandler|{"handlersMeta":"0x3442ee3b"}|0x38beda09
14:01:47.25 (144626501)|STATEMENT_EXECUTE|[97]
14:01:47.25 (144643712)|HEAP_ALLOCATE|[97]|Bytes:4
14:01:47.25 (144692277)|VARIABLE_SCOPE_BEGIN|[97]|handlers|List<Handler>|true|false
14:01:47.25 (144716199)|HEAP_ALLOCATE|[EXTERNAL]|Bytes:4
14:01:47.25 (144726543)|VARIABLE_ASSIGNMENT|[97]|handlers|[]|0x193f1a15
14:01:47.25 (144744855)|METHOD_ENTRY|[98]|01p3X00000DVhaf|HandlerExecutionPool.MetadataHandler.getMeta()
14:01:47.25 (144762064)|VARIABLE_SCOPE_BEGIN|[180]|this|HandlerExecutionPool.MetadataHandler|true|false
14:01:47.25 (144779722)|VARIABLE_ASSIGNMENT|[180]|this|{"handlersMeta":"0x3442ee3b"}|0x38beda09
14:01:47.25 (144788022)|STATEMENT_EXECUTE|[180]
14:01:47.25 (144790659)|STATEMENT_EXECUTE|[181]
14:01:47.25 (144795758)|METHOD_EXIT|[98]|01p3X00000DVhaf|HandlerExecutionPool.MetadataHandler.getMeta()
14:01:47.25 (144819865)|HEAP_ALLOCATE|[98]|Bytes:5
14:01:47.25 (144834834)|HEAP_ALLOCATE|[98]|Bytes:20
14:01:47.25 (144842160)|VARIABLE_SCOPE_BEGIN|[98]|handlerMeta|Trigger_Dependency__mdt|true|false
14:01:47.25 (144865043)|VARIABLE_ASSIGNMENT|[98]|handlerMeta|{"Id":"m003X0000009oReQAI","Class_Name__c":"MyOrderEmailService","Object_Name__c":"01I3X000001p4fD","Object_Name__r":{"Id":"000000000000000AAA","DurableId":"01I3X000001p4fD","QualifiedApiName":"myorder__c"}}|0x3a2f085d
14:01:47.25 (144872641)|STATEMENT_EXECUTE|[98]
14:01:47.25 (144875243)|STATEMENT_EXECUTE|[99]
14:01:47.25 (144932427)|METHOD_ENTRY|[99]||System.Type.forName(String, String)
14:01:47.25 (181977463)|METHOD_EXIT|[99]||System.Type.forName(String, String)
14:01:47.25 (182003409)|VARIABLE_SCOPE_BEGIN|[99]|handlerType|System.Type|true|false
14:01:47.25 (182071453)|VARIABLE_ASSIGNMENT|[99]|handlerType|{"aot":"0x7a9851ea"}|0x4f14fbad
14:01:47.25 (182085439)|STATEMENT_EXECUTE|[100]
14:01:47.25 (182090341)|STATEMENT_EXECUTE|[104]
14:01:47.25 (182107428)|METHOD_ENTRY|[104]||System.Type.newInstance()
14:01:47.25 (182367679)|METHOD_ENTRY|[1]|01p3X00000DVjDo|MyOrderEmailService.MyOrderEmailService()
14:01:47.25 (182380413)|STATEMENT_EXECUTE|[1]
14:01:47.25 (182386632)|STATEMENT_EXECUTE|[1]
14:01:47.25 (182917618)|SYSTEM_MODE_ENTER|false
14:01:47.25 (182940540)|HEAP_ALLOCATE|[42]|Bytes:5
14:01:47.25 (182955601)|STATEMENT_EXECUTE|[9]
14:01:47.25 (182960679)|STATEMENT_EXECUTE|[69]
14:01:47.25 (182964126)|STATEMENT_EXECUTE|[109]
14:01:47.25 (182971270)|SYSTEM_MODE_EXIT|false
14:01:47.25 (182987574)|METHOD_EXIT|[1]|MyOrderEmailService
14:01:47.25 (183014488)|HEAP_ALLOCATE|[42]|Bytes:8
14:01:47.25 (183026965)|VARIABLE_SCOPE_BEGIN|[1]|this|MyOrderEmailService|true|false
14:01:47.25 (183091969)|VARIABLE_ASSIGNMENT|[1]|this|{}|0x58ef8fb2
14:01:47.25 (183109885)|SYSTEM_MODE_ENTER|false
14:01:47.25 (183118992)|HEAP_ALLOCATE|[42]|Bytes:5
14:01:47.25 (183138247)|HEAP_ALLOCATE|[42]|Bytes:14
14:01:47.25 (183146851)|HEAP_ALLOCATE|[42]|Bytes:63
14:01:47.25 (183192609)|METHOD_ENTRY|[10]|01p3X00000DVhae|Handler.Handler()
14:01:47.25 (183200146)|STATEMENT_EXECUTE|[10]
14:01:47.25 (183205017)|STATEMENT_EXECUTE|[10]
14:01:47.25 (183212919)|HEAP_ALLOCATE|[42]|Bytes:5
14:01:47.25 (183219118)|STATEMENT_EXECUTE|[238]
14:01:47.25 (183227872)|METHOD_EXIT|[10]|Handler
14:01:47.25 (183241387)|CONSTRUCTOR_ENTRY|[EXTERNAL]|01p3X00000DVhae|<init>()|Handler
14:01:47.25 (183259160)|VARIABLE_SCOPE_BEGIN|[14]|this|Handler|true|false
14:01:47.25 (183286604)|VARIABLE_ASSIGNMENT|[14]|this|{}|0x58ef8fb2
14:01:47.25 (183300917)|HEAP_ALLOCATE|[42]|Bytes:5
14:01:47.25 (183307042)|STATEMENT_EXECUTE|[10]
14:01:47.25 (183311604)|HEAP_ALLOCATE|[42]|Bytes:5
14:01:47.25 (183323239)|STATEMENT_EXECUTE|[12]
14:01:47.25 (183350668)|STATEMENT_EXECUTE|[14]
14:01:47.25 (183359082)|CONSTRUCTOR_EXIT|[EXTERNAL]|01p3X00000DVhae|<init>()|Handler
14:01:47.25 (183370610)|SYSTEM_MODE_EXIT|false
14:01:47.25 (183378105)|STATEMENT_EXECUTE|[1]
14:01:47.25 (183385192)|SYSTEM_MODE_ENTER|false
14:01:47.25 (183392218)|HEAP_ALLOCATE|[42]|Bytes:5
14:01:47.25 (183398809)|SYSTEM_MODE_EXIT|false
14:01:47.25 (183428075)|METHOD_EXIT|[104]||System.Type.newInstance()
14:01:47.25 (183445605)|VARIABLE_SCOPE_BEGIN|[104]|handler|Handler|true|false
14:01:47.25 (183474389)|VARIABLE_ASSIGNMENT|[104]|handler|{}|0x58ef8fb2
14:01:47.25 (183483240)|STATEMENT_EXECUTE|[105]
14:01:47.25 (183531818)|METHOD_ENTRY|[105]|01p3X00000DVhae|Handler.setSobjectType(System.Type)
14:01:47.25 (183563717)|VARIABLE_SCOPE_BEGIN|[205]|this|Handler|true|false
14:01:47.25 (183580817)|VARIABLE_ASSIGNMENT|[205]|this|{}|0x58ef8fb2
14:01:47.25 (183587112)|VARIABLE_SCOPE_BEGIN|[205]|typeName|System.Type|true|false
14:01:47.25 (183605902)|VARIABLE_ASSIGNMENT|[205]|typeName|{"aot":"0x717549a"}|0x74e35e4f
14:01:47.25 (183619560)|SYSTEM_MODE_ENTER|false
14:01:47.25 (183626328)|HEAP_ALLOCATE|[206]|Bytes:5
14:01:47.25 (183631570)|STATEMENT_EXECUTE|[205]
14:01:47.25 (183634154)|STATEMENT_EXECUTE|[206]
14:01:47.25 (183641594)|SYSTEM_MODE_EXIT|false
14:01:47.25 (183649494)|METHOD_EXIT|[105]|01p3X00000DVhae|Handler.setSobjectType(System.Type)
14:01:47.25 (183655113)|STATEMENT_EXECUTE|[106]
14:01:47.25 (183692759)|HEAP_ALLOCATE|[EXTERNAL]|Bytes:4
14:01:47.25 (183717660)|HEAP_ALLOCATE|[98]|Bytes:5
14:01:47.25 (183737531)|VARIABLE_ASSIGNMENT|[98]|handlerMeta|null|
14:01:47.25 (183743559)|STATEMENT_EXECUTE|[108]
14:01:47.25 (183749297)|METHOD_EXIT|[77]|01p3X00000DVhaf|HandlerExecutionPool.HandlerExecutor.getActiveHandlers()
14:01:47.25 (183772749)|VARIABLE_ASSIGNMENT|[77]|this.activeHandlers|[{"typeName":"0x74e35e4f"}]|0x7178ca5e
14:01:47.25 (183925947)|HEAP_ALLOCATE|[78]|Bytes:5
14:01:47.25 (183948816)|HEAP_ALLOCATE|[78]|Bytes:8
14:01:47.25 (183978331)|VARIABLE_SCOPE_BEGIN|[78]|handler|Handler|true|false
14:01:47.25 (184010783)|VARIABLE_ASSIGNMENT|[78]|handler|{"typeName":"0x74e35e4f"}|0x58ef8fb2
14:01:47.25 (184023183)|STATEMENT_EXECUTE|[78]
14:01:47.25 (184027019)|STATEMENT_EXECUTE|[79]
14:01:47.25 (184058725)|METHOD_ENTRY|[79]|01p3X00000DVhaf|HandlerExecutionPool.HandlerExecutor.executeHandler(Handler)
14:01:47.25 (184088143)|VARIABLE_SCOPE_BEGIN|[119]|this|HandlerExecutionPool.HandlerExecutor|true|false
14:01:47.25 (184119467)|VARIABLE_ASSIGNMENT|[119]|this|{"activeHandlers":"0x193f1a15","typeName":"0x74e35e4f"}|0x7178ca5e
14:01:47.25 (184126715)|VARIABLE_SCOPE_BEGIN|[119]|handler|Handler|true|false
14:01:47.25 (184141191)|VARIABLE_ASSIGNMENT|[119]|handler|{"typeName":"0x74e35e4f"}|0x58ef8fb2
14:01:47.25 (184148893)|STATEMENT_EXECUTE|[119]
14:01:47.25 (184151368)|STATEMENT_EXECUTE|[120]
14:01:47.25 (184419646)|HEAP_ALLOCATE|[121]|Bytes:12
14:01:47.25 (184614248)|STATEMENT_EXECUTE|[130]
14:01:47.25 (184618705)|STATEMENT_EXECUTE|[131]
14:01:47.25 (184632740)|METHOD_ENTRY|[131]|01p3X00000DVhae|Handler.afterInsert()
14:01:47.25 (184650605)|VARIABLE_SCOPE_BEGIN|[147]|this|Handler|true|false
14:01:47.25 (184681151)|VARIABLE_ASSIGNMENT|[147]|this|{"typeName":"0x74e35e4f"}|0x58ef8fb2
14:01:47.25 (184698600)|SYSTEM_MODE_ENTER|false
14:01:47.25 (184709691)|HEAP_ALLOCATE|[148]|Bytes:5
14:01:47.25 (184717120)|STATEMENT_EXECUTE|[147]
14:01:47.25 (184720608)|STATEMENT_EXECUTE|[148]
14:01:47.25 (185111418)|HEAP_ALLOCATE|[148]|Bytes:3
14:01:47.25 (185143131)|HEAP_ALLOCATE|[148]|Bytes:28
14:01:47.25 (185172423)|CONSTRUCTOR_ENTRY|[148]|01p3X00000DVhae|<init>()|Handler.TriggerContext
14:01:47.25 (185268868)|VARIABLE_SCOPE_BEGIN|[247]|this|Handler.TriggerContext|true|false
14:01:47.25 (185322087)|VARIABLE_ASSIGNMENT|[247]|this|{}|0x2a104751
14:01:47.25 (185334738)|STATEMENT_EXECUTE|[238]
14:01:47.25 (185338457)|STATEMENT_EXECUTE|[240]
14:01:47.25 (185341754)|STATEMENT_EXECUTE|[241]
14:01:47.25 (185345286)|STATEMENT_EXECUTE|[242]
14:01:47.25 (185348474)|STATEMENT_EXECUTE|[243]
14:01:47.25 (185351718)|STATEMENT_EXECUTE|[244]
14:01:47.25 (185354656)|STATEMENT_EXECUTE|[245]
14:01:47.25 (185380194)|STATEMENT_EXECUTE|[247]
14:01:47.25 (185384020)|STATEMENT_EXECUTE|[248]
14:01:47.25 (185937051)|VARIABLE_ASSIGNMENT|[248]|this.newList|[{"LastModifiedDate":"2020-01-29T14:01:47.000Z","IsDeleted":false,"customer__c":"a003X0000132mlIQAQ","total_count__c":0,"Additional_Information__c":"test text","Name":"test","SystemModstamp":"2020-01-29T14:01:47.000Z","CreatedById":"0053X00000AtM0MQAV","CreatedDate":"2020-01-29T14:01:47.000Z","Id":"a013X00002RTpBwQAL","Status__c":false,"LastModifiedById":"0053X00000AtM0MQAV","order_price__c":0.00}]|0x2a104751
14:01:47.25 (185959028)|STATEMENT_EXECUTE|[249]
14:01:47.25 (186249426)|VARIABLE_ASSIGNMENT|[249]|this.newMap|{"a013X00002RTpBwQAL":{"LastModifiedDate":"2020-01-29T14:01:47.000Z","IsDeleted":false,"customer__c":"a003X0000132mlIQAQ","total_count__c":0,"Additional_Information__c":"test text","Name":"test","SystemModstamp":"2020-01-29T14:01:47.000Z","CreatedById":"0053X00000AtM0MQAV","CreatedDate":"2020-01-29T14:01:47.000Z","Id":"a013X00002RTpBwQAL","Status__c":false,"LastModifiedById":"0053X00000AtM0MQAV","order_price__c":0.00}}|0x2a104751
14:01:47.25 (186271775)|STATEMENT_EXECUTE|[250]
14:01:47.25 (186303896)|VARIABLE_ASSIGNMENT|[250]|this.oldList|null|0x2a104751
14:01:47.25 (186315297)|STATEMENT_EXECUTE|[251]
14:01:47.25 (186329221)|VARIABLE_ASSIGNMENT|[251]|this.oldMap|null|0x2a104751
14:01:47.25 (186335420)|STATEMENT_EXECUTE|[252]
14:01:47.25 (186348302)|HEAP_ALLOCATE|[252]|Bytes:4
14:01:47.25 (186358943)|VARIABLE_ASSIGNMENT|[252]|this.size|1|0x2a104751
14:01:47.25 (186364449)|STATEMENT_EXECUTE|[253]
14:01:47.25 (186448130)|HEAP_ALLOCATE|[252]|Bytes:12
14:01:47.25 (186470584)|VARIABLE_ASSIGNMENT|[253]|this.operationType|0x3bfd38d0|0x2a104751
14:01:47.25 (186484474)|CONSTRUCTOR_EXIT|[148]|01p3X00000DVhae|<init>()|Handler.TriggerContext
14:01:47.25 (186494375)|VARIABLE_SCOPE_BEGIN|[148]|context|Handler.TriggerContext|true|false
14:01:47.25 (186537935)|VARIABLE_ASSIGNMENT|[148]|context|{"newList":"0x359cb458","newMap":"0x7775dc5a","operationType":"0x3bfd38d0","size":1}|0x2a104751
14:01:47.25 (186546391)|STATEMENT_EXECUTE|[149]
14:01:47.25 (186568399)|METHOD_ENTRY|[149]|01p3X00000DVhae|Handler.logBeforeEventHandling(Handler.TriggerContext)
14:01:47.25 (186597896)|VARIABLE_SCOPE_BEGIN|[217]|this|Handler|true|false
14:01:47.25 (186625366)|VARIABLE_ASSIGNMENT|[217]|this|{"typeName":"0x74e35e4f"}|0x58ef8fb2
14:01:47.25 (186634948)|VARIABLE_SCOPE_BEGIN|[217]|context|Handler.TriggerContext|true|false
14:01:47.25 (186663428)|VARIABLE_ASSIGNMENT|[217]|context|{"newList":"0x359cb458","newMap":"0x7775dc5a","operationType":"0x3bfd38d0","size":1}|0x2a104751
14:01:47.25 (186683365)|HEAP_ALLOCATE|[EXTERNAL]|Bytes:5
14:01:47.25 (186691152)|STATEMENT_EXECUTE|[217]
14:01:47.25 (186704293)|METHOD_EXIT|[149]|01p3X00000DVhae|Handler.logBeforeEventHandling(Handler.TriggerContext)
14:01:47.25 (186712083)|STATEMENT_EXECUTE|[150]
14:01:47.25 (186734304)|METHOD_ENTRY|[150]|01p3X00000DVjDo|MyOrderEmailService.onAfterInsert(Handler.TriggerContext)
14:01:47.25 (186758559)|VARIABLE_SCOPE_BEGIN|[2]|this|MyOrderEmailService|true|false
14:01:47.25 (186784108)|VARIABLE_ASSIGNMENT|[2]|this|{"typeName":"0x74e35e4f"}|0x58ef8fb2
14:01:47.25 (186792553)|VARIABLE_SCOPE_BEGIN|[2]|context|Handler.TriggerContext|true|false
14:01:47.25 (186819824)|VARIABLE_ASSIGNMENT|[2]|context|{"newList":"0x359cb458","newMap":"0x7775dc5a","operationType":"0x3bfd38d0","size":1}|0x2a104751
14:01:47.25 (186835558)|HEAP_ALLOCATE|[3]|Bytes:5
14:01:47.25 (186843291)|STATEMENT_EXECUTE|[2]
14:01:47.25 (186846679)|STATEMENT_EXECUTE|[3]
14:01:47.25 (187986966)|HEAP_ALLOCATE|[3]|Bytes:7
14:01:47.25 (188024552)|HEAP_ALLOCATE|[3]|Bytes:8
14:01:47.25 (188060359)|CONSTRUCTOR_ENTRY|[3]|01p3X00000DVjDo|<init>()|MyOrderEmailService.OrderEmailTriggerHandler
14:01:47.25 (188112349)|VARIABLE_SCOPE_BEGIN|[110]|this|MyOrderEmailService.OrderEmailTriggerHandler|true|false
14:01:47.25 (188152629)|VARIABLE_ASSIGNMENT|[110]|this|{}|0x62964d11
14:01:47.25 (188171807)|STATEMENT_EXECUTE|[109]
14:01:47.25 (188175574)|STATEMENT_EXECUTE|[111]
14:01:47.25 (188181858)|HEAP_ALLOCATE|[111]|Bytes:20
14:01:47.25 (188197562)|HEAP_ALLOCATE|[111]|Bytes:8
14:01:47.25 (188211051)|HEAP_ALLOCATE|[111]|Bytes:23
14:01:47.25 (188230350)|CONSTRUCTOR_ENTRY|[111]|01p3X00000DVjDo|<init>(String)|MyOrderEmailService.OrderEmailService
14:01:47.25 (188276223)|VARIABLE_SCOPE_BEGIN|[12]|this|MyOrderEmailService.OrderEmailService|true|false
14:01:47.25 (188301261)|VARIABLE_ASSIGNMENT|[12]|this|{}|0x62964d11
14:01:47.25 (188311075)|VARIABLE_SCOPE_BEGIN|[12]|profileName|String|false|false
14:01:47.25 (188328986)|VARIABLE_ASSIGNMENT|[12]|profileName|"System Administrator"
14:01:47.25 (188337186)|STATEMENT_EXECUTE|[9]
14:01:47.25 (188340967)|STATEMENT_EXECUTE|[10]
14:01:47.25 (188366387)|STATEMENT_EXECUTE|[12]
14:01:47.25 (188369753)|STATEMENT_EXECUTE|[13]
14:01:47.25 (188393515)|CONSTRUCTOR_EXIT|[111]|01p3X00000DVjDo|<init>(String)|MyOrderEmailService.OrderEmailService
14:01:47.25 (188403560)|STATEMENT_EXECUTE|[110]
14:01:47.25 (188410520)|CONSTRUCTOR_EXIT|[3]|01p3X00000DVjDo|<init>()|MyOrderEmailService.OrderEmailTriggerHandler
14:01:47.25 (188456331)|METHOD_ENTRY|[3]|01p3X00000DVjDo|MyOrderEmailService.OrderEmailTriggerHandler.sendEmailOnNewOrder(List<myorder__c>)
14:01:47.25 (188466777)|VARIABLE_SCOPE_BEGIN|[113]|this|MyOrderEmailService.OrderEmailTriggerHandler|true|false
14:01:47.25 (188496616)|VARIABLE_ASSIGNMENT|[113]|this|{"profileName":"System Administrator"}|0x62964d11
14:01:47.25 (188506301)|VARIABLE_SCOPE_BEGIN|[113]|newOrders|List<myorder__c>|true|false
14:01:47.25 (188773428)|VARIABLE_ASSIGNMENT|[113]|newOrders|[{"LastModifiedDate":"2020-01-29T14:01:47.000Z","IsDeleted":false,"customer__c":"a003X0000132mlIQAQ","total_count__c":0,"Additional_Information__c":"test text","Name":"test","SystemModstamp":"2020-01-29T14:01:47.000Z","CreatedById":"0053X00000AtM0MQAV","CreatedDate":"2020-01-29T14:01:47.000Z","Id":"a013X00002RTpBwQAL","Status__c":false,"LastModifiedById":"0053X00000AtM0MQAV","order_price__c":0.00}]|0x359cb458
14:01:47.25 (188799217)|STATEMENT_EXECUTE|[113]
14:01:47.25 (188803325)|STATEMENT_EXECUTE|[114]
14:01:47.25 (188828959)|HEAP_ALLOCATE|[114]|Bytes:4
14:01:47.25 (188882556)|VARIABLE_SCOPE_BEGIN|[114]|newOrderLetterSubjectList|List<String>|true|false
14:01:47.25 (188929470)|HEAP_ALLOCATE|[EXTERNAL]|Bytes:4
14:01:47.25 (188945644)|VARIABLE_ASSIGNMENT|[114]|newOrderLetterSubjectList|[]|0x6747c2e0
14:01:47.25 (188954522)|STATEMENT_EXECUTE|[115]
14:01:47.25 (188966705)|HEAP_ALLOCATE|[115]|Bytes:4
14:01:47.25 (188994530)|VARIABLE_SCOPE_BEGIN|[115]|newOrderLetterBodyList|List<String>|true|false
14:01:47.25 (189018150)|HEAP_ALLOCATE|[EXTERNAL]|Bytes:4
14:01:47.25 (189034019)|VARIABLE_ASSIGNMENT|[115]|newOrderLetterBodyList|[]|0x16d257d5
14:01:47.25 (189249198)|HEAP_ALLOCATE|[117]|Bytes:5
14:01:47.25 (189293670)|VARIABLE_SCOPE_BEGIN|[117]|order|myorder__c|true|false
14:01:47.25 (189496969)|VARIABLE_ASSIGNMENT|[117]|order|{"LastModifiedDate":"2020-01-29T14:01:47.000Z","IsDeleted":false,"customer__c":"a003X0000132mlIQAQ","total_count__c":0,"Additional_Information__c":"test text","Name":"test","SystemModstamp":"2020-01-29T14:01:47.000Z","CreatedById":"0053X00000AtM0MQAV","CreatedDate":"2020-01-29T14:01:47.000Z","Id":"a013X00002RTpBwQAL","Status__c":false,"LastModifiedById":"0053X00000AtM0MQAV","order_price__c":0.00}|0x4159d043
14:01:47.25 (189511647)|STATEMENT_EXECUTE|[117]
14:01:47.25 (189514915)|STATEMENT_EXECUTE|[118]
14:01:47.25 (189524786)|HEAP_ALLOCATE|[118]|Bytes:11
14:01:47.25 (189570587)|HEAP_ALLOCATE|[118]|Bytes:15
14:01:47.25 (189620134)|HEAP_ALLOCATE|[EXTERNAL]|Bytes:4
14:01:47.25 (189629983)|STATEMENT_EXECUTE|[119]
14:01:47.25 (189633776)|HEAP_ALLOCATE|[120]|Bytes:12
14:01:47.25 (189641692)|HEAP_ALLOCATE|[122]|Bytes:12
14:01:47.25 (189694810)|HEAP_ALLOCATE|[123]|Bytes:18
14:01:47.25 (189708174)|HEAP_ALLOCATE|[124]|Bytes:1
14:01:47.25 (189717821)|HEAP_ALLOCATE|[120]|Bytes:47
14:01:47.25 (189736245)|HEAP_ALLOCATE|[EXTERNAL]|Bytes:4
14:01:47.25 (189755674)|HEAP_ALLOCATE|[117]|Bytes:5
14:01:47.25 (189772859)|VARIABLE_ASSIGNMENT|[117]|order|null|
14:01:47.25 (189779247)|STATEMENT_EXECUTE|[128]
14:01:47.25 (189798008)|METHOD_ENTRY|[128]|01p3X00000DVjDo|MyOrderEmailService.OrderEmailService.sendEmailOnOrder(List<myorder__c>, List<String>, List<String>)
14:01:47.25 (189814056)|VARIABLE_SCOPE_BEGIN|[16]|this|MyOrderEmailService.OrderEmailService|true|false
14:01:47.25 (189840200)|VARIABLE_ASSIGNMENT|[16]|this|{"profileName":"System Administrator"}|0x62964d11
14:01:47.25 (189847168)|VARIABLE_SCOPE_BEGIN|[16]|orders|List<myorder__c>|true|false
14:01:47.25 (189968091)|VARIABLE_ASSIGNMENT|[16]|orders|[{"LastModifiedDate":"2020-01-29T14:01:47.000Z","IsDeleted":false,"customer__c":"a003X0000132mlIQAQ","total_count__c":0,"Additional_Information__c":"test text","Name":"test","SystemModstamp":"2020-01-29T14:01:47.000Z","CreatedById":"0053X00000AtM0MQAV","CreatedDate":"2020-01-29T14:01:47.000Z","Id":"a013X00002RTpBwQAL","Status__c":false,"LastModifiedById":"0053X00000AtM0MQAV","order_price__c":0.00}]|0x359cb458
14:01:47.25 (189980518)|VARIABLE_SCOPE_BEGIN|[16]|letterSubject|List<String>|true|false
14:01:47.25 (189992667)|VARIABLE_ASSIGNMENT|[16]|letterSubject|["New Order: test"]|0x6747c2e0
14:01:47.25 (189998388)|VARIABLE_SCOPE_BEGIN|[16]|letterBody|List<String>|true|false
14:01:47.25 (190011178)|VARIABLE_ASSIGNMENT|[16]|letterBody|["Order Name: test; Or (27 more) ..."]|0x16d257d5
14:01:47.25 (190019973)|STATEMENT_EXECUTE|[20]
14:01:47.25 (190022767)|STATEMENT_EXECUTE|[21]
14:01:47.25 (190110377)|HEAP_ALLOCATE|[21]|Bytes:4
14:01:47.25 (190172125)|VARIABLE_SCOPE_BEGIN|[21]|mails|List<Messaging.SingleEmailMessage>|true|false
14:01:47.25 (190197559)|HEAP_ALLOCATE|[EXTERNAL]|Bytes:4
14:01:47.25 (190207254)|VARIABLE_ASSIGNMENT|[21]|mails|[]|0x4be8bbaa
14:01:47.25 (190213952)|STATEMENT_EXECUTE|[24]
14:01:47.25 (190230120)|METHOD_ENTRY|[24]|01p3X00000DVjDo|MyOrderEmailService.OrderEmailService.getUserIdsByProfile(String)
14:01:47.25 (190249634)|VARIABLE_SCOPE_BEGIN|[49]|this|MyOrderEmailService.OrderEmailService|true|false
14:01:47.25 (190272023)|VARIABLE_ASSIGNMENT|[49]|this|{"profileName":"System Administrator"}|0x62964d11
14:01:47.25 (190278594)|VARIABLE_SCOPE_BEGIN|[49]|profileName|String|false|false
14:01:47.25 (190288523)|VARIABLE_ASSIGNMENT|[49]|profileName|"System Administrator"
14:01:47.25 (190294901)|STATEMENT_EXECUTE|[49]
14:01:47.25 (190297488)|STATEMENT_EXECUTE|[50]
14:01:47.25 (190301685)|HEAP_ALLOCATE|[50]|Bytes:96
14:01:47.25 (190318868)|HEAP_ALLOCATE|[50]|Bytes:4
14:01:47.25 (190705121)|SOQL_EXECUTE_BEGIN|[50]|Aggregations:0|SELECT Id, Email FROM User WHERE ProfileId IN (SELECT Id FROM Profile WHERE Name = 'Shop Admin')
14:01:47.25 (199994204)|SOQL_EXECUTE_END|[50]|Rows:1
14:01:47.25 (200049996)|HEAP_ALLOCATE|[50]|Bytes:8
14:01:47.25 (200078299)|HEAP_ALLOCATE|[50]|Bytes:61
14:01:47.25 (200177214)|HEAP_ALLOCATE|[50]|Bytes:8
14:01:47.25 (200199052)|VARIABLE_SCOPE_BEGIN|[50]|users|List<User>|true|false
14:01:47.25 (200245174)|VARIABLE_ASSIGNMENT|[50]|users|[{"Id":"0053X00000AtUkgQAF","Email":"vasyl.fear.k2@gmail. (3 more) ..."}]|0x1101b071
14:01:47.25 (200254868)|STATEMENT_EXECUTE|[60]
14:01:47.25 (200270691)|HEAP_ALLOCATE|[60]|Bytes:4
14:01:47.25 (200314843)|VARIABLE_SCOPE_BEGIN|[60]|result|List<String>|true|false
14:01:47.25 (200344120)|HEAP_ALLOCATE|[EXTERNAL]|Bytes:4
14:01:47.25 (200354865)|VARIABLE_ASSIGNMENT|[60]|result|[]|0x70be608f
14:01:47.25 (200519156)|HEAP_ALLOCATE|[61]|Bytes:5
14:01:47.25 (200559990)|HEAP_ALLOCATE|[61]|Bytes:12
14:01:47.25 (200571553)|VARIABLE_SCOPE_BEGIN|[61]|user|User|true|false
14:01:47.25 (200593646)|VARIABLE_ASSIGNMENT|[61]|user|{"Id":"0053X00000AtUkgQAF","Email":"vasyl.fear.k2@gmail. (3 more) ..."}|0x70671ce0
14:01:47.25 (200601583)|STATEMENT_EXECUTE|[61]
14:01:47.25 (200604360)|STATEMENT_EXECUTE|[62]
14:01:47.25 (200672545)|HEAP_ALLOCATE|[EXTERNAL]|Bytes:4
14:01:47.25 (200689187)|HEAP_ALLOCATE|[61]|Bytes:5
14:01:47.25 (200703738)|VARIABLE_ASSIGNMENT|[61]|user|null|
14:01:47.25 (200710142)|STATEMENT_EXECUTE|[65]
14:01:47.25 (200717671)|METHOD_EXIT|[24]|01p3X00000DVjDo|MyOrderEmailService.OrderEmailService.getUserIdsByProfile(String)
14:01:47.25 (200765295)|USER_DEBUG|[24]|DEBUG|(vasyl.fear.k2@gmail.com)
14:01:47.25 (200775098)|STATEMENT_EXECUTE|[26]
14:01:47.25 (200779687)|HEAP_ALLOCATE|[27]|Bytes:14
14:01:47.25 (200855726)|HEAP_ALLOCATE|[28]|Bytes:1
14:01:47.25 (200871135)|HEAP_ALLOCATE|[29]|Bytes:20
14:01:47.25 (200917897)|HEAP_ALLOCATE|[30]|Bytes:2
14:01:47.25 (200931192)|HEAP_ALLOCATE|[31]|Bytes:8
14:01:47.25 (200941112)|HEAP_ALLOCATE|[27]|Bytes:45
14:01:47.25 (200957588)|USER_DEBUG|[26]|DEBUG|You have made 0 email calls out of 10 allowed
14:01:47.25 (200968051)|STATEMENT_EXECUTE|[33]
14:01:47.25 (200980402)|HEAP_ALLOCATE|[33]|Bytes:4
14:01:47.25 (201001388)|VARIABLE_SCOPE_BEGIN|[33]|recievers|List<String>|true|false
14:01:47.25 (201026188)|HEAP_ALLOCATE|[EXTERNAL]|Bytes:4
14:01:47.25 (201044810)|VARIABLE_ASSIGNMENT|[33]|recievers|[]|0x4f3ace4f
14:01:47.25 (201050994)|STATEMENT_EXECUTE|[34]
14:01:47.25 (201054893)|HEAP_ALLOCATE|[34]|Bytes:23
14:01:47.25 (201078717)|HEAP_ALLOCATE|[EXTERNAL]|Bytes:4
14:01:47.25 (201086484)|STATEMENT_EXECUTE|[35]
14:01:47.25 (201089968)|HEAP_ALLOCATE|[35]|Bytes:27
14:01:47.25 (201104487)|HEAP_ALLOCATE|[EXTERNAL]|Bytes:4
14:01:47.25 (201111222)|STATEMENT_EXECUTE|[36]
14:01:47.25 (201129893)|USER_DEBUG|[36]|DEBUG|(vasyl.fear.k2@gmail.com, khrystynych.vasyl@gmail.com)
14:01:47.25 (201139209)|STATEMENT_EXECUTE|[38]
14:01:47.25 (201145295)|VARIABLE_SCOPE_BEGIN|[38]|i|Integer|false|false
14:01:47.25 (201153403)|HEAP_ALLOCATE|[38]|Bytes:4
14:01:47.25 (201163122)|VARIABLE_ASSIGNMENT|[38]|i|0
14:01:47.25 (201185795)|STATEMENT_EXECUTE|[38]
14:01:47.25 (201188258)|STATEMENT_EXECUTE|[39]
14:01:47.25 (201259779)|VARIABLE_SCOPE_BEGIN|[39]|mail|Messaging.SingleEmailMessage|true|false
14:01:47.25 (201409713)|VARIABLE_ASSIGNMENT|[39]|mail|"common.api.soap.wsdl.SingleEmailMessage@70c6f834"|0x6533bc5b
14:01:47.25 (201417651)|STATEMENT_EXECUTE|[41]
14:01:47.25 (201463142)|STATEMENT_EXECUTE|[42]
14:01:47.25 (201475787)|HEAP_ALLOCATE|[42]|Bytes:15
14:01:47.25 (201547547)|STATEMENT_EXECUTE|[43]
14:01:47.25 (201553182)|HEAP_ALLOCATE|[43]|Bytes:47
14:01:47.25 (201558925)|HEAP_ALLOCATE|[43]|Bytes:14
14:01:47.25 (201569225)|HEAP_ALLOCATE|[43]|Bytes:61
14:01:47.25 (201595136)|STATEMENT_EXECUTE|[44]
14:01:47.25 (201625032)|HEAP_ALLOCATE|[EXTERNAL]|Bytes:4
14:01:47.25 (201635145)|HEAP_ALLOCATE|[38]|Bytes:4
14:01:47.25 (201644778)|VARIABLE_ASSIGNMENT|[38]|i|1
14:01:47.25 (201667885)|METHOD_EXIT|[128]|01p3X00000DVjDo|MyOrderEmailService.OrderEmailService.sendEmailOnOrder(List<myorder__c>, List<String>, List<String>)
14:01:47.25 (201677721)|METHOD_EXIT|[3]|01p3X00000DVjDo|MyOrderEmailService.OrderEmailTriggerHandler.sendEmailOnNewOrder(List<myorder__c>)
14:01:47.25 (201693958)|METHOD_EXIT|[150]|01p3X00000DVjDo|MyOrderEmailService.onAfterInsert(Handler.TriggerContext)
14:01:47.25 (201699583)|STATEMENT_EXECUTE|[151]
14:01:47.25 (201718934)|METHOD_ENTRY|[151]|01p3X00000DVhae|Handler.logAfterEventHandling(Handler.TriggerContext)
14:01:47.25 (201739205)|VARIABLE_SCOPE_BEGIN|[228]|this|Handler|true|false
14:01:47.25 (201776528)|VARIABLE_ASSIGNMENT|[228]|this|{"typeName":"0x74e35e4f"}|0x58ef8fb2
14:01:47.25 (201783494)|VARIABLE_SCOPE_BEGIN|[228]|context|Handler.TriggerContext|true|false
14:01:47.25 (201814163)|VARIABLE_ASSIGNMENT|[228]|context|{"newList":"0x359cb458","newMap":"0x7775dc5a","operationType":"0x3bfd38d0","size":1}|0x2a104751
14:01:47.25 (201830389)|HEAP_ALLOCATE|[EXTERNAL]|Bytes:5
14:01:47.25 (201836064)|STATEMENT_EXECUTE|[228]
14:01:47.25 (201842278)|METHOD_EXIT|[151]|01p3X00000DVhae|Handler.logAfterEventHandling(Handler.TriggerContext)
14:01:47.25 (201850322)|SYSTEM_MODE_EXIT|false
14:01:47.25 (201860207)|METHOD_EXIT|[131]|01p3X00000DVhae|Handler.afterInsert()
14:01:47.25 (201868554)|METHOD_EXIT|[79]|01p3X00000DVhaf|HandlerExecutionPool.HandlerExecutor.executeHandler(Handler)
14:01:47.25 (201885293)|HEAP_ALLOCATE|[78]|Bytes:5
14:01:47.25 (201899788)|VARIABLE_ASSIGNMENT|[78]|handler|null|
14:01:47.25 (201908324)|METHOD_EXIT|[2]|01p3X00000DVhaf|HandlerExecutionPool.HandlerExecutor.execute()
14:01:47.201 (201917628)|CUMULATIVE_LIMIT_USAGE
14:01:47.201 (201917628)|LIMIT_USAGE_FOR_NS|(default)|
  Number of SOQL queries: 1 out of 100
  Number of query rows: 2 out of 50000
  Number of SOSL queries: 0 out of 20
  Number of DML statements: 1 out of 150
  Number of DML rows: 1 out of 10000
  Maximum CPU time: 0 out of 10000
  Maximum heap size: 0 out of 6000000
  Number of callouts: 0 out of 100
  Number of Email Invocations: 0 out of 10
  Number of future calls: 0 out of 50
  Number of queueable jobs added to the queue: 0 out of 50
  Number of Mobile Apex push calls: 0 out of 10

14:01:47.201 (201917628)|CUMULATIVE_LIMIT_USAGE_END

14:01:47.25 (203557358)|CODE_UNIT_FINISHED|myOrderTrigger on myorder trigger event AfterInsert|__sfdc_trigger/myOrderTrigger
14:01:47.25 (232534348)|DML_END|[1]
14:01:47.251 (251571736)|CUMULATIVE_LIMIT_USAGE
14:01:47.251 (251571736)|LIMIT_USAGE_FOR_NS|(default)|
  Number of SOQL queries: 1 out of 100
  Number of query rows: 2 out of 50000
  Number of SOSL queries: 0 out of 20
  Number of DML statements: 1 out of 150
  Number of DML rows: 1 out of 10000
  Maximum CPU time: 0 out of 10000
  Maximum heap size: 0 out of 6000000
  Number of callouts: 0 out of 100
  Number of Email Invocations: 0 out of 10
  Number of future calls: 0 out of 50
  Number of queueable jobs added to the queue: 0 out of 50
  Number of Mobile Apex push calls: 0 out of 10

14:01:47.251 (251571736)|CUMULATIVE_LIMIT_USAGE_END

14:01:47.25 (251630247)|CODE_UNIT_FINISHED|execute_anonymous_apex
14:01:47.25 (253142969)|EXECUTION_FINISHED
