47.0 APEX_CODE,FINEST;APEX_PROFILING,INFO;CALLOUT,INFO;DB,INFO;NBA,INFO;SYSTEM,DEBUG;VALIDATION,INFO;VISUALFORCE,FINER;WAVE,INFO;WORKFLOW,INFO
Execute Anonymous: insert new myorder__c(Name = 'asd',customer__c = 'a003X0000132mlIQAQ',  Additional_Information__c = 'asdads');
10:49:53.28 (28035837)|USER_INFO|[EXTERNAL]|0053X00000AtM0M|khrystynych.vasyl@ctdevlviv.stud|(GMT+00:00) Irish Standard Time (Europe/Dublin)|GMTZ
10:49:53.28 (28076827)|EXECUTION_STARTED
10:49:53.28 (28085074)|CODE_UNIT_STARTED|[EXTERNAL]|execute_anonymous_apex
10:49:53.28 (28380487)|HEAP_ALLOCATE|[79]|Bytes:3
10:49:53.28 (28436749)|HEAP_ALLOCATE|[84]|Bytes:152
10:49:53.28 (28452876)|HEAP_ALLOCATE|[399]|Bytes:408
10:49:53.28 (28468639)|HEAP_ALLOCATE|[412]|Bytes:408
10:49:53.28 (28480627)|HEAP_ALLOCATE|[520]|Bytes:48
10:49:53.28 (28533738)|HEAP_ALLOCATE|[139]|Bytes:6
10:49:53.28 (28567082)|HEAP_ALLOCATE|[EXTERNAL]|Bytes:1
10:49:53.28 (28678862)|STATEMENT_EXECUTE|[1]
10:49:53.28 (28681895)|STATEMENT_EXECUTE|[1]
10:49:53.28 (28799203)|HEAP_ALLOCATE|[1]|Bytes:4
10:49:53.28 (28905495)|HEAP_ALLOCATE|[1]|Bytes:3
10:49:53.28 (29004660)|VARIABLE_ASSIGNMENT|[1]|this.Name|"asd"|0x611e5e4
10:49:53.28 (29013472)|HEAP_ALLOCATE|[1]|Bytes:18
10:49:53.28 (29030533)|HEAP_ALLOCATE|[1]|Bytes:4
10:49:53.28 (29080638)|VARIABLE_ASSIGNMENT|[1]|this.customer__c|"a003X0000132mlIQAQ"|0x611e5e4
10:49:53.28 (29087710)|HEAP_ALLOCATE|[1]|Bytes:6
10:49:53.28 (29107924)|VARIABLE_ASSIGNMENT|[1]|this.Additional_Information__c|"asdads"|0x611e5e4
10:49:53.28 (29163622)|HEAP_ALLOCATE|[52]|Bytes:5
10:49:53.28 (29197115)|HEAP_ALLOCATE|[58]|Bytes:5
10:49:53.28 (29205648)|HEAP_ALLOCATE|[66]|Bytes:7
10:49:53.28 (29255874)|HEAP_ALLOCATE|[1]|Bytes:8
10:49:53.28 (29288199)|DML_BEGIN|[1]|Op:Insert|Type:myorder__c|Rows:1
10:49:53.28 (29333838)|HEAP_ALLOCATE|[EXTERNAL]|Bytes:8
10:49:53.28 (82869722)|CODE_UNIT_STARTED|[EXTERNAL]|01q3X0000018STF|myOrderTrigger on myorder trigger event AfterInsert|__sfdc_trigger/myOrderTrigger
10:49:53.28 (82940778)|HEAP_ALLOCATE|[EXTERNAL]|Bytes:8
10:49:53.28 (83111812)|HEAP_ALLOCATE|[EXTERNAL]|Bytes:4
10:49:53.28 (83134614)|VARIABLE_SCOPE_BEGIN|[1]|this|myOrderTrigger|true|false
10:49:53.28 (83188131)|VARIABLE_ASSIGNMENT|[1]|this|{}|0x23d0eb38
10:49:53.28 (83234141)|HEAP_ALLOCATE|[EXTERNAL]|Bytes:4
10:49:53.28 (83241333)|VARIABLE_SCOPE_BEGIN|[1]|this|myOrderTrigger|true|false
10:49:53.28 (83253644)|VARIABLE_ASSIGNMENT|[1]|this|{}|0x23d0eb38
10:49:53.28 (83261819)|STATEMENT_EXECUTE|[1]
10:49:53.28 (83264685)|STATEMENT_EXECUTE|[2]
10:49:53.28 (86887345)|VARIABLE_SCOPE_BEGIN|[10]|HandlerExecutionPool.instance|HandlerExecutionPool|true|true
10:49:53.28 (86976740)|HEAP_ALLOCATE|[2]|Bytes:31
10:49:53.28 (86989372)|HEAP_ALLOCATE|[2]|Bytes:8
10:49:53.28 (87051254)|METHOD_ENTRY|[8]|01p3X00000DVhaf|HandlerExecutionPool.HandlerExecutionPool()
10:49:53.28 (87060020)|STATEMENT_EXECUTE|[8]
10:49:53.28 (87066378)|STATEMENT_EXECUTE|[8]
10:49:53.28 (87561129)|SYSTEM_MODE_ENTER|false
10:49:53.28 (87588065)|HEAP_ALLOCATE|[2]|Bytes:5
10:49:53.28 (87595716)|STATEMENT_EXECUTE|[60]
10:49:53.28 (87598268)|STATEMENT_EXECUTE|[172]
10:49:53.28 (87609165)|SYSTEM_MODE_EXIT|false
10:49:53.28 (87728069)|METHOD_EXIT|[8]|HandlerExecutionPool
10:49:53.28 (87761817)|METHOD_ENTRY|[2]|01p3X00000DVhaf|HandlerExecutionPool.getInstance()
10:49:53.28 (87799797)|SYSTEM_MODE_ENTER|false
10:49:53.28 (87806276)|HEAP_ALLOCATE|[25]|Bytes:5
10:49:53.28 (87812315)|STATEMENT_EXECUTE|[24]
10:49:53.28 (87818720)|STATEMENT_EXECUTE|[25]
10:49:53.28 (87820944)|STATEMENT_EXECUTE|[26]
10:49:53.28 (88517805)|HEAP_ALLOCATE|[26]|Bytes:8
10:49:53.28 (88548804)|CONSTRUCTOR_ENTRY|[26]|01p3X00000DVhaf|<init>()|HandlerExecutionPool
10:49:53.28 (88598819)|VARIABLE_SCOPE_BEGIN|[13]|this|HandlerExecutionPool|true|false
10:49:53.28 (88648250)|VARIABLE_ASSIGNMENT|[13]|this|{}|0x237e9e62
10:49:53.28 (88662745)|HEAP_ALLOCATE|[14]|Bytes:5
10:49:53.28 (88668434)|STATEMENT_EXECUTE|[8]
10:49:53.28 (88672379)|HEAP_ALLOCATE|[14]|Bytes:5
10:49:53.28 (88676062)|STATEMENT_EXECUTE|[11]
10:49:53.28 (88688005)|HEAP_ALLOCATE|[14]|Bytes:6
10:49:53.28 (89353482)|STATEMENT_EXECUTE|[13]
10:49:53.28 (89358055)|STATEMENT_EXECUTE|[14]
10:49:53.28 (89378726)|HEAP_ALLOCATE|[14]|Bytes:4
10:49:53.28 (89475269)|VARIABLE_ASSIGNMENT|[14]|this.handlerPool|{}|0x237e9e62
10:49:53.28 (89490575)|CONSTRUCTOR_EXIT|[26]|01p3X00000DVhaf|<init>()|HandlerExecutionPool
10:49:53.28 (89527838)|VARIABLE_ASSIGNMENT|[26]|HandlerExecutionPool.instance|{"handlerPool":"0x6feda83e"}|0x237e9e62
10:49:53.28 (89534303)|STATEMENT_EXECUTE|[28]
10:49:53.28 (89541432)|SYSTEM_MODE_EXIT|false
10:49:53.28 (89556597)|METHOD_EXIT|[2]|01p3X00000DVhaf|HandlerExecutionPool.getInstance()
10:49:53.28 (89567972)|HEAP_ALLOCATE|[2]|Bytes:36
10:49:53.28 (89637614)|HEAP_ALLOCATE|[2]|Bytes:30
10:49:53.28 (89651147)|SYSTEM_METHOD_ENTRY|[1]|Type.Type()
10:49:53.28 (89656455)|STATEMENT_EXECUTE|[1]
10:49:53.28 (89666005)|SYSTEM_METHOD_EXIT|[1]|Type
10:49:53.28 (89672984)|HEAP_ALLOCATE|[2]|Bytes:8
10:49:53.28 (89711346)|HEAP_ALLOCATE|[2]|Bytes:8
10:49:53.28 (89724234)|VARIABLE_SCOPE_BEGIN|[4]|this|System.Type|true|false
10:49:53.28 (89746316)|VARIABLE_ASSIGNMENT|[4]|this|{}|0x7a767b94
10:49:53.28 (89755550)|VARIABLE_SCOPE_BEGIN|[4]|apextype|java:common.apex.runtime.ApexObjectType|true|false
10:49:53.28 (90082244)|VARIABLE_ASSIGNMENT|[4]|apextype|"myorder__c"|0x2dac7736
10:49:53.28 (90124663)|HEAP_ALLOCATE|[2]|Bytes:8
10:49:53.28 (90149984)|METHOD_ENTRY|[2]|01p3X00000DVhaf|HandlerExecutionPool.getHandler(System.Type)
10:49:53.28 (90158544)|VARIABLE_SCOPE_BEGIN|[41]|this|HandlerExecutionPool|true|false
10:49:53.28 (90178248)|VARIABLE_ASSIGNMENT|[41]|this|{"handlerPool":"0x6feda83e"}|0x237e9e62
10:49:53.28 (90184608)|VARIABLE_SCOPE_BEGIN|[41]|typeName|System.Type|true|false
10:49:53.28 (90198168)|VARIABLE_ASSIGNMENT|[41]|typeName|{"aot":"0x2dac7736"}|0x7a767b94
10:49:53.28 (90211157)|SYSTEM_MODE_ENTER|false
10:49:53.28 (90218199)|HEAP_ALLOCATE|[42]|Bytes:5
10:49:53.28 (90223068)|STATEMENT_EXECUTE|[41]
10:49:53.28 (90225729)|STATEMENT_EXECUTE|[42]
10:49:53.28 (90329541)|VARIABLE_SCOPE_BEGIN|[42]|executor|HandlerExecutionPool.HandlerExecutor|true|false
10:49:53.28 (90342578)|VARIABLE_ASSIGNMENT|[42]|executor|null|
10:49:53.28 (90348154)|STATEMENT_EXECUTE|[43]
10:49:53.28 (90350699)|STATEMENT_EXECUTE|[44]
10:49:53.28 (90356359)|HEAP_ALLOCATE|[44]|Bytes:16
10:49:53.28 (90362286)|HEAP_ALLOCATE|[44]|Bytes:11
10:49:53.28 (124646942)|HEAP_ALLOCATE|[44]|Bytes:12
10:49:53.28 (124730216)|CONSTRUCTOR_ENTRY|[44]|01p3X00000DVhaf|<init>(System.Type)|HandlerExecutionPool.HandlerExecutor
10:49:53.28 (124786751)|VARIABLE_SCOPE_BEGIN|[65]|this|HandlerExecutionPool.HandlerExecutor|true|false
10:49:53.28 (124849591)|VARIABLE_ASSIGNMENT|[65]|this|{}|0x252ef36d
10:49:53.28 (124858551)|VARIABLE_SCOPE_BEGIN|[65]|typeName|System.Type|true|false
10:49:53.28 (124882334)|VARIABLE_ASSIGNMENT|[65]|typeName|{"aot":"0x2dac7736"}|0x7a767b94
10:49:53.28 (124891929)|STATEMENT_EXECUTE|[60]
10:49:53.28 (124894781)|STATEMENT_EXECUTE|[62]
10:49:53.28 (124897433)|STATEMENT_EXECUTE|[63]
10:49:53.28 (124924936)|STATEMENT_EXECUTE|[65]
10:49:53.28 (124927222)|STATEMENT_EXECUTE|[66]
10:49:53.28 (124937254)|VARIABLE_ASSIGNMENT|[66]|this.typeName|0x7a767b94|0x252ef36d
10:49:53.28 (124948388)|CONSTRUCTOR_EXIT|[44]|01p3X00000DVhaf|<init>(System.Type)|HandlerExecutionPool.HandlerExecutor
10:49:53.28 (124964982)|VARIABLE_ASSIGNMENT|[44]|executor|{"typeName":"0x7a767b94"}|0x252ef36d
10:49:53.28 (124970740)|STATEMENT_EXECUTE|[45]
10:49:53.28 (125081702)|HEAP_ALLOCATE|[EXTERNAL]|Bytes:-4
10:49:53.28 (125103696)|STATEMENT_EXECUTE|[47]
10:49:53.28 (125115748)|SYSTEM_MODE_EXIT|false
10:49:53.28 (125133798)|METHOD_EXIT|[2]|01p3X00000DVhaf|HandlerExecutionPool.getHandler(System.Type)
10:49:53.28 (125170623)|METHOD_ENTRY|[2]|01p3X00000DVhaf|HandlerExecutionPool.HandlerExecutor.execute()
10:49:53.28 (125182862)|VARIABLE_SCOPE_BEGIN|[76]|this|HandlerExecutionPool.HandlerExecutor|true|false
10:49:53.28 (125211009)|VARIABLE_ASSIGNMENT|[76]|this|{"typeName":"0x7a767b94"}|0x252ef36d
10:49:53.28 (125221280)|STATEMENT_EXECUTE|[76]
10:49:53.28 (125223845)|STATEMENT_EXECUTE|[77]
10:49:53.28 (125233049)|METHOD_ENTRY|[77]|01p3X00000DVhaf|HandlerExecutionPool.HandlerExecutor.getActiveHandlers()
10:49:53.28 (125267325)|VARIABLE_SCOPE_BEGIN|[95]|this|HandlerExecutionPool.HandlerExecutor|true|false
10:49:53.28 (125281905)|VARIABLE_ASSIGNMENT|[95]|this|{"typeName":"0x7a767b94"}|0x252ef36d
10:49:53.28 (125288685)|STATEMENT_EXECUTE|[95]
10:49:53.28 (125291565)|STATEMENT_EXECUTE|[96]
10:49:53.28 (125809770)|HEAP_ALLOCATE|[96]|Bytes:11
10:49:53.28 (125957514)|HEAP_ALLOCATE|[96]|Bytes:8
10:49:53.28 (125998980)|CONSTRUCTOR_ENTRY|[96]|01p3X00000DVhaf|<init>(System.Type)|HandlerExecutionPool.MetadataHandler
10:49:53.28 (126032191)|VARIABLE_SCOPE_BEGIN|[176]|this|HandlerExecutionPool.MetadataHandler|true|false
10:49:53.28 (126069299)|VARIABLE_ASSIGNMENT|[176]|this|{}|0x43cd04e
10:49:53.28 (126081360)|VARIABLE_SCOPE_BEGIN|[176]|typeName|System.Type|true|false
10:49:53.28 (126113425)|VARIABLE_ASSIGNMENT|[176]|typeName|{"aot":"0x2dac7736"}|0x7a767b94
10:49:53.28 (126126469)|STATEMENT_EXECUTE|[172]
10:49:53.28 (126130397)|STATEMENT_EXECUTE|[174]
10:49:53.28 (126150831)|STATEMENT_EXECUTE|[176]
10:49:53.28 (126153137)|STATEMENT_EXECUTE|[177]
10:49:53.28 (126182584)|METHOD_ENTRY|[177]|01p3X00000DVhaf|HandlerExecutionPool.MetadataHandler.readHandlersMetadata(System.Type)
10:49:53.28 (126225743)|VARIABLE_SCOPE_BEGIN|[184]|this|HandlerExecutionPool.MetadataHandler|true|false
10:49:53.28 (126251217)|VARIABLE_ASSIGNMENT|[184]|this|{}|0x43cd04e
10:49:53.28 (126261615)|VARIABLE_SCOPE_BEGIN|[184]|typeName|System.Type|true|false
10:49:53.28 (126283748)|VARIABLE_ASSIGNMENT|[184]|typeName|{"aot":"0x2dac7736"}|0x7a767b94
10:49:53.28 (126296408)|STATEMENT_EXECUTE|[184]
10:49:53.28 (126299613)|STATEMENT_EXECUTE|[185]
10:49:53.28 (126307314)|HEAP_ALLOCATE|[185]|Bytes:199
10:49:53.28 (126339778)|HEAP_ALLOCATE|[185]|Bytes:4
10:49:53.28 (133945165)|SOQL_EXECUTE_BEGIN|[185]|Aggregations:0|SELECT Id, NamespacePrefix, Class_Name__c, Other_Object_API_Name__c, Object_Name__r.QualifiedAPIName FROM Trigger_Dependency__mdt WHERE Is_Active__c = TRUE ORDER BY Execution_Order__c ASC NULLS FIRST
10:49:53.28 (152817439)|SOQL_EXECUTE_END|[185]|Rows:1
10:49:53.28 (152879850)|HEAP_ALLOCATE|[185]|Bytes:8
10:49:53.28 (152923688)|HEAP_ALLOCATE|[185]|Bytes:202
10:49:53.28 (152998546)|HEAP_ALLOCATE|[185]|Bytes:8
10:49:53.28 (153028453)|VARIABLE_SCOPE_BEGIN|[185]|triggerDependencies|List<Trigger_Dependency__mdt>|true|false
10:49:53.28 (153094989)|VARIABLE_ASSIGNMENT|[185]|triggerDependencies|[{"Id":"m003X0000009oReQAI","Class_Name__c":"MyOrderEmailService","Object_Name__c":"01I3X000001p4fD","Object_Name__r":{"Id":"000000000000000AAA","DurableId":"01I3X000001p4fD","QualifiedApiName":"myorder__c"}}]|0x7560bf0e
10:49:53.28 (153111324)|STATEMENT_EXECUTE|[195]
10:49:53.28 (153132555)|HEAP_ALLOCATE|[195]|Bytes:4
10:49:53.28 (153258777)|VARIABLE_SCOPE_BEGIN|[195]|result|List<Trigger_Dependency__mdt>|true|false
10:49:53.28 (153275365)|HEAP_ALLOCATE|[EXTERNAL]|Bytes:4
10:49:53.28 (153288860)|VARIABLE_ASSIGNMENT|[195]|result|[]|0x7fb3a983
10:49:53.28 (153298286)|STATEMENT_EXECUTE|[196]
10:49:53.28 (153335953)|METHOD_ENTRY|[196]||System.Type.toString()
10:49:53.28 (153434915)|METHOD_EXIT|[196]||System.Type.toString()
10:49:53.28 (153446450)|VARIABLE_SCOPE_BEGIN|[196]|typeNameString|String|false|false
10:49:53.28 (153464631)|VARIABLE_ASSIGNMENT|[196]|typeNameString|"myorder__c"
10:49:53.28 (153706632)|HEAP_ALLOCATE|[197]|Bytes:5
10:49:53.28 (153786526)|HEAP_ALLOCATE|[197]|Bytes:20
10:49:53.28 (153803285)|VARIABLE_SCOPE_BEGIN|[197]|dependency|Trigger_Dependency__mdt|true|false
10:49:53.28 (153844163)|VARIABLE_ASSIGNMENT|[197]|dependency|{"Id":"m003X0000009oReQAI","Class_Name__c":"MyOrderEmailService","Object_Name__c":"01I3X000001p4fD","Object_Name__r":{"Id":"000000000000000AAA","DurableId":"01I3X000001p4fD","QualifiedApiName":"myorder__c"}}|0x1e04279e
10:49:53.28 (153856523)|STATEMENT_EXECUTE|[197]
10:49:53.28 (154058610)|STATEMENT_EXECUTE|[199]
10:49:53.28 (154063368)|STATEMENT_EXECUTE|[200]
10:49:53.28 (154122713)|HEAP_ALLOCATE|[EXTERNAL]|Bytes:4
10:49:53.28 (154152808)|HEAP_ALLOCATE|[197]|Bytes:5
10:49:53.28 (154175663)|VARIABLE_ASSIGNMENT|[197]|dependency|null|
10:49:53.28 (154184602)|STATEMENT_EXECUTE|[203]
10:49:53.28 (154192690)|METHOD_EXIT|[177]|01p3X00000DVhaf|HandlerExecutionPool.MetadataHandler.readHandlersMetadata(System.Type)
10:49:53.28 (154240112)|VARIABLE_ASSIGNMENT|[177]|this.handlersMeta|[{"Id":"m003X0000009oReQAI","Class_Name__c":"MyOrderEmailService","Object_Name__c":"01I3X000001p4fD","Object_Name__r":{"Id":"000000000000000AAA","DurableId":"01I3X000001p4fD","QualifiedApiName":"myorder__c"}}]|0x43cd04e
10:49:53.28 (154263979)|CONSTRUCTOR_EXIT|[96]|01p3X00000DVhaf|<init>(System.Type)|HandlerExecutionPool.MetadataHandler
10:49:53.28 (154274671)|VARIABLE_SCOPE_BEGIN|[96]|metadataHandler|HandlerExecutionPool.MetadataHandler|true|false
10:49:53.28 (154309470)|VARIABLE_ASSIGNMENT|[96]|metadataHandler|{"handlersMeta":"0x7fb3a983"}|0x43cd04e
10:49:53.28 (154319009)|STATEMENT_EXECUTE|[97]
10:49:53.28 (154337995)|HEAP_ALLOCATE|[97]|Bytes:4
10:49:53.28 (154413342)|VARIABLE_SCOPE_BEGIN|[97]|handlers|List<Handler>|true|false
10:49:53.28 (154447015)|HEAP_ALLOCATE|[EXTERNAL]|Bytes:4
10:49:53.28 (154464480)|VARIABLE_ASSIGNMENT|[97]|handlers|[]|0x7c196a6c
10:49:53.28 (154486942)|METHOD_ENTRY|[98]|01p3X00000DVhaf|HandlerExecutionPool.MetadataHandler.getMeta()
10:49:53.28 (154511074)|VARIABLE_SCOPE_BEGIN|[180]|this|HandlerExecutionPool.MetadataHandler|true|false
10:49:53.28 (154538229)|VARIABLE_ASSIGNMENT|[180]|this|{"handlersMeta":"0x7fb3a983"}|0x43cd04e
10:49:53.28 (154550984)|STATEMENT_EXECUTE|[180]
10:49:53.28 (154554280)|STATEMENT_EXECUTE|[181]
10:49:53.28 (154563780)|METHOD_EXIT|[98]|01p3X00000DVhaf|HandlerExecutionPool.MetadataHandler.getMeta()
10:49:53.28 (154599908)|HEAP_ALLOCATE|[98]|Bytes:5
10:49:53.28 (154620675)|HEAP_ALLOCATE|[98]|Bytes:20
10:49:53.28 (154630901)|VARIABLE_SCOPE_BEGIN|[98]|handlerMeta|Trigger_Dependency__mdt|true|false
10:49:53.28 (154662626)|VARIABLE_ASSIGNMENT|[98]|handlerMeta|{"Id":"m003X0000009oReQAI","Class_Name__c":"MyOrderEmailService","Object_Name__c":"01I3X000001p4fD","Object_Name__r":{"Id":"000000000000000AAA","DurableId":"01I3X000001p4fD","QualifiedApiName":"myorder__c"}}|0x1e04279e
10:49:53.28 (154674877)|STATEMENT_EXECUTE|[98]
10:49:53.28 (154677856)|STATEMENT_EXECUTE|[99]
10:49:53.28 (154754456)|METHOD_ENTRY|[99]||System.Type.forName(String, String)
10:49:53.28 (187362278)|METHOD_EXIT|[99]||System.Type.forName(String, String)
10:49:53.28 (187380674)|VARIABLE_SCOPE_BEGIN|[99]|handlerType|System.Type|true|false
10:49:53.28 (187424480)|VARIABLE_ASSIGNMENT|[99]|handlerType|{"aot":"0x60cc0155"}|0x6e2f4769
10:49:53.28 (187433646)|STATEMENT_EXECUTE|[100]
10:49:53.28 (187436611)|STATEMENT_EXECUTE|[104]
10:49:53.28 (187451392)|METHOD_ENTRY|[104]||System.Type.newInstance()
10:49:53.28 (187722478)|METHOD_ENTRY|[1]|01p3X00000DVjDo|MyOrderEmailService.MyOrderEmailService()
10:49:53.28 (187732956)|STATEMENT_EXECUTE|[1]
10:49:53.28 (187737958)|STATEMENT_EXECUTE|[1]
10:49:53.28 (188205878)|SYSTEM_MODE_ENTER|false
10:49:53.28 (188223600)|HEAP_ALLOCATE|[42]|Bytes:5
10:49:53.28 (188233067)|STATEMENT_EXECUTE|[9]
10:49:53.28 (188235979)|STATEMENT_EXECUTE|[57]
10:49:53.28 (188238405)|STATEMENT_EXECUTE|[97]
10:49:53.28 (188245991)|SYSTEM_MODE_EXIT|false
10:49:53.28 (188260882)|METHOD_EXIT|[1]|MyOrderEmailService
10:49:53.28 (188285742)|HEAP_ALLOCATE|[42]|Bytes:8
10:49:53.28 (188294381)|VARIABLE_SCOPE_BEGIN|[1]|this|MyOrderEmailService|true|false
10:49:53.28 (188325943)|VARIABLE_ASSIGNMENT|[1]|this|{}|0x5de3e3
10:49:53.28 (188343372)|SYSTEM_MODE_ENTER|false
10:49:53.28 (188348951)|HEAP_ALLOCATE|[42]|Bytes:5
10:49:53.28 (188363559)|HEAP_ALLOCATE|[42]|Bytes:14
10:49:53.28 (188368972)|HEAP_ALLOCATE|[42]|Bytes:63
10:49:53.28 (188401229)|METHOD_ENTRY|[10]|01p3X00000DVhae|Handler.Handler()
10:49:53.28 (188407033)|STATEMENT_EXECUTE|[10]
10:49:53.28 (188410648)|STATEMENT_EXECUTE|[10]
10:49:53.28 (188414735)|HEAP_ALLOCATE|[42]|Bytes:5
10:49:53.28 (188419063)|STATEMENT_EXECUTE|[238]
10:49:53.28 (188424054)|METHOD_EXIT|[10]|Handler
10:49:53.28 (188434035)|CONSTRUCTOR_ENTRY|[EXTERNAL]|01p3X00000DVhae|<init>()|Handler
10:49:53.28 (188445822)|VARIABLE_SCOPE_BEGIN|[14]|this|Handler|true|false
10:49:53.28 (188461840)|VARIABLE_ASSIGNMENT|[14]|this|{}|0x5de3e3
10:49:53.28 (188470747)|HEAP_ALLOCATE|[42]|Bytes:5
10:49:53.28 (188474831)|STATEMENT_EXECUTE|[10]
10:49:53.28 (188478110)|HEAP_ALLOCATE|[42]|Bytes:5
10:49:53.28 (188481833)|STATEMENT_EXECUTE|[12]
10:49:53.28 (188500869)|STATEMENT_EXECUTE|[14]
10:49:53.28 (188505967)|CONSTRUCTOR_EXIT|[EXTERNAL]|01p3X00000DVhae|<init>()|Handler
10:49:53.28 (188512829)|SYSTEM_MODE_EXIT|false
10:49:53.28 (188517559)|STATEMENT_EXECUTE|[1]
10:49:53.28 (188521640)|SYSTEM_MODE_ENTER|false
10:49:53.28 (188525875)|HEAP_ALLOCATE|[42]|Bytes:5
10:49:53.28 (188530111)|SYSTEM_MODE_EXIT|false
10:49:53.28 (188548071)|METHOD_EXIT|[104]||System.Type.newInstance()
10:49:53.28 (188561065)|VARIABLE_SCOPE_BEGIN|[104]|handler|Handler|true|false
10:49:53.28 (188576222)|VARIABLE_ASSIGNMENT|[104]|handler|{}|0x5de3e3
10:49:53.28 (188582094)|STATEMENT_EXECUTE|[105]
10:49:53.28 (188626719)|METHOD_ENTRY|[105]|01p3X00000DVhae|Handler.setSobjectType(System.Type)
10:49:53.28 (188654212)|VARIABLE_SCOPE_BEGIN|[205]|this|Handler|true|false
10:49:53.28 (188669278)|VARIABLE_ASSIGNMENT|[205]|this|{}|0x5de3e3
10:49:53.28 (188679374)|VARIABLE_SCOPE_BEGIN|[205]|typeName|System.Type|true|false
10:49:53.28 (188702513)|VARIABLE_ASSIGNMENT|[205]|typeName|{"aot":"0x2dac7736"}|0x7a767b94
10:49:53.28 (188723086)|SYSTEM_MODE_ENTER|false
10:49:53.28 (188731374)|HEAP_ALLOCATE|[206]|Bytes:5
10:49:53.28 (188738312)|STATEMENT_EXECUTE|[205]
10:49:53.28 (188741239)|STATEMENT_EXECUTE|[206]
10:49:53.28 (188750528)|SYSTEM_MODE_EXIT|false
10:49:53.28 (188760712)|METHOD_EXIT|[105]|01p3X00000DVhae|Handler.setSobjectType(System.Type)
10:49:53.28 (188768399)|STATEMENT_EXECUTE|[106]
10:49:53.28 (188832053)|HEAP_ALLOCATE|[EXTERNAL]|Bytes:4
10:49:53.28 (188868653)|HEAP_ALLOCATE|[98]|Bytes:5
10:49:53.28 (188901637)|VARIABLE_ASSIGNMENT|[98]|handlerMeta|null|
10:49:53.28 (188913227)|STATEMENT_EXECUTE|[108]
10:49:53.28 (188921347)|METHOD_EXIT|[77]|01p3X00000DVhaf|HandlerExecutionPool.HandlerExecutor.getActiveHandlers()
10:49:53.28 (188967122)|VARIABLE_ASSIGNMENT|[77]|this.activeHandlers|[{"typeName":"0x7a767b94"}]|0x252ef36d
10:49:53.28 (189156680)|HEAP_ALLOCATE|[78]|Bytes:5
10:49:53.28 (189183101)|HEAP_ALLOCATE|[78]|Bytes:8
10:49:53.28 (189217592)|VARIABLE_SCOPE_BEGIN|[78]|handler|Handler|true|false
10:49:53.28 (189254494)|VARIABLE_ASSIGNMENT|[78]|handler|{"typeName":"0x7a767b94"}|0x5de3e3
10:49:53.28 (189267562)|STATEMENT_EXECUTE|[78]
10:49:53.28 (189271775)|STATEMENT_EXECUTE|[79]
10:49:53.28 (189290304)|METHOD_ENTRY|[79]|01p3X00000DVhaf|HandlerExecutionPool.HandlerExecutor.executeHandler(Handler)
10:49:53.28 (189325327)|VARIABLE_SCOPE_BEGIN|[119]|this|HandlerExecutionPool.HandlerExecutor|true|false
10:49:53.28 (189359097)|VARIABLE_ASSIGNMENT|[119]|this|{"activeHandlers":"0x7c196a6c","typeName":"0x7a767b94"}|0x252ef36d
10:49:53.28 (189365770)|VARIABLE_SCOPE_BEGIN|[119]|handler|Handler|true|false
10:49:53.28 (189379268)|VARIABLE_ASSIGNMENT|[119]|handler|{"typeName":"0x7a767b94"}|0x5de3e3
10:49:53.28 (189387539)|STATEMENT_EXECUTE|[119]
10:49:53.28 (189390251)|STATEMENT_EXECUTE|[120]
10:49:53.28 (189605604)|HEAP_ALLOCATE|[121]|Bytes:12
10:49:53.28 (189760250)|STATEMENT_EXECUTE|[130]
10:49:53.28 (189763097)|STATEMENT_EXECUTE|[131]
10:49:53.28 (189775799)|METHOD_ENTRY|[131]|01p3X00000DVhae|Handler.afterInsert()
10:49:53.28 (189791187)|VARIABLE_SCOPE_BEGIN|[147]|this|Handler|true|false
10:49:53.28 (189811189)|VARIABLE_ASSIGNMENT|[147]|this|{"typeName":"0x7a767b94"}|0x5de3e3
10:49:53.28 (189823508)|SYSTEM_MODE_ENTER|false
10:49:53.28 (189831609)|HEAP_ALLOCATE|[148]|Bytes:5
10:49:53.28 (189836598)|STATEMENT_EXECUTE|[147]
10:49:53.28 (189839092)|STATEMENT_EXECUTE|[148]
10:49:53.28 (190141963)|HEAP_ALLOCATE|[148]|Bytes:3
10:49:53.28 (190166117)|HEAP_ALLOCATE|[148]|Bytes:28
10:49:53.28 (190182842)|CONSTRUCTOR_ENTRY|[148]|01p3X00000DVhae|<init>()|Handler.TriggerContext
10:49:53.28 (190239022)|VARIABLE_SCOPE_BEGIN|[247]|this|Handler.TriggerContext|true|false
10:49:53.28 (190269353)|VARIABLE_ASSIGNMENT|[247]|this|{}|0x447ec3cf
10:49:53.28 (190277122)|STATEMENT_EXECUTE|[238]
10:49:53.28 (190279659)|STATEMENT_EXECUTE|[240]
10:49:53.28 (190282069)|STATEMENT_EXECUTE|[241]
10:49:53.28 (190284359)|STATEMENT_EXECUTE|[242]
10:49:53.28 (190287009)|STATEMENT_EXECUTE|[243]
10:49:53.28 (190289330)|STATEMENT_EXECUTE|[244]
10:49:53.28 (190291585)|STATEMENT_EXECUTE|[245]
10:49:53.28 (190307381)|STATEMENT_EXECUTE|[247]
10:49:53.28 (190309741)|STATEMENT_EXECUTE|[248]
10:49:53.28 (190765604)|VARIABLE_ASSIGNMENT|[248]|this.newList|[{"LastModifiedDate":"2020-01-29T10:49:53.000Z","IsDeleted":false,"customer__c":"a003X0000132mlIQAQ","total_count__c":0,"Additional_Information__c":"asdads","Name":"asd","SystemModstamp":"2020-01-29T10:49:53.000Z","CreatedById":"0053X00000AtM0MQAV","CreatedDate":"2020-01-29T10:49:53.000Z","Id":"a013X00002RTmBSQA1","Status__c":false,"LastModifiedById":"0053X00000AtM0MQAV","order_price__c":0.00}]|0x447ec3cf
10:49:53.28 (190781525)|STATEMENT_EXECUTE|[249]
10:49:53.28 (190961670)|VARIABLE_ASSIGNMENT|[249]|this.newMap|{"a013X00002RTmBSQA1":{"LastModifiedDate":"2020-01-29T10:49:53.000Z","IsDeleted":false,"customer__c":"a003X0000132mlIQAQ","total_count__c":0,"Additional_Information__c":"asdads","Name":"asd","SystemModstamp":"2020-01-29T10:49:53.000Z","CreatedById":"0053X00000AtM0MQAV","CreatedDate":"2020-01-29T10:49:53.000Z","Id":"a013X00002RTmBSQA1","Status__c":false,"LastModifiedById":"0053X00000AtM0MQAV","order_price__c":0.00}}|0x447ec3cf
10:49:53.28 (190973122)|STATEMENT_EXECUTE|[250]
10:49:53.28 (190989066)|VARIABLE_ASSIGNMENT|[250]|this.oldList|null|0x447ec3cf
10:49:53.28 (190995227)|STATEMENT_EXECUTE|[251]
10:49:53.28 (191007615)|VARIABLE_ASSIGNMENT|[251]|this.oldMap|null|0x447ec3cf
10:49:53.28 (191013687)|STATEMENT_EXECUTE|[252]
10:49:53.28 (191026549)|HEAP_ALLOCATE|[252]|Bytes:4
10:49:53.28 (191037429)|VARIABLE_ASSIGNMENT|[252]|this.size|1|0x447ec3cf
10:49:53.28 (191043033)|STATEMENT_EXECUTE|[253]
10:49:53.28 (191106668)|HEAP_ALLOCATE|[252]|Bytes:12
10:49:53.28 (191122713)|VARIABLE_ASSIGNMENT|[253]|this.operationType|0x4198acd0|0x447ec3cf
10:49:53.28 (191132964)|CONSTRUCTOR_EXIT|[148]|01p3X00000DVhae|<init>()|Handler.TriggerContext
10:49:53.28 (191141336)|VARIABLE_SCOPE_BEGIN|[148]|context|Handler.TriggerContext|true|false
10:49:53.28 (191172620)|VARIABLE_ASSIGNMENT|[148]|context|{"newList":"0xc5e9da7","newMap":"0x64f46963","operationType":"0x4198acd0","size":1}|0x447ec3cf
10:49:53.28 (191179898)|STATEMENT_EXECUTE|[149]
10:49:53.28 (191192317)|METHOD_ENTRY|[149]|01p3X00000DVhae|Handler.logBeforeEventHandling(Handler.TriggerContext)
10:49:53.28 (191212050)|VARIABLE_SCOPE_BEGIN|[217]|this|Handler|true|false
10:49:53.28 (191229202)|VARIABLE_ASSIGNMENT|[217]|this|{"typeName":"0x7a767b94"}|0x5de3e3
10:49:53.28 (191235715)|VARIABLE_SCOPE_BEGIN|[217]|context|Handler.TriggerContext|true|false
10:49:53.28 (191253330)|VARIABLE_ASSIGNMENT|[217]|context|{"newList":"0xc5e9da7","newMap":"0x64f46963","operationType":"0x4198acd0","size":1}|0x447ec3cf
10:49:53.28 (191265731)|HEAP_ALLOCATE|[EXTERNAL]|Bytes:5
10:49:53.28 (191270791)|STATEMENT_EXECUTE|[217]
10:49:53.28 (191278242)|METHOD_EXIT|[149]|01p3X00000DVhae|Handler.logBeforeEventHandling(Handler.TriggerContext)
10:49:53.28 (191283391)|STATEMENT_EXECUTE|[150]
10:49:53.28 (191298082)|METHOD_ENTRY|[150]|01p3X00000DVjDo|MyOrderEmailService.onAfterInsert(Handler.TriggerContext)
10:49:53.28 (191312195)|VARIABLE_SCOPE_BEGIN|[2]|this|MyOrderEmailService|true|false
10:49:53.28 (191327096)|VARIABLE_ASSIGNMENT|[2]|this|{"typeName":"0x7a767b94"}|0x5de3e3
10:49:53.28 (191333267)|VARIABLE_SCOPE_BEGIN|[2]|context|Handler.TriggerContext|true|false
10:49:53.28 (191350233)|VARIABLE_ASSIGNMENT|[2]|context|{"newList":"0xc5e9da7","newMap":"0x64f46963","operationType":"0x4198acd0","size":1}|0x447ec3cf
10:49:53.28 (191359587)|HEAP_ALLOCATE|[3]|Bytes:5
10:49:53.28 (191364256)|STATEMENT_EXECUTE|[2]
10:49:53.28 (191366791)|STATEMENT_EXECUTE|[3]
10:49:53.28 (192191363)|HEAP_ALLOCATE|[3]|Bytes:6
10:49:53.28 (192219234)|HEAP_ALLOCATE|[3]|Bytes:8
10:49:53.28 (192239025)|CONSTRUCTOR_ENTRY|[3]|01p3X00000DVjDo|<init>()|MyOrderEmailService.OrderEmailTriggerHandler
10:49:53.28 (192271983)|VARIABLE_SCOPE_BEGIN|[98]|this|MyOrderEmailService.OrderEmailTriggerHandler|true|false
10:49:53.28 (192298826)|VARIABLE_ASSIGNMENT|[98]|this|{}|0xede187a
10:49:53.28 (192306763)|STATEMENT_EXECUTE|[97]
10:49:53.28 (192309559)|STATEMENT_EXECUTE|[99]
10:49:53.28 (192314572)|HEAP_ALLOCATE|[99]|Bytes:10
10:49:53.28 (192325755)|HEAP_ALLOCATE|[99]|Bytes:8
10:49:53.28 (192335163)|HEAP_ALLOCATE|[99]|Bytes:14
10:49:53.28 (192346596)|CONSTRUCTOR_ENTRY|[99]|01p3X00000DVjDo|<init>(String)|MyOrderEmailService.OrderEmailService
10:49:53.28 (192372223)|VARIABLE_SCOPE_BEGIN|[12]|this|MyOrderEmailService.OrderEmailService|true|false
10:49:53.28 (192387114)|VARIABLE_ASSIGNMENT|[12]|this|{}|0xede187a
10:49:53.28 (192394139)|VARIABLE_SCOPE_BEGIN|[12]|profileName|String|false|false
10:49:53.28 (192405990)|VARIABLE_ASSIGNMENT|[12]|profileName|"Shop Admin"
10:49:53.28 (192411093)|STATEMENT_EXECUTE|[9]
10:49:53.28 (192413499)|STATEMENT_EXECUTE|[10]
10:49:53.28 (192431457)|STATEMENT_EXECUTE|[12]
10:49:53.28 (192433829)|STATEMENT_EXECUTE|[13]
10:49:53.28 (192447658)|CONSTRUCTOR_EXIT|[99]|01p3X00000DVjDo|<init>(String)|MyOrderEmailService.OrderEmailService
10:49:53.28 (192453973)|STATEMENT_EXECUTE|[98]
10:49:53.28 (192457215)|CONSTRUCTOR_EXIT|[3]|01p3X00000DVjDo|<init>()|MyOrderEmailService.OrderEmailTriggerHandler
10:49:53.28 (192486747)|METHOD_ENTRY|[3]|01p3X00000DVjDo|MyOrderEmailService.OrderEmailTriggerHandler.sendEmailOnNewOrder(List<myorder__c>)
10:49:53.28 (192493443)|VARIABLE_SCOPE_BEGIN|[101]|this|MyOrderEmailService.OrderEmailTriggerHandler|true|false
10:49:53.28 (192509310)|VARIABLE_ASSIGNMENT|[101]|this|{"profileName":"Shop Admin"}|0xede187a
10:49:53.28 (192516277)|VARIABLE_SCOPE_BEGIN|[101]|newOrders|List<myorder__c>|true|false
10:49:53.28 (192706449)|VARIABLE_ASSIGNMENT|[101]|newOrders|[{"LastModifiedDate":"2020-01-29T10:49:53.000Z","IsDeleted":false,"customer__c":"a003X0000132mlIQAQ","total_count__c":0,"Additional_Information__c":"asdads","Name":"asd","SystemModstamp":"2020-01-29T10:49:53.000Z","CreatedById":"0053X00000AtM0MQAV","CreatedDate":"2020-01-29T10:49:53.000Z","Id":"a013X00002RTmBSQA1","Status__c":false,"LastModifiedById":"0053X00000AtM0MQAV","order_price__c":0.00}]|0xc5e9da7
10:49:53.28 (192728137)|STATEMENT_EXECUTE|[101]
10:49:53.28 (192730766)|STATEMENT_EXECUTE|[102]
10:49:53.28 (192751197)|HEAP_ALLOCATE|[102]|Bytes:4
10:49:53.28 (192787134)|VARIABLE_SCOPE_BEGIN|[102]|newOrderLetterSubjectList|List<String>|true|false
10:49:53.28 (192821340)|HEAP_ALLOCATE|[EXTERNAL]|Bytes:4
10:49:53.28 (192832939)|VARIABLE_ASSIGNMENT|[102]|newOrderLetterSubjectList|[]|0x4bb82421
10:49:53.28 (192839065)|STATEMENT_EXECUTE|[103]
10:49:53.28 (192846274)|HEAP_ALLOCATE|[103]|Bytes:4
10:49:53.28 (192862042)|VARIABLE_SCOPE_BEGIN|[103]|newOrderLetterBodyList|List<String>|true|false
10:49:53.28 (192876632)|HEAP_ALLOCATE|[EXTERNAL]|Bytes:4
10:49:53.28 (192883706)|VARIABLE_ASSIGNMENT|[103]|newOrderLetterBodyList|[]|0x5ae0f799
10:49:53.28 (193034354)|HEAP_ALLOCATE|[105]|Bytes:5
10:49:53.28 (193062176)|VARIABLE_SCOPE_BEGIN|[105]|order|myorder__c|true|false
10:49:53.28 (193192529)|VARIABLE_ASSIGNMENT|[105]|order|{"LastModifiedDate":"2020-01-29T10:49:53.000Z","IsDeleted":false,"customer__c":"a003X0000132mlIQAQ","total_count__c":0,"Additional_Information__c":"asdads","Name":"asd","SystemModstamp":"2020-01-29T10:49:53.000Z","CreatedById":"0053X00000AtM0MQAV","CreatedDate":"2020-01-29T10:49:53.000Z","Id":"a013X00002RTmBSQA1","Status__c":false,"LastModifiedById":"0053X00000AtM0MQAV","order_price__c":0.00}|0x30e3456d
10:49:53.28 (193203457)|STATEMENT_EXECUTE|[105]
10:49:53.28 (193205899)|STATEMENT_EXECUTE|[106]
10:49:53.28 (193210836)|HEAP_ALLOCATE|[106]|Bytes:11
10:49:53.28 (193256906)|HEAP_ALLOCATE|[106]|Bytes:14
10:49:53.28 (193299667)|HEAP_ALLOCATE|[EXTERNAL]|Bytes:4
10:49:53.28 (193309298)|STATEMENT_EXECUTE|[107]
10:49:53.28 (193313143)|HEAP_ALLOCATE|[108]|Bytes:12
10:49:53.28 (193321187)|HEAP_ALLOCATE|[110]|Bytes:12
10:49:53.28 (193383429)|HEAP_ALLOCATE|[111]|Bytes:18
10:49:53.28 (193403126)|HEAP_ALLOCATE|[112]|Bytes:1
10:49:53.28 (193418206)|HEAP_ALLOCATE|[108]|Bytes:46
10:49:53.28 (193438728)|HEAP_ALLOCATE|[EXTERNAL]|Bytes:4
10:49:53.28 (193456877)|HEAP_ALLOCATE|[105]|Bytes:5
10:49:53.28 (193479499)|VARIABLE_ASSIGNMENT|[105]|order|null|
10:49:53.28 (193489395)|STATEMENT_EXECUTE|[116]
10:49:53.28 (193510895)|METHOD_ENTRY|[116]|01p3X00000DVjDo|MyOrderEmailService.OrderEmailService.sendEmailOnOrder(List<myorder__c>, List<String>, List<String>)
10:49:53.28 (193536305)|VARIABLE_SCOPE_BEGIN|[16]|this|MyOrderEmailService.OrderEmailService|true|false
10:49:53.28 (193561446)|VARIABLE_ASSIGNMENT|[16]|this|{"profileName":"Shop Admin"}|0xede187a
10:49:53.28 (193568734)|VARIABLE_SCOPE_BEGIN|[16]|orders|List<myorder__c>|true|false
10:49:53.28 (193704312)|VARIABLE_ASSIGNMENT|[16]|orders|[{"LastModifiedDate":"2020-01-29T10:49:53.000Z","IsDeleted":false,"customer__c":"a003X0000132mlIQAQ","total_count__c":0,"Additional_Information__c":"asdads","Name":"asd","SystemModstamp":"2020-01-29T10:49:53.000Z","CreatedById":"0053X00000AtM0MQAV","CreatedDate":"2020-01-29T10:49:53.000Z","Id":"a013X00002RTmBSQA1","Status__c":false,"LastModifiedById":"0053X00000AtM0MQAV","order_price__c":0.00}]|0xc5e9da7
10:49:53.28 (193720202)|VARIABLE_SCOPE_BEGIN|[16]|letterSubject|List<String>|true|false
10:49:53.28 (193732605)|VARIABLE_ASSIGNMENT|[16]|letterSubject|["New Order: asd"]|0x4bb82421
10:49:53.28 (193738916)|VARIABLE_SCOPE_BEGIN|[16]|letterBody|List<String>|true|false
10:49:53.28 (193750733)|VARIABLE_ASSIGNMENT|[16]|letterBody|["Order Name: asd; Ord (26 more) ..."]|0x5ae0f799
10:49:53.28 (193759333)|STATEMENT_EXECUTE|[20]
10:49:53.28 (193761986)|STATEMENT_EXECUTE|[21]
10:49:53.28 (193837702)|HEAP_ALLOCATE|[21]|Bytes:4
10:49:53.28 (193900689)|VARIABLE_SCOPE_BEGIN|[21]|mails|List<Messaging.SingleEmailMessage>|true|false
10:49:53.28 (193931650)|HEAP_ALLOCATE|[EXTERNAL]|Bytes:4
10:49:53.28 (193941513)|VARIABLE_ASSIGNMENT|[21]|mails|[]|0x2131ab64
10:49:53.28 (193948062)|STATEMENT_EXECUTE|[22]
10:49:53.28 (193962917)|METHOD_ENTRY|[22]|01p3X00000DVjDo|MyOrderEmailService.OrderEmailService.getUserIdsByProfile(String)
10:49:53.28 (193983819)|VARIABLE_SCOPE_BEGIN|[46]|this|MyOrderEmailService.OrderEmailService|true|false
10:49:53.28 (194005530)|VARIABLE_ASSIGNMENT|[46]|this|{"profileName":"Shop Admin"}|0xede187a
10:49:53.28 (194012949)|VARIABLE_SCOPE_BEGIN|[46]|profileName|String|false|false
10:49:53.28 (194022179)|VARIABLE_ASSIGNMENT|[46]|profileName|"Shop Admin"
10:49:53.28 (194028735)|STATEMENT_EXECUTE|[46]
10:49:53.28 (194031416)|STATEMENT_EXECUTE|[47]
10:49:53.28 (194035737)|HEAP_ALLOCATE|[47]|Bytes:44
10:49:53.28 (194055074)|HEAP_ALLOCATE|[47]|Bytes:4
10:49:53.28 (194063388)|HEAP_ALLOCATE|[47]|Bytes:7
10:49:53.28 (194334420)|SOQL_EXECUTE_BEGIN|[47]|Aggregations:0|SELECT Id FROM Profile WHERE Name = :tmpVar1
10:49:53.28 (197796272)|SOQL_EXECUTE_END|[47]|Rows:1
10:49:53.28 (197845746)|HEAP_ALLOCATE|[47]|Bytes:8
10:49:53.28 (197868162)|HEAP_ALLOCATE|[47]|Bytes:29
10:49:53.28 (197975939)|HEAP_ALLOCATE|[47]|Bytes:8
10:49:53.28 (198007719)|VARIABLE_SCOPE_BEGIN|[47]|profiles|List<Profile>|true|false
10:49:53.28 (198044680)|VARIABLE_ASSIGNMENT|[47]|profiles|[{"Id":"00e3X000002PAHAQA4"}]|0x19ee9d1
10:49:53.28 (198053447)|STATEMENT_EXECUTE|[52]
10:49:53.28 (198059794)|HEAP_ALLOCATE|[52]|Bytes:47
10:49:53.28 (198082273)|HEAP_ALLOCATE|[52]|Bytes:4
10:49:53.28 (198414314)|SOQL_EXECUTE_BEGIN|[52]|Aggregations:0|SELECT Id FROM User WHERE ProfileId IN :tmpVar1
10:49:53.28 (207582804)|SOQL_EXECUTE_END|[52]|Rows:1
10:49:53.28 (207626644)|HEAP_ALLOCATE|[52]|Bytes:8
10:49:53.28 (207649701)|HEAP_ALLOCATE|[52]|Bytes:29
10:49:53.28 (207740828)|HEAP_ALLOCATE|[52]|Bytes:8
10:49:53.28 (207764827)|VARIABLE_SCOPE_BEGIN|[52]|users|List<User>|true|false
10:49:53.28 (207805200)|VARIABLE_ASSIGNMENT|[52]|users|[{"Id":"0053X00000AtUkgQAF"}]|0x604549af
10:49:53.28 (207814959)|STATEMENT_EXECUTE|[53]
10:49:53.28 (207827433)|HEAP_ALLOCATE|[53]|Bytes:4
10:49:53.28 (207903415)|HEAP_ALLOCATE|[53]|Bytes:4
10:49:53.28 (207952334)|HEAP_ALLOCATE|[53]|Bytes:8
10:49:53.28 (207964039)|HEAP_ALLOCATE|[53]|Bytes:18
10:49:53.28 (208006996)|HEAP_ALLOCATE|[53]|Bytes:26
10:49:53.28 (208031166)|HEAP_ALLOCATE|[53]|Bytes:4
10:49:53.28 (208041131)|HEAP_ALLOCATE|[53]|Bytes:54
10:49:53.28 (208064465)|HEAP_ALLOCATE|[EXTERNAL]|Bytes:8
10:49:53.28 (208097499)|METHOD_EXIT|[22]|01p3X00000DVjDo|MyOrderEmailService.OrderEmailService.getUserIdsByProfile(String)
10:49:53.28 (208108088)|VARIABLE_SCOPE_BEGIN|[22]|recievers|List<String>|true|false
10:49:53.28 (208127457)|VARIABLE_ASSIGNMENT|[22]|recievers|["0053X00000AtUkgQAF"]|0x4da0c374
10:49:53.28 (208135801)|STATEMENT_EXECUTE|[24]
10:49:53.28 (208141603)|VARIABLE_SCOPE_BEGIN|[24]|i|Integer|false|false
10:49:53.28 (208149647)|HEAP_ALLOCATE|[24]|Bytes:4
10:49:53.28 (208159020)|VARIABLE_ASSIGNMENT|[24]|i|0
10:49:53.28 (208195939)|STATEMENT_EXECUTE|[24]
10:49:53.28 (208198493)|STATEMENT_EXECUTE|[25]
10:49:53.28 (208272967)|VARIABLE_SCOPE_BEGIN|[25]|mail|Messaging.SingleEmailMessage|true|false
10:49:53.28 (208418400)|VARIABLE_ASSIGNMENT|[25]|mail|"common.api.soap.wsdl.SingleEmailMessage@79225da7"|0x33607b1d
10:49:53.28 (208426569)|STATEMENT_EXECUTE|[26]
10:49:53.28 (208494814)|STATEMENT_EXECUTE|[28]
10:49:53.28 (208536204)|USER_DEBUG|[28]|DEBUG|(0053X00000AtUkgQAF)
10:49:53.28 (208547536)|STATEMENT_EXECUTE|[30]
10:49:53.28 (208557981)|HEAP_ALLOCATE|[30]|Bytes:14
10:49:53.28 (208628087)|STATEMENT_EXECUTE|[32]
10:49:53.28 (208632997)|HEAP_ALLOCATE|[32]|Bytes:14
10:49:53.28 (208647432)|USER_DEBUG|[32]|DEBUG|New Order: asd
10:49:53.28 (208655958)|STATEMENT_EXECUTE|[34]
10:49:53.28 (208660541)|HEAP_ALLOCATE|[34]|Bytes:46
10:49:53.28 (208682312)|STATEMENT_EXECUTE|[36]
10:49:53.28 (208686025)|HEAP_ALLOCATE|[36]|Bytes:46
10:49:53.28 (208698628)|USER_DEBUG|[36]|DEBUG|Order Name: asd; Order Id: a013X00002RTmBSQA1;
10:49:53.28 (208706418)|STATEMENT_EXECUTE|[37]
10:49:53.28 (208897258)|HEAP_ALLOCATE|[EXTERNAL]|Bytes:8
10:49:53.28 (208936351)|USER_DEBUG|[37]|DEBUG|Messaging.SingleEmailMessage[getBccAddresses=null;getCcAddresses=null;getCharset=null;getEntityAttachments=null;getFileAttachments=null;getHtmlBody=null;getInReplyTo=null;getOptOutPolicy=SEND;getOrgWideEmailAddressId=null;getPlainTextBody=Order Name: asd; Order Id: a013X00002RTmBSQA1;;getReferences=null;getTargetObjectId=null;getTemplateId=null;getTemplateName=null;getToAddresses=(0053X00000AtUkgQAF);getWhatId=null;isTreatBodiesAsTemplate=false;isTreatTargetObjectAsRecipient=true;isUserMail=false;]
10:49:53.28 (208949630)|STATEMENT_EXECUTE|[38]
10:49:53.28 (208988105)|HEAP_ALLOCATE|[EXTERNAL]|Bytes:4
10:49:53.28 (208997701)|HEAP_ALLOCATE|[24]|Bytes:4
10:49:53.28 (209009475)|VARIABLE_ASSIGNMENT|[24]|i|1
10:49:53.28 (209027934)|STATEMENT_EXECUTE|[41]
10:49:53.28 (209085797)|USER_DEBUG|[41]|DEBUG|(Messaging.SingleEmailMessage[getBccAddresses=null;getCcAddresses=null;getCharset=null;getEntityAttachments=null;getFileAttachments=null;getHtmlBody=null;getInReplyTo=null;getOptOutPolicy=SEND;getOrgWideEmailAddressId=null;getPlainTextBody=Order Name: asd; Order Id: a013X00002RTmBSQA1;;getReferences=null;getTargetObjectId=null;getTemplateId=null;getTemplateName=null;getToAddresses=(0053X00000AtUkgQAF);getWhatId=null;isTreatBodiesAsTemplate=false;isTreatTargetObjectAsRecipient=true;isUserMail=false;])
10:49:53.28 (209103883)|METHOD_EXIT|[116]|01p3X00000DVjDo|MyOrderEmailService.OrderEmailService.sendEmailOnOrder(List<myorder__c>, List<String>, List<String>)
10:49:53.28 (209114341)|METHOD_EXIT|[3]|01p3X00000DVjDo|MyOrderEmailService.OrderEmailTriggerHandler.sendEmailOnNewOrder(List<myorder__c>)
10:49:53.28 (209127983)|METHOD_EXIT|[150]|01p3X00000DVjDo|MyOrderEmailService.onAfterInsert(Handler.TriggerContext)
10:49:53.28 (209133917)|STATEMENT_EXECUTE|[151]
10:49:53.28 (209149952)|METHOD_ENTRY|[151]|01p3X00000DVhae|Handler.logAfterEventHandling(Handler.TriggerContext)
10:49:53.28 (209171192)|VARIABLE_SCOPE_BEGIN|[228]|this|Handler|true|false
10:49:53.28 (209205025)|VARIABLE_ASSIGNMENT|[228]|this|{"typeName":"0x7a767b94"}|0x5de3e3
10:49:53.28 (209212002)|VARIABLE_SCOPE_BEGIN|[228]|context|Handler.TriggerContext|true|false
10:49:53.28 (209249358)|VARIABLE_ASSIGNMENT|[228]|context|{"newList":"0xc5e9da7","newMap":"0x64f46963","operationType":"0x4198acd0","size":1}|0x447ec3cf
10:49:53.28 (209264196)|HEAP_ALLOCATE|[EXTERNAL]|Bytes:5
10:49:53.28 (209269700)|STATEMENT_EXECUTE|[228]
10:49:53.28 (209276285)|METHOD_EXIT|[151]|01p3X00000DVhae|Handler.logAfterEventHandling(Handler.TriggerContext)
10:49:53.28 (209283510)|SYSTEM_MODE_EXIT|false
10:49:53.28 (209293272)|METHOD_EXIT|[131]|01p3X00000DVhae|Handler.afterInsert()
10:49:53.28 (209301110)|METHOD_EXIT|[79]|01p3X00000DVhaf|HandlerExecutionPool.HandlerExecutor.executeHandler(Handler)
10:49:53.28 (209318389)|HEAP_ALLOCATE|[78]|Bytes:5
10:49:53.28 (209333427)|VARIABLE_ASSIGNMENT|[78]|handler|null|
10:49:53.28 (209341524)|METHOD_EXIT|[2]|01p3X00000DVhaf|HandlerExecutionPool.HandlerExecutor.execute()
10:49:53.209 (209350837)|CUMULATIVE_LIMIT_USAGE
10:49:53.209 (209350837)|LIMIT_USAGE_FOR_NS|(default)|
  Number of SOQL queries: 2 out of 100
  Number of query rows: 3 out of 50000
  Number of SOSL queries: 0 out of 20
  Number of DML statements: 1 out of 150
  Number of DML rows: 1 out of 10000
  Maximum CPU time: 0 out of 10000
  Maximum heap size: 0 out of 6000000
  Number of callouts: 0 out of 100
  Number of Email Invocations: 0 out of 10
  Number of future calls: 0 out of 50
  Number of queueable jobs added to the queue: 0 out of 50
  Number of Mobile Apex push calls: 0 out of 10

10:49:53.209 (209350837)|CUMULATIVE_LIMIT_USAGE_END

10:49:53.28 (211089527)|CODE_UNIT_FINISHED|myOrderTrigger on myorder trigger event AfterInsert|__sfdc_trigger/myOrderTrigger
10:49:53.28 (240131942)|DML_END|[1]
10:49:53.260 (260977154)|CUMULATIVE_LIMIT_USAGE
10:49:53.260 (260977154)|LIMIT_USAGE_FOR_NS|(default)|
  Number of SOQL queries: 2 out of 100
  Number of query rows: 3 out of 50000
  Number of SOSL queries: 0 out of 20
  Number of DML statements: 1 out of 150
  Number of DML rows: 1 out of 10000
  Maximum CPU time: 0 out of 10000
  Maximum heap size: 0 out of 6000000
  Number of callouts: 0 out of 100
  Number of Email Invocations: 0 out of 10
  Number of future calls: 0 out of 50
  Number of queueable jobs added to the queue: 0 out of 50
  Number of Mobile Apex push calls: 0 out of 10

10:49:53.260 (260977154)|CUMULATIVE_LIMIT_USAGE_END

10:49:53.28 (261022331)|CODE_UNIT_FINISHED|execute_anonymous_apex
10:49:53.28 (262809944)|EXECUTION_FINISHED
