47.0 APEX_CODE,FINEST;APEX_PROFILING,INFO;CALLOUT,INFO;DB,INFO;NBA,INFO;SYSTEM,DEBUG;VALIDATION,INFO;VISUALFORCE,FINER;WAVE,INFO;WORKFLOW,INFO
Execute Anonymous: insert new myorder__c(Name = 'test',customer__c = 'a003X0000132mlIQAQ',Additional_Information__c = 'test text');      
14:05:40.33 (33821725)|USER_INFO|[EXTERNAL]|0053X00000AtM0M|khrystynych.vasyl@ctdevlviv.stud|(GMT+00:00) Irish Standard Time (Europe/Dublin)|GMTZ
14:05:40.33 (33893729)|EXECUTION_STARTED
14:05:40.33 (33926779)|CODE_UNIT_STARTED|[EXTERNAL]|execute_anonymous_apex
14:05:40.33 (34322699)|HEAP_ALLOCATE|[79]|Bytes:3
14:05:40.33 (34407038)|HEAP_ALLOCATE|[84]|Bytes:152
14:05:40.33 (34424596)|HEAP_ALLOCATE|[399]|Bytes:408
14:05:40.33 (34440108)|HEAP_ALLOCATE|[412]|Bytes:408
14:05:40.33 (34453533)|HEAP_ALLOCATE|[520]|Bytes:48
14:05:40.33 (34495170)|HEAP_ALLOCATE|[139]|Bytes:6
14:05:40.33 (34521889)|HEAP_ALLOCATE|[EXTERNAL]|Bytes:1
14:05:40.33 (34649149)|STATEMENT_EXECUTE|[1]
14:05:40.33 (34655166)|STATEMENT_EXECUTE|[1]
14:05:40.33 (34756048)|HEAP_ALLOCATE|[1]|Bytes:4
14:05:40.33 (34893274)|HEAP_ALLOCATE|[1]|Bytes:4
14:05:40.33 (35106498)|VARIABLE_ASSIGNMENT|[1]|this.Name|"test"|0x69f41c67
14:05:40.33 (35118175)|HEAP_ALLOCATE|[1]|Bytes:18
14:05:40.33 (35140015)|HEAP_ALLOCATE|[1]|Bytes:4
14:05:40.33 (35203742)|VARIABLE_ASSIGNMENT|[1]|this.customer__c|"a003X0000132mlIQAQ"|0x69f41c67
14:05:40.33 (35211651)|HEAP_ALLOCATE|[1]|Bytes:9
14:05:40.33 (35234767)|VARIABLE_ASSIGNMENT|[1]|this.Additional_Information__c|"test text"|0x69f41c67
14:05:40.33 (35299615)|HEAP_ALLOCATE|[52]|Bytes:5
14:05:40.33 (35349362)|HEAP_ALLOCATE|[58]|Bytes:5
14:05:40.33 (35359258)|HEAP_ALLOCATE|[66]|Bytes:7
14:05:40.33 (35436513)|HEAP_ALLOCATE|[1]|Bytes:8
14:05:40.33 (35500405)|DML_BEGIN|[1]|Op:Insert|Type:myorder__c|Rows:1
14:05:40.33 (35581178)|HEAP_ALLOCATE|[EXTERNAL]|Bytes:8
14:05:40.33 (92299479)|CODE_UNIT_STARTED|[EXTERNAL]|01q3X0000018STF|myOrderTrigger on myorder trigger event AfterInsert|__sfdc_trigger/myOrderTrigger
14:05:40.33 (92372812)|HEAP_ALLOCATE|[EXTERNAL]|Bytes:8
14:05:40.33 (92634538)|HEAP_ALLOCATE|[EXTERNAL]|Bytes:4
14:05:40.33 (92693162)|VARIABLE_SCOPE_BEGIN|[1]|this|myOrderTrigger|true|false
14:05:40.33 (92769417)|VARIABLE_ASSIGNMENT|[1]|this|{}|0x3fed813
14:05:40.33 (92823581)|HEAP_ALLOCATE|[EXTERNAL]|Bytes:4
14:05:40.33 (92838217)|VARIABLE_SCOPE_BEGIN|[1]|this|myOrderTrigger|true|false
14:05:40.33 (92851965)|VARIABLE_ASSIGNMENT|[1]|this|{}|0x3fed813
14:05:40.33 (92860422)|STATEMENT_EXECUTE|[1]
14:05:40.33 (92863448)|STATEMENT_EXECUTE|[2]
14:05:40.33 (98033179)|VARIABLE_SCOPE_BEGIN|[10]|HandlerExecutionPool.instance|HandlerExecutionPool|true|true
14:05:40.33 (98138367)|HEAP_ALLOCATE|[2]|Bytes:31
14:05:40.33 (98156296)|HEAP_ALLOCATE|[2]|Bytes:8
14:05:40.33 (98297080)|METHOD_ENTRY|[8]|01p3X00000DVhaf|HandlerExecutionPool.HandlerExecutionPool()
14:05:40.33 (98310298)|STATEMENT_EXECUTE|[8]
14:05:40.33 (98328202)|STATEMENT_EXECUTE|[8]
14:05:40.33 (98859499)|SYSTEM_MODE_ENTER|false
14:05:40.33 (98899905)|HEAP_ALLOCATE|[2]|Bytes:5
14:05:40.33 (98910147)|STATEMENT_EXECUTE|[60]
14:05:40.33 (98912851)|STATEMENT_EXECUTE|[172]
14:05:40.33 (98927318)|SYSTEM_MODE_EXIT|false
14:05:40.33 (98982751)|METHOD_EXIT|[8]|HandlerExecutionPool
14:05:40.33 (99052341)|METHOD_ENTRY|[2]|01p3X00000DVhaf|HandlerExecutionPool.getInstance()
14:05:40.33 (99139287)|SYSTEM_MODE_ENTER|false
14:05:40.33 (99148981)|HEAP_ALLOCATE|[25]|Bytes:5
14:05:40.33 (99156650)|STATEMENT_EXECUTE|[24]
14:05:40.33 (99162499)|STATEMENT_EXECUTE|[25]
14:05:40.33 (99164861)|STATEMENT_EXECUTE|[26]
14:05:40.33 (99783520)|HEAP_ALLOCATE|[26]|Bytes:8
14:05:40.33 (99833468)|CONSTRUCTOR_ENTRY|[26]|01p3X00000DVhaf|<init>()|HandlerExecutionPool
14:05:40.33 (99951483)|VARIABLE_SCOPE_BEGIN|[13]|this|HandlerExecutionPool|true|false
14:05:40.33 (100040775)|VARIABLE_ASSIGNMENT|[13]|this|{}|0x63a3560c
14:05:40.33 (100057162)|HEAP_ALLOCATE|[14]|Bytes:5
14:05:40.33 (100063549)|STATEMENT_EXECUTE|[8]
14:05:40.33 (100067412)|HEAP_ALLOCATE|[14]|Bytes:5
14:05:40.33 (100071390)|STATEMENT_EXECUTE|[11]
14:05:40.33 (100089528)|HEAP_ALLOCATE|[14]|Bytes:6
14:05:40.33 (101007389)|STATEMENT_EXECUTE|[13]
14:05:40.33 (101011971)|STATEMENT_EXECUTE|[14]
14:05:40.33 (101033359)|HEAP_ALLOCATE|[14]|Bytes:4
14:05:40.33 (101149157)|VARIABLE_ASSIGNMENT|[14]|this.handlerPool|{}|0x63a3560c
14:05:40.33 (101183347)|CONSTRUCTOR_EXIT|[26]|01p3X00000DVhaf|<init>()|HandlerExecutionPool
14:05:40.33 (101229540)|VARIABLE_ASSIGNMENT|[26]|HandlerExecutionPool.instance|{"handlerPool":"0x286b869"}|0x63a3560c
14:05:40.33 (101236551)|STATEMENT_EXECUTE|[28]
14:05:40.33 (101248917)|SYSTEM_MODE_EXIT|false
14:05:40.33 (101283063)|METHOD_EXIT|[2]|01p3X00000DVhaf|HandlerExecutionPool.getInstance()
14:05:40.33 (101296725)|HEAP_ALLOCATE|[2]|Bytes:36
14:05:40.33 (101371890)|HEAP_ALLOCATE|[2]|Bytes:30
14:05:40.33 (101413612)|SYSTEM_METHOD_ENTRY|[1]|Type.Type()
14:05:40.33 (101419069)|STATEMENT_EXECUTE|[1]
14:05:40.33 (101433944)|SYSTEM_METHOD_EXIT|[1]|Type
14:05:40.33 (101443140)|HEAP_ALLOCATE|[2]|Bytes:8
14:05:40.33 (101472887)|HEAP_ALLOCATE|[2]|Bytes:8
14:05:40.33 (101482255)|VARIABLE_SCOPE_BEGIN|[4]|this|System.Type|true|false
14:05:40.33 (101518029)|VARIABLE_ASSIGNMENT|[4]|this|{}|0x273a929
14:05:40.33 (101525203)|VARIABLE_SCOPE_BEGIN|[4]|apextype|java:common.apex.runtime.ApexObjectType|true|false
14:05:40.33 (101991299)|VARIABLE_ASSIGNMENT|[4]|apextype|"myorder__c"|0x7b198c5d
14:05:40.33 (102045868)|HEAP_ALLOCATE|[2]|Bytes:8
14:05:40.33 (102091230)|METHOD_ENTRY|[2]|01p3X00000DVhaf|HandlerExecutionPool.getHandler(System.Type)
14:05:40.33 (102110790)|VARIABLE_SCOPE_BEGIN|[41]|this|HandlerExecutionPool|true|false
14:05:40.33 (102137746)|VARIABLE_ASSIGNMENT|[41]|this|{"handlerPool":"0x286b869"}|0x63a3560c
14:05:40.33 (102145218)|VARIABLE_SCOPE_BEGIN|[41]|typeName|System.Type|true|false
14:05:40.33 (102159982)|VARIABLE_ASSIGNMENT|[41]|typeName|{"aot":"0x7b198c5d"}|0x273a929
14:05:40.33 (102179614)|SYSTEM_MODE_ENTER|false
14:05:40.33 (102192243)|HEAP_ALLOCATE|[42]|Bytes:5
14:05:40.33 (102197600)|STATEMENT_EXECUTE|[41]
14:05:40.33 (102200107)|STATEMENT_EXECUTE|[42]
14:05:40.33 (102357509)|VARIABLE_SCOPE_BEGIN|[42]|executor|HandlerExecutionPool.HandlerExecutor|true|false
14:05:40.33 (102375262)|VARIABLE_ASSIGNMENT|[42]|executor|null|
14:05:40.33 (102381439)|STATEMENT_EXECUTE|[43]
14:05:40.33 (102383981)|STATEMENT_EXECUTE|[44]
14:05:40.33 (102390672)|HEAP_ALLOCATE|[44]|Bytes:16
14:05:40.33 (102396980)|HEAP_ALLOCATE|[44]|Bytes:11
14:05:40.33 (185572854)|HEAP_ALLOCATE|[44]|Bytes:12
14:05:40.33 (185663385)|CONSTRUCTOR_ENTRY|[44]|01p3X00000DVhaf|<init>(System.Type)|HandlerExecutionPool.HandlerExecutor
14:05:40.33 (185738684)|VARIABLE_SCOPE_BEGIN|[65]|this|HandlerExecutionPool.HandlerExecutor|true|false
14:05:40.33 (185805146)|VARIABLE_ASSIGNMENT|[65]|this|{}|0x24e78b8b
14:05:40.33 (185821224)|VARIABLE_SCOPE_BEGIN|[65]|typeName|System.Type|true|false
14:05:40.33 (185855283)|VARIABLE_ASSIGNMENT|[65]|typeName|{"aot":"0x7b198c5d"}|0x273a929
14:05:40.33 (185867842)|STATEMENT_EXECUTE|[60]
14:05:40.33 (185871665)|STATEMENT_EXECUTE|[62]
14:05:40.33 (185875417)|STATEMENT_EXECUTE|[63]
14:05:40.33 (185911673)|STATEMENT_EXECUTE|[65]
14:05:40.33 (185914960)|STATEMENT_EXECUTE|[66]
14:05:40.33 (185928016)|VARIABLE_ASSIGNMENT|[66]|this.typeName|0x273a929|0x24e78b8b
14:05:40.33 (185950116)|CONSTRUCTOR_EXIT|[44]|01p3X00000DVhaf|<init>(System.Type)|HandlerExecutionPool.HandlerExecutor
14:05:40.33 (185976351)|VARIABLE_ASSIGNMENT|[44]|executor|{"typeName":"0x273a929"}|0x24e78b8b
14:05:40.33 (185984798)|STATEMENT_EXECUTE|[45]
14:05:40.33 (186202183)|HEAP_ALLOCATE|[EXTERNAL]|Bytes:-4
14:05:40.33 (186232452)|STATEMENT_EXECUTE|[47]
14:05:40.33 (186252416)|SYSTEM_MODE_EXIT|false
14:05:40.33 (186285154)|METHOD_EXIT|[2]|01p3X00000DVhaf|HandlerExecutionPool.getHandler(System.Type)
14:05:40.33 (186342604)|METHOD_ENTRY|[2]|01p3X00000DVhaf|HandlerExecutionPool.HandlerExecutor.execute()
14:05:40.33 (186361049)|VARIABLE_SCOPE_BEGIN|[76]|this|HandlerExecutionPool.HandlerExecutor|true|false
14:05:40.33 (186398471)|VARIABLE_ASSIGNMENT|[76]|this|{"typeName":"0x273a929"}|0x24e78b8b
14:05:40.33 (186409857)|STATEMENT_EXECUTE|[76]
14:05:40.33 (186413181)|STATEMENT_EXECUTE|[77]
14:05:40.33 (186430445)|METHOD_ENTRY|[77]|01p3X00000DVhaf|HandlerExecutionPool.HandlerExecutor.getActiveHandlers()
14:05:40.33 (186488342)|VARIABLE_SCOPE_BEGIN|[95]|this|HandlerExecutionPool.HandlerExecutor|true|false
14:05:40.33 (186514745)|VARIABLE_ASSIGNMENT|[95]|this|{"typeName":"0x273a929"}|0x24e78b8b
14:05:40.33 (186525872)|STATEMENT_EXECUTE|[95]
14:05:40.33 (186528997)|STATEMENT_EXECUTE|[96]
14:05:40.33 (187050274)|HEAP_ALLOCATE|[96]|Bytes:11
14:05:40.33 (187208455)|HEAP_ALLOCATE|[96]|Bytes:8
14:05:40.33 (187252541)|CONSTRUCTOR_ENTRY|[96]|01p3X00000DVhaf|<init>(System.Type)|HandlerExecutionPool.MetadataHandler
14:05:40.33 (187335439)|VARIABLE_SCOPE_BEGIN|[176]|this|HandlerExecutionPool.MetadataHandler|true|false
14:05:40.33 (187370372)|VARIABLE_ASSIGNMENT|[176]|this|{}|0x3296c3c5
14:05:40.33 (187382326)|VARIABLE_SCOPE_BEGIN|[176]|typeName|System.Type|true|false
14:05:40.33 (187410281)|VARIABLE_ASSIGNMENT|[176]|typeName|{"aot":"0x7b198c5d"}|0x273a929
14:05:40.33 (187421371)|STATEMENT_EXECUTE|[172]
14:05:40.33 (187424776)|STATEMENT_EXECUTE|[174]
14:05:40.33 (187452402)|STATEMENT_EXECUTE|[176]
14:05:40.33 (187455789)|STATEMENT_EXECUTE|[177]
14:05:40.33 (187503242)|METHOD_ENTRY|[177]|01p3X00000DVhaf|HandlerExecutionPool.MetadataHandler.readHandlersMetadata(System.Type)
14:05:40.33 (187545731)|VARIABLE_SCOPE_BEGIN|[184]|this|HandlerExecutionPool.MetadataHandler|true|false
14:05:40.33 (187565818)|VARIABLE_ASSIGNMENT|[184]|this|{}|0x3296c3c5
14:05:40.33 (187576494)|VARIABLE_SCOPE_BEGIN|[184]|typeName|System.Type|true|false
14:05:40.33 (187604932)|VARIABLE_ASSIGNMENT|[184]|typeName|{"aot":"0x7b198c5d"}|0x273a929
14:05:40.33 (187615966)|STATEMENT_EXECUTE|[184]
14:05:40.33 (187619135)|STATEMENT_EXECUTE|[185]
14:05:40.33 (187626897)|HEAP_ALLOCATE|[185]|Bytes:199
14:05:40.33 (187667036)|HEAP_ALLOCATE|[185]|Bytes:4
14:05:40.33 (203266986)|SOQL_EXECUTE_BEGIN|[185]|Aggregations:0|SELECT Id, NamespacePrefix, Class_Name__c, Other_Object_API_Name__c, Object_Name__r.QualifiedAPIName FROM Trigger_Dependency__mdt WHERE Is_Active__c = TRUE ORDER BY Execution_Order__c ASC NULLS FIRST
14:05:40.33 (223697102)|SOQL_EXECUTE_END|[185]|Rows:1
14:05:40.33 (223751866)|HEAP_ALLOCATE|[185]|Bytes:8
14:05:40.33 (223781685)|HEAP_ALLOCATE|[185]|Bytes:202
14:05:40.33 (223819500)|HEAP_ALLOCATE|[185]|Bytes:8
14:05:40.33 (223840512)|VARIABLE_SCOPE_BEGIN|[185]|triggerDependencies|List<Trigger_Dependency__mdt>|true|false
14:05:40.33 (223918637)|VARIABLE_ASSIGNMENT|[185]|triggerDependencies|[{"Id":"m003X0000009oReQAI","Class_Name__c":"MyOrderEmailService","Object_Name__c":"01I3X000001p4fD","Object_Name__r":{"Id":"000000000000000AAA","DurableId":"01I3X000001p4fD","QualifiedApiName":"myorder__c"}}]|0x70d723af
14:05:40.33 (223929026)|STATEMENT_EXECUTE|[195]
14:05:40.33 (223942092)|HEAP_ALLOCATE|[195]|Bytes:4
14:05:40.33 (224025038)|VARIABLE_SCOPE_BEGIN|[195]|result|List<Trigger_Dependency__mdt>|true|false
14:05:40.33 (224037001)|HEAP_ALLOCATE|[EXTERNAL]|Bytes:4
14:05:40.33 (224047075)|VARIABLE_ASSIGNMENT|[195]|result|[]|0x2bdfffa9
14:05:40.33 (224053410)|STATEMENT_EXECUTE|[196]
14:05:40.33 (224102598)|METHOD_ENTRY|[196]||System.Type.toString()
14:05:40.33 (224186882)|METHOD_EXIT|[196]||System.Type.toString()
14:05:40.33 (224195986)|VARIABLE_SCOPE_BEGIN|[196]|typeNameString|String|false|false
14:05:40.33 (224209388)|VARIABLE_ASSIGNMENT|[196]|typeNameString|"myorder__c"
14:05:40.33 (224397631)|HEAP_ALLOCATE|[197]|Bytes:5
14:05:40.33 (224451162)|HEAP_ALLOCATE|[197]|Bytes:20
14:05:40.33 (224462991)|VARIABLE_SCOPE_BEGIN|[197]|dependency|Trigger_Dependency__mdt|true|false
14:05:40.33 (224499828)|VARIABLE_ASSIGNMENT|[197]|dependency|{"Id":"m003X0000009oReQAI","Class_Name__c":"MyOrderEmailService","Object_Name__c":"01I3X000001p4fD","Object_Name__r":{"Id":"000000000000000AAA","DurableId":"01I3X000001p4fD","QualifiedApiName":"myorder__c"}}|0x35f171df
14:05:40.33 (224510916)|STATEMENT_EXECUTE|[197]
14:05:40.33 (224663160)|STATEMENT_EXECUTE|[199]
14:05:40.33 (224666071)|STATEMENT_EXECUTE|[200]
14:05:40.33 (224718056)|HEAP_ALLOCATE|[EXTERNAL]|Bytes:4
14:05:40.33 (224768970)|HEAP_ALLOCATE|[197]|Bytes:5
14:05:40.33 (224789462)|VARIABLE_ASSIGNMENT|[197]|dependency|null|
14:05:40.33 (224796513)|STATEMENT_EXECUTE|[203]
14:05:40.33 (224807336)|METHOD_EXIT|[177]|01p3X00000DVhaf|HandlerExecutionPool.MetadataHandler.readHandlersMetadata(System.Type)
14:05:40.33 (224845563)|VARIABLE_ASSIGNMENT|[177]|this.handlersMeta|[{"Id":"m003X0000009oReQAI","Class_Name__c":"MyOrderEmailService","Object_Name__c":"01I3X000001p4fD","Object_Name__r":{"Id":"000000000000000AAA","DurableId":"01I3X000001p4fD","QualifiedApiName":"myorder__c"}}]|0x3296c3c5
14:05:40.33 (224868743)|CONSTRUCTOR_EXIT|[96]|01p3X00000DVhaf|<init>(System.Type)|HandlerExecutionPool.MetadataHandler
14:05:40.33 (224879110)|VARIABLE_SCOPE_BEGIN|[96]|metadataHandler|HandlerExecutionPool.MetadataHandler|true|false
14:05:40.33 (224908735)|VARIABLE_ASSIGNMENT|[96]|metadataHandler|{"handlersMeta":"0x2bdfffa9"}|0x3296c3c5
14:05:40.33 (224915211)|STATEMENT_EXECUTE|[97]
14:05:40.33 (224929388)|HEAP_ALLOCATE|[97]|Bytes:4
14:05:40.33 (224988187)|VARIABLE_SCOPE_BEGIN|[97]|handlers|List<Handler>|true|false
14:05:40.33 (225010535)|HEAP_ALLOCATE|[EXTERNAL]|Bytes:4
14:05:40.33 (225024126)|VARIABLE_ASSIGNMENT|[97]|handlers|[]|0x6107f27f
14:05:40.33 (225046329)|METHOD_ENTRY|[98]|01p3X00000DVhaf|HandlerExecutionPool.MetadataHandler.getMeta()
14:05:40.33 (225072453)|VARIABLE_SCOPE_BEGIN|[180]|this|HandlerExecutionPool.MetadataHandler|true|false
14:05:40.33 (225100704)|VARIABLE_ASSIGNMENT|[180]|this|{"handlersMeta":"0x2bdfffa9"}|0x3296c3c5
14:05:40.33 (225108876)|STATEMENT_EXECUTE|[180]
14:05:40.33 (225111747)|STATEMENT_EXECUTE|[181]
14:05:40.33 (225120083)|METHOD_EXIT|[98]|01p3X00000DVhaf|HandlerExecutionPool.MetadataHandler.getMeta()
14:05:40.33 (225151097)|HEAP_ALLOCATE|[98]|Bytes:5
14:05:40.33 (225168882)|HEAP_ALLOCATE|[98]|Bytes:20
14:05:40.33 (225177755)|VARIABLE_SCOPE_BEGIN|[98]|handlerMeta|Trigger_Dependency__mdt|true|false
14:05:40.33 (225201823)|VARIABLE_ASSIGNMENT|[98]|handlerMeta|{"Id":"m003X0000009oReQAI","Class_Name__c":"MyOrderEmailService","Object_Name__c":"01I3X000001p4fD","Object_Name__r":{"Id":"000000000000000AAA","DurableId":"01I3X000001p4fD","QualifiedApiName":"myorder__c"}}|0x35f171df
14:05:40.33 (225209929)|STATEMENT_EXECUTE|[98]
14:05:40.33 (225212418)|STATEMENT_EXECUTE|[99]
14:05:40.33 (225270165)|METHOD_ENTRY|[99]||System.Type.forName(String, String)
14:05:40.33 (265832751)|METHOD_EXIT|[99]||System.Type.forName(String, String)
14:05:40.33 (265866333)|VARIABLE_SCOPE_BEGIN|[99]|handlerType|System.Type|true|false
14:05:40.33 (265928424)|VARIABLE_ASSIGNMENT|[99]|handlerType|{"aot":"0x73568208"}|0x531115cf
14:05:40.33 (265941854)|STATEMENT_EXECUTE|[100]
14:05:40.33 (265946781)|STATEMENT_EXECUTE|[104]
14:05:40.33 (265971177)|METHOD_ENTRY|[104]||System.Type.newInstance()
14:05:40.33 (266286836)|METHOD_ENTRY|[1]|01p3X00000DVjDo|MyOrderEmailService.MyOrderEmailService()
14:05:40.33 (266302957)|STATEMENT_EXECUTE|[1]
14:05:40.33 (266309252)|STATEMENT_EXECUTE|[1]
14:05:40.33 (266856675)|SYSTEM_MODE_ENTER|false
14:05:40.33 (266882773)|HEAP_ALLOCATE|[42]|Bytes:5
14:05:40.33 (266895668)|STATEMENT_EXECUTE|[9]
14:05:40.33 (266898440)|STATEMENT_EXECUTE|[72]
14:05:40.33 (266900816)|STATEMENT_EXECUTE|[112]
14:05:40.33 (266907416)|SYSTEM_MODE_EXIT|false
14:05:40.33 (266925957)|METHOD_EXIT|[1]|MyOrderEmailService
14:05:40.33 (266948911)|HEAP_ALLOCATE|[42]|Bytes:8
14:05:40.33 (266969566)|VARIABLE_SCOPE_BEGIN|[1]|this|MyOrderEmailService|true|false
14:05:40.33 (267012935)|VARIABLE_ASSIGNMENT|[1]|this|{}|0x5390868d
14:05:40.33 (267028531)|SYSTEM_MODE_ENTER|false
14:05:40.33 (267041905)|HEAP_ALLOCATE|[42]|Bytes:5
14:05:40.33 (267057943)|HEAP_ALLOCATE|[42]|Bytes:14
14:05:40.33 (267065173)|HEAP_ALLOCATE|[42]|Bytes:63
14:05:40.33 (267111866)|METHOD_ENTRY|[10]|01p3X00000DVhae|Handler.Handler()
14:05:40.33 (267117528)|STATEMENT_EXECUTE|[10]
14:05:40.33 (267121357)|STATEMENT_EXECUTE|[10]
14:05:40.33 (267126022)|HEAP_ALLOCATE|[42]|Bytes:5
14:05:40.33 (267130509)|STATEMENT_EXECUTE|[238]
14:05:40.33 (267139515)|METHOD_EXIT|[10]|Handler
14:05:40.33 (267153531)|CONSTRUCTOR_ENTRY|[EXTERNAL]|01p3X00000DVhae|<init>()|Handler
14:05:40.33 (267175854)|VARIABLE_SCOPE_BEGIN|[14]|this|Handler|true|false
14:05:40.33 (267208076)|VARIABLE_ASSIGNMENT|[14]|this|{}|0x5390868d
14:05:40.33 (267223814)|HEAP_ALLOCATE|[42]|Bytes:5
14:05:40.33 (267231450)|STATEMENT_EXECUTE|[10]
14:05:40.33 (267236338)|HEAP_ALLOCATE|[42]|Bytes:5
14:05:40.33 (267242136)|STATEMENT_EXECUTE|[12]
14:05:40.33 (267273318)|STATEMENT_EXECUTE|[14]
14:05:40.33 (267326725)|CONSTRUCTOR_EXIT|[EXTERNAL]|01p3X00000DVhae|<init>()|Handler
14:05:40.33 (267344568)|SYSTEM_MODE_EXIT|false
14:05:40.33 (267357911)|STATEMENT_EXECUTE|[1]
14:05:40.33 (267367696)|SYSTEM_MODE_ENTER|false
14:05:40.33 (267376986)|HEAP_ALLOCATE|[42]|Bytes:5
14:05:40.33 (267385654)|SYSTEM_MODE_EXIT|false
14:05:40.33 (267421525)|METHOD_EXIT|[104]||System.Type.newInstance()
14:05:40.33 (267445603)|VARIABLE_SCOPE_BEGIN|[104]|handler|Handler|true|false
14:05:40.33 (267474071)|VARIABLE_ASSIGNMENT|[104]|handler|{}|0x5390868d
14:05:40.33 (267483585)|STATEMENT_EXECUTE|[105]
14:05:40.33 (267560483)|METHOD_ENTRY|[105]|01p3X00000DVhae|Handler.setSobjectType(System.Type)
14:05:40.33 (267620651)|VARIABLE_SCOPE_BEGIN|[205]|this|Handler|true|false
14:05:40.33 (267650844)|VARIABLE_ASSIGNMENT|[205]|this|{}|0x5390868d
14:05:40.33 (267663213)|VARIABLE_SCOPE_BEGIN|[205]|typeName|System.Type|true|false
14:05:40.33 (267694601)|VARIABLE_ASSIGNMENT|[205]|typeName|{"aot":"0x7b198c5d"}|0x273a929
14:05:40.33 (267714385)|SYSTEM_MODE_ENTER|false
14:05:40.33 (267727403)|HEAP_ALLOCATE|[206]|Bytes:5
14:05:40.33 (267734783)|STATEMENT_EXECUTE|[205]
14:05:40.33 (267737337)|STATEMENT_EXECUTE|[206]
14:05:40.33 (267748094)|SYSTEM_MODE_EXIT|false
14:05:40.33 (267761189)|METHOD_EXIT|[105]|01p3X00000DVhae|Handler.setSobjectType(System.Type)
14:05:40.33 (267774632)|STATEMENT_EXECUTE|[106]
14:05:40.33 (267847168)|HEAP_ALLOCATE|[EXTERNAL]|Bytes:4
14:05:40.33 (267874788)|HEAP_ALLOCATE|[98]|Bytes:5
14:05:40.33 (267902726)|VARIABLE_ASSIGNMENT|[98]|handlerMeta|null|
14:05:40.33 (267909193)|STATEMENT_EXECUTE|[108]
14:05:40.33 (267916133)|METHOD_EXIT|[77]|01p3X00000DVhaf|HandlerExecutionPool.HandlerExecutor.getActiveHandlers()
14:05:40.33 (267947192)|VARIABLE_ASSIGNMENT|[77]|this.activeHandlers|[{"typeName":"0x273a929"}]|0x24e78b8b
14:05:40.33 (268099943)|HEAP_ALLOCATE|[78]|Bytes:5
14:05:40.33 (268117177)|HEAP_ALLOCATE|[78]|Bytes:8
14:05:40.33 (268137076)|VARIABLE_SCOPE_BEGIN|[78]|handler|Handler|true|false
14:05:40.33 (268159852)|VARIABLE_ASSIGNMENT|[78]|handler|{"typeName":"0x273a929"}|0x5390868d
14:05:40.33 (268166873)|STATEMENT_EXECUTE|[78]
14:05:40.33 (268169471)|STATEMENT_EXECUTE|[79]
14:05:40.33 (268188695)|METHOD_ENTRY|[79]|01p3X00000DVhaf|HandlerExecutionPool.HandlerExecutor.executeHandler(Handler)
14:05:40.33 (268216636)|VARIABLE_SCOPE_BEGIN|[119]|this|HandlerExecutionPool.HandlerExecutor|true|false
14:05:40.33 (268238951)|VARIABLE_ASSIGNMENT|[119]|this|{"activeHandlers":"0x6107f27f","typeName":"0x273a929"}|0x24e78b8b
14:05:40.33 (268246533)|VARIABLE_SCOPE_BEGIN|[119]|handler|Handler|true|false
14:05:40.33 (268260960)|VARIABLE_ASSIGNMENT|[119]|handler|{"typeName":"0x273a929"}|0x5390868d
14:05:40.33 (268269020)|STATEMENT_EXECUTE|[119]
14:05:40.33 (268271508)|STATEMENT_EXECUTE|[120]
14:05:40.33 (271012833)|HEAP_ALLOCATE|[121]|Bytes:12
14:05:40.33 (271427130)|STATEMENT_EXECUTE|[130]
14:05:40.33 (271434364)|STATEMENT_EXECUTE|[131]
14:05:40.33 (271469030)|METHOD_ENTRY|[131]|01p3X00000DVhae|Handler.afterInsert()
14:05:40.33 (271544021)|VARIABLE_SCOPE_BEGIN|[147]|this|Handler|true|false
14:05:40.33 (271600362)|VARIABLE_ASSIGNMENT|[147]|this|{"typeName":"0x273a929"}|0x5390868d
14:05:40.33 (271634457)|SYSTEM_MODE_ENTER|false
14:05:40.33 (271661840)|HEAP_ALLOCATE|[148]|Bytes:5
14:05:40.33 (271670694)|STATEMENT_EXECUTE|[147]
14:05:40.33 (271674011)|STATEMENT_EXECUTE|[148]
14:05:40.33 (272176182)|HEAP_ALLOCATE|[148]|Bytes:3
14:05:40.33 (272228541)|HEAP_ALLOCATE|[148]|Bytes:28
14:05:40.33 (272266982)|CONSTRUCTOR_ENTRY|[148]|01p3X00000DVhae|<init>()|Handler.TriggerContext
14:05:40.33 (272403035)|VARIABLE_SCOPE_BEGIN|[247]|this|Handler.TriggerContext|true|false
14:05:40.33 (272467304)|VARIABLE_ASSIGNMENT|[247]|this|{}|0x7f5e0751
14:05:40.33 (272479912)|STATEMENT_EXECUTE|[238]
14:05:40.33 (272483740)|STATEMENT_EXECUTE|[240]
14:05:40.33 (272486988)|STATEMENT_EXECUTE|[241]
14:05:40.33 (272491634)|STATEMENT_EXECUTE|[242]
14:05:40.33 (272494810)|STATEMENT_EXECUTE|[243]
14:05:40.33 (272497842)|STATEMENT_EXECUTE|[244]
14:05:40.33 (272500788)|STATEMENT_EXECUTE|[245]
14:05:40.33 (272537094)|STATEMENT_EXECUTE|[247]
14:05:40.33 (272540140)|STATEMENT_EXECUTE|[248]
14:05:40.33 (273107066)|VARIABLE_ASSIGNMENT|[248]|this.newList|[{"LastModifiedDate":"2020-01-29T14:05:40.000Z","IsDeleted":false,"customer__c":"a003X0000132mlIQAQ","total_count__c":0,"Additional_Information__c":"test text","Name":"test","SystemModstamp":"2020-01-29T14:05:40.000Z","CreatedById":"0053X00000AtM0MQAV","CreatedDate":"2020-01-29T14:05:40.000Z","Id":"a013X00002RTpC1QAL","Status__c":false,"LastModifiedById":"0053X00000AtM0MQAV","order_price__c":0.00}]|0x7f5e0751
14:05:40.33 (273131524)|STATEMENT_EXECUTE|[249]
14:05:40.33 (273402438)|VARIABLE_ASSIGNMENT|[249]|this.newMap|{"a013X00002RTpC1QAL":{"LastModifiedDate":"2020-01-29T14:05:40.000Z","IsDeleted":false,"customer__c":"a003X0000132mlIQAQ","total_count__c":0,"Additional_Information__c":"test text","Name":"test","SystemModstamp":"2020-01-29T14:05:40.000Z","CreatedById":"0053X00000AtM0MQAV","CreatedDate":"2020-01-29T14:05:40.000Z","Id":"a013X00002RTpC1QAL","Status__c":false,"LastModifiedById":"0053X00000AtM0MQAV","order_price__c":0.00}}|0x7f5e0751
14:05:40.33 (273421186)|STATEMENT_EXECUTE|[250]
14:05:40.33 (273444684)|VARIABLE_ASSIGNMENT|[250]|this.oldList|null|0x7f5e0751
14:05:40.33 (273454500)|STATEMENT_EXECUTE|[251]
14:05:40.33 (273472380)|VARIABLE_ASSIGNMENT|[251]|this.oldMap|null|0x7f5e0751
14:05:40.33 (273480679)|STATEMENT_EXECUTE|[252]
14:05:40.33 (273499033)|HEAP_ALLOCATE|[252]|Bytes:4
14:05:40.33 (273512930)|VARIABLE_ASSIGNMENT|[252]|this.size|1|0x7f5e0751
14:05:40.33 (273520947)|STATEMENT_EXECUTE|[253]
14:05:40.33 (273712472)|HEAP_ALLOCATE|[252]|Bytes:12
14:05:40.33 (273754634)|VARIABLE_ASSIGNMENT|[253]|this.operationType|0x17a1de57|0x7f5e0751
14:05:40.33 (273777168)|CONSTRUCTOR_EXIT|[148]|01p3X00000DVhae|<init>()|Handler.TriggerContext
14:05:40.33 (273791194)|VARIABLE_SCOPE_BEGIN|[148]|context|Handler.TriggerContext|true|false
14:05:40.33 (273848400)|VARIABLE_ASSIGNMENT|[148]|context|{"newList":"0x2868b9e4","newMap":"0x3fb1127b","operationType":"0x17a1de57","size":1}|0x7f5e0751
14:05:40.33 (273865955)|STATEMENT_EXECUTE|[149]
14:05:40.33 (273901856)|METHOD_ENTRY|[149]|01p3X00000DVhae|Handler.logBeforeEventHandling(Handler.TriggerContext)
14:05:40.33 (273987571)|VARIABLE_SCOPE_BEGIN|[217]|this|Handler|true|false
14:05:40.33 (274019988)|VARIABLE_ASSIGNMENT|[217]|this|{"typeName":"0x273a929"}|0x5390868d
14:05:40.33 (274032254)|VARIABLE_SCOPE_BEGIN|[217]|context|Handler.TriggerContext|true|false
14:05:40.33 (274064180)|VARIABLE_ASSIGNMENT|[217]|context|{"newList":"0x2868b9e4","newMap":"0x3fb1127b","operationType":"0x17a1de57","size":1}|0x7f5e0751
14:05:40.33 (274094835)|HEAP_ALLOCATE|[EXTERNAL]|Bytes:5
14:05:40.33 (274103549)|STATEMENT_EXECUTE|[217]
14:05:40.33 (274121050)|METHOD_EXIT|[149]|01p3X00000DVhae|Handler.logBeforeEventHandling(Handler.TriggerContext)
14:05:40.33 (274132467)|STATEMENT_EXECUTE|[150]
14:05:40.33 (274176611)|METHOD_ENTRY|[150]|01p3X00000DVjDo|MyOrderEmailService.onAfterInsert(Handler.TriggerContext)
14:05:40.33 (274209456)|VARIABLE_SCOPE_BEGIN|[2]|this|MyOrderEmailService|true|false
14:05:40.33 (274261469)|VARIABLE_ASSIGNMENT|[2]|this|{"typeName":"0x273a929"}|0x5390868d
14:05:40.33 (274273253)|VARIABLE_SCOPE_BEGIN|[2]|context|Handler.TriggerContext|true|false
14:05:40.33 (274306132)|VARIABLE_ASSIGNMENT|[2]|context|{"newList":"0x2868b9e4","newMap":"0x3fb1127b","operationType":"0x17a1de57","size":1}|0x7f5e0751
14:05:40.33 (274323108)|HEAP_ALLOCATE|[3]|Bytes:5
14:05:40.33 (274330647)|STATEMENT_EXECUTE|[2]
14:05:40.33 (274333963)|STATEMENT_EXECUTE|[3]
14:05:40.33 (275610545)|HEAP_ALLOCATE|[3]|Bytes:7
14:05:40.33 (275652781)|HEAP_ALLOCATE|[3]|Bytes:8
14:05:40.33 (275689472)|CONSTRUCTOR_ENTRY|[3]|01p3X00000DVjDo|<init>()|MyOrderEmailService.OrderEmailTriggerHandler
14:05:40.33 (275769443)|VARIABLE_SCOPE_BEGIN|[113]|this|MyOrderEmailService.OrderEmailTriggerHandler|true|false
14:05:40.33 (275817188)|VARIABLE_ASSIGNMENT|[113]|this|{}|0x14804640
14:05:40.33 (275829896)|STATEMENT_EXECUTE|[112]
14:05:40.33 (275835463)|STATEMENT_EXECUTE|[114]
14:05:40.33 (275844761)|HEAP_ALLOCATE|[114]|Bytes:10
14:05:40.33 (275862372)|HEAP_ALLOCATE|[114]|Bytes:8
14:05:40.33 (275876086)|HEAP_ALLOCATE|[114]|Bytes:29
14:05:40.33 (275902125)|CONSTRUCTOR_ENTRY|[114]|01p3X00000DVjDo|<init>(String)|MyOrderEmailService.OrderEmailService
14:05:40.33 (275958826)|VARIABLE_SCOPE_BEGIN|[12]|this|MyOrderEmailService.OrderEmailService|true|false
14:05:40.33 (275985582)|VARIABLE_ASSIGNMENT|[12]|this|{}|0x14804640
14:05:40.33 (276012434)|VARIABLE_SCOPE_BEGIN|[12]|profileName|String|false|false
14:05:40.33 (276032936)|VARIABLE_ASSIGNMENT|[12]|profileName|"Shop Admin"
14:05:40.33 (276041136)|STATEMENT_EXECUTE|[9]
14:05:40.33 (276044493)|STATEMENT_EXECUTE|[10]
14:05:40.33 (276088567)|STATEMENT_EXECUTE|[12]
14:05:40.33 (276092150)|STATEMENT_EXECUTE|[13]
14:05:40.33 (276124359)|CONSTRUCTOR_EXIT|[114]|01p3X00000DVjDo|<init>(String)|MyOrderEmailService.OrderEmailService
14:05:40.33 (276135540)|STATEMENT_EXECUTE|[113]
14:05:40.33 (276141938)|CONSTRUCTOR_EXIT|[3]|01p3X00000DVjDo|<init>()|MyOrderEmailService.OrderEmailTriggerHandler
14:05:40.33 (276223827)|METHOD_ENTRY|[3]|01p3X00000DVjDo|MyOrderEmailService.OrderEmailTriggerHandler.sendEmailOnNewOrder(List<myorder__c>)
14:05:40.33 (276241724)|VARIABLE_SCOPE_BEGIN|[116]|this|MyOrderEmailService.OrderEmailTriggerHandler|true|false
14:05:40.33 (276272141)|VARIABLE_ASSIGNMENT|[116]|this|{"profileName":"Shop Admin"}|0x14804640
14:05:40.33 (276284603)|VARIABLE_SCOPE_BEGIN|[116]|newOrders|List<myorder__c>|true|false
14:05:40.33 (276565624)|VARIABLE_ASSIGNMENT|[116]|newOrders|[{"LastModifiedDate":"2020-01-29T14:05:40.000Z","IsDeleted":false,"customer__c":"a003X0000132mlIQAQ","total_count__c":0,"Additional_Information__c":"test text","Name":"test","SystemModstamp":"2020-01-29T14:05:40.000Z","CreatedById":"0053X00000AtM0MQAV","CreatedDate":"2020-01-29T14:05:40.000Z","Id":"a013X00002RTpC1QAL","Status__c":false,"LastModifiedById":"0053X00000AtM0MQAV","order_price__c":0.00}]|0x2868b9e4
14:05:40.33 (276586577)|STATEMENT_EXECUTE|[116]
14:05:40.33 (276590176)|STATEMENT_EXECUTE|[117]
14:05:40.33 (276619927)|HEAP_ALLOCATE|[117]|Bytes:4
14:05:40.33 (276683457)|VARIABLE_SCOPE_BEGIN|[117]|newOrderLetterSubjectList|List<String>|true|false
14:05:40.33 (276739264)|HEAP_ALLOCATE|[EXTERNAL]|Bytes:4
14:05:40.33 (276756962)|VARIABLE_ASSIGNMENT|[117]|newOrderLetterSubjectList|[]|0x2be3b1ed
14:05:40.33 (276766354)|STATEMENT_EXECUTE|[118]
14:05:40.33 (276777933)|HEAP_ALLOCATE|[118]|Bytes:4
14:05:40.33 (276807667)|VARIABLE_SCOPE_BEGIN|[118]|newOrderLetterBodyList|List<String>|true|false
14:05:40.33 (276832244)|HEAP_ALLOCATE|[EXTERNAL]|Bytes:4
14:05:40.33 (276844218)|VARIABLE_ASSIGNMENT|[118]|newOrderLetterBodyList|[]|0x6706ad87
14:05:40.33 (279038125)|HEAP_ALLOCATE|[120]|Bytes:5
14:05:40.33 (279111860)|VARIABLE_SCOPE_BEGIN|[120]|order|myorder__c|true|false
14:05:40.33 (279326882)|VARIABLE_ASSIGNMENT|[120]|order|{"LastModifiedDate":"2020-01-29T14:05:40.000Z","IsDeleted":false,"customer__c":"a003X0000132mlIQAQ","total_count__c":0,"Additional_Information__c":"test text","Name":"test","SystemModstamp":"2020-01-29T14:05:40.000Z","CreatedById":"0053X00000AtM0MQAV","CreatedDate":"2020-01-29T14:05:40.000Z","Id":"a013X00002RTpC1QAL","Status__c":false,"LastModifiedById":"0053X00000AtM0MQAV","order_price__c":0.00}|0x604aa16f
14:05:40.33 (279342271)|STATEMENT_EXECUTE|[120]
14:05:40.33 (279345195)|STATEMENT_EXECUTE|[121]
14:05:40.33 (279352543)|HEAP_ALLOCATE|[121]|Bytes:11
14:05:40.33 (279409321)|HEAP_ALLOCATE|[121]|Bytes:15
14:05:40.33 (279511482)|HEAP_ALLOCATE|[EXTERNAL]|Bytes:4
14:05:40.33 (279527054)|STATEMENT_EXECUTE|[122]
14:05:40.33 (279533246)|HEAP_ALLOCATE|[123]|Bytes:12
14:05:40.33 (279547981)|HEAP_ALLOCATE|[125]|Bytes:12
14:05:40.33 (279650966)|HEAP_ALLOCATE|[126]|Bytes:18
14:05:40.33 (279671337)|HEAP_ALLOCATE|[127]|Bytes:1
14:05:40.33 (279683609)|HEAP_ALLOCATE|[123]|Bytes:47
14:05:40.33 (279707537)|HEAP_ALLOCATE|[EXTERNAL]|Bytes:4
14:05:40.33 (279731957)|HEAP_ALLOCATE|[120]|Bytes:5
14:05:40.33 (279758507)|VARIABLE_ASSIGNMENT|[120]|order|null|
14:05:40.33 (279767998)|STATEMENT_EXECUTE|[131]
14:05:40.33 (279822453)|METHOD_ENTRY|[131]|01p3X00000DVjDo|MyOrderEmailService.OrderEmailService.sendEmailOnOrder(List<myorder__c>, List<String>, List<String>)
14:05:40.33 (279868524)|VARIABLE_SCOPE_BEGIN|[16]|this|MyOrderEmailService.OrderEmailService|true|false
14:05:40.33 (279916270)|VARIABLE_ASSIGNMENT|[16]|this|{"profileName":"Shop Admin"}|0x14804640
14:05:40.33 (279931114)|VARIABLE_SCOPE_BEGIN|[16]|orders|List<myorder__c>|true|false
14:05:40.33 (280148492)|VARIABLE_ASSIGNMENT|[16]|orders|[{"LastModifiedDate":"2020-01-29T14:05:40.000Z","IsDeleted":false,"customer__c":"a003X0000132mlIQAQ","total_count__c":0,"Additional_Information__c":"test text","Name":"test","SystemModstamp":"2020-01-29T14:05:40.000Z","CreatedById":"0053X00000AtM0MQAV","CreatedDate":"2020-01-29T14:05:40.000Z","Id":"a013X00002RTpC1QAL","Status__c":false,"LastModifiedById":"0053X00000AtM0MQAV","order_price__c":0.00}]|0x2868b9e4
14:05:40.33 (280174800)|VARIABLE_SCOPE_BEGIN|[16]|letterSubject|List<String>|true|false
14:05:40.33 (280198154)|VARIABLE_ASSIGNMENT|[16]|letterSubject|["New Order: test"]|0x2be3b1ed
14:05:40.33 (280209437)|VARIABLE_SCOPE_BEGIN|[16]|letterBody|List<String>|true|false
14:05:40.33 (280276884)|VARIABLE_ASSIGNMENT|[16]|letterBody|["Order Name: test; Or (27 more) ..."]|0x6706ad87
14:05:40.33 (280291920)|STATEMENT_EXECUTE|[20]
14:05:40.33 (280295431)|STATEMENT_EXECUTE|[21]
14:05:40.33 (280419492)|HEAP_ALLOCATE|[21]|Bytes:4
14:05:40.33 (280539937)|VARIABLE_SCOPE_BEGIN|[21]|mails|List<Messaging.SingleEmailMessage>|true|false
14:05:40.33 (280586651)|HEAP_ALLOCATE|[EXTERNAL]|Bytes:4
14:05:40.33 (280603265)|VARIABLE_ASSIGNMENT|[21]|mails|[]|0x48004fc5
14:05:40.33 (280612618)|STATEMENT_EXECUTE|[25]
14:05:40.33 (280619448)|HEAP_ALLOCATE|[25]|Bytes:20
14:05:40.33 (280638265)|HEAP_ALLOCATE|[25]|Bytes:30
14:05:40.33 (280719255)|USER_DEBUG|[25]|DEBUG|profile in method : Shop Admin
14:05:40.33 (280739079)|STATEMENT_EXECUTE|[26]
14:05:40.33 (280766809)|METHOD_ENTRY|[26]|01p3X00000DVjDo|MyOrderEmailService.OrderEmailService.getUserIdsByProfile(String)
14:05:40.33 (280801709)|VARIABLE_SCOPE_BEGIN|[51]|this|MyOrderEmailService.OrderEmailService|true|false
14:05:40.33 (280854431)|VARIABLE_ASSIGNMENT|[51]|this|{"profileName":"Shop Admin"}|0x14804640
14:05:40.33 (280867469)|VARIABLE_SCOPE_BEGIN|[51]|profileName|String|false|false
14:05:40.33 (280882058)|VARIABLE_ASSIGNMENT|[51]|profileName|"Shop Admin"
14:05:40.33 (280892031)|STATEMENT_EXECUTE|[51]
14:05:40.33 (280895468)|STATEMENT_EXECUTE|[52]
14:05:40.33 (280901716)|HEAP_ALLOCATE|[52]|Bytes:26
14:05:40.33 (280915007)|HEAP_ALLOCATE|[52]|Bytes:36
14:05:40.33 (280952267)|USER_DEBUG|[52]|DEBUG|profile in inner method : Shop Admin
14:05:40.33 (280968101)|STATEMENT_EXECUTE|[53]
14:05:40.33 (280972611)|HEAP_ALLOCATE|[53]|Bytes:96
14:05:40.33 (281001585)|HEAP_ALLOCATE|[53]|Bytes:4
14:05:40.33 (281502327)|SOQL_EXECUTE_BEGIN|[53]|Aggregations:0|SELECT Id, Email FROM User WHERE ProfileId IN (SELECT Id FROM Profile WHERE Name = 'Shop Admin')
14:05:40.33 (299029795)|SOQL_EXECUTE_END|[53]|Rows:1
14:05:40.33 (299102321)|HEAP_ALLOCATE|[53]|Bytes:8
14:05:40.33 (299129809)|HEAP_ALLOCATE|[53]|Bytes:61
14:05:40.33 (299253204)|HEAP_ALLOCATE|[53]|Bytes:8
14:05:40.33 (299316013)|VARIABLE_SCOPE_BEGIN|[53]|users|List<User>|true|false
14:05:40.33 (299366317)|VARIABLE_ASSIGNMENT|[53]|users|[{"Id":"0053X00000AtUkgQAF","Email":"vasyl.fear.k2@gmail. (3 more) ..."}]|0x6e1ec984
14:05:40.33 (299376902)|STATEMENT_EXECUTE|[63]
14:05:40.33 (299394276)|HEAP_ALLOCATE|[63]|Bytes:4
14:05:40.33 (299457511)|VARIABLE_SCOPE_BEGIN|[63]|result|List<String>|true|false
14:05:40.33 (299511145)|HEAP_ALLOCATE|[EXTERNAL]|Bytes:4
14:05:40.33 (299525549)|VARIABLE_ASSIGNMENT|[63]|result|[]|0x7b162734
14:05:40.33 (299796615)|HEAP_ALLOCATE|[64]|Bytes:5
14:05:40.33 (299877732)|HEAP_ALLOCATE|[64]|Bytes:12
14:05:40.33 (299897155)|VARIABLE_SCOPE_BEGIN|[64]|user|User|true|false
14:05:40.33 (299930773)|VARIABLE_ASSIGNMENT|[64]|user|{"Id":"0053X00000AtUkgQAF","Email":"vasyl.fear.k2@gmail. (3 more) ..."}|0x716e797c
14:05:40.33 (299941861)|STATEMENT_EXECUTE|[64]
14:05:40.33 (299946023)|STATEMENT_EXECUTE|[65]
14:05:40.33 (300042778)|HEAP_ALLOCATE|[EXTERNAL]|Bytes:4
14:05:40.33 (300067247)|HEAP_ALLOCATE|[64]|Bytes:5
14:05:40.33 (300094198)|VARIABLE_ASSIGNMENT|[64]|user|null|
14:05:40.33 (300100876)|STATEMENT_EXECUTE|[68]
14:05:40.33 (300111495)|METHOD_EXIT|[26]|01p3X00000DVjDo|MyOrderEmailService.OrderEmailService.getUserIdsByProfile(String)
14:05:40.33 (300172196)|USER_DEBUG|[26]|DEBUG|(vasyl.fear.k2@gmail.com)
14:05:40.33 (300185650)|STATEMENT_EXECUTE|[28]
14:05:40.33 (300191438)|HEAP_ALLOCATE|[29]|Bytes:14
14:05:40.33 (300319147)|HEAP_ALLOCATE|[30]|Bytes:1
14:05:40.33 (300332513)|HEAP_ALLOCATE|[31]|Bytes:20
14:05:40.33 (300365909)|HEAP_ALLOCATE|[32]|Bytes:2
14:05:40.33 (300385183)|HEAP_ALLOCATE|[33]|Bytes:8
14:05:40.33 (300402220)|HEAP_ALLOCATE|[29]|Bytes:45
14:05:40.33 (300435368)|USER_DEBUG|[28]|DEBUG|You have made 0 email calls out of 10 allowed
14:05:40.33 (300448938)|STATEMENT_EXECUTE|[35]
14:05:40.33 (300464663)|HEAP_ALLOCATE|[35]|Bytes:4
14:05:40.33 (300500324)|VARIABLE_SCOPE_BEGIN|[35]|recievers|List<String>|true|false
14:05:40.33 (300531456)|HEAP_ALLOCATE|[EXTERNAL]|Bytes:4
14:05:40.33 (300548092)|VARIABLE_ASSIGNMENT|[35]|recievers|[]|0x41d9eb57
14:05:40.33 (300558786)|STATEMENT_EXECUTE|[36]
14:05:40.33 (300564254)|HEAP_ALLOCATE|[36]|Bytes:23
14:05:40.33 (300606775)|HEAP_ALLOCATE|[EXTERNAL]|Bytes:4
14:05:40.33 (300619549)|STATEMENT_EXECUTE|[37]
14:05:40.33 (300624231)|HEAP_ALLOCATE|[37]|Bytes:27
14:05:40.33 (300652112)|HEAP_ALLOCATE|[EXTERNAL]|Bytes:4
14:05:40.33 (300663149)|STATEMENT_EXECUTE|[38]
14:05:40.33 (300707579)|USER_DEBUG|[38]|DEBUG|(vasyl.fear.k2@gmail.com, khrystynych.vasyl@gmail.com)
14:05:40.33 (300736012)|STATEMENT_EXECUTE|[40]
14:05:40.33 (300743314)|VARIABLE_SCOPE_BEGIN|[40]|i|Integer|false|false
14:05:40.33 (300752397)|HEAP_ALLOCATE|[40]|Bytes:4
14:05:40.33 (300764807)|VARIABLE_ASSIGNMENT|[40]|i|0
14:05:40.33 (300799452)|STATEMENT_EXECUTE|[40]
14:05:40.33 (300803035)|STATEMENT_EXECUTE|[41]
14:05:40.33 (300968057)|VARIABLE_SCOPE_BEGIN|[41]|mail|Messaging.SingleEmailMessage|true|false
14:05:40.33 (301306628)|VARIABLE_ASSIGNMENT|[41]|mail|"common.api.soap.wsdl.SingleEmailMessage@7a5a5a39"|0x74578576
14:05:40.33 (301336141)|STATEMENT_EXECUTE|[43]
14:05:40.33 (301492423)|STATEMENT_EXECUTE|[44]
14:05:40.33 (301512668)|HEAP_ALLOCATE|[44]|Bytes:15
14:05:40.33 (301627502)|STATEMENT_EXECUTE|[45]
14:05:40.33 (301637111)|HEAP_ALLOCATE|[45]|Bytes:47
14:05:40.33 (301648749)|HEAP_ALLOCATE|[45]|Bytes:14
14:05:40.33 (301665724)|HEAP_ALLOCATE|[45]|Bytes:61
14:05:40.33 (301712780)|STATEMENT_EXECUTE|[46]
14:05:40.33 (301796880)|HEAP_ALLOCATE|[EXTERNAL]|Bytes:4
14:05:40.33 (301817862)|HEAP_ALLOCATE|[40]|Bytes:4
14:05:40.33 (301858014)|VARIABLE_ASSIGNMENT|[40]|i|1
14:05:40.33 (301901667)|METHOD_EXIT|[131]|01p3X00000DVjDo|MyOrderEmailService.OrderEmailService.sendEmailOnOrder(List<myorder__c>, List<String>, List<String>)
14:05:40.33 (301917194)|METHOD_EXIT|[3]|01p3X00000DVjDo|MyOrderEmailService.OrderEmailTriggerHandler.sendEmailOnNewOrder(List<myorder__c>)
14:05:40.33 (301937712)|METHOD_EXIT|[150]|01p3X00000DVjDo|MyOrderEmailService.onAfterInsert(Handler.TriggerContext)
14:05:40.33 (301946253)|STATEMENT_EXECUTE|[151]
14:05:40.33 (301977001)|METHOD_ENTRY|[151]|01p3X00000DVhae|Handler.logAfterEventHandling(Handler.TriggerContext)
14:05:40.33 (302026217)|VARIABLE_SCOPE_BEGIN|[228]|this|Handler|true|false
14:05:40.33 (302089350)|VARIABLE_ASSIGNMENT|[228]|this|{"typeName":"0x273a929"}|0x5390868d
14:05:40.33 (302104027)|VARIABLE_SCOPE_BEGIN|[228]|context|Handler.TriggerContext|true|false
14:05:40.33 (302153801)|VARIABLE_ASSIGNMENT|[228]|context|{"newList":"0x2868b9e4","newMap":"0x3fb1127b","operationType":"0x17a1de57","size":1}|0x7f5e0751
14:05:40.33 (302200159)|HEAP_ALLOCATE|[EXTERNAL]|Bytes:5
14:05:40.33 (302210914)|STATEMENT_EXECUTE|[228]
14:05:40.33 (302226333)|METHOD_EXIT|[151]|01p3X00000DVhae|Handler.logAfterEventHandling(Handler.TriggerContext)
14:05:40.33 (302248782)|SYSTEM_MODE_EXIT|false
14:05:40.33 (302271825)|METHOD_EXIT|[131]|01p3X00000DVhae|Handler.afterInsert()
14:05:40.33 (302284568)|METHOD_EXIT|[79]|01p3X00000DVhaf|HandlerExecutionPool.HandlerExecutor.executeHandler(Handler)
14:05:40.33 (302313348)|HEAP_ALLOCATE|[78]|Bytes:5
14:05:40.33 (302339965)|VARIABLE_ASSIGNMENT|[78]|handler|null|
14:05:40.33 (302352378)|METHOD_EXIT|[2]|01p3X00000DVhaf|HandlerExecutionPool.HandlerExecutor.execute()
14:05:40.302 (302458285)|CUMULATIVE_LIMIT_USAGE
14:05:40.302 (302458285)|LIMIT_USAGE_FOR_NS|(default)|
  Number of SOQL queries: 1 out of 100
  Number of query rows: 2 out of 50000
  Number of SOSL queries: 0 out of 20
  Number of DML statements: 1 out of 150
  Number of DML rows: 1 out of 10000
  Maximum CPU time: 0 out of 10000
  Maximum heap size: 0 out of 6000000
  Number of callouts: 0 out of 100
  Number of Email Invocations: 0 out of 10
  Number of future calls: 0 out of 50
  Number of queueable jobs added to the queue: 0 out of 50
  Number of Mobile Apex push calls: 0 out of 10

14:05:40.302 (302458285)|CUMULATIVE_LIMIT_USAGE_END

14:05:40.33 (305100341)|CODE_UNIT_FINISHED|myOrderTrigger on myorder trigger event AfterInsert|__sfdc_trigger/myOrderTrigger
14:05:40.33 (337330293)|DML_END|[1]
14:05:40.360 (360080082)|CUMULATIVE_LIMIT_USAGE
14:05:40.360 (360080082)|LIMIT_USAGE_FOR_NS|(default)|
  Number of SOQL queries: 1 out of 100
  Number of query rows: 2 out of 50000
  Number of SOSL queries: 0 out of 20
  Number of DML statements: 1 out of 150
  Number of DML rows: 1 out of 10000
  Maximum CPU time: 0 out of 10000
  Maximum heap size: 0 out of 6000000
  Number of callouts: 0 out of 100
  Number of Email Invocations: 0 out of 10
  Number of future calls: 0 out of 50
  Number of queueable jobs added to the queue: 0 out of 50
  Number of Mobile Apex push calls: 0 out of 10

14:05:40.360 (360080082)|CUMULATIVE_LIMIT_USAGE_END

14:05:40.33 (360167123)|CODE_UNIT_FINISHED|execute_anonymous_apex
14:05:40.33 (361793385)|EXECUTION_FINISHED
