47.0 APEX_CODE,FINEST;APEX_PROFILING,INFO;CALLOUT,INFO;DB,INFO;NBA,INFO;SYSTEM,DEBUG;VALIDATION,INFO;VISUALFORCE,FINER;WAVE,INFO;WORKFLOW,INFO
Execute Anonymous: insert new myorder__c(Name = 'test',customer__c = 'a003X0000132mlIQAQ',Additional_Information__c = 'test text');      
13:59:16.31 (31514856)|USER_INFO|[EXTERNAL]|0053X00000AtM0M|khrystynych.vasyl@ctdevlviv.stud|(GMT+00:00) Irish Standard Time (Europe/Dublin)|GMTZ
13:59:16.31 (31562942)|EXECUTION_STARTED
13:59:16.31 (31572901)|CODE_UNIT_STARTED|[EXTERNAL]|execute_anonymous_apex
13:59:16.31 (32295910)|HEAP_ALLOCATE|[79]|Bytes:3
13:59:16.31 (32406936)|HEAP_ALLOCATE|[84]|Bytes:152
13:59:16.31 (32479493)|HEAP_ALLOCATE|[399]|Bytes:408
13:59:16.31 (32575030)|HEAP_ALLOCATE|[412]|Bytes:408
13:59:16.31 (32644919)|HEAP_ALLOCATE|[520]|Bytes:48
13:59:16.31 (32719784)|HEAP_ALLOCATE|[139]|Bytes:6
13:59:16.31 (32770766)|HEAP_ALLOCATE|[EXTERNAL]|Bytes:1
13:59:16.31 (33004058)|STATEMENT_EXECUTE|[1]
13:59:16.31 (33030421)|STATEMENT_EXECUTE|[1]
13:59:16.31 (33214895)|HEAP_ALLOCATE|[1]|Bytes:4
13:59:16.31 (33442909)|HEAP_ALLOCATE|[1]|Bytes:4
13:59:16.31 (34234371)|VARIABLE_ASSIGNMENT|[1]|this.Name|"test"|0x626f71a4
13:59:16.31 (34265478)|HEAP_ALLOCATE|[1]|Bytes:18
13:59:16.31 (34311327)|HEAP_ALLOCATE|[1]|Bytes:4
13:59:16.31 (34453156)|VARIABLE_ASSIGNMENT|[1]|this.customer__c|"a003X0000132mlIQAQ"|0x626f71a4
13:59:16.31 (34467217)|HEAP_ALLOCATE|[1]|Bytes:9
13:59:16.31 (34517047)|VARIABLE_ASSIGNMENT|[1]|this.Additional_Information__c|"test text"|0x626f71a4
13:59:16.31 (34696682)|HEAP_ALLOCATE|[52]|Bytes:5
13:59:16.31 (34767812)|HEAP_ALLOCATE|[58]|Bytes:5
13:59:16.31 (34789445)|HEAP_ALLOCATE|[66]|Bytes:7
13:59:16.31 (34973855)|HEAP_ALLOCATE|[1]|Bytes:8
13:59:16.31 (35095989)|DML_BEGIN|[1]|Op:Insert|Type:myorder__c|Rows:1
13:59:16.31 (35205506)|HEAP_ALLOCATE|[EXTERNAL]|Bytes:8
13:59:16.31 (94677858)|CODE_UNIT_STARTED|[EXTERNAL]|01q3X0000018STF|myOrderTrigger on myorder trigger event AfterInsert|__sfdc_trigger/myOrderTrigger
13:59:16.31 (94775547)|HEAP_ALLOCATE|[EXTERNAL]|Bytes:8
13:59:16.31 (95051610)|HEAP_ALLOCATE|[EXTERNAL]|Bytes:4
13:59:16.31 (95196451)|VARIABLE_SCOPE_BEGIN|[1]|this|myOrderTrigger|true|false
13:59:16.31 (95447434)|VARIABLE_ASSIGNMENT|[1]|this|{}|0x5ce8a72b
13:59:16.31 (95532419)|HEAP_ALLOCATE|[EXTERNAL]|Bytes:4
13:59:16.31 (95560737)|VARIABLE_SCOPE_BEGIN|[1]|this|myOrderTrigger|true|false
13:59:16.31 (95596949)|VARIABLE_ASSIGNMENT|[1]|this|{}|0x5ce8a72b
13:59:16.31 (95608789)|STATEMENT_EXECUTE|[1]
13:59:16.31 (95614755)|STATEMENT_EXECUTE|[2]
13:59:16.31 (99557997)|VARIABLE_SCOPE_BEGIN|[10]|HandlerExecutionPool.instance|HandlerExecutionPool|true|true
13:59:16.31 (99722588)|HEAP_ALLOCATE|[2]|Bytes:31
13:59:16.31 (99779214)|HEAP_ALLOCATE|[2]|Bytes:8
13:59:16.31 (99914479)|METHOD_ENTRY|[8]|01p3X00000DVhaf|HandlerExecutionPool.HandlerExecutionPool()
13:59:16.31 (99926574)|STATEMENT_EXECUTE|[8]
13:59:16.31 (99938781)|STATEMENT_EXECUTE|[8]
13:59:16.31 (100502367)|SYSTEM_MODE_ENTER|false
13:59:16.31 (100544780)|HEAP_ALLOCATE|[2]|Bytes:5
13:59:16.31 (100566938)|STATEMENT_EXECUTE|[60]
13:59:16.31 (100570963)|STATEMENT_EXECUTE|[172]
13:59:16.31 (100598801)|SYSTEM_MODE_EXIT|false
13:59:16.31 (100875947)|METHOD_EXIT|[8]|HandlerExecutionPool
13:59:16.31 (101289639)|METHOD_ENTRY|[2]|01p3X00000DVhaf|HandlerExecutionPool.getInstance()
13:59:16.31 (102032643)|SYSTEM_MODE_ENTER|false
13:59:16.31 (102053915)|HEAP_ALLOCATE|[25]|Bytes:5
13:59:16.31 (102074286)|STATEMENT_EXECUTE|[24]
13:59:16.31 (102084154)|STATEMENT_EXECUTE|[25]
13:59:16.31 (102087080)|STATEMENT_EXECUTE|[26]
13:59:16.31 (102897123)|HEAP_ALLOCATE|[26]|Bytes:8
13:59:16.31 (103001680)|CONSTRUCTOR_ENTRY|[26]|01p3X00000DVhaf|<init>()|HandlerExecutionPool
13:59:16.31 (103131606)|VARIABLE_SCOPE_BEGIN|[13]|this|HandlerExecutionPool|true|false
13:59:16.31 (103278674)|VARIABLE_ASSIGNMENT|[13]|this|{}|0x3455377c
13:59:16.31 (103302448)|HEAP_ALLOCATE|[14]|Bytes:5
13:59:16.31 (103312797)|STATEMENT_EXECUTE|[8]
13:59:16.31 (103319413)|HEAP_ALLOCATE|[14]|Bytes:5
13:59:16.31 (103325088)|STATEMENT_EXECUTE|[11]
13:59:16.31 (103348312)|HEAP_ALLOCATE|[14]|Bytes:6
13:59:16.31 (104181151)|STATEMENT_EXECUTE|[13]
13:59:16.31 (104187654)|STATEMENT_EXECUTE|[14]
13:59:16.31 (104214601)|HEAP_ALLOCATE|[14]|Bytes:4
13:59:16.31 (104453854)|VARIABLE_ASSIGNMENT|[14]|this.handlerPool|{}|0x3455377c
13:59:16.31 (104504401)|CONSTRUCTOR_EXIT|[26]|01p3X00000DVhaf|<init>()|HandlerExecutionPool
13:59:16.31 (104896369)|VARIABLE_ASSIGNMENT|[26]|HandlerExecutionPool.instance|{"handlerPool":"0x4f38f4d6"}|0x3455377c
13:59:16.31 (104913018)|STATEMENT_EXECUTE|[28]
13:59:16.31 (104931954)|SYSTEM_MODE_EXIT|false
13:59:16.31 (105556393)|METHOD_EXIT|[2]|01p3X00000DVhaf|HandlerExecutionPool.getInstance()
13:59:16.31 (105589910)|HEAP_ALLOCATE|[2]|Bytes:36
13:59:16.31 (105712940)|HEAP_ALLOCATE|[2]|Bytes:30
13:59:16.31 (105744475)|SYSTEM_METHOD_ENTRY|[1]|Type.Type()
13:59:16.31 (105751678)|STATEMENT_EXECUTE|[1]
13:59:16.31 (105766280)|SYSTEM_METHOD_EXIT|[1]|Type
13:59:16.31 (105777990)|HEAP_ALLOCATE|[2]|Bytes:8
13:59:16.31 (105812995)|HEAP_ALLOCATE|[2]|Bytes:8
13:59:16.31 (105838050)|VARIABLE_SCOPE_BEGIN|[4]|this|System.Type|true|false
13:59:16.31 (106038196)|VARIABLE_ASSIGNMENT|[4]|this|{}|0x5ba48776
13:59:16.31 (106077033)|VARIABLE_SCOPE_BEGIN|[4]|apextype|java:common.apex.runtime.ApexObjectType|true|false
13:59:16.31 (106685830)|VARIABLE_ASSIGNMENT|[4]|apextype|"myorder__c"|0x46d7b5a9
13:59:16.31 (106807097)|HEAP_ALLOCATE|[2]|Bytes:8
13:59:16.31 (106859395)|METHOD_ENTRY|[2]|01p3X00000DVhaf|HandlerExecutionPool.getHandler(System.Type)
13:59:16.31 (106898569)|VARIABLE_SCOPE_BEGIN|[41]|this|HandlerExecutionPool|true|false
13:59:16.31 (106992253)|VARIABLE_ASSIGNMENT|[41]|this|{"handlerPool":"0x4f38f4d6"}|0x3455377c
13:59:16.31 (107052419)|VARIABLE_SCOPE_BEGIN|[41]|typeName|System.Type|true|false
13:59:16.31 (107111151)|VARIABLE_ASSIGNMENT|[41]|typeName|{"aot":"0x46d7b5a9"}|0x5ba48776
13:59:16.31 (107151214)|SYSTEM_MODE_ENTER|false
13:59:16.31 (107168720)|HEAP_ALLOCATE|[42]|Bytes:5
13:59:16.31 (107185785)|STATEMENT_EXECUTE|[41]
13:59:16.31 (107190834)|STATEMENT_EXECUTE|[42]
13:59:16.31 (107445362)|VARIABLE_SCOPE_BEGIN|[42]|executor|HandlerExecutionPool.HandlerExecutor|true|false
13:59:16.31 (107483146)|VARIABLE_ASSIGNMENT|[42]|executor|null|
13:59:16.31 (107496460)|STATEMENT_EXECUTE|[43]
13:59:16.31 (107500790)|STATEMENT_EXECUTE|[44]
13:59:16.31 (107513992)|HEAP_ALLOCATE|[44]|Bytes:16
13:59:16.31 (107527502)|HEAP_ALLOCATE|[44]|Bytes:11
13:59:16.31 (149078604)|HEAP_ALLOCATE|[44]|Bytes:12
13:59:16.31 (149211969)|CONSTRUCTOR_ENTRY|[44]|01p3X00000DVhaf|<init>(System.Type)|HandlerExecutionPool.HandlerExecutor
13:59:16.31 (149329272)|VARIABLE_SCOPE_BEGIN|[65]|this|HandlerExecutionPool.HandlerExecutor|true|false
13:59:16.31 (149438330)|VARIABLE_ASSIGNMENT|[65]|this|{}|0x5f9637dc
13:59:16.31 (149457875)|VARIABLE_SCOPE_BEGIN|[65]|typeName|System.Type|true|false
13:59:16.31 (149506085)|VARIABLE_ASSIGNMENT|[65]|typeName|{"aot":"0x46d7b5a9"}|0x5ba48776
13:59:16.31 (149525151)|STATEMENT_EXECUTE|[60]
13:59:16.31 (149528817)|STATEMENT_EXECUTE|[62]
13:59:16.31 (149532484)|STATEMENT_EXECUTE|[63]
13:59:16.31 (149565030)|STATEMENT_EXECUTE|[65]
13:59:16.31 (149567945)|STATEMENT_EXECUTE|[66]
13:59:16.31 (149620060)|VARIABLE_ASSIGNMENT|[66]|this.typeName|0x5ba48776|0x5f9637dc
13:59:16.31 (149658249)|CONSTRUCTOR_EXIT|[44]|01p3X00000DVhaf|<init>(System.Type)|HandlerExecutionPool.HandlerExecutor
13:59:16.31 (149704998)|VARIABLE_ASSIGNMENT|[44]|executor|{"typeName":"0x5ba48776"}|0x5f9637dc
13:59:16.31 (149716284)|STATEMENT_EXECUTE|[45]
13:59:16.31 (150107566)|HEAP_ALLOCATE|[EXTERNAL]|Bytes:-4
13:59:16.31 (150160642)|STATEMENT_EXECUTE|[47]
13:59:16.31 (150182605)|SYSTEM_MODE_EXIT|false
13:59:16.31 (150220252)|METHOD_EXIT|[2]|01p3X00000DVhaf|HandlerExecutionPool.getHandler(System.Type)
13:59:16.31 (150271177)|METHOD_ENTRY|[2]|01p3X00000DVhaf|HandlerExecutionPool.HandlerExecutor.execute()
13:59:16.31 (150314257)|VARIABLE_SCOPE_BEGIN|[76]|this|HandlerExecutionPool.HandlerExecutor|true|false
13:59:16.31 (150438707)|VARIABLE_ASSIGNMENT|[76]|this|{"typeName":"0x5ba48776"}|0x5f9637dc
13:59:16.31 (150468399)|STATEMENT_EXECUTE|[76]
13:59:16.31 (150473008)|STATEMENT_EXECUTE|[77]
13:59:16.31 (150498316)|METHOD_ENTRY|[77]|01p3X00000DVhaf|HandlerExecutionPool.HandlerExecutor.getActiveHandlers()
13:59:16.31 (150590689)|VARIABLE_SCOPE_BEGIN|[95]|this|HandlerExecutionPool.HandlerExecutor|true|false
13:59:16.31 (150687991)|VARIABLE_ASSIGNMENT|[95]|this|{"typeName":"0x5ba48776"}|0x5f9637dc
13:59:16.31 (150710503)|STATEMENT_EXECUTE|[95]
13:59:16.31 (150715507)|STATEMENT_EXECUTE|[96]
13:59:16.31 (151407809)|HEAP_ALLOCATE|[96]|Bytes:11
13:59:16.31 (151601402)|HEAP_ALLOCATE|[96]|Bytes:8
13:59:16.31 (151669227)|CONSTRUCTOR_ENTRY|[96]|01p3X00000DVhaf|<init>(System.Type)|HandlerExecutionPool.MetadataHandler
13:59:16.31 (151740131)|VARIABLE_SCOPE_BEGIN|[176]|this|HandlerExecutionPool.MetadataHandler|true|false
13:59:16.31 (151854137)|VARIABLE_ASSIGNMENT|[176]|this|{}|0x17277092
13:59:16.31 (151884350)|VARIABLE_SCOPE_BEGIN|[176]|typeName|System.Type|true|false
13:59:16.31 (151945603)|VARIABLE_ASSIGNMENT|[176]|typeName|{"aot":"0x46d7b5a9"}|0x5ba48776
13:59:16.31 (151971005)|STATEMENT_EXECUTE|[172]
13:59:16.31 (151978250)|STATEMENT_EXECUTE|[174]
13:59:16.31 (152017422)|STATEMENT_EXECUTE|[176]
13:59:16.31 (152024093)|STATEMENT_EXECUTE|[177]
13:59:16.31 (152059910)|METHOD_ENTRY|[177]|01p3X00000DVhaf|HandlerExecutionPool.MetadataHandler.readHandlersMetadata(System.Type)
13:59:16.31 (152133529)|VARIABLE_SCOPE_BEGIN|[184]|this|HandlerExecutionPool.MetadataHandler|true|false
13:59:16.31 (152196118)|VARIABLE_ASSIGNMENT|[184]|this|{}|0x17277092
13:59:16.31 (152221181)|VARIABLE_SCOPE_BEGIN|[184]|typeName|System.Type|true|false
13:59:16.31 (152270878)|VARIABLE_ASSIGNMENT|[184]|typeName|{"aot":"0x46d7b5a9"}|0x5ba48776
13:59:16.31 (152290653)|STATEMENT_EXECUTE|[184]
13:59:16.31 (152294909)|STATEMENT_EXECUTE|[185]
13:59:16.31 (152305118)|HEAP_ALLOCATE|[185]|Bytes:199
13:59:16.31 (152354228)|HEAP_ALLOCATE|[185]|Bytes:4
13:59:16.31 (160579186)|SOQL_EXECUTE_BEGIN|[185]|Aggregations:0|SELECT Id, NamespacePrefix, Class_Name__c, Other_Object_API_Name__c, Object_Name__r.QualifiedAPIName FROM Trigger_Dependency__mdt WHERE Is_Active__c = TRUE ORDER BY Execution_Order__c ASC NULLS FIRST
13:59:16.31 (182944507)|SOQL_EXECUTE_END|[185]|Rows:1
13:59:16.31 (183023650)|HEAP_ALLOCATE|[185]|Bytes:8
13:59:16.31 (183102357)|HEAP_ALLOCATE|[185]|Bytes:202
13:59:16.31 (183178108)|HEAP_ALLOCATE|[185]|Bytes:8
13:59:16.31 (183266901)|VARIABLE_SCOPE_BEGIN|[185]|triggerDependencies|List<Trigger_Dependency__mdt>|true|false
13:59:16.31 (183554952)|VARIABLE_ASSIGNMENT|[185]|triggerDependencies|[{"Id":"m003X0000009oReQAI","Class_Name__c":"MyOrderEmailService","Object_Name__c":"01I3X000001p4fD","Object_Name__r":{"Id":"000000000000000AAA","DurableId":"01I3X000001p4fD","QualifiedApiName":"myorder__c"}}]|0x7525be00
13:59:16.31 (183574937)|STATEMENT_EXECUTE|[195]
13:59:16.31 (183598729)|HEAP_ALLOCATE|[195]|Bytes:4
13:59:16.31 (183861617)|VARIABLE_SCOPE_BEGIN|[195]|result|List<Trigger_Dependency__mdt>|true|false
13:59:16.31 (183885062)|HEAP_ALLOCATE|[EXTERNAL]|Bytes:4
13:59:16.31 (183905720)|VARIABLE_ASSIGNMENT|[195]|result|[]|0xcc40495
13:59:16.31 (183915062)|STATEMENT_EXECUTE|[196]
13:59:16.31 (183951017)|METHOD_ENTRY|[196]||System.Type.toString()
13:59:16.31 (184073398)|METHOD_EXIT|[196]||System.Type.toString()
13:59:16.31 (184092744)|VARIABLE_SCOPE_BEGIN|[196]|typeNameString|String|false|false
13:59:16.31 (184125997)|VARIABLE_ASSIGNMENT|[196]|typeNameString|"myorder__c"
13:59:16.31 (184380966)|HEAP_ALLOCATE|[197]|Bytes:5
13:59:16.31 (184473519)|HEAP_ALLOCATE|[197]|Bytes:20
13:59:16.31 (185990281)|VARIABLE_SCOPE_BEGIN|[197]|dependency|Trigger_Dependency__mdt|true|false
13:59:16.31 (186082781)|VARIABLE_ASSIGNMENT|[197]|dependency|{"Id":"m003X0000009oReQAI","Class_Name__c":"MyOrderEmailService","Object_Name__c":"01I3X000001p4fD","Object_Name__r":{"Id":"000000000000000AAA","DurableId":"01I3X000001p4fD","QualifiedApiName":"myorder__c"}}|0x1c4048d0
13:59:16.31 (186101181)|STATEMENT_EXECUTE|[197]
13:59:16.31 (186313778)|STATEMENT_EXECUTE|[199]
13:59:16.31 (186319453)|STATEMENT_EXECUTE|[200]
13:59:16.31 (186507393)|HEAP_ALLOCATE|[EXTERNAL]|Bytes:4
13:59:16.31 (186545924)|HEAP_ALLOCATE|[197]|Bytes:5
13:59:16.31 (186581546)|VARIABLE_ASSIGNMENT|[197]|dependency|null|
13:59:16.31 (186594301)|STATEMENT_EXECUTE|[203]
13:59:16.31 (186606533)|METHOD_EXIT|[177]|01p3X00000DVhaf|HandlerExecutionPool.MetadataHandler.readHandlersMetadata(System.Type)
13:59:16.31 (186669183)|VARIABLE_ASSIGNMENT|[177]|this.handlersMeta|[{"Id":"m003X0000009oReQAI","Class_Name__c":"MyOrderEmailService","Object_Name__c":"01I3X000001p4fD","Object_Name__r":{"Id":"000000000000000AAA","DurableId":"01I3X000001p4fD","QualifiedApiName":"myorder__c"}}]|0x17277092
13:59:16.31 (186707170)|CONSTRUCTOR_EXIT|[96]|01p3X00000DVhaf|<init>(System.Type)|HandlerExecutionPool.MetadataHandler
13:59:16.31 (186727468)|VARIABLE_SCOPE_BEGIN|[96]|metadataHandler|HandlerExecutionPool.MetadataHandler|true|false
13:59:16.31 (186945569)|VARIABLE_ASSIGNMENT|[96]|metadataHandler|{"handlersMeta":"0xcc40495"}|0x17277092
13:59:16.31 (186974921)|STATEMENT_EXECUTE|[97]
13:59:16.31 (186997900)|HEAP_ALLOCATE|[97]|Bytes:4
13:59:16.31 (187115872)|VARIABLE_SCOPE_BEGIN|[97]|handlers|List<Handler>|true|false
13:59:16.31 (187158159)|HEAP_ALLOCATE|[EXTERNAL]|Bytes:4
13:59:16.31 (187180874)|VARIABLE_ASSIGNMENT|[97]|handlers|[]|0x308c0761
13:59:16.31 (187209052)|METHOD_ENTRY|[98]|01p3X00000DVhaf|HandlerExecutionPool.MetadataHandler.getMeta()
13:59:16.31 (187293029)|VARIABLE_SCOPE_BEGIN|[180]|this|HandlerExecutionPool.MetadataHandler|true|false
13:59:16.31 (187358052)|VARIABLE_ASSIGNMENT|[180]|this|{"handlersMeta":"0xcc40495"}|0x17277092
13:59:16.31 (187379881)|STATEMENT_EXECUTE|[180]
13:59:16.31 (187383085)|STATEMENT_EXECUTE|[181]
13:59:16.31 (187397090)|METHOD_EXIT|[98]|01p3X00000DVhaf|HandlerExecutionPool.MetadataHandler.getMeta()
13:59:16.31 (187439257)|HEAP_ALLOCATE|[98]|Bytes:5
13:59:16.31 (187467667)|HEAP_ALLOCATE|[98]|Bytes:20
13:59:16.31 (187490430)|VARIABLE_SCOPE_BEGIN|[98]|handlerMeta|Trigger_Dependency__mdt|true|false
13:59:16.31 (187549657)|VARIABLE_ASSIGNMENT|[98]|handlerMeta|{"Id":"m003X0000009oReQAI","Class_Name__c":"MyOrderEmailService","Object_Name__c":"01I3X000001p4fD","Object_Name__r":{"Id":"000000000000000AAA","DurableId":"01I3X000001p4fD","QualifiedApiName":"myorder__c"}}|0x1c4048d0
13:59:16.31 (187682107)|STATEMENT_EXECUTE|[98]
13:59:16.31 (187686302)|STATEMENT_EXECUTE|[99]
13:59:16.31 (187767420)|METHOD_ENTRY|[99]||System.Type.forName(String, String)
13:59:16.31 (230585710)|METHOD_EXIT|[99]||System.Type.forName(String, String)
13:59:16.31 (230634688)|VARIABLE_SCOPE_BEGIN|[99]|handlerType|System.Type|true|false
13:59:16.31 (230797383)|VARIABLE_ASSIGNMENT|[99]|handlerType|{"aot":"0x1bf30b6e"}|0x6a8df7a9
13:59:16.31 (230829071)|STATEMENT_EXECUTE|[100]
13:59:16.31 (230835046)|STATEMENT_EXECUTE|[104]
13:59:16.31 (230857944)|METHOD_ENTRY|[104]||System.Type.newInstance()
13:59:16.31 (231286959)|METHOD_ENTRY|[1]|01p3X00000DVjDo|MyOrderEmailService.MyOrderEmailService()
13:59:16.31 (231306457)|STATEMENT_EXECUTE|[1]
13:59:16.31 (231314275)|STATEMENT_EXECUTE|[1]
13:59:16.31 (231940396)|SYSTEM_MODE_ENTER|false
13:59:16.31 (231976983)|HEAP_ALLOCATE|[42]|Bytes:5
13:59:16.31 (232008505)|STATEMENT_EXECUTE|[9]
13:59:16.31 (232015221)|STATEMENT_EXECUTE|[69]
13:59:16.31 (232018913)|STATEMENT_EXECUTE|[109]
13:59:16.31 (232031341)|SYSTEM_MODE_EXIT|false
13:59:16.31 (232057825)|METHOD_EXIT|[1]|MyOrderEmailService
13:59:16.31 (232088940)|HEAP_ALLOCATE|[42]|Bytes:8
13:59:16.31 (232122426)|VARIABLE_SCOPE_BEGIN|[1]|this|MyOrderEmailService|true|false
13:59:16.31 (232232634)|VARIABLE_ASSIGNMENT|[1]|this|{}|0x1f1a65e6
13:59:16.31 (232276089)|SYSTEM_MODE_ENTER|false
13:59:16.31 (232290622)|HEAP_ALLOCATE|[42]|Bytes:5
13:59:16.31 (232313198)|HEAP_ALLOCATE|[42]|Bytes:14
13:59:16.31 (232322302)|HEAP_ALLOCATE|[42]|Bytes:63
13:59:16.31 (232423894)|METHOD_ENTRY|[10]|01p3X00000DVhae|Handler.Handler()
13:59:16.31 (232433018)|STATEMENT_EXECUTE|[10]
13:59:16.31 (232437846)|STATEMENT_EXECUTE|[10]
13:59:16.31 (232443690)|HEAP_ALLOCATE|[42]|Bytes:5
13:59:16.31 (232452985)|STATEMENT_EXECUTE|[238]
13:59:16.31 (232463844)|METHOD_EXIT|[10]|Handler
13:59:16.31 (232485235)|CONSTRUCTOR_ENTRY|[EXTERNAL]|01p3X00000DVhae|<init>()|Handler
13:59:16.31 (232514193)|VARIABLE_SCOPE_BEGIN|[14]|this|Handler|true|false
13:59:16.31 (232561802)|VARIABLE_ASSIGNMENT|[14]|this|{}|0x1f1a65e6
13:59:16.31 (232577035)|HEAP_ALLOCATE|[42]|Bytes:5
13:59:16.31 (232583543)|STATEMENT_EXECUTE|[10]
13:59:16.31 (232587865)|HEAP_ALLOCATE|[42]|Bytes:5
13:59:16.31 (232594912)|STATEMENT_EXECUTE|[12]
13:59:16.31 (235018008)|STATEMENT_EXECUTE|[14]
13:59:16.31 (235055971)|CONSTRUCTOR_EXIT|[EXTERNAL]|01p3X00000DVhae|<init>()|Handler
13:59:16.31 (235087533)|SYSTEM_MODE_EXIT|false
13:59:16.31 (235103186)|STATEMENT_EXECUTE|[1]
13:59:16.31 (235117791)|SYSTEM_MODE_ENTER|false
13:59:16.31 (235131756)|HEAP_ALLOCATE|[42]|Bytes:5
13:59:16.31 (235150760)|SYSTEM_MODE_EXIT|false
13:59:16.31 (235198506)|METHOD_EXIT|[104]||System.Type.newInstance()
13:59:16.31 (235240165)|VARIABLE_SCOPE_BEGIN|[104]|handler|Handler|true|false
13:59:16.31 (235401344)|VARIABLE_ASSIGNMENT|[104]|handler|{}|0x1f1a65e6
13:59:16.31 (235415734)|STATEMENT_EXECUTE|[105]
13:59:16.31 (235477858)|METHOD_ENTRY|[105]|01p3X00000DVhae|Handler.setSobjectType(System.Type)
13:59:16.31 (235545961)|VARIABLE_SCOPE_BEGIN|[205]|this|Handler|true|false
13:59:16.31 (235586130)|VARIABLE_ASSIGNMENT|[205]|this|{}|0x1f1a65e6
13:59:16.31 (235600994)|VARIABLE_SCOPE_BEGIN|[205]|typeName|System.Type|true|false
13:59:16.31 (235641256)|VARIABLE_ASSIGNMENT|[205]|typeName|{"aot":"0x46d7b5a9"}|0x5ba48776
13:59:16.31 (235667705)|SYSTEM_MODE_ENTER|false
13:59:16.31 (235680604)|HEAP_ALLOCATE|[206]|Bytes:5
13:59:16.31 (235691614)|STATEMENT_EXECUTE|[205]
13:59:16.31 (235694913)|STATEMENT_EXECUTE|[206]
13:59:16.31 (235710158)|SYSTEM_MODE_EXIT|false
13:59:16.31 (235721894)|METHOD_EXIT|[105]|01p3X00000DVhae|Handler.setSobjectType(System.Type)
13:59:16.31 (235734056)|STATEMENT_EXECUTE|[106]
13:59:16.31 (235979847)|HEAP_ALLOCATE|[EXTERNAL]|Bytes:4
13:59:16.31 (236050687)|HEAP_ALLOCATE|[98]|Bytes:5
13:59:16.31 (236107130)|VARIABLE_ASSIGNMENT|[98]|handlerMeta|null|
13:59:16.31 (236120353)|STATEMENT_EXECUTE|[108]
13:59:16.31 (236131195)|METHOD_EXIT|[77]|01p3X00000DVhaf|HandlerExecutionPool.HandlerExecutor.getActiveHandlers()
13:59:16.31 (236198324)|VARIABLE_ASSIGNMENT|[77]|this.activeHandlers|[{"typeName":"0x5ba48776"}]|0x5f9637dc
13:59:16.31 (236366356)|HEAP_ALLOCATE|[78]|Bytes:5
13:59:16.31 (236394198)|HEAP_ALLOCATE|[78]|Bytes:8
13:59:16.31 (236438268)|VARIABLE_SCOPE_BEGIN|[78]|handler|Handler|true|false
13:59:16.31 (236497836)|VARIABLE_ASSIGNMENT|[78]|handler|{"typeName":"0x5ba48776"}|0x1f1a65e6
13:59:16.31 (236509900)|STATEMENT_EXECUTE|[78]
13:59:16.31 (236513104)|STATEMENT_EXECUTE|[79]
13:59:16.31 (236532703)|METHOD_ENTRY|[79]|01p3X00000DVhaf|HandlerExecutionPool.HandlerExecutor.executeHandler(Handler)
13:59:16.31 (236578508)|VARIABLE_SCOPE_BEGIN|[119]|this|HandlerExecutionPool.HandlerExecutor|true|false
13:59:16.31 (236624153)|VARIABLE_ASSIGNMENT|[119]|this|{"activeHandlers":"0x308c0761","typeName":"0x5ba48776"}|0x5f9637dc
13:59:16.31 (236641550)|VARIABLE_SCOPE_BEGIN|[119]|handler|Handler|true|false
13:59:16.31 (236671389)|VARIABLE_ASSIGNMENT|[119]|handler|{"typeName":"0x5ba48776"}|0x1f1a65e6
13:59:16.31 (236686068)|STATEMENT_EXECUTE|[119]
13:59:16.31 (236689694)|STATEMENT_EXECUTE|[120]
13:59:16.31 (237099973)|HEAP_ALLOCATE|[121]|Bytes:12
13:59:16.31 (237450127)|STATEMENT_EXECUTE|[130]
13:59:16.31 (237455691)|STATEMENT_EXECUTE|[131]
13:59:16.31 (237476218)|METHOD_ENTRY|[131]|01p3X00000DVhae|Handler.afterInsert()
13:59:16.31 (237517453)|VARIABLE_SCOPE_BEGIN|[147]|this|Handler|true|false
13:59:16.31 (237574893)|VARIABLE_ASSIGNMENT|[147]|this|{"typeName":"0x5ba48776"}|0x1f1a65e6
13:59:16.31 (237600787)|SYSTEM_MODE_ENTER|false
13:59:16.31 (237615327)|HEAP_ALLOCATE|[148]|Bytes:5
13:59:16.31 (237627465)|STATEMENT_EXECUTE|[147]
13:59:16.31 (237630683)|STATEMENT_EXECUTE|[148]
13:59:16.31 (238106447)|HEAP_ALLOCATE|[148]|Bytes:3
13:59:16.31 (238150171)|HEAP_ALLOCATE|[148]|Bytes:28
13:59:16.31 (238184932)|CONSTRUCTOR_ENTRY|[148]|01p3X00000DVhae|<init>()|Handler.TriggerContext
13:59:16.31 (238294782)|VARIABLE_SCOPE_BEGIN|[247]|this|Handler.TriggerContext|true|false
13:59:16.31 (238377809)|VARIABLE_ASSIGNMENT|[247]|this|{}|0x65b5057
13:59:16.31 (238393401)|STATEMENT_EXECUTE|[238]
13:59:16.31 (238396672)|STATEMENT_EXECUTE|[240]
13:59:16.31 (238401890)|STATEMENT_EXECUTE|[241]
13:59:16.31 (238404720)|STATEMENT_EXECUTE|[242]
13:59:16.31 (238407326)|STATEMENT_EXECUTE|[243]
13:59:16.31 (238410085)|STATEMENT_EXECUTE|[244]
13:59:16.31 (238412870)|STATEMENT_EXECUTE|[245]
13:59:16.31 (238440898)|STATEMENT_EXECUTE|[247]
13:59:16.31 (238443700)|STATEMENT_EXECUTE|[248]
13:59:16.31 (239045136)|VARIABLE_ASSIGNMENT|[248]|this.newList|[{"LastModifiedDate":"2020-01-29T13:59:16.000Z","IsDeleted":false,"customer__c":"a003X0000132mlIQAQ","total_count__c":0,"Additional_Information__c":"test text","Name":"test","SystemModstamp":"2020-01-29T13:59:16.000Z","CreatedById":"0053X00000AtM0MQAV","CreatedDate":"2020-01-29T13:59:16.000Z","Id":"a013X00002RTpBmQAL","Status__c":false,"LastModifiedById":"0053X00000AtM0MQAV","order_price__c":0.00}]|0x65b5057
13:59:16.31 (239070204)|STATEMENT_EXECUTE|[249]
13:59:16.31 (239323861)|VARIABLE_ASSIGNMENT|[249]|this.newMap|{"a013X00002RTpBmQAL":{"LastModifiedDate":"2020-01-29T13:59:16.000Z","IsDeleted":false,"customer__c":"a003X0000132mlIQAQ","total_count__c":0,"Additional_Information__c":"test text","Name":"test","SystemModstamp":"2020-01-29T13:59:16.000Z","CreatedById":"0053X00000AtM0MQAV","CreatedDate":"2020-01-29T13:59:16.000Z","Id":"a013X00002RTpBmQAL","Status__c":false,"LastModifiedById":"0053X00000AtM0MQAV","order_price__c":0.00}}|0x65b5057
13:59:16.31 (239345184)|STATEMENT_EXECUTE|[250]
13:59:16.31 (239375947)|VARIABLE_ASSIGNMENT|[250]|this.oldList|null|0x65b5057
13:59:16.31 (239386903)|STATEMENT_EXECUTE|[251]
13:59:16.31 (239403066)|VARIABLE_ASSIGNMENT|[251]|this.oldMap|null|0x65b5057
13:59:16.31 (239416433)|STATEMENT_EXECUTE|[252]
13:59:16.31 (239431979)|HEAP_ALLOCATE|[252]|Bytes:4
13:59:16.31 (239451278)|VARIABLE_ASSIGNMENT|[252]|this.size|1|0x65b5057
13:59:16.31 (239464209)|STATEMENT_EXECUTE|[253]
13:59:16.31 (239574878)|HEAP_ALLOCATE|[252]|Bytes:12
13:59:16.31 (239607356)|VARIABLE_ASSIGNMENT|[253]|this.operationType|0x51bb4d27|0x65b5057
13:59:16.31 (239631831)|CONSTRUCTOR_EXIT|[148]|01p3X00000DVhae|<init>()|Handler.TriggerContext
13:59:16.31 (239656127)|VARIABLE_SCOPE_BEGIN|[148]|context|Handler.TriggerContext|true|false
13:59:16.31 (242055000)|VARIABLE_ASSIGNMENT|[148]|context|{"newList":"0x665972cd","newMap":"0x75c961d9","operationType":"0x51bb4d27","size":1}|0x65b5057
13:59:16.31 (242087926)|STATEMENT_EXECUTE|[149]
13:59:16.31 (242122011)|METHOD_ENTRY|[149]|01p3X00000DVhae|Handler.logBeforeEventHandling(Handler.TriggerContext)
13:59:16.31 (242340284)|VARIABLE_SCOPE_BEGIN|[217]|this|Handler|true|false
13:59:16.31 (242404830)|VARIABLE_ASSIGNMENT|[217]|this|{"typeName":"0x5ba48776"}|0x1f1a65e6
13:59:16.31 (242423194)|VARIABLE_SCOPE_BEGIN|[217]|context|Handler.TriggerContext|true|false
13:59:16.31 (242475143)|VARIABLE_ASSIGNMENT|[217]|context|{"newList":"0x665972cd","newMap":"0x75c961d9","operationType":"0x51bb4d27","size":1}|0x65b5057
13:59:16.31 (242500851)|HEAP_ALLOCATE|[EXTERNAL]|Bytes:5
13:59:16.31 (242515486)|STATEMENT_EXECUTE|[217]
13:59:16.31 (242529635)|METHOD_EXIT|[149]|01p3X00000DVhae|Handler.logBeforeEventHandling(Handler.TriggerContext)
13:59:16.31 (242539367)|STATEMENT_EXECUTE|[150]
13:59:16.31 (242565609)|METHOD_ENTRY|[150]|01p3X00000DVjDo|MyOrderEmailService.onAfterInsert(Handler.TriggerContext)
13:59:16.31 (242598626)|VARIABLE_SCOPE_BEGIN|[2]|this|MyOrderEmailService|true|false
13:59:16.31 (242633631)|VARIABLE_ASSIGNMENT|[2]|this|{"typeName":"0x5ba48776"}|0x1f1a65e6
13:59:16.31 (242649303)|VARIABLE_SCOPE_BEGIN|[2]|context|Handler.TriggerContext|true|false
13:59:16.31 (242691840)|VARIABLE_ASSIGNMENT|[2]|context|{"newList":"0x665972cd","newMap":"0x75c961d9","operationType":"0x51bb4d27","size":1}|0x65b5057
13:59:16.31 (242705991)|HEAP_ALLOCATE|[3]|Bytes:5
13:59:16.31 (242714642)|STATEMENT_EXECUTE|[2]
13:59:16.31 (242717749)|STATEMENT_EXECUTE|[3]
13:59:16.31 (243608026)|HEAP_ALLOCATE|[3]|Bytes:7
13:59:16.31 (243646304)|HEAP_ALLOCATE|[3]|Bytes:8
13:59:16.31 (243681991)|CONSTRUCTOR_ENTRY|[3]|01p3X00000DVjDo|<init>()|MyOrderEmailService.OrderEmailTriggerHandler
13:59:16.31 (243772456)|VARIABLE_SCOPE_BEGIN|[110]|this|MyOrderEmailService.OrderEmailTriggerHandler|true|false
13:59:16.31 (243844212)|VARIABLE_ASSIGNMENT|[110]|this|{}|0x7aff58e7
13:59:16.31 (243857636)|STATEMENT_EXECUTE|[109]
13:59:16.31 (243861057)|STATEMENT_EXECUTE|[111]
13:59:16.31 (243866622)|HEAP_ALLOCATE|[111]|Bytes:20
13:59:16.31 (243888389)|HEAP_ALLOCATE|[111]|Bytes:8
13:59:16.31 (243910245)|HEAP_ALLOCATE|[111]|Bytes:23
13:59:16.31 (243959694)|CONSTRUCTOR_ENTRY|[111]|01p3X00000DVjDo|<init>(String)|MyOrderEmailService.OrderEmailService
13:59:16.31 (244042082)|VARIABLE_SCOPE_BEGIN|[12]|this|MyOrderEmailService.OrderEmailService|true|false
13:59:16.31 (244088587)|VARIABLE_ASSIGNMENT|[12]|this|{}|0x7aff58e7
13:59:16.31 (244107027)|VARIABLE_SCOPE_BEGIN|[12]|profileName|String|false|false
13:59:16.31 (244126919)|VARIABLE_ASSIGNMENT|[12]|profileName|"System Administrator"
13:59:16.31 (244137771)|STATEMENT_EXECUTE|[9]
13:59:16.31 (244140676)|STATEMENT_EXECUTE|[10]
13:59:16.31 (244166648)|STATEMENT_EXECUTE|[12]
13:59:16.31 (244169327)|STATEMENT_EXECUTE|[13]
13:59:16.31 (244198928)|CONSTRUCTOR_EXIT|[111]|01p3X00000DVjDo|<init>(String)|MyOrderEmailService.OrderEmailService
13:59:16.31 (244211029)|STATEMENT_EXECUTE|[110]
13:59:16.31 (244217254)|CONSTRUCTOR_EXIT|[3]|01p3X00000DVjDo|<init>()|MyOrderEmailService.OrderEmailTriggerHandler
13:59:16.31 (244265736)|METHOD_ENTRY|[3]|01p3X00000DVjDo|MyOrderEmailService.OrderEmailTriggerHandler.sendEmailOnNewOrder(List<myorder__c>)
13:59:16.31 (244283707)|VARIABLE_SCOPE_BEGIN|[113]|this|MyOrderEmailService.OrderEmailTriggerHandler|true|false
13:59:16.31 (244355145)|VARIABLE_ASSIGNMENT|[113]|this|{"profileName":"System Administrator"}|0x7aff58e7
13:59:16.31 (244384083)|VARIABLE_SCOPE_BEGIN|[113]|newOrders|List<myorder__c>|true|false
13:59:16.31 (244918437)|VARIABLE_ASSIGNMENT|[113]|newOrders|[{"LastModifiedDate":"2020-01-29T13:59:16.000Z","IsDeleted":false,"customer__c":"a003X0000132mlIQAQ","total_count__c":0,"Additional_Information__c":"test text","Name":"test","SystemModstamp":"2020-01-29T13:59:16.000Z","CreatedById":"0053X00000AtM0MQAV","CreatedDate":"2020-01-29T13:59:16.000Z","Id":"a013X00002RTpBmQAL","Status__c":false,"LastModifiedById":"0053X00000AtM0MQAV","order_price__c":0.00}]|0x665972cd
13:59:16.31 (244957978)|STATEMENT_EXECUTE|[113]
13:59:16.31 (244963087)|STATEMENT_EXECUTE|[114]
13:59:16.31 (244998778)|HEAP_ALLOCATE|[114]|Bytes:4
13:59:16.31 (245738703)|VARIABLE_SCOPE_BEGIN|[114]|newOrderLetterSubjectList|List<String>|true|false
13:59:16.31 (245856540)|HEAP_ALLOCATE|[EXTERNAL]|Bytes:4
13:59:16.31 (245882950)|VARIABLE_ASSIGNMENT|[114]|newOrderLetterSubjectList|[]|0x24abf4d
13:59:16.31 (245893664)|STATEMENT_EXECUTE|[115]
13:59:16.31 (245907932)|HEAP_ALLOCATE|[115]|Bytes:4
13:59:16.31 (245974041)|VARIABLE_SCOPE_BEGIN|[115]|newOrderLetterBodyList|List<String>|true|false
13:59:16.31 (246002664)|HEAP_ALLOCATE|[EXTERNAL]|Bytes:4
13:59:16.31 (246019048)|VARIABLE_ASSIGNMENT|[115]|newOrderLetterBodyList|[]|0x62721caf
13:59:16.31 (246271563)|HEAP_ALLOCATE|[117]|Bytes:5
13:59:16.31 (246339629)|VARIABLE_SCOPE_BEGIN|[117]|order|myorder__c|true|false
13:59:16.31 (246537176)|VARIABLE_ASSIGNMENT|[117]|order|{"LastModifiedDate":"2020-01-29T13:59:16.000Z","IsDeleted":false,"customer__c":"a003X0000132mlIQAQ","total_count__c":0,"Additional_Information__c":"test text","Name":"test","SystemModstamp":"2020-01-29T13:59:16.000Z","CreatedById":"0053X00000AtM0MQAV","CreatedDate":"2020-01-29T13:59:16.000Z","Id":"a013X00002RTpBmQAL","Status__c":false,"LastModifiedById":"0053X00000AtM0MQAV","order_price__c":0.00}|0x3386d9c9
13:59:16.31 (246550314)|STATEMENT_EXECUTE|[117]
13:59:16.31 (246553655)|STATEMENT_EXECUTE|[118]
13:59:16.31 (246559126)|HEAP_ALLOCATE|[118]|Bytes:11
13:59:16.31 (246611713)|HEAP_ALLOCATE|[118]|Bytes:15
13:59:16.31 (246691366)|HEAP_ALLOCATE|[EXTERNAL]|Bytes:4
13:59:16.31 (246704443)|STATEMENT_EXECUTE|[119]
13:59:16.31 (246708528)|HEAP_ALLOCATE|[120]|Bytes:12
13:59:16.31 (246719615)|HEAP_ALLOCATE|[122]|Bytes:12
13:59:16.31 (246794730)|HEAP_ALLOCATE|[123]|Bytes:18
13:59:16.31 (246823724)|HEAP_ALLOCATE|[124]|Bytes:1
13:59:16.31 (246835939)|HEAP_ALLOCATE|[120]|Bytes:47
13:59:16.31 (246861421)|HEAP_ALLOCATE|[EXTERNAL]|Bytes:4
13:59:16.31 (246884032)|HEAP_ALLOCATE|[117]|Bytes:5
13:59:16.31 (246908943)|VARIABLE_ASSIGNMENT|[117]|order|null|
13:59:16.31 (246919549)|STATEMENT_EXECUTE|[128]
13:59:16.31 (246945066)|METHOD_ENTRY|[128]|01p3X00000DVjDo|MyOrderEmailService.OrderEmailService.sendEmailOnOrder(List<myorder__c>, List<String>, List<String>)
13:59:16.31 (246987135)|VARIABLE_SCOPE_BEGIN|[16]|this|MyOrderEmailService.OrderEmailService|true|false
13:59:16.31 (247040714)|VARIABLE_ASSIGNMENT|[16]|this|{"profileName":"System Administrator"}|0x7aff58e7
13:59:16.31 (247059542)|VARIABLE_SCOPE_BEGIN|[16]|orders|List<myorder__c>|true|false
13:59:16.31 (247212023)|VARIABLE_ASSIGNMENT|[16]|orders|[{"LastModifiedDate":"2020-01-29T13:59:16.000Z","IsDeleted":false,"customer__c":"a003X0000132mlIQAQ","total_count__c":0,"Additional_Information__c":"test text","Name":"test","SystemModstamp":"2020-01-29T13:59:16.000Z","CreatedById":"0053X00000AtM0MQAV","CreatedDate":"2020-01-29T13:59:16.000Z","Id":"a013X00002RTpBmQAL","Status__c":false,"LastModifiedById":"0053X00000AtM0MQAV","order_price__c":0.00}]|0x665972cd
13:59:16.31 (247233959)|VARIABLE_SCOPE_BEGIN|[16]|letterSubject|List<String>|true|false
13:59:16.31 (247257489)|VARIABLE_ASSIGNMENT|[16]|letterSubject|["New Order: test"]|0x24abf4d
13:59:16.31 (247272399)|VARIABLE_SCOPE_BEGIN|[16]|letterBody|List<String>|true|false
13:59:16.31 (247309402)|VARIABLE_ASSIGNMENT|[16]|letterBody|["Order Name: test; Or (27 more) ..."]|0x62721caf
13:59:16.31 (247323682)|STATEMENT_EXECUTE|[20]
13:59:16.31 (247326627)|STATEMENT_EXECUTE|[21]
13:59:16.31 (247385632)|HEAP_ALLOCATE|[21]|Bytes:4
13:59:16.31 (247463126)|VARIABLE_SCOPE_BEGIN|[21]|mails|List<Messaging.SingleEmailMessage>|true|false
13:59:16.31 (247493813)|HEAP_ALLOCATE|[EXTERNAL]|Bytes:4
13:59:16.31 (247509032)|VARIABLE_ASSIGNMENT|[21]|mails|[]|0xd03a376
13:59:16.31 (247519323)|STATEMENT_EXECUTE|[24]
13:59:16.31 (247535493)|METHOD_ENTRY|[24]|01p3X00000DVjDo|MyOrderEmailService.OrderEmailService.getUserIdsByProfile(String)
13:59:16.31 (247573421)|VARIABLE_SCOPE_BEGIN|[49]|this|MyOrderEmailService.OrderEmailService|true|false
13:59:16.31 (247617016)|VARIABLE_ASSIGNMENT|[49]|this|{"profileName":"System Administrator"}|0x7aff58e7
13:59:16.31 (247631660)|VARIABLE_SCOPE_BEGIN|[49]|profileName|String|false|false
13:59:16.31 (247649992)|VARIABLE_ASSIGNMENT|[49]|profileName|"System Administrator"
13:59:16.31 (247658677)|STATEMENT_EXECUTE|[49]
13:59:16.31 (247663538)|STATEMENT_EXECUTE|[50]
13:59:16.31 (247668068)|HEAP_ALLOCATE|[50]|Bytes:106
13:59:16.31 (247692191)|HEAP_ALLOCATE|[50]|Bytes:4
13:59:16.31 (248109222)|SOQL_EXECUTE_BEGIN|[50]|Aggregations:0|SELECT Id, Email FROM User WHERE ProfileId IN (SELECT Id FROM Profile WHERE Name = 'System Administrator')
13:59:16.31 (262824082)|SOQL_EXECUTE_END|[50]|Rows:2
13:59:16.31 (262955642)|HEAP_ALLOCATE|[50]|Bytes:12
13:59:16.31 (262994161)|HEAP_ALLOCATE|[50]|Bytes:126
13:59:16.31 (263123978)|HEAP_ALLOCATE|[50]|Bytes:12
13:59:16.31 (263177263)|VARIABLE_SCOPE_BEGIN|[50]|users|List<User>|true|false
13:59:16.31 (263274924)|VARIABLE_ASSIGNMENT|[50]|users|[{"Id":"0053X00000AtM0MQAV","Email":"khrystynych.vasyl@gm (7 more) ..."},{"Id":"0053X00000AtUkgQAF","Email":"vasyl.fear.k2@gmail. (3 more) ..."}]|0x23a0a097
13:59:16.31 (263297549)|STATEMENT_EXECUTE|[60]
13:59:16.31 (263324151)|HEAP_ALLOCATE|[60]|Bytes:4
13:59:16.31 (263406984)|VARIABLE_SCOPE_BEGIN|[60]|result|List<String>|true|false
13:59:16.31 (263465717)|HEAP_ALLOCATE|[EXTERNAL]|Bytes:4
13:59:16.31 (263491577)|VARIABLE_ASSIGNMENT|[60]|result|[]|0x53366e69
13:59:16.31 (263729274)|HEAP_ALLOCATE|[61]|Bytes:5
13:59:16.31 (263789296)|HEAP_ALLOCATE|[61]|Bytes:12
13:59:16.31 (263816119)|VARIABLE_SCOPE_BEGIN|[61]|user|User|true|false
13:59:16.31 (263853042)|VARIABLE_ASSIGNMENT|[61]|user|{"Id":"0053X00000AtM0MQAV","Email":"khrystynych.vasyl@gm (7 more) ..."}|0x32dda15f
13:59:16.31 (263865636)|STATEMENT_EXECUTE|[61]
13:59:16.31 (263868532)|STATEMENT_EXECUTE|[62]
13:59:16.31 (263967542)|HEAP_ALLOCATE|[EXTERNAL]|Bytes:4
13:59:16.31 (263990053)|HEAP_ALLOCATE|[61]|Bytes:5
13:59:16.31 (264031554)|HEAP_ALLOCATE|[61]|Bytes:12
13:59:16.31 (264043572)|VARIABLE_SCOPE_BEGIN|[61]|user|User|true|false
13:59:16.31 (264074849)|VARIABLE_ASSIGNMENT|[61]|user|{"Id":"0053X00000AtUkgQAF","Email":"vasyl.fear.k2@gmail. (3 more) ..."}|0x5278c44b
13:59:16.31 (264086630)|STATEMENT_EXECUTE|[61]
13:59:16.31 (264089341)|STATEMENT_EXECUTE|[62]
13:59:16.31 (264106997)|HEAP_ALLOCATE|[EXTERNAL]|Bytes:4
13:59:16.31 (264137435)|HEAP_ALLOCATE|[61]|Bytes:5
13:59:16.31 (264163575)|VARIABLE_ASSIGNMENT|[61]|user|null|
13:59:16.31 (264175472)|STATEMENT_EXECUTE|[65]
13:59:16.31 (264192168)|METHOD_EXIT|[24]|01p3X00000DVjDo|MyOrderEmailService.OrderEmailService.getUserIdsByProfile(String)
13:59:16.31 (264265747)|USER_DEBUG|[24]|DEBUG|(khrystynych.vasyl@gmail.com, vasyl.fear.k2@gmail.com)
13:59:16.31 (264286576)|STATEMENT_EXECUTE|[26]
13:59:16.31 (264295809)|HEAP_ALLOCATE|[27]|Bytes:14
13:59:16.31 (264493474)|HEAP_ALLOCATE|[28]|Bytes:1
13:59:16.31 (264515491)|HEAP_ALLOCATE|[29]|Bytes:20
13:59:16.31 (264569681)|HEAP_ALLOCATE|[30]|Bytes:2
13:59:16.31 (264590988)|HEAP_ALLOCATE|[31]|Bytes:8
13:59:16.31 (264609471)|HEAP_ALLOCATE|[27]|Bytes:45
13:59:16.31 (264653401)|USER_DEBUG|[26]|DEBUG|You have made 0 email calls out of 10 allowed
13:59:16.31 (264674817)|STATEMENT_EXECUTE|[33]
13:59:16.31 (264693669)|HEAP_ALLOCATE|[33]|Bytes:4
13:59:16.31 (264738556)|VARIABLE_SCOPE_BEGIN|[33]|recievers|List<String>|true|false
13:59:16.31 (264785225)|HEAP_ALLOCATE|[EXTERNAL]|Bytes:4
13:59:16.31 (264820217)|VARIABLE_ASSIGNMENT|[33]|recievers|[]|0x38addeff
13:59:16.31 (264835919)|STATEMENT_EXECUTE|[34]
13:59:16.31 (264842048)|HEAP_ALLOCATE|[34]|Bytes:23
13:59:16.31 (264892597)|HEAP_ALLOCATE|[EXTERNAL]|Bytes:4
13:59:16.31 (264905670)|STATEMENT_EXECUTE|[35]
13:59:16.31 (264912698)|HEAP_ALLOCATE|[35]|Bytes:27
13:59:16.31 (264942107)|HEAP_ALLOCATE|[EXTERNAL]|Bytes:4
13:59:16.31 (264955623)|STATEMENT_EXECUTE|[36]
13:59:16.31 (265000464)|USER_DEBUG|[36]|DEBUG|(vasyl.fear.k2@gmail.com, khrystynych.vasyl@gmail.com)
13:59:16.31 (265021362)|STATEMENT_EXECUTE|[38]
13:59:16.31 (265033953)|VARIABLE_SCOPE_BEGIN|[38]|i|Integer|false|false
13:59:16.31 (265053539)|HEAP_ALLOCATE|[38]|Bytes:4
13:59:16.31 (265150160)|VARIABLE_ASSIGNMENT|[38]|i|0
13:59:16.31 (265207820)|STATEMENT_EXECUTE|[38]
13:59:16.31 (265215287)|STATEMENT_EXECUTE|[39]
13:59:16.31 (265318009)|VARIABLE_SCOPE_BEGIN|[39]|mail|Messaging.SingleEmailMessage|true|false
13:59:16.31 (265621020)|VARIABLE_ASSIGNMENT|[39]|mail|"common.api.soap.wsdl.SingleEmailMessage@2b721c4f"|0x7d7e75f8
13:59:16.31 (265643289)|STATEMENT_EXECUTE|[41]
13:59:16.31 (265720084)|STATEMENT_EXECUTE|[42]
13:59:16.31 (265739413)|HEAP_ALLOCATE|[42]|Bytes:15
13:59:16.31 (265820989)|STATEMENT_EXECUTE|[43]
13:59:16.31 (265831772)|HEAP_ALLOCATE|[43]|Bytes:47
13:59:16.31 (265848123)|HEAP_ALLOCATE|[43]|Bytes:14
13:59:16.31 (265863896)|HEAP_ALLOCATE|[43]|Bytes:61
13:59:16.31 (265899052)|STATEMENT_EXECUTE|[44]
13:59:16.31 (265957672)|HEAP_ALLOCATE|[EXTERNAL]|Bytes:4
13:59:16.31 (265974753)|HEAP_ALLOCATE|[38]|Bytes:4
13:59:16.31 (265999514)|VARIABLE_ASSIGNMENT|[38]|i|1
13:59:16.31 (266045111)|METHOD_EXIT|[128]|01p3X00000DVjDo|MyOrderEmailService.OrderEmailService.sendEmailOnOrder(List<myorder__c>, List<String>, List<String>)
13:59:16.31 (266062736)|METHOD_EXIT|[3]|01p3X00000DVjDo|MyOrderEmailService.OrderEmailTriggerHandler.sendEmailOnNewOrder(List<myorder__c>)
13:59:16.31 (266087759)|METHOD_EXIT|[150]|01p3X00000DVjDo|MyOrderEmailService.onAfterInsert(Handler.TriggerContext)
13:59:16.31 (266098591)|STATEMENT_EXECUTE|[151]
13:59:16.31 (266124019)|METHOD_ENTRY|[151]|01p3X00000DVhae|Handler.logAfterEventHandling(Handler.TriggerContext)
13:59:16.31 (266203428)|VARIABLE_SCOPE_BEGIN|[228]|this|Handler|true|false
13:59:16.31 (266328853)|VARIABLE_ASSIGNMENT|[228]|this|{"typeName":"0x5ba48776"}|0x1f1a65e6
13:59:16.31 (266363570)|VARIABLE_SCOPE_BEGIN|[228]|context|Handler.TriggerContext|true|false
13:59:16.31 (266452150)|VARIABLE_ASSIGNMENT|[228]|context|{"newList":"0x665972cd","newMap":"0x75c961d9","operationType":"0x51bb4d27","size":1}|0x65b5057
13:59:16.31 (266485868)|HEAP_ALLOCATE|[EXTERNAL]|Bytes:5
13:59:16.31 (266500271)|STATEMENT_EXECUTE|[228]
13:59:16.31 (266520050)|METHOD_EXIT|[151]|01p3X00000DVhae|Handler.logAfterEventHandling(Handler.TriggerContext)
13:59:16.31 (266547761)|SYSTEM_MODE_EXIT|false
13:59:16.31 (266568359)|METHOD_EXIT|[131]|01p3X00000DVhae|Handler.afterInsert()
13:59:16.31 (266582235)|METHOD_EXIT|[79]|01p3X00000DVhaf|HandlerExecutionPool.HandlerExecutor.executeHandler(Handler)
13:59:16.31 (266616101)|HEAP_ALLOCATE|[78]|Bytes:5
13:59:16.31 (266644184)|VARIABLE_ASSIGNMENT|[78]|handler|null|
13:59:16.31 (266661620)|METHOD_EXIT|[2]|01p3X00000DVhaf|HandlerExecutionPool.HandlerExecutor.execute()
13:59:16.266 (266689449)|CUMULATIVE_LIMIT_USAGE
13:59:16.266 (266689449)|LIMIT_USAGE_FOR_NS|(default)|
  Number of SOQL queries: 1 out of 100
  Number of query rows: 3 out of 50000
  Number of SOSL queries: 0 out of 20
  Number of DML statements: 1 out of 150
  Number of DML rows: 1 out of 10000
  Maximum CPU time: 0 out of 10000
  Maximum heap size: 0 out of 6000000
  Number of callouts: 0 out of 100
  Number of Email Invocations: 0 out of 10
  Number of future calls: 0 out of 50
  Number of queueable jobs added to the queue: 0 out of 50
  Number of Mobile Apex push calls: 0 out of 10

13:59:16.266 (266689449)|CUMULATIVE_LIMIT_USAGE_END

13:59:16.31 (268557027)|CODE_UNIT_FINISHED|myOrderTrigger on myorder trigger event AfterInsert|__sfdc_trigger/myOrderTrigger
13:59:16.31 (306809013)|DML_END|[1]
13:59:16.337 (337808130)|CUMULATIVE_LIMIT_USAGE
13:59:16.337 (337808130)|LIMIT_USAGE_FOR_NS|(default)|
  Number of SOQL queries: 1 out of 100
  Number of query rows: 3 out of 50000
  Number of SOSL queries: 0 out of 20
  Number of DML statements: 1 out of 150
  Number of DML rows: 1 out of 10000
  Maximum CPU time: 0 out of 10000
  Maximum heap size: 0 out of 6000000
  Number of callouts: 0 out of 100
  Number of Email Invocations: 0 out of 10
  Number of future calls: 0 out of 50
  Number of queueable jobs added to the queue: 0 out of 50
  Number of Mobile Apex push calls: 0 out of 10

13:59:16.337 (337808130)|CUMULATIVE_LIMIT_USAGE_END

13:59:16.31 (337931997)|CODE_UNIT_FINISHED|execute_anonymous_apex
13:59:16.31 (339821602)|EXECUTION_FINISHED
