47.0 APEX_CODE,FINEST;APEX_PROFILING,INFO;CALLOUT,INFO;DB,INFO;NBA,INFO;SYSTEM,DEBUG;VALIDATION,INFO;VISUALFORCE,FINER;WAVE,INFO;WORKFLOW,INFO
Execute Anonymous: insert new myorder__c(Name = 'a003X0000132gH4QAI1212', customer__c = 'a003X0000132gH4QAI');
23:06:37.2 (2163173)|USER_INFO|[EXTERNAL]|0053X00000AtM0M|khrystynych.vasyl@ctdevlviv.stud|(GMT+00:00) Irish Standard Time (Europe/Dublin)|GMTZ
23:06:37.2 (2222611)|EXECUTION_STARTED
23:06:37.2 (2245911)|CODE_UNIT_STARTED|[EXTERNAL]|execute_anonymous_apex
23:06:37.2 (2627259)|HEAP_ALLOCATE|[79]|Bytes:3
23:06:37.2 (2681600)|HEAP_ALLOCATE|[84]|Bytes:152
23:06:37.2 (2698023)|HEAP_ALLOCATE|[399]|Bytes:408
23:06:37.2 (2713503)|HEAP_ALLOCATE|[412]|Bytes:408
23:06:37.2 (2725764)|HEAP_ALLOCATE|[520]|Bytes:48
23:06:37.2 (2755562)|HEAP_ALLOCATE|[139]|Bytes:6
23:06:37.2 (2796020)|HEAP_ALLOCATE|[EXTERNAL]|Bytes:1
23:06:37.2 (2917166)|STATEMENT_EXECUTE|[1]
23:06:37.2 (2920418)|STATEMENT_EXECUTE|[1]
23:06:37.2 (3010418)|HEAP_ALLOCATE|[1]|Bytes:4
23:06:37.2 (3113671)|HEAP_ALLOCATE|[1]|Bytes:22
23:06:37.2 (3249162)|VARIABLE_ASSIGNMENT|[1]|this.Name|"a003X0000132gH4QAI12 (2 more) ..."|0x1cfbfbc7
23:06:37.2 (3257318)|HEAP_ALLOCATE|[1]|Bytes:18
23:06:37.2 (3273387)|HEAP_ALLOCATE|[1]|Bytes:4
23:06:37.2 (3317740)|VARIABLE_ASSIGNMENT|[1]|this.customer__c|"a003X0000132gH4QAI"|0x1cfbfbc7
23:06:37.2 (3372241)|HEAP_ALLOCATE|[52]|Bytes:5
23:06:37.2 (3417110)|HEAP_ALLOCATE|[58]|Bytes:5
23:06:37.2 (3425028)|HEAP_ALLOCATE|[66]|Bytes:7
23:06:37.2 (3474363)|HEAP_ALLOCATE|[1]|Bytes:8
23:06:37.2 (3502032)|DML_BEGIN|[1]|Op:Insert|Type:myorder__c|Rows:1
23:06:37.2 (3549062)|HEAP_ALLOCATE|[EXTERNAL]|Bytes:8
23:06:37.2 (53086797)|CODE_UNIT_STARTED|[EXTERNAL]|01q3X0000018STF|myOrderTrigger on myorder trigger event AfterInsert|__sfdc_trigger/myOrderTrigger
23:06:37.2 (53160770)|HEAP_ALLOCATE|[EXTERNAL]|Bytes:8
23:06:37.2 (53352324)|HEAP_ALLOCATE|[EXTERNAL]|Bytes:4
23:06:37.2 (53374584)|VARIABLE_SCOPE_BEGIN|[1]|this|myOrderTrigger|true|false
23:06:37.2 (53446546)|VARIABLE_ASSIGNMENT|[1]|this|{}|0x448dd520
23:06:37.2 (53496311)|HEAP_ALLOCATE|[EXTERNAL]|Bytes:4
23:06:37.2 (53503777)|VARIABLE_SCOPE_BEGIN|[1]|this|myOrderTrigger|true|false
23:06:37.2 (53517763)|VARIABLE_ASSIGNMENT|[1]|this|{}|0x448dd520
23:06:37.2 (53527240)|STATEMENT_EXECUTE|[1]
23:06:37.2 (53530277)|STATEMENT_EXECUTE|[2]
23:06:37.2 (57200101)|VARIABLE_SCOPE_BEGIN|[10]|HandlerExecutionPool.instance|HandlerExecutionPool|true|true
23:06:37.2 (57265862)|HEAP_ALLOCATE|[2]|Bytes:31
23:06:37.2 (57276778)|HEAP_ALLOCATE|[2]|Bytes:8
23:06:37.2 (57315142)|METHOD_ENTRY|[8]|01p3X00000DVhaf|HandlerExecutionPool.HandlerExecutionPool()
23:06:37.2 (57321782)|STATEMENT_EXECUTE|[8]
23:06:37.2 (57330613)|STATEMENT_EXECUTE|[8]
23:06:37.2 (57845958)|SYSTEM_MODE_ENTER|false
23:06:37.2 (57868231)|HEAP_ALLOCATE|[2]|Bytes:5
23:06:37.2 (57876004)|STATEMENT_EXECUTE|[60]
23:06:37.2 (57878659)|STATEMENT_EXECUTE|[172]
23:06:37.2 (57885293)|SYSTEM_MODE_EXIT|false
23:06:37.2 (57898996)|METHOD_EXIT|[8]|HandlerExecutionPool
23:06:37.2 (58007271)|METHOD_ENTRY|[2]|01p3X00000DVhaf|HandlerExecutionPool.getInstance()
23:06:37.2 (58055798)|SYSTEM_MODE_ENTER|false
23:06:37.2 (58062482)|HEAP_ALLOCATE|[25]|Bytes:5
23:06:37.2 (58068688)|STATEMENT_EXECUTE|[24]
23:06:37.2 (58074575)|STATEMENT_EXECUTE|[25]
23:06:37.2 (58076871)|STATEMENT_EXECUTE|[26]
23:06:37.2 (58672658)|HEAP_ALLOCATE|[26]|Bytes:8
23:06:37.2 (58742252)|CONSTRUCTOR_ENTRY|[26]|01p3X00000DVhaf|<init>()|HandlerExecutionPool
23:06:37.2 (58811142)|VARIABLE_SCOPE_BEGIN|[13]|this|HandlerExecutionPool|true|false
23:06:37.2 (58850753)|VARIABLE_ASSIGNMENT|[13]|this|{}|0x108da3e8
23:06:37.2 (58864228)|HEAP_ALLOCATE|[14]|Bytes:5
23:06:37.2 (58871608)|STATEMENT_EXECUTE|[8]
23:06:37.2 (58875540)|HEAP_ALLOCATE|[14]|Bytes:5
23:06:37.2 (58879337)|STATEMENT_EXECUTE|[11]
23:06:37.2 (58888610)|HEAP_ALLOCATE|[14]|Bytes:6
23:06:37.2 (59931963)|STATEMENT_EXECUTE|[13]
23:06:37.2 (59936098)|STATEMENT_EXECUTE|[14]
23:06:37.2 (59955731)|HEAP_ALLOCATE|[14]|Bytes:4
23:06:37.2 (60081521)|VARIABLE_ASSIGNMENT|[14]|this.handlerPool|{}|0x108da3e8
23:06:37.2 (60119304)|CONSTRUCTOR_EXIT|[26]|01p3X00000DVhaf|<init>()|HandlerExecutionPool
23:06:37.2 (60189155)|VARIABLE_ASSIGNMENT|[26]|HandlerExecutionPool.instance|{"handlerPool":"0x323a7311"}|0x108da3e8
23:06:37.2 (60198600)|STATEMENT_EXECUTE|[28]
23:06:37.2 (60204937)|SYSTEM_MODE_EXIT|false
23:06:37.2 (60237179)|METHOD_EXIT|[2]|01p3X00000DVhaf|HandlerExecutionPool.getInstance()
23:06:37.2 (60249441)|HEAP_ALLOCATE|[2]|Bytes:36
23:06:37.2 (60312797)|HEAP_ALLOCATE|[2]|Bytes:30
23:06:37.2 (60322454)|SYSTEM_METHOD_ENTRY|[1]|Type.Type()
23:06:37.2 (60326695)|STATEMENT_EXECUTE|[1]
23:06:37.2 (60333087)|SYSTEM_METHOD_EXIT|[1]|Type
23:06:37.2 (60340369)|HEAP_ALLOCATE|[2]|Bytes:8
23:06:37.2 (60355821)|HEAP_ALLOCATE|[2]|Bytes:8
23:06:37.2 (60361356)|VARIABLE_SCOPE_BEGIN|[4]|this|System.Type|true|false
23:06:37.2 (60406680)|VARIABLE_ASSIGNMENT|[4]|this|{}|0x3b94a607
23:06:37.2 (60413602)|VARIABLE_SCOPE_BEGIN|[4]|apextype|java:common.apex.runtime.ApexObjectType|true|false
23:06:37.2 (60825654)|VARIABLE_ASSIGNMENT|[4]|apextype|"myorder__c"|0x46fbc07e
23:06:37.2 (60870832)|HEAP_ALLOCATE|[2]|Bytes:8
23:06:37.2 (60899456)|METHOD_ENTRY|[2]|01p3X00000DVhaf|HandlerExecutionPool.getHandler(System.Type)
23:06:37.2 (60907611)|VARIABLE_SCOPE_BEGIN|[41]|this|HandlerExecutionPool|true|false
23:06:37.2 (60930032)|VARIABLE_ASSIGNMENT|[41]|this|{"handlerPool":"0x323a7311"}|0x108da3e8
23:06:37.2 (60936128)|VARIABLE_SCOPE_BEGIN|[41]|typeName|System.Type|true|false
23:06:37.2 (60951062)|VARIABLE_ASSIGNMENT|[41]|typeName|{"aot":"0x46fbc07e"}|0x3b94a607
23:06:37.2 (60962933)|SYSTEM_MODE_ENTER|false
23:06:37.2 (60970123)|HEAP_ALLOCATE|[42]|Bytes:5
23:06:37.2 (60975006)|STATEMENT_EXECUTE|[41]
23:06:37.2 (60977493)|STATEMENT_EXECUTE|[42]
23:06:37.2 (61094750)|VARIABLE_SCOPE_BEGIN|[42]|executor|HandlerExecutionPool.HandlerExecutor|true|false
23:06:37.2 (61110546)|VARIABLE_ASSIGNMENT|[42]|executor|null|
23:06:37.2 (61115885)|STATEMENT_EXECUTE|[43]
23:06:37.2 (61118436)|STATEMENT_EXECUTE|[44]
23:06:37.2 (61123837)|HEAP_ALLOCATE|[44]|Bytes:16
23:06:37.2 (61129272)|HEAP_ALLOCATE|[44]|Bytes:11
23:06:37.2 (64793567)|HEAP_ALLOCATE|[44]|Bytes:12
23:06:37.2 (64825846)|CONSTRUCTOR_ENTRY|[44]|01p3X00000DVhaf|<init>(System.Type)|HandlerExecutionPool.HandlerExecutor
23:06:37.2 (64853509)|VARIABLE_SCOPE_BEGIN|[65]|this|HandlerExecutionPool.HandlerExecutor|true|false
23:06:37.2 (64884053)|VARIABLE_ASSIGNMENT|[65]|this|{}|0x454fc0e5
23:06:37.2 (64893286)|VARIABLE_SCOPE_BEGIN|[65]|typeName|System.Type|true|false
23:06:37.2 (64913336)|VARIABLE_ASSIGNMENT|[65]|typeName|{"aot":"0x46fbc07e"}|0x3b94a607
23:06:37.2 (64920903)|STATEMENT_EXECUTE|[60]
23:06:37.2 (64923629)|STATEMENT_EXECUTE|[62]
23:06:37.2 (64925985)|STATEMENT_EXECUTE|[63]
23:06:37.2 (64942098)|STATEMENT_EXECUTE|[65]
23:06:37.2 (64944428)|STATEMENT_EXECUTE|[66]
23:06:37.2 (64951418)|VARIABLE_ASSIGNMENT|[66]|this.typeName|0x3b94a607|0x454fc0e5
23:06:37.2 (64960696)|CONSTRUCTOR_EXIT|[44]|01p3X00000DVhaf|<init>(System.Type)|HandlerExecutionPool.HandlerExecutor
23:06:37.2 (64976021)|VARIABLE_ASSIGNMENT|[44]|executor|{"typeName":"0x3b94a607"}|0x454fc0e5
23:06:37.2 (64981964)|STATEMENT_EXECUTE|[45]
23:06:37.2 (65075553)|HEAP_ALLOCATE|[EXTERNAL]|Bytes:-4
23:06:37.2 (65088894)|STATEMENT_EXECUTE|[47]
23:06:37.2 (65095040)|SYSTEM_MODE_EXIT|false
23:06:37.2 (65105877)|METHOD_EXIT|[2]|01p3X00000DVhaf|HandlerExecutionPool.getHandler(System.Type)
23:06:37.2 (65127036)|METHOD_ENTRY|[2]|01p3X00000DVhaf|HandlerExecutionPool.HandlerExecutor.execute()
23:06:37.2 (65134469)|VARIABLE_SCOPE_BEGIN|[76]|this|HandlerExecutionPool.HandlerExecutor|true|false
23:06:37.2 (65153366)|VARIABLE_ASSIGNMENT|[76]|this|{"typeName":"0x3b94a607"}|0x454fc0e5
23:06:37.2 (65160668)|STATEMENT_EXECUTE|[76]
23:06:37.2 (65163375)|STATEMENT_EXECUTE|[77]
23:06:37.2 (65171578)|METHOD_ENTRY|[77]|01p3X00000DVhaf|HandlerExecutionPool.HandlerExecutor.getActiveHandlers()
23:06:37.2 (65203053)|VARIABLE_SCOPE_BEGIN|[95]|this|HandlerExecutionPool.HandlerExecutor|true|false
23:06:37.2 (65218084)|VARIABLE_ASSIGNMENT|[95]|this|{"typeName":"0x3b94a607"}|0x454fc0e5
23:06:37.2 (65224809)|STATEMENT_EXECUTE|[95]
23:06:37.2 (65227137)|STATEMENT_EXECUTE|[96]
23:06:37.2 (65566939)|HEAP_ALLOCATE|[96]|Bytes:11
23:06:37.2 (65680218)|HEAP_ALLOCATE|[96]|Bytes:8
23:06:37.2 (65704199)|CONSTRUCTOR_ENTRY|[96]|01p3X00000DVhaf|<init>(System.Type)|HandlerExecutionPool.MetadataHandler
23:06:37.2 (65726370)|VARIABLE_SCOPE_BEGIN|[176]|this|HandlerExecutionPool.MetadataHandler|true|false
23:06:37.2 (65750688)|VARIABLE_ASSIGNMENT|[176]|this|{}|0x411663d2
23:06:37.2 (65757491)|VARIABLE_SCOPE_BEGIN|[176]|typeName|System.Type|true|false
23:06:37.2 (65775179)|VARIABLE_ASSIGNMENT|[176]|typeName|{"aot":"0x46fbc07e"}|0x3b94a607
23:06:37.2 (65782503)|STATEMENT_EXECUTE|[172]
23:06:37.2 (65785264)|STATEMENT_EXECUTE|[174]
23:06:37.2 (65801048)|STATEMENT_EXECUTE|[176]
23:06:37.2 (65803424)|STATEMENT_EXECUTE|[177]
23:06:37.2 (65820238)|METHOD_ENTRY|[177]|01p3X00000DVhaf|HandlerExecutionPool.MetadataHandler.readHandlersMetadata(System.Type)
23:06:37.2 (65845031)|VARIABLE_SCOPE_BEGIN|[184]|this|HandlerExecutionPool.MetadataHandler|true|false
23:06:37.2 (65860886)|VARIABLE_ASSIGNMENT|[184]|this|{}|0x411663d2
23:06:37.2 (65867462)|VARIABLE_SCOPE_BEGIN|[184]|typeName|System.Type|true|false
23:06:37.2 (65880955)|VARIABLE_ASSIGNMENT|[184]|typeName|{"aot":"0x46fbc07e"}|0x3b94a607
23:06:37.2 (65887752)|STATEMENT_EXECUTE|[184]
23:06:37.2 (65890274)|STATEMENT_EXECUTE|[185]
23:06:37.2 (65894745)|HEAP_ALLOCATE|[185]|Bytes:199
23:06:37.2 (65915030)|HEAP_ALLOCATE|[185]|Bytes:4
23:06:37.2 (67469511)|SOQL_EXECUTE_BEGIN|[185]|Aggregations:0|SELECT Id, NamespacePrefix, Class_Name__c, Other_Object_API_Name__c, Object_Name__r.QualifiedAPIName FROM Trigger_Dependency__mdt WHERE Is_Active__c = TRUE ORDER BY Execution_Order__c ASC NULLS FIRST
23:06:37.2 (83663360)|SOQL_EXECUTE_END|[185]|Rows:1
23:06:37.2 (83707955)|HEAP_ALLOCATE|[185]|Bytes:8
23:06:37.2 (83741592)|HEAP_ALLOCATE|[185]|Bytes:202
23:06:37.2 (83782673)|HEAP_ALLOCATE|[185]|Bytes:8
23:06:37.2 (83804816)|VARIABLE_SCOPE_BEGIN|[185]|triggerDependencies|List<Trigger_Dependency__mdt>|true|false
23:06:37.2 (83874736)|VARIABLE_ASSIGNMENT|[185]|triggerDependencies|[{"Id":"m003X0000009oReQAI","Class_Name__c":"MyOrderEmailService","Object_Name__c":"01I3X000001p4fD","Object_Name__r":{"Id":"000000000000000AAA","DurableId":"01I3X000001p4fD","QualifiedApiName":"myorder__c"}}]|0x4d0cf46e
23:06:37.2 (83885886)|STATEMENT_EXECUTE|[195]
23:06:37.2 (83897941)|HEAP_ALLOCATE|[195]|Bytes:4
23:06:37.2 (83977560)|VARIABLE_SCOPE_BEGIN|[195]|result|List<Trigger_Dependency__mdt>|true|false
23:06:37.2 (83989041)|HEAP_ALLOCATE|[EXTERNAL]|Bytes:4
23:06:37.2 (83998141)|VARIABLE_ASSIGNMENT|[195]|result|[]|0x75daae33
23:06:37.2 (84004307)|STATEMENT_EXECUTE|[196]
23:06:37.2 (84036340)|METHOD_ENTRY|[196]||System.Type.toString()
23:06:37.2 (84119002)|METHOD_EXIT|[196]||System.Type.toString()
23:06:37.2 (84127322)|VARIABLE_SCOPE_BEGIN|[196]|typeNameString|String|false|false
23:06:37.2 (84139987)|VARIABLE_ASSIGNMENT|[196]|typeNameString|"myorder__c"
23:06:37.2 (84299710)|HEAP_ALLOCATE|[197]|Bytes:5
23:06:37.2 (84376235)|HEAP_ALLOCATE|[197]|Bytes:20
23:06:37.2 (84385790)|VARIABLE_SCOPE_BEGIN|[197]|dependency|Trigger_Dependency__mdt|true|false
23:06:37.2 (84416660)|VARIABLE_ASSIGNMENT|[197]|dependency|{"Id":"m003X0000009oReQAI","Class_Name__c":"MyOrderEmailService","Object_Name__c":"01I3X000001p4fD","Object_Name__r":{"Id":"000000000000000AAA","DurableId":"01I3X000001p4fD","QualifiedApiName":"myorder__c"}}|0x13068141
23:06:37.2 (84424857)|STATEMENT_EXECUTE|[197]
23:06:37.2 (84557328)|STATEMENT_EXECUTE|[199]
23:06:37.2 (84560367)|STATEMENT_EXECUTE|[200]
23:06:37.2 (84606214)|HEAP_ALLOCATE|[EXTERNAL]|Bytes:4
23:06:37.2 (84627043)|HEAP_ALLOCATE|[197]|Bytes:5
23:06:37.2 (84642108)|VARIABLE_ASSIGNMENT|[197]|dependency|null|
23:06:37.2 (84647622)|STATEMENT_EXECUTE|[203]
23:06:37.2 (84654421)|METHOD_EXIT|[177]|01p3X00000DVhaf|HandlerExecutionPool.MetadataHandler.readHandlersMetadata(System.Type)
23:06:37.2 (84688118)|VARIABLE_ASSIGNMENT|[177]|this.handlersMeta|[{"Id":"m003X0000009oReQAI","Class_Name__c":"MyOrderEmailService","Object_Name__c":"01I3X000001p4fD","Object_Name__r":{"Id":"000000000000000AAA","DurableId":"01I3X000001p4fD","QualifiedApiName":"myorder__c"}}]|0x411663d2
23:06:37.2 (84706820)|CONSTRUCTOR_EXIT|[96]|01p3X00000DVhaf|<init>(System.Type)|HandlerExecutionPool.MetadataHandler
23:06:37.2 (84718113)|VARIABLE_SCOPE_BEGIN|[96]|metadataHandler|HandlerExecutionPool.MetadataHandler|true|false
23:06:37.2 (84753739)|VARIABLE_ASSIGNMENT|[96]|metadataHandler|{"handlersMeta":"0x75daae33"}|0x411663d2
23:06:37.2 (84763118)|STATEMENT_EXECUTE|[97]
23:06:37.2 (84777294)|HEAP_ALLOCATE|[97]|Bytes:4
23:06:37.2 (84837903)|VARIABLE_SCOPE_BEGIN|[97]|handlers|List<Handler>|true|false
23:06:37.2 (84867456)|HEAP_ALLOCATE|[EXTERNAL]|Bytes:4
23:06:37.2 (84879351)|VARIABLE_ASSIGNMENT|[97]|handlers|[]|0x330d0e24
23:06:37.2 (84899131)|METHOD_ENTRY|[98]|01p3X00000DVhaf|HandlerExecutionPool.MetadataHandler.getMeta()
23:06:37.2 (84919074)|VARIABLE_SCOPE_BEGIN|[180]|this|HandlerExecutionPool.MetadataHandler|true|false
23:06:37.2 (84944742)|VARIABLE_ASSIGNMENT|[180]|this|{"handlersMeta":"0x75daae33"}|0x411663d2
23:06:37.2 (84957399)|STATEMENT_EXECUTE|[180]
23:06:37.2 (84961026)|STATEMENT_EXECUTE|[181]
23:06:37.2 (84971825)|METHOD_EXIT|[98]|01p3X00000DVhaf|HandlerExecutionPool.MetadataHandler.getMeta()
23:06:37.2 (85007933)|HEAP_ALLOCATE|[98]|Bytes:5
23:06:37.2 (85036366)|HEAP_ALLOCATE|[98]|Bytes:20
23:06:37.2 (85048070)|VARIABLE_SCOPE_BEGIN|[98]|handlerMeta|Trigger_Dependency__mdt|true|false
23:06:37.2 (85074665)|VARIABLE_ASSIGNMENT|[98]|handlerMeta|{"Id":"m003X0000009oReQAI","Class_Name__c":"MyOrderEmailService","Object_Name__c":"01I3X000001p4fD","Object_Name__r":{"Id":"000000000000000AAA","DurableId":"01I3X000001p4fD","QualifiedApiName":"myorder__c"}}|0x13068141
23:06:37.2 (85082640)|STATEMENT_EXECUTE|[98]
23:06:37.2 (85085277)|STATEMENT_EXECUTE|[99]
23:06:37.2 (85142250)|METHOD_ENTRY|[99]||System.Type.forName(String, String)
23:06:37.2 (88974916)|METHOD_EXIT|[99]||System.Type.forName(String, String)
23:06:37.2 (88991600)|VARIABLE_SCOPE_BEGIN|[99]|handlerType|System.Type|true|false
23:06:37.2 (89033690)|VARIABLE_ASSIGNMENT|[99]|handlerType|{"aot":"0x17d25b5c"}|0x49f6c7f2
23:06:37.2 (89042287)|STATEMENT_EXECUTE|[100]
23:06:37.2 (89045329)|STATEMENT_EXECUTE|[104]
23:06:37.2 (89055902)|METHOD_ENTRY|[104]||System.Type.newInstance()
23:06:37.2 (89215800)|METHOD_ENTRY|[1]|01p3X00000DVjDo|MyOrderEmailService.MyOrderEmailService()
23:06:37.2 (89223344)|STATEMENT_EXECUTE|[1]
23:06:37.2 (89227161)|STATEMENT_EXECUTE|[1]
23:06:37.2 (89745742)|SYSTEM_MODE_ENTER|false
23:06:37.2 (89761786)|HEAP_ALLOCATE|[42]|Bytes:5
23:06:37.2 (89771955)|STATEMENT_EXECUTE|[10]
23:06:37.2 (89774550)|STATEMENT_EXECUTE|[57]
23:06:37.2 (89777024)|STATEMENT_EXECUTE|[87]
23:06:37.2 (89783045)|SYSTEM_MODE_EXIT|false
23:06:37.2 (89796213)|METHOD_EXIT|[1]|MyOrderEmailService
23:06:37.2 (89815804)|HEAP_ALLOCATE|[42]|Bytes:8
23:06:37.2 (89824272)|VARIABLE_SCOPE_BEGIN|[1]|this|MyOrderEmailService|true|false
23:06:37.2 (89854995)|VARIABLE_ASSIGNMENT|[1]|this|{}|0x7b6794d3
23:06:37.2 (89867444)|SYSTEM_MODE_ENTER|false
23:06:37.2 (89873205)|HEAP_ALLOCATE|[42]|Bytes:5
23:06:37.2 (89886780)|HEAP_ALLOCATE|[42]|Bytes:14
23:06:37.2 (89893192)|HEAP_ALLOCATE|[42]|Bytes:63
23:06:37.2 (89922880)|METHOD_ENTRY|[10]|01p3X00000DVhae|Handler.Handler()
23:06:37.2 (89928432)|STATEMENT_EXECUTE|[10]
23:06:37.2 (89932210)|STATEMENT_EXECUTE|[10]
23:06:37.2 (89936504)|HEAP_ALLOCATE|[42]|Bytes:5
23:06:37.2 (89940976)|STATEMENT_EXECUTE|[238]
23:06:37.2 (89946280)|METHOD_EXIT|[10]|Handler
23:06:37.2 (89955612)|CONSTRUCTOR_ENTRY|[EXTERNAL]|01p3X00000DVhae|<init>()|Handler
23:06:37.2 (89967256)|VARIABLE_SCOPE_BEGIN|[14]|this|Handler|true|false
23:06:37.2 (89982851)|VARIABLE_ASSIGNMENT|[14]|this|{}|0x7b6794d3
23:06:37.2 (89991334)|HEAP_ALLOCATE|[42]|Bytes:5
23:06:37.2 (89995375)|STATEMENT_EXECUTE|[10]
23:06:37.2 (89998799)|HEAP_ALLOCATE|[42]|Bytes:5
23:06:37.2 (90002621)|STATEMENT_EXECUTE|[12]
23:06:37.2 (90030035)|STATEMENT_EXECUTE|[14]
23:06:37.2 (90034740)|CONSTRUCTOR_EXIT|[EXTERNAL]|01p3X00000DVhae|<init>()|Handler
23:06:37.2 (90042028)|SYSTEM_MODE_EXIT|false
23:06:37.2 (90046560)|STATEMENT_EXECUTE|[1]
23:06:37.2 (90050659)|SYSTEM_MODE_ENTER|false
23:06:37.2 (90054942)|HEAP_ALLOCATE|[42]|Bytes:5
23:06:37.2 (90059356)|SYSTEM_MODE_EXIT|false
23:06:37.2 (90078015)|METHOD_EXIT|[104]||System.Type.newInstance()
23:06:37.2 (90090832)|VARIABLE_SCOPE_BEGIN|[104]|handler|Handler|true|false
23:06:37.2 (90105891)|VARIABLE_ASSIGNMENT|[104]|handler|{}|0x7b6794d3
23:06:37.2 (90111859)|STATEMENT_EXECUTE|[105]
23:06:37.2 (90142362)|METHOD_ENTRY|[105]|01p3X00000DVhae|Handler.setSobjectType(System.Type)
23:06:37.2 (90169351)|VARIABLE_SCOPE_BEGIN|[205]|this|Handler|true|false
23:06:37.2 (90183530)|VARIABLE_ASSIGNMENT|[205]|this|{}|0x7b6794d3
23:06:37.2 (90189571)|VARIABLE_SCOPE_BEGIN|[205]|typeName|System.Type|true|false
23:06:37.2 (90207168)|VARIABLE_ASSIGNMENT|[205]|typeName|{"aot":"0x46fbc07e"}|0x3b94a607
23:06:37.2 (90216647)|SYSTEM_MODE_ENTER|false
23:06:37.2 (90222219)|HEAP_ALLOCATE|[206]|Bytes:5
23:06:37.2 (90226915)|STATEMENT_EXECUTE|[205]
23:06:37.2 (90229363)|STATEMENT_EXECUTE|[206]
23:06:37.2 (90235633)|SYSTEM_MODE_EXIT|false
23:06:37.2 (90242770)|METHOD_EXIT|[105]|01p3X00000DVhae|Handler.setSobjectType(System.Type)
23:06:37.2 (90252377)|STATEMENT_EXECUTE|[106]
23:06:37.2 (90291145)|HEAP_ALLOCATE|[EXTERNAL]|Bytes:4
23:06:37.2 (90309789)|HEAP_ALLOCATE|[98]|Bytes:5
23:06:37.2 (90326643)|VARIABLE_ASSIGNMENT|[98]|handlerMeta|null|
23:06:37.2 (90332709)|STATEMENT_EXECUTE|[108]
23:06:37.2 (90337438)|METHOD_EXIT|[77]|01p3X00000DVhaf|HandlerExecutionPool.HandlerExecutor.getActiveHandlers()
23:06:37.2 (90360345)|VARIABLE_ASSIGNMENT|[77]|this.activeHandlers|[{"typeName":"0x3b94a607"}]|0x454fc0e5
23:06:37.2 (90466485)|HEAP_ALLOCATE|[78]|Bytes:5
23:06:37.2 (90480149)|HEAP_ALLOCATE|[78]|Bytes:8
23:06:37.2 (90495682)|VARIABLE_SCOPE_BEGIN|[78]|handler|Handler|true|false
23:06:37.2 (90514333)|VARIABLE_ASSIGNMENT|[78]|handler|{"typeName":"0x3b94a607"}|0x7b6794d3
23:06:37.2 (90521150)|STATEMENT_EXECUTE|[78]
23:06:37.2 (90523709)|STATEMENT_EXECUTE|[79]
23:06:37.2 (90534296)|METHOD_ENTRY|[79]|01p3X00000DVhaf|HandlerExecutionPool.HandlerExecutor.executeHandler(Handler)
23:06:37.2 (90553586)|VARIABLE_SCOPE_BEGIN|[119]|this|HandlerExecutionPool.HandlerExecutor|true|false
23:06:37.2 (90571695)|VARIABLE_ASSIGNMENT|[119]|this|{"activeHandlers":"0x330d0e24","typeName":"0x3b94a607"}|0x454fc0e5
23:06:37.2 (90577937)|VARIABLE_SCOPE_BEGIN|[119]|handler|Handler|true|false
23:06:37.2 (90591722)|VARIABLE_ASSIGNMENT|[119]|handler|{"typeName":"0x3b94a607"}|0x7b6794d3
23:06:37.2 (90598697)|STATEMENT_EXECUTE|[119]
23:06:37.2 (90601138)|STATEMENT_EXECUTE|[120]
23:06:37.2 (90825509)|HEAP_ALLOCATE|[121]|Bytes:12
23:06:37.2 (90963595)|STATEMENT_EXECUTE|[130]
23:06:37.2 (90966370)|STATEMENT_EXECUTE|[131]
23:06:37.2 (90978096)|METHOD_ENTRY|[131]|01p3X00000DVhae|Handler.afterInsert()
23:06:37.2 (90993709)|VARIABLE_SCOPE_BEGIN|[147]|this|Handler|true|false
23:06:37.2 (91015199)|VARIABLE_ASSIGNMENT|[147]|this|{"typeName":"0x3b94a607"}|0x7b6794d3
23:06:37.2 (91034474)|SYSTEM_MODE_ENTER|false
23:06:37.2 (91041629)|HEAP_ALLOCATE|[148]|Bytes:5
23:06:37.2 (91046328)|STATEMENT_EXECUTE|[147]
23:06:37.2 (91048994)|STATEMENT_EXECUTE|[148]
23:06:37.2 (91310386)|HEAP_ALLOCATE|[148]|Bytes:3
23:06:37.2 (91335056)|HEAP_ALLOCATE|[148]|Bytes:28
23:06:37.2 (91349691)|CONSTRUCTOR_ENTRY|[148]|01p3X00000DVhae|<init>()|Handler.TriggerContext
23:06:37.2 (91404196)|VARIABLE_SCOPE_BEGIN|[247]|this|Handler.TriggerContext|true|false
23:06:37.2 (91434368)|VARIABLE_ASSIGNMENT|[247]|this|{}|0x16b24638
23:06:37.2 (91441741)|STATEMENT_EXECUTE|[238]
23:06:37.2 (91444318)|STATEMENT_EXECUTE|[240]
23:06:37.2 (91446596)|STATEMENT_EXECUTE|[241]
23:06:37.2 (91448837)|STATEMENT_EXECUTE|[242]
23:06:37.2 (91451128)|STATEMENT_EXECUTE|[243]
23:06:37.2 (91453340)|STATEMENT_EXECUTE|[244]
23:06:37.2 (91455529)|STATEMENT_EXECUTE|[245]
23:06:37.2 (91471718)|STATEMENT_EXECUTE|[247]
23:06:37.2 (91474129)|STATEMENT_EXECUTE|[248]
23:06:37.2 (91876590)|VARIABLE_ASSIGNMENT|[248]|this.newList|[{"LastModifiedDate":"2020-01-24T23:06:37.000Z","IsDeleted":false,"CreatedById":"0053X00000AtM0MQAV","customer__c":"a003X0000132gH4QAI","total_count__c":0,"CreatedDate":"2020-01-24T23:06:37.000Z","Id":"a013X00002RT3oOQAT","Status__c":false,"LastModifiedById":"0053X00000AtM0MQAV","order_price__c":0.00,"Name":"a003X0000132gH4QAI12 (2 more) ...","SystemModstamp":"2020-01-24T23:06:37.000Z"}]|0x16b24638
23:06:37.2 (91891218)|STATEMENT_EXECUTE|[249]
23:06:37.2 (92063819)|VARIABLE_ASSIGNMENT|[249]|this.newMap|{"a013X00002RT3oOQAT":{"LastModifiedDate":"2020-01-24T23:06:37.000Z","IsDeleted":false,"CreatedById":"0053X00000AtM0MQAV","customer__c":"a003X0000132gH4QAI","total_count__c":0,"CreatedDate":"2020-01-24T23:06:37.000Z","Id":"a013X00002RT3oOQAT","Status__c":false,"LastModifiedById":"0053X00000AtM0MQAV","order_price__c":0.00,"Name":"a003X0000132gH4QAI12 (2 more) ...","SystemModstamp":"2020-01-24T23:06:37.000Z"}}|0x16b24638
23:06:37.2 (92076016)|STATEMENT_EXECUTE|[250]
23:06:37.2 (92092149)|VARIABLE_ASSIGNMENT|[250]|this.oldList|null|0x16b24638
23:06:37.2 (92098067)|STATEMENT_EXECUTE|[251]
23:06:37.2 (92110248)|VARIABLE_ASSIGNMENT|[251]|this.oldMap|null|0x16b24638
23:06:37.2 (92115588)|STATEMENT_EXECUTE|[252]
23:06:37.2 (92133089)|HEAP_ALLOCATE|[252]|Bytes:4
23:06:37.2 (92145297)|VARIABLE_ASSIGNMENT|[252]|this.size|1|0x16b24638
23:06:37.2 (92150869)|STATEMENT_EXECUTE|[253]
23:06:37.2 (92211757)|HEAP_ALLOCATE|[252]|Bytes:12
23:06:37.2 (92228661)|VARIABLE_ASSIGNMENT|[253]|this.operationType|0x51a2be7c|0x16b24638
23:06:37.2 (92237827)|CONSTRUCTOR_EXIT|[148]|01p3X00000DVhae|<init>()|Handler.TriggerContext
23:06:37.2 (92245490)|VARIABLE_SCOPE_BEGIN|[148]|context|Handler.TriggerContext|true|false
23:06:37.2 (92275524)|VARIABLE_ASSIGNMENT|[148]|context|{"newList":"0x620fc86a","newMap":"0x532aaa55","operationType":"0x51a2be7c","size":1}|0x16b24638
23:06:37.2 (92281839)|STATEMENT_EXECUTE|[149]
23:06:37.2 (92296381)|METHOD_ENTRY|[149]|01p3X00000DVhae|Handler.logBeforeEventHandling(Handler.TriggerContext)
23:06:37.2 (92316184)|VARIABLE_SCOPE_BEGIN|[217]|this|Handler|true|false
23:06:37.2 (92333774)|VARIABLE_ASSIGNMENT|[217]|this|{"typeName":"0x3b94a607"}|0x7b6794d3
23:06:37.2 (92339838)|VARIABLE_SCOPE_BEGIN|[217]|context|Handler.TriggerContext|true|false
23:06:37.2 (92357551)|VARIABLE_ASSIGNMENT|[217]|context|{"newList":"0x620fc86a","newMap":"0x532aaa55","operationType":"0x51a2be7c","size":1}|0x16b24638
23:06:37.2 (92368972)|HEAP_ALLOCATE|[EXTERNAL]|Bytes:5
23:06:37.2 (92374276)|STATEMENT_EXECUTE|[217]
23:06:37.2 (92381537)|METHOD_EXIT|[149]|01p3X00000DVhae|Handler.logBeforeEventHandling(Handler.TriggerContext)
23:06:37.2 (92387359)|STATEMENT_EXECUTE|[150]
23:06:37.2 (92403890)|METHOD_ENTRY|[150]|01p3X00000DVjDo|MyOrderEmailService.onAfterInsert(Handler.TriggerContext)
23:06:37.2 (92417741)|VARIABLE_SCOPE_BEGIN|[3]|this|MyOrderEmailService|true|false
23:06:37.2 (92432827)|VARIABLE_ASSIGNMENT|[3]|this|{"typeName":"0x3b94a607"}|0x7b6794d3
23:06:37.2 (92438791)|VARIABLE_SCOPE_BEGIN|[3]|context|Handler.TriggerContext|true|false
23:06:37.2 (92456637)|VARIABLE_ASSIGNMENT|[3]|context|{"newList":"0x620fc86a","newMap":"0x532aaa55","operationType":"0x51a2be7c","size":1}|0x16b24638
23:06:37.2 (92465177)|HEAP_ALLOCATE|[4]|Bytes:5
23:06:37.2 (92469652)|STATEMENT_EXECUTE|[3]
23:06:37.2 (92472091)|STATEMENT_EXECUTE|[4]
23:06:37.2 (93094430)|HEAP_ALLOCATE|[4]|Bytes:5
23:06:37.2 (93116799)|HEAP_ALLOCATE|[4]|Bytes:8
23:06:37.2 (93133869)|CONSTRUCTOR_ENTRY|[4]|01p3X00000DVjDo|<init>()|MyOrderEmailService.OrderEmailTriggerHandler
23:06:37.2 (93163750)|VARIABLE_SCOPE_BEGIN|[88]|this|MyOrderEmailService.OrderEmailTriggerHandler|true|false
23:06:37.2 (93193941)|VARIABLE_ASSIGNMENT|[88]|this|{}|0x332dc81f
23:06:37.2 (93201639)|STATEMENT_EXECUTE|[87]
23:06:37.2 (93204647)|STATEMENT_EXECUTE|[89]
23:06:37.2 (93208629)|HEAP_ALLOCATE|[89]|Bytes:10
23:06:37.2 (93216322)|HEAP_ALLOCATE|[89]|Bytes:8
23:06:37.2 (93232353)|CONSTRUCTOR_ENTRY|[89]|01p3X00000DVjDo|<init>(String)|MyOrderEmailService.OrderEmailService
23:06:37.2 (93258112)|VARIABLE_SCOPE_BEGIN|[14]|this|MyOrderEmailService.OrderEmailService|true|false
23:06:37.2 (93273942)|VARIABLE_ASSIGNMENT|[14]|this|{}|0x332dc81f
23:06:37.2 (93280563)|VARIABLE_SCOPE_BEGIN|[14]|profileName|String|false|false
23:06:37.2 (93292163)|VARIABLE_ASSIGNMENT|[14]|profileName|"Shop Admin"
23:06:37.2 (93298041)|STATEMENT_EXECUTE|[10]
23:06:37.2 (93300445)|STATEMENT_EXECUTE|[12]
23:06:37.2 (93317990)|STATEMENT_EXECUTE|[14]
23:06:37.2 (93320435)|STATEMENT_EXECUTE|[15]
23:06:37.2 (93332935)|CONSTRUCTOR_EXIT|[89]|01p3X00000DVjDo|<init>(String)|MyOrderEmailService.OrderEmailService
23:06:37.2 (93339345)|STATEMENT_EXECUTE|[88]
23:06:37.2 (93342548)|CONSTRUCTOR_EXIT|[4]|01p3X00000DVjDo|<init>()|MyOrderEmailService.OrderEmailTriggerHandler
23:06:37.2 (93366653)|METHOD_ENTRY|[4]|01p3X00000DVjDo|MyOrderEmailService.OrderEmailTriggerHandler.sendEmailOnNewOrder(List<myorder__c>)
23:06:37.2 (93374005)|VARIABLE_SCOPE_BEGIN|[91]|this|MyOrderEmailService.OrderEmailTriggerHandler|true|false
23:06:37.2 (93389637)|VARIABLE_ASSIGNMENT|[91]|this|{"profileName":"Shop Admin"}|0x332dc81f
23:06:37.2 (93396159)|VARIABLE_SCOPE_BEGIN|[91]|newOrders|List<myorder__c>|true|false
23:06:37.2 (93565063)|VARIABLE_ASSIGNMENT|[91]|newOrders|[{"LastModifiedDate":"2020-01-24T23:06:37.000Z","IsDeleted":false,"CreatedById":"0053X00000AtM0MQAV","customer__c":"a003X0000132gH4QAI","total_count__c":0,"CreatedDate":"2020-01-24T23:06:37.000Z","Id":"a013X00002RT3oOQAT","Status__c":false,"LastModifiedById":"0053X00000AtM0MQAV","order_price__c":0.00,"Name":"a003X0000132gH4QAI12 (2 more) ...","SystemModstamp":"2020-01-24T23:06:37.000Z"}]|0x620fc86a
23:06:37.2 (93578039)|STATEMENT_EXECUTE|[91]
23:06:37.2 (93580648)|STATEMENT_EXECUTE|[93]
23:06:37.2 (93596609)|HEAP_ALLOCATE|[93]|Bytes:4
23:06:37.2 (93625966)|VARIABLE_SCOPE_BEGIN|[93]|newOrderLetterSubjectList|List<String>|true|false
23:06:37.2 (93655172)|HEAP_ALLOCATE|[EXTERNAL]|Bytes:4
23:06:37.2 (93665710)|VARIABLE_ASSIGNMENT|[93]|newOrderLetterSubjectList|[]|0x20e9ac5e
23:06:37.2 (93671773)|STATEMENT_EXECUTE|[94]
23:06:37.2 (93678759)|HEAP_ALLOCATE|[94]|Bytes:4
23:06:37.2 (93693559)|VARIABLE_SCOPE_BEGIN|[94]|newOrderLetterBodyList|List<String>|true|false
23:06:37.2 (93708197)|HEAP_ALLOCATE|[EXTERNAL]|Bytes:4
23:06:37.2 (93715172)|VARIABLE_ASSIGNMENT|[94]|newOrderLetterBodyList|[]|0x17c8be6a
23:06:37.2 (93846391)|HEAP_ALLOCATE|[96]|Bytes:5
23:06:37.2 (93868918)|VARIABLE_SCOPE_BEGIN|[96]|order|myorder__c|true|false
23:06:37.2 (93990109)|VARIABLE_ASSIGNMENT|[96]|order|{"LastModifiedDate":"2020-01-24T23:06:37.000Z","IsDeleted":false,"CreatedById":"0053X00000AtM0MQAV","customer__c":"a003X0000132gH4QAI","total_count__c":0,"CreatedDate":"2020-01-24T23:06:37.000Z","Id":"a013X00002RT3oOQAT","Status__c":false,"LastModifiedById":"0053X00000AtM0MQAV","order_price__c":0.00,"Name":"a003X0000132gH4QAI12 (2 more) ...","SystemModstamp":"2020-01-24T23:06:37.000Z"}|0x25380b63
23:06:37.2 (94000662)|STATEMENT_EXECUTE|[96]
23:06:37.2 (94004029)|STATEMENT_EXECUTE|[97]
23:06:37.2 (94008056)|HEAP_ALLOCATE|[97]|Bytes:11
23:06:37.2 (94050224)|HEAP_ALLOCATE|[97]|Bytes:33
23:06:37.2 (94087665)|HEAP_ALLOCATE|[EXTERNAL]|Bytes:4
23:06:37.2 (94096700)|STATEMENT_EXECUTE|[98]
23:06:37.2 (94100669)|HEAP_ALLOCATE|[98]|Bytes:12
23:06:37.2 (94108224)|HEAP_ALLOCATE|[98]|Bytes:12
23:06:37.2 (94169202)|HEAP_ALLOCATE|[98]|Bytes:18
23:06:37.2 (94181068)|HEAP_ALLOCATE|[98]|Bytes:1
23:06:37.2 (94189752)|HEAP_ALLOCATE|[98]|Bytes:65
23:06:37.2 (94199198)|HEAP_ALLOCATE|[EXTERNAL]|Bytes:4
23:06:37.2 (94214974)|HEAP_ALLOCATE|[96]|Bytes:5
23:06:37.2 (94229566)|VARIABLE_ASSIGNMENT|[96]|order|null|
23:06:37.2 (94234898)|STATEMENT_EXECUTE|[101]
23:06:37.2 (94250160)|METHOD_ENTRY|[101]|01p3X00000DVjDo|MyOrderEmailService.OrderEmailService.sendEmailOnOrder(List<myorder__c>, List<String>, List<String>)
23:06:37.2 (94266051)|VARIABLE_SCOPE_BEGIN|[18]|this|MyOrderEmailService.OrderEmailService|true|false
23:06:37.2 (94288590)|VARIABLE_ASSIGNMENT|[18]|this|{"profileName":"Shop Admin"}|0x332dc81f
23:06:37.2 (94295416)|VARIABLE_SCOPE_BEGIN|[18]|orders|List<myorder__c>|true|false
23:06:37.2 (94401988)|VARIABLE_ASSIGNMENT|[18]|orders|[{"LastModifiedDate":"2020-01-24T23:06:37.000Z","IsDeleted":false,"CreatedById":"0053X00000AtM0MQAV","customer__c":"a003X0000132gH4QAI","total_count__c":0,"CreatedDate":"2020-01-24T23:06:37.000Z","Id":"a013X00002RT3oOQAT","Status__c":false,"LastModifiedById":"0053X00000AtM0MQAV","order_price__c":0.00,"Name":"a003X0000132gH4QAI12 (2 more) ...","SystemModstamp":"2020-01-24T23:06:37.000Z"}]|0x620fc86a
23:06:37.2 (94413234)|VARIABLE_SCOPE_BEGIN|[18]|letterSubject|List<String>|true|false
23:06:37.2 (94426136)|VARIABLE_ASSIGNMENT|[18]|letterSubject|["New Order: a003X0000 (13 more) ..."]|0x20e9ac5e
23:06:37.2 (94432217)|VARIABLE_SCOPE_BEGIN|[18]|letterBody|List<String>|true|false
23:06:37.2 (94443253)|VARIABLE_ASSIGNMENT|[18]|letterBody|["Order Name: a003X000 (45 more) ..."]|0x17c8be6a
23:06:37.2 (94450728)|STATEMENT_EXECUTE|[18]
23:06:37.2 (94453176)|STATEMENT_EXECUTE|[19]
23:06:37.2 (94521020)|HEAP_ALLOCATE|[19]|Bytes:4
23:06:37.2 (94571149)|VARIABLE_SCOPE_BEGIN|[19]|mails|List<Messaging.SingleEmailMessage>|true|false
23:06:37.2 (94596179)|HEAP_ALLOCATE|[EXTERNAL]|Bytes:4
23:06:37.2 (94605151)|VARIABLE_ASSIGNMENT|[19]|mails|[]|0x67e1c3af
23:06:37.2 (94611121)|STATEMENT_EXECUTE|[20]
23:06:37.2 (94626317)|METHOD_ENTRY|[20]|01p3X00000DVjDo|MyOrderEmailService.OrderEmailService.getUserIdsByProfile(String)
23:06:37.2 (94645537)|VARIABLE_SCOPE_BEGIN|[50]|this|MyOrderEmailService.OrderEmailService|true|false
23:06:37.2 (94666400)|VARIABLE_ASSIGNMENT|[50]|this|{"profileName":"Shop Admin"}|0x332dc81f
23:06:37.2 (94673144)|VARIABLE_SCOPE_BEGIN|[50]|profileName|String|false|false
23:06:37.2 (94682491)|VARIABLE_ASSIGNMENT|[50]|profileName|"Shop Admin"
23:06:37.2 (94689384)|STATEMENT_EXECUTE|[50]
23:06:37.2 (94691938)|STATEMENT_EXECUTE|[51]
23:06:37.2 (94696140)|HEAP_ALLOCATE|[51]|Bytes:44
23:06:37.2 (94712558)|HEAP_ALLOCATE|[51]|Bytes:4
23:06:37.2 (94719879)|HEAP_ALLOCATE|[51]|Bytes:7
23:06:37.2 (95536067)|SOQL_EXECUTE_BEGIN|[51]|Aggregations:0|SELECT Id FROM Profile WHERE Name = :tmpVar1
23:06:37.2 (98369563)|SOQL_EXECUTE_END|[51]|Rows:1
23:06:37.2 (98403757)|HEAP_ALLOCATE|[51]|Bytes:8
23:06:37.2 (98423771)|HEAP_ALLOCATE|[51]|Bytes:29
23:06:37.2 (98494643)|HEAP_ALLOCATE|[51]|Bytes:8
23:06:37.2 (98509399)|VARIABLE_SCOPE_BEGIN|[51]|profiles|List<Profile>|true|false
23:06:37.2 (98537895)|VARIABLE_ASSIGNMENT|[51]|profiles|[{"Id":"00e3X000002PAHAQA4"}]|0x660cdbff
23:06:37.2 (98545726)|STATEMENT_EXECUTE|[52]
23:06:37.2 (98550007)|HEAP_ALLOCATE|[52]|Bytes:47
23:06:37.2 (98565635)|HEAP_ALLOCATE|[52]|Bytes:4
23:06:37.2 (99772796)|SOQL_EXECUTE_BEGIN|[52]|Aggregations:0|SELECT Id FROM User WHERE ProfileId IN :tmpVar1
23:06:37.2 (105654585)|SOQL_EXECUTE_END|[52]|Rows:1
23:06:37.2 (105694960)|HEAP_ALLOCATE|[52]|Bytes:8
23:06:37.2 (105718149)|HEAP_ALLOCATE|[52]|Bytes:29
23:06:37.2 (105806834)|HEAP_ALLOCATE|[52]|Bytes:8
23:06:37.2 (105824365)|VARIABLE_SCOPE_BEGIN|[52]|users|List<User>|true|false
23:06:37.2 (105857911)|VARIABLE_ASSIGNMENT|[52]|users|[{"Id":"0053X00000AtUkgQAF"}]|0x8666138
23:06:37.2 (105865691)|STATEMENT_EXECUTE|[53]
23:06:37.2 (105878223)|HEAP_ALLOCATE|[53]|Bytes:4
23:06:37.2 (105946314)|HEAP_ALLOCATE|[53]|Bytes:4
23:06:37.2 (106000682)|HEAP_ALLOCATE|[53]|Bytes:8
23:06:37.2 (106011624)|HEAP_ALLOCATE|[53]|Bytes:18
23:06:37.2 (106066138)|HEAP_ALLOCATE|[53]|Bytes:26
23:06:37.2 (106088836)|HEAP_ALLOCATE|[53]|Bytes:4
23:06:37.2 (106098045)|HEAP_ALLOCATE|[53]|Bytes:54
23:06:37.2 (106123008)|HEAP_ALLOCATE|[EXTERNAL]|Bytes:8
23:06:37.2 (106170157)|METHOD_EXIT|[20]|01p3X00000DVjDo|MyOrderEmailService.OrderEmailService.getUserIdsByProfile(String)
23:06:37.2 (106180242)|VARIABLE_SCOPE_BEGIN|[20]|recievers|List<String>|true|false
23:06:37.2 (106200658)|VARIABLE_ASSIGNMENT|[20]|recievers|["0053X00000AtUkgQAF"]|0x53e17018
23:06:37.2 (106209098)|STATEMENT_EXECUTE|[22]
23:06:37.2 (106215203)|VARIABLE_SCOPE_BEGIN|[22]|i|Integer|false|false
23:06:37.2 (106224367)|HEAP_ALLOCATE|[22]|Bytes:4
23:06:37.2 (106234096)|VARIABLE_ASSIGNMENT|[22]|i|0
23:06:37.2 (106271597)|STATEMENT_EXECUTE|[22]
23:06:37.2 (106274468)|STATEMENT_EXECUTE|[23]
23:06:37.2 (106376450)|VARIABLE_SCOPE_BEGIN|[23]|mail|Messaging.SingleEmailMessage|true|false
23:06:37.2 (106649127)|VARIABLE_ASSIGNMENT|[23]|mail|"common.api.soap.wsdl.SingleEmailMessage@7dcfafdc"|0x461b6efc
23:06:37.2 (106665650)|STATEMENT_EXECUTE|[24]
23:06:37.2 (106744452)|STATEMENT_EXECUTE|[25]
23:06:37.2 (106759818)|HEAP_ALLOCATE|[25]|Bytes:33
23:06:37.2 (106831254)|STATEMENT_EXECUTE|[31]
23:06:37.2 (106836333)|HEAP_ALLOCATE|[31]|Bytes:65
23:06:37.2 (106863817)|STATEMENT_EXECUTE|[37]
23:06:37.2 (106910248)|HEAP_ALLOCATE|[EXTERNAL]|Bytes:4
23:06:37.2 (106922653)|HEAP_ALLOCATE|[22]|Bytes:4
23:06:37.2 (106933924)|VARIABLE_ASSIGNMENT|[22]|i|1
23:06:37.2 (106952159)|STATEMENT_EXECUTE|[47]
23:06:37.2 (107094669)|HEAP_ALLOCATE|[EXTERNAL]|Bytes:8
23:06:37.2 (162851089)|EMAIL_QUEUE|[47]|subject: New Order: a003X0000132gH4QAI1212, bccSender: false, saveAsActivity: true, useSignature: true, toAddresses: [0053X00000AtUkgQAF], plainTextBody: Order Name: a003X0000132gH4QAI1212; Order Id: a013X00002RT3oOQAT;, 
23:06:37.2 (162978507)|HEAP_ALLOCATE|[EXTERNAL]|Bytes:8
23:06:37.2 (163025685)|METHOD_EXIT|[101]|01p3X00000DVjDo|MyOrderEmailService.OrderEmailService.sendEmailOnOrder(List<myorder__c>, List<String>, List<String>)
23:06:37.2 (163036990)|METHOD_EXIT|[4]|01p3X00000DVjDo|MyOrderEmailService.OrderEmailTriggerHandler.sendEmailOnNewOrder(List<myorder__c>)
23:06:37.2 (163053394)|METHOD_EXIT|[150]|01p3X00000DVjDo|MyOrderEmailService.onAfterInsert(Handler.TriggerContext)
23:06:37.2 (163061724)|STATEMENT_EXECUTE|[151]
23:06:37.2 (163089911)|METHOD_ENTRY|[151]|01p3X00000DVhae|Handler.logAfterEventHandling(Handler.TriggerContext)
23:06:37.2 (163150296)|VARIABLE_SCOPE_BEGIN|[228]|this|Handler|true|false
23:06:37.2 (163207472)|VARIABLE_ASSIGNMENT|[228]|this|{"typeName":"0x3b94a607"}|0x7b6794d3
23:06:37.2 (163215190)|VARIABLE_SCOPE_BEGIN|[228]|context|Handler.TriggerContext|true|false
23:06:37.2 (163249790)|VARIABLE_ASSIGNMENT|[228]|context|{"newList":"0x620fc86a","newMap":"0x532aaa55","operationType":"0x51a2be7c","size":1}|0x16b24638
23:06:37.2 (163272956)|HEAP_ALLOCATE|[EXTERNAL]|Bytes:5
23:06:37.2 (163280883)|STATEMENT_EXECUTE|[228]
23:06:37.2 (163290602)|METHOD_EXIT|[151]|01p3X00000DVhae|Handler.logAfterEventHandling(Handler.TriggerContext)
23:06:37.2 (163299027)|SYSTEM_MODE_EXIT|false
23:06:37.2 (163307970)|METHOD_EXIT|[131]|01p3X00000DVhae|Handler.afterInsert()
23:06:37.2 (163317398)|METHOD_EXIT|[79]|01p3X00000DVhaf|HandlerExecutionPool.HandlerExecutor.executeHandler(Handler)
23:06:37.2 (163338576)|HEAP_ALLOCATE|[78]|Bytes:5
23:06:37.2 (163361521)|VARIABLE_ASSIGNMENT|[78]|handler|null|
23:06:37.2 (163370651)|METHOD_EXIT|[2]|01p3X00000DVhaf|HandlerExecutionPool.HandlerExecutor.execute()
23:06:37.163 (163382639)|CUMULATIVE_LIMIT_USAGE
23:06:37.163 (163382639)|LIMIT_USAGE_FOR_NS|(default)|
  Number of SOQL queries: 2 out of 100
  Number of query rows: 3 out of 50000
  Number of SOSL queries: 0 out of 20
  Number of DML statements: 1 out of 150
  Number of DML rows: 1 out of 10000
  Maximum CPU time: 0 out of 10000
  Maximum heap size: 0 out of 6000000
  Number of callouts: 0 out of 100
  Number of Email Invocations: 1 out of 10
  Number of future calls: 0 out of 50
  Number of queueable jobs added to the queue: 0 out of 50
  Number of Mobile Apex push calls: 0 out of 10

23:06:37.163 (163382639)|CUMULATIVE_LIMIT_USAGE_END

23:06:37.2 (165268335)|CODE_UNIT_FINISHED|myOrderTrigger on myorder trigger event AfterInsert|__sfdc_trigger/myOrderTrigger
23:06:37.2 (192054864)|DML_END|[1]
23:06:37.237 (237049287)|CUMULATIVE_LIMIT_USAGE
23:06:37.237 (237049287)|LIMIT_USAGE_FOR_NS|(default)|
  Number of SOQL queries: 2 out of 100
  Number of query rows: 3 out of 50000
  Number of SOSL queries: 0 out of 20
  Number of DML statements: 1 out of 150
  Number of DML rows: 1 out of 10000
  Maximum CPU time: 0 out of 10000
  Maximum heap size: 0 out of 6000000
  Number of callouts: 0 out of 100
  Number of Email Invocations: 1 out of 10
  Number of future calls: 0 out of 50
  Number of queueable jobs added to the queue: 0 out of 50
  Number of Mobile Apex push calls: 0 out of 10

23:06:37.237 (237049287)|CUMULATIVE_LIMIT_USAGE_END

23:06:37.2 (237092746)|CODE_UNIT_FINISHED|execute_anonymous_apex
23:06:37.2 (238596904)|EXECUTION_FINISHED
