47.0 APEX_CODE,FINEST;APEX_PROFILING,INFO;CALLOUT,INFO;DB,INFO;NBA,INFO;SYSTEM,DEBUG;VALIDATION,INFO;VISUALFORCE,FINER;WAVE,INFO;WORKFLOW,INFO
Execute Anonymous: insert new myorder__c(Name = 'test',customer__c = 'a003X0000132mlIQAQ',Additional_Information__c = 'test text');
13:47:05.29 (29981627)|USER_INFO|[EXTERNAL]|0053X00000AtM0M|khrystynych.vasyl@ctdevlviv.stud|(GMT+00:00) Irish Standard Time (Europe/Dublin)|GMTZ
13:47:05.29 (30032929)|EXECUTION_STARTED
13:47:05.29 (30047223)|CODE_UNIT_STARTED|[EXTERNAL]|execute_anonymous_apex
13:47:05.29 (30339063)|HEAP_ALLOCATE|[79]|Bytes:3
13:47:05.29 (30393713)|HEAP_ALLOCATE|[84]|Bytes:152
13:47:05.29 (30408907)|HEAP_ALLOCATE|[399]|Bytes:408
13:47:05.29 (30424144)|HEAP_ALLOCATE|[412]|Bytes:408
13:47:05.29 (30436046)|HEAP_ALLOCATE|[520]|Bytes:48
13:47:05.29 (30462654)|HEAP_ALLOCATE|[139]|Bytes:6
13:47:05.29 (30505455)|HEAP_ALLOCATE|[EXTERNAL]|Bytes:1
13:47:05.29 (30655943)|STATEMENT_EXECUTE|[1]
13:47:05.29 (30661703)|STATEMENT_EXECUTE|[1]
13:47:05.29 (30765291)|HEAP_ALLOCATE|[1]|Bytes:4
13:47:05.29 (30882512)|HEAP_ALLOCATE|[1]|Bytes:4
13:47:05.29 (31110476)|VARIABLE_ASSIGNMENT|[1]|this.Name|"test"|0x734511a9
13:47:05.29 (31130105)|HEAP_ALLOCATE|[1]|Bytes:18
13:47:05.29 (31159652)|HEAP_ALLOCATE|[1]|Bytes:4
13:47:05.29 (31224545)|VARIABLE_ASSIGNMENT|[1]|this.customer__c|"a003X0000132mlIQAQ"|0x734511a9
13:47:05.29 (31231917)|HEAP_ALLOCATE|[1]|Bytes:9
13:47:05.29 (31252155)|VARIABLE_ASSIGNMENT|[1]|this.Additional_Information__c|"test text"|0x734511a9
13:47:05.29 (31312132)|HEAP_ALLOCATE|[52]|Bytes:5
13:47:05.29 (31347173)|HEAP_ALLOCATE|[58]|Bytes:5
13:47:05.29 (31355251)|HEAP_ALLOCATE|[66]|Bytes:7
13:47:05.29 (31421510)|HEAP_ALLOCATE|[1]|Bytes:8
13:47:05.29 (31446449)|DML_BEGIN|[1]|Op:Insert|Type:myorder__c|Rows:1
13:47:05.29 (31500034)|HEAP_ALLOCATE|[EXTERNAL]|Bytes:8
13:47:05.29 (89056399)|CODE_UNIT_STARTED|[EXTERNAL]|01q3X0000018STF|myOrderTrigger on myorder trigger event AfterInsert|__sfdc_trigger/myOrderTrigger
13:47:05.29 (89138697)|HEAP_ALLOCATE|[EXTERNAL]|Bytes:8
13:47:05.29 (89352460)|HEAP_ALLOCATE|[EXTERNAL]|Bytes:4
13:47:05.29 (89378047)|VARIABLE_SCOPE_BEGIN|[1]|this|myOrderTrigger|true|false
13:47:05.29 (89460112)|VARIABLE_ASSIGNMENT|[1]|this|{}|0x622782fa
13:47:05.29 (89516773)|HEAP_ALLOCATE|[EXTERNAL]|Bytes:4
13:47:05.29 (89527348)|VARIABLE_SCOPE_BEGIN|[1]|this|myOrderTrigger|true|false
13:47:05.29 (89548125)|VARIABLE_ASSIGNMENT|[1]|this|{}|0x622782fa
13:47:05.29 (89559398)|STATEMENT_EXECUTE|[1]
13:47:05.29 (89563065)|STATEMENT_EXECUTE|[2]
13:47:05.29 (93962755)|VARIABLE_SCOPE_BEGIN|[10]|HandlerExecutionPool.instance|HandlerExecutionPool|true|true
13:47:05.29 (94050182)|HEAP_ALLOCATE|[2]|Bytes:31
13:47:05.29 (94069725)|HEAP_ALLOCATE|[2]|Bytes:8
13:47:05.29 (94121509)|METHOD_ENTRY|[8]|01p3X00000DVhaf|HandlerExecutionPool.HandlerExecutionPool()
13:47:05.29 (94131562)|STATEMENT_EXECUTE|[8]
13:47:05.29 (94138487)|STATEMENT_EXECUTE|[8]
13:47:05.29 (94771439)|SYSTEM_MODE_ENTER|false
13:47:05.29 (94803119)|HEAP_ALLOCATE|[2]|Bytes:5
13:47:05.29 (94813505)|STATEMENT_EXECUTE|[60]
13:47:05.29 (94816483)|STATEMENT_EXECUTE|[172]
13:47:05.29 (94826716)|SYSTEM_MODE_EXIT|false
13:47:05.29 (94850147)|METHOD_EXIT|[8]|HandlerExecutionPool
13:47:05.29 (94895292)|METHOD_ENTRY|[2]|01p3X00000DVhaf|HandlerExecutionPool.getInstance()
13:47:05.29 (94955769)|SYSTEM_MODE_ENTER|false
13:47:05.29 (94967117)|HEAP_ALLOCATE|[25]|Bytes:5
13:47:05.29 (94975905)|STATEMENT_EXECUTE|[24]
13:47:05.29 (94984170)|STATEMENT_EXECUTE|[25]
13:47:05.29 (94987143)|STATEMENT_EXECUTE|[26]
13:47:05.29 (95755382)|HEAP_ALLOCATE|[26]|Bytes:8
13:47:05.29 (95817706)|CONSTRUCTOR_ENTRY|[26]|01p3X00000DVhaf|<init>()|HandlerExecutionPool
13:47:05.29 (95897580)|VARIABLE_SCOPE_BEGIN|[13]|this|HandlerExecutionPool|true|false
13:47:05.29 (95978938)|VARIABLE_ASSIGNMENT|[13]|this|{}|0x4634e1d
13:47:05.29 (95998545)|HEAP_ALLOCATE|[14]|Bytes:5
13:47:05.29 (96006700)|STATEMENT_EXECUTE|[8]
13:47:05.29 (96012842)|HEAP_ALLOCATE|[14]|Bytes:5
13:47:05.29 (96017981)|STATEMENT_EXECUTE|[11]
13:47:05.29 (96032275)|HEAP_ALLOCATE|[14]|Bytes:6
13:47:05.29 (96749096)|STATEMENT_EXECUTE|[13]
13:47:05.29 (96754040)|STATEMENT_EXECUTE|[14]
13:47:05.29 (96775585)|HEAP_ALLOCATE|[14]|Bytes:4
13:47:05.29 (96873990)|VARIABLE_ASSIGNMENT|[14]|this.handlerPool|{}|0x4634e1d
13:47:05.29 (96892821)|CONSTRUCTOR_EXIT|[26]|01p3X00000DVhaf|<init>()|HandlerExecutionPool
13:47:05.29 (97019109)|VARIABLE_ASSIGNMENT|[26]|HandlerExecutionPool.instance|{"handlerPool":"0x5a2d8b15"}|0x4634e1d
13:47:05.29 (97027483)|STATEMENT_EXECUTE|[28]
13:47:05.29 (97036714)|SYSTEM_MODE_EXIT|false
13:47:05.29 (97058730)|METHOD_EXIT|[2]|01p3X00000DVhaf|HandlerExecutionPool.getInstance()
13:47:05.29 (97069012)|HEAP_ALLOCATE|[2]|Bytes:36
13:47:05.29 (97136423)|HEAP_ALLOCATE|[2]|Bytes:30
13:47:05.29 (97150624)|SYSTEM_METHOD_ENTRY|[1]|Type.Type()
13:47:05.29 (97155024)|STATEMENT_EXECUTE|[1]
13:47:05.29 (97161960)|SYSTEM_METHOD_EXIT|[1]|Type
13:47:05.29 (97169022)|HEAP_ALLOCATE|[2]|Bytes:8
13:47:05.29 (97188256)|HEAP_ALLOCATE|[2]|Bytes:8
13:47:05.29 (97194629)|VARIABLE_SCOPE_BEGIN|[4]|this|System.Type|true|false
13:47:05.29 (97254130)|VARIABLE_ASSIGNMENT|[4]|this|{}|0x2c12fcbf
13:47:05.29 (97262999)|VARIABLE_SCOPE_BEGIN|[4]|apextype|java:common.apex.runtime.ApexObjectType|true|false
13:47:05.29 (97679492)|VARIABLE_ASSIGNMENT|[4]|apextype|"myorder__c"|0x329f4c86
13:47:05.29 (97726039)|HEAP_ALLOCATE|[2]|Bytes:8
13:47:05.29 (97756355)|METHOD_ENTRY|[2]|01p3X00000DVhaf|HandlerExecutionPool.getHandler(System.Type)
13:47:05.29 (97764241)|VARIABLE_SCOPE_BEGIN|[41]|this|HandlerExecutionPool|true|false
13:47:05.29 (97791633)|VARIABLE_ASSIGNMENT|[41]|this|{"handlerPool":"0x5a2d8b15"}|0x4634e1d
13:47:05.29 (97798725)|VARIABLE_SCOPE_BEGIN|[41]|typeName|System.Type|true|false
13:47:05.29 (97841882)|VARIABLE_ASSIGNMENT|[41]|typeName|{"aot":"0x329f4c86"}|0x2c12fcbf
13:47:05.29 (97856583)|SYSTEM_MODE_ENTER|false
13:47:05.29 (97864422)|HEAP_ALLOCATE|[42]|Bytes:5
13:47:05.29 (97869471)|STATEMENT_EXECUTE|[41]
13:47:05.29 (97871970)|STATEMENT_EXECUTE|[42]
13:47:05.29 (97994909)|VARIABLE_SCOPE_BEGIN|[42]|executor|HandlerExecutionPool.HandlerExecutor|true|false
13:47:05.29 (98008245)|VARIABLE_ASSIGNMENT|[42]|executor|null|
13:47:05.29 (98014926)|STATEMENT_EXECUTE|[43]
13:47:05.29 (98017357)|STATEMENT_EXECUTE|[44]
13:47:05.29 (98022943)|HEAP_ALLOCATE|[44]|Bytes:16
13:47:05.29 (98028792)|HEAP_ALLOCATE|[44]|Bytes:11
13:47:05.29 (140666796)|HEAP_ALLOCATE|[44]|Bytes:12
13:47:05.29 (140742145)|CONSTRUCTOR_ENTRY|[44]|01p3X00000DVhaf|<init>(System.Type)|HandlerExecutionPool.HandlerExecutor
13:47:05.29 (140793430)|VARIABLE_SCOPE_BEGIN|[65]|this|HandlerExecutionPool.HandlerExecutor|true|false
13:47:05.29 (140884916)|VARIABLE_ASSIGNMENT|[65]|this|{}|0x76f8058f
13:47:05.29 (140892550)|VARIABLE_SCOPE_BEGIN|[65]|typeName|System.Type|true|false
13:47:05.29 (140918809)|VARIABLE_ASSIGNMENT|[65]|typeName|{"aot":"0x329f4c86"}|0x2c12fcbf
13:47:05.29 (140928116)|STATEMENT_EXECUTE|[60]
13:47:05.29 (140930837)|STATEMENT_EXECUTE|[62]
13:47:05.29 (140933502)|STATEMENT_EXECUTE|[63]
13:47:05.29 (140963541)|STATEMENT_EXECUTE|[65]
13:47:05.29 (140966009)|STATEMENT_EXECUTE|[66]
13:47:05.29 (141003225)|VARIABLE_ASSIGNMENT|[66]|this.typeName|0x2c12fcbf|0x76f8058f
13:47:05.29 (141015789)|CONSTRUCTOR_EXIT|[44]|01p3X00000DVhaf|<init>(System.Type)|HandlerExecutionPool.HandlerExecutor
13:47:05.29 (141035105)|VARIABLE_ASSIGNMENT|[44]|executor|{"typeName":"0x2c12fcbf"}|0x76f8058f
13:47:05.29 (141041383)|STATEMENT_EXECUTE|[45]
13:47:05.29 (141113422)|HEAP_ALLOCATE|[EXTERNAL]|Bytes:-4
13:47:05.29 (141127265)|STATEMENT_EXECUTE|[47]
13:47:05.29 (141136685)|SYSTEM_MODE_EXIT|false
13:47:05.29 (141152263)|METHOD_EXIT|[2]|01p3X00000DVhaf|HandlerExecutionPool.getHandler(System.Type)
13:47:05.29 (141178276)|METHOD_ENTRY|[2]|01p3X00000DVhaf|HandlerExecutionPool.HandlerExecutor.execute()
13:47:05.29 (141185322)|VARIABLE_SCOPE_BEGIN|[76]|this|HandlerExecutionPool.HandlerExecutor|true|false
13:47:05.29 (141206511)|VARIABLE_ASSIGNMENT|[76]|this|{"typeName":"0x2c12fcbf"}|0x76f8058f
13:47:05.29 (141215204)|STATEMENT_EXECUTE|[76]
13:47:05.29 (141217714)|STATEMENT_EXECUTE|[77]
13:47:05.29 (141226325)|METHOD_ENTRY|[77]|01p3X00000DVhaf|HandlerExecutionPool.HandlerExecutor.getActiveHandlers()
13:47:05.29 (141258812)|VARIABLE_SCOPE_BEGIN|[95]|this|HandlerExecutionPool.HandlerExecutor|true|false
13:47:05.29 (141274608)|VARIABLE_ASSIGNMENT|[95]|this|{"typeName":"0x2c12fcbf"}|0x76f8058f
13:47:05.29 (141281655)|STATEMENT_EXECUTE|[95]
13:47:05.29 (141284146)|STATEMENT_EXECUTE|[96]
13:47:05.29 (141648422)|HEAP_ALLOCATE|[96]|Bytes:11
13:47:05.29 (141754794)|HEAP_ALLOCATE|[96]|Bytes:8
13:47:05.29 (141792026)|CONSTRUCTOR_ENTRY|[96]|01p3X00000DVhaf|<init>(System.Type)|HandlerExecutionPool.MetadataHandler
13:47:05.29 (141815662)|VARIABLE_SCOPE_BEGIN|[176]|this|HandlerExecutionPool.MetadataHandler|true|false
13:47:05.29 (141847324)|VARIABLE_ASSIGNMENT|[176]|this|{}|0x473e9cdc
13:47:05.29 (141854140)|VARIABLE_SCOPE_BEGIN|[176]|typeName|System.Type|true|false
13:47:05.29 (141874004)|VARIABLE_ASSIGNMENT|[176]|typeName|{"aot":"0x329f4c86"}|0x2c12fcbf
13:47:05.29 (141881597)|STATEMENT_EXECUTE|[172]
13:47:05.29 (141884234)|STATEMENT_EXECUTE|[174]
13:47:05.29 (141903089)|STATEMENT_EXECUTE|[176]
13:47:05.29 (141905464)|STATEMENT_EXECUTE|[177]
13:47:05.29 (141924653)|METHOD_ENTRY|[177]|01p3X00000DVhaf|HandlerExecutionPool.MetadataHandler.readHandlersMetadata(System.Type)
13:47:05.29 (141958228)|VARIABLE_SCOPE_BEGIN|[184]|this|HandlerExecutionPool.MetadataHandler|true|false
13:47:05.29 (141973218)|VARIABLE_ASSIGNMENT|[184]|this|{}|0x473e9cdc
13:47:05.29 (141979489)|VARIABLE_SCOPE_BEGIN|[184]|typeName|System.Type|true|false
13:47:05.29 (141994284)|VARIABLE_ASSIGNMENT|[184]|typeName|{"aot":"0x329f4c86"}|0x2c12fcbf
13:47:05.29 (142001374)|STATEMENT_EXECUTE|[184]
13:47:05.29 (142004698)|STATEMENT_EXECUTE|[185]
13:47:05.29 (142010542)|HEAP_ALLOCATE|[185]|Bytes:199
13:47:05.29 (142034705)|HEAP_ALLOCATE|[185]|Bytes:4
13:47:05.29 (148731744)|SOQL_EXECUTE_BEGIN|[185]|Aggregations:0|SELECT Id, NamespacePrefix, Class_Name__c, Other_Object_API_Name__c, Object_Name__r.QualifiedAPIName FROM Trigger_Dependency__mdt WHERE Is_Active__c = TRUE ORDER BY Execution_Order__c ASC NULLS FIRST
13:47:05.29 (169010714)|SOQL_EXECUTE_END|[185]|Rows:1
13:47:05.29 (169059688)|HEAP_ALLOCATE|[185]|Bytes:8
13:47:05.29 (169101071)|HEAP_ALLOCATE|[185]|Bytes:202
13:47:05.29 (169171157)|HEAP_ALLOCATE|[185]|Bytes:8
13:47:05.29 (169200589)|VARIABLE_SCOPE_BEGIN|[185]|triggerDependencies|List<Trigger_Dependency__mdt>|true|false
13:47:05.29 (169267168)|VARIABLE_ASSIGNMENT|[185]|triggerDependencies|[{"Id":"m003X0000009oReQAI","Class_Name__c":"MyOrderEmailService","Object_Name__c":"01I3X000001p4fD","Object_Name__r":{"Id":"000000000000000AAA","DurableId":"01I3X000001p4fD","QualifiedApiName":"myorder__c"}}]|0x6866c7c5
13:47:05.29 (169280785)|STATEMENT_EXECUTE|[195]
13:47:05.29 (169303783)|HEAP_ALLOCATE|[195]|Bytes:4
13:47:05.29 (169422081)|VARIABLE_SCOPE_BEGIN|[195]|result|List<Trigger_Dependency__mdt>|true|false
13:47:05.29 (169439714)|HEAP_ALLOCATE|[EXTERNAL]|Bytes:4
13:47:05.29 (169454200)|VARIABLE_ASSIGNMENT|[195]|result|[]|0x5cf592c7
13:47:05.29 (169463012)|STATEMENT_EXECUTE|[196]
13:47:05.29 (169496231)|METHOD_ENTRY|[196]||System.Type.toString()
13:47:05.29 (169614767)|METHOD_EXIT|[196]||System.Type.toString()
13:47:05.29 (169626872)|VARIABLE_SCOPE_BEGIN|[196]|typeNameString|String|false|false
13:47:05.29 (169645444)|VARIABLE_ASSIGNMENT|[196]|typeNameString|"myorder__c"
13:47:05.29 (169886678)|HEAP_ALLOCATE|[197]|Bytes:5
13:47:05.29 (169971907)|HEAP_ALLOCATE|[197]|Bytes:20
13:47:05.29 (169990280)|VARIABLE_SCOPE_BEGIN|[197]|dependency|Trigger_Dependency__mdt|true|false
13:47:05.29 (170033180)|VARIABLE_ASSIGNMENT|[197]|dependency|{"Id":"m003X0000009oReQAI","Class_Name__c":"MyOrderEmailService","Object_Name__c":"01I3X000001p4fD","Object_Name__r":{"Id":"000000000000000AAA","DurableId":"01I3X000001p4fD","QualifiedApiName":"myorder__c"}}|0xe0cbbc6
13:47:05.29 (170047124)|STATEMENT_EXECUTE|[197]
13:47:05.29 (170236604)|STATEMENT_EXECUTE|[199]
13:47:05.29 (170242354)|STATEMENT_EXECUTE|[200]
13:47:05.29 (170305051)|HEAP_ALLOCATE|[EXTERNAL]|Bytes:4
13:47:05.29 (170340607)|HEAP_ALLOCATE|[197]|Bytes:5
13:47:05.29 (170365490)|VARIABLE_ASSIGNMENT|[197]|dependency|null|
13:47:05.29 (170373349)|STATEMENT_EXECUTE|[203]
13:47:05.29 (170382659)|METHOD_EXIT|[177]|01p3X00000DVhaf|HandlerExecutionPool.MetadataHandler.readHandlersMetadata(System.Type)
13:47:05.29 (170429411)|VARIABLE_ASSIGNMENT|[177]|this.handlersMeta|[{"Id":"m003X0000009oReQAI","Class_Name__c":"MyOrderEmailService","Object_Name__c":"01I3X000001p4fD","Object_Name__r":{"Id":"000000000000000AAA","DurableId":"01I3X000001p4fD","QualifiedApiName":"myorder__c"}}]|0x473e9cdc
13:47:05.29 (170449740)|CONSTRUCTOR_EXIT|[96]|01p3X00000DVhaf|<init>(System.Type)|HandlerExecutionPool.MetadataHandler
13:47:05.29 (170461267)|VARIABLE_SCOPE_BEGIN|[96]|metadataHandler|HandlerExecutionPool.MetadataHandler|true|false
13:47:05.29 (170552003)|VARIABLE_ASSIGNMENT|[96]|metadataHandler|{"handlersMeta":"0x5cf592c7"}|0x473e9cdc
13:47:05.29 (170562870)|STATEMENT_EXECUTE|[97]
13:47:05.29 (170583588)|HEAP_ALLOCATE|[97]|Bytes:4
13:47:05.29 (170671817)|VARIABLE_SCOPE_BEGIN|[97]|handlers|List<Handler>|true|false
13:47:05.29 (170700446)|HEAP_ALLOCATE|[EXTERNAL]|Bytes:4
13:47:05.29 (170712682)|VARIABLE_ASSIGNMENT|[97]|handlers|[]|0x7e9f636a
13:47:05.29 (170731932)|METHOD_ENTRY|[98]|01p3X00000DVhaf|HandlerExecutionPool.MetadataHandler.getMeta()
13:47:05.29 (170752234)|VARIABLE_SCOPE_BEGIN|[180]|this|HandlerExecutionPool.MetadataHandler|true|false
13:47:05.29 (170776859)|VARIABLE_ASSIGNMENT|[180]|this|{"handlersMeta":"0x5cf592c7"}|0x473e9cdc
13:47:05.29 (170785708)|STATEMENT_EXECUTE|[180]
13:47:05.29 (170788418)|STATEMENT_EXECUTE|[181]
13:47:05.29 (170796399)|METHOD_EXIT|[98]|01p3X00000DVhaf|HandlerExecutionPool.MetadataHandler.getMeta()
13:47:05.29 (170825131)|HEAP_ALLOCATE|[98]|Bytes:5
13:47:05.29 (170843229)|HEAP_ALLOCATE|[98]|Bytes:20
13:47:05.29 (170852266)|VARIABLE_SCOPE_BEGIN|[98]|handlerMeta|Trigger_Dependency__mdt|true|false
13:47:05.29 (170876762)|VARIABLE_ASSIGNMENT|[98]|handlerMeta|{"Id":"m003X0000009oReQAI","Class_Name__c":"MyOrderEmailService","Object_Name__c":"01I3X000001p4fD","Object_Name__r":{"Id":"000000000000000AAA","DurableId":"01I3X000001p4fD","QualifiedApiName":"myorder__c"}}|0xe0cbbc6
13:47:05.29 (170885233)|STATEMENT_EXECUTE|[98]
13:47:05.29 (170887669)|STATEMENT_EXECUTE|[99]
13:47:05.29 (170943345)|METHOD_ENTRY|[99]||System.Type.forName(String, String)
13:47:05.29 (212166684)|METHOD_EXIT|[99]||System.Type.forName(String, String)
13:47:05.29 (212192195)|VARIABLE_SCOPE_BEGIN|[99]|handlerType|System.Type|true|false
13:47:05.29 (212276010)|VARIABLE_ASSIGNMENT|[99]|handlerType|{"aot":"0x14aacace"}|0x2f8cb81d
13:47:05.29 (212285979)|STATEMENT_EXECUTE|[100]
13:47:05.29 (212289557)|STATEMENT_EXECUTE|[104]
13:47:05.29 (212305839)|METHOD_ENTRY|[104]||System.Type.newInstance()
13:47:05.29 (212551460)|METHOD_ENTRY|[1]|01p3X00000DVjDo|MyOrderEmailService.MyOrderEmailService()
13:47:05.29 (212563029)|STATEMENT_EXECUTE|[1]
13:47:05.29 (212569255)|STATEMENT_EXECUTE|[1]
13:47:05.29 (213090829)|SYSTEM_MODE_ENTER|false
13:47:05.29 (213122675)|HEAP_ALLOCATE|[42]|Bytes:5
13:47:05.29 (213137481)|STATEMENT_EXECUTE|[9]
13:47:05.29 (213141653)|STATEMENT_EXECUTE|[56]
13:47:05.29 (213144637)|STATEMENT_EXECUTE|[96]
13:47:05.29 (213157954)|SYSTEM_MODE_EXIT|false
13:47:05.29 (213176388)|METHOD_EXIT|[1]|MyOrderEmailService
13:47:05.29 (213204530)|HEAP_ALLOCATE|[42]|Bytes:8
13:47:05.29 (213218713)|VARIABLE_SCOPE_BEGIN|[1]|this|MyOrderEmailService|true|false
13:47:05.29 (213267592)|VARIABLE_ASSIGNMENT|[1]|this|{}|0x7164be2e
13:47:05.29 (213285609)|SYSTEM_MODE_ENTER|false
13:47:05.29 (213305071)|HEAP_ALLOCATE|[42]|Bytes:5
13:47:05.29 (213322541)|HEAP_ALLOCATE|[42]|Bytes:14
13:47:05.29 (213329345)|HEAP_ALLOCATE|[42]|Bytes:63
13:47:05.29 (213366924)|METHOD_ENTRY|[10]|01p3X00000DVhae|Handler.Handler()
13:47:05.29 (213372397)|STATEMENT_EXECUTE|[10]
13:47:05.29 (213376157)|STATEMENT_EXECUTE|[10]
13:47:05.29 (213380840)|HEAP_ALLOCATE|[42]|Bytes:5
13:47:05.29 (213385182)|STATEMENT_EXECUTE|[238]
13:47:05.29 (213391656)|METHOD_EXIT|[10]|Handler
13:47:05.29 (213415683)|CONSTRUCTOR_ENTRY|[EXTERNAL]|01p3X00000DVhae|<init>()|Handler
13:47:05.29 (213429789)|VARIABLE_SCOPE_BEGIN|[14]|this|Handler|true|false
13:47:05.29 (213448761)|VARIABLE_ASSIGNMENT|[14]|this|{}|0x7164be2e
13:47:05.29 (213457907)|HEAP_ALLOCATE|[42]|Bytes:5
13:47:05.29 (213462277)|STATEMENT_EXECUTE|[10]
13:47:05.29 (213465592)|HEAP_ALLOCATE|[42]|Bytes:5
13:47:05.29 (213469533)|STATEMENT_EXECUTE|[12]
13:47:05.29 (213488441)|STATEMENT_EXECUTE|[14]
13:47:05.29 (213494009)|CONSTRUCTOR_EXIT|[EXTERNAL]|01p3X00000DVhae|<init>()|Handler
13:47:05.29 (213502168)|SYSTEM_MODE_EXIT|false
13:47:05.29 (213507538)|STATEMENT_EXECUTE|[1]
13:47:05.29 (213512093)|SYSTEM_MODE_ENTER|false
13:47:05.29 (213516540)|HEAP_ALLOCATE|[42]|Bytes:5
13:47:05.29 (213521080)|SYSTEM_MODE_EXIT|false
13:47:05.29 (213543613)|METHOD_EXIT|[104]||System.Type.newInstance()
13:47:05.29 (213557499)|VARIABLE_SCOPE_BEGIN|[104]|handler|Handler|true|false
13:47:05.29 (213572459)|VARIABLE_ASSIGNMENT|[104]|handler|{}|0x7164be2e
13:47:05.29 (213578770)|STATEMENT_EXECUTE|[105]
13:47:05.29 (213623671)|METHOD_ENTRY|[105]|01p3X00000DVhae|Handler.setSobjectType(System.Type)
13:47:05.29 (213652340)|VARIABLE_SCOPE_BEGIN|[205]|this|Handler|true|false
13:47:05.29 (213666401)|VARIABLE_ASSIGNMENT|[205]|this|{}|0x7164be2e
13:47:05.29 (213672719)|VARIABLE_SCOPE_BEGIN|[205]|typeName|System.Type|true|false
13:47:05.29 (213693685)|VARIABLE_ASSIGNMENT|[205]|typeName|{"aot":"0x329f4c86"}|0x2c12fcbf
13:47:05.29 (213705410)|SYSTEM_MODE_ENTER|false
13:47:05.29 (213714058)|HEAP_ALLOCATE|[206]|Bytes:5
13:47:05.29 (213720898)|STATEMENT_EXECUTE|[205]
13:47:05.29 (213724136)|STATEMENT_EXECUTE|[206]
13:47:05.29 (213733075)|SYSTEM_MODE_EXIT|false
13:47:05.29 (213743689)|METHOD_EXIT|[105]|01p3X00000DVhae|Handler.setSobjectType(System.Type)
13:47:05.29 (213751646)|STATEMENT_EXECUTE|[106]
13:47:05.29 (213807881)|HEAP_ALLOCATE|[EXTERNAL]|Bytes:4
13:47:05.29 (213843016)|HEAP_ALLOCATE|[98]|Bytes:5
13:47:05.29 (213871823)|VARIABLE_ASSIGNMENT|[98]|handlerMeta|null|
13:47:05.29 (213881086)|STATEMENT_EXECUTE|[108]
13:47:05.29 (213888580)|METHOD_EXIT|[77]|01p3X00000DVhaf|HandlerExecutionPool.HandlerExecutor.getActiveHandlers()
13:47:05.29 (213938501)|VARIABLE_ASSIGNMENT|[77]|this.activeHandlers|[{"typeName":"0x2c12fcbf"}]|0x76f8058f
13:47:05.29 (214078724)|HEAP_ALLOCATE|[78]|Bytes:5
13:47:05.29 (214096209)|HEAP_ALLOCATE|[78]|Bytes:8
13:47:05.29 (214115822)|VARIABLE_SCOPE_BEGIN|[78]|handler|Handler|true|false
13:47:05.29 (214137628)|VARIABLE_ASSIGNMENT|[78]|handler|{"typeName":"0x2c12fcbf"}|0x7164be2e
13:47:05.29 (214144192)|STATEMENT_EXECUTE|[78]
13:47:05.29 (214146974)|STATEMENT_EXECUTE|[79]
13:47:05.29 (214158618)|METHOD_ENTRY|[79]|01p3X00000DVhaf|HandlerExecutionPool.HandlerExecutor.executeHandler(Handler)
13:47:05.29 (214178411)|VARIABLE_SCOPE_BEGIN|[119]|this|HandlerExecutionPool.HandlerExecutor|true|false
13:47:05.29 (214197663)|VARIABLE_ASSIGNMENT|[119]|this|{"activeHandlers":"0x7e9f636a","typeName":"0x2c12fcbf"}|0x76f8058f
13:47:05.29 (214204034)|VARIABLE_SCOPE_BEGIN|[119]|handler|Handler|true|false
13:47:05.29 (214217605)|VARIABLE_ASSIGNMENT|[119]|handler|{"typeName":"0x2c12fcbf"}|0x7164be2e
13:47:05.29 (214225217)|STATEMENT_EXECUTE|[119]
13:47:05.29 (214227774)|STATEMENT_EXECUTE|[120]
13:47:05.29 (214506687)|HEAP_ALLOCATE|[121]|Bytes:12
13:47:05.29 (214676884)|STATEMENT_EXECUTE|[130]
13:47:05.29 (214680526)|STATEMENT_EXECUTE|[131]
13:47:05.29 (214695291)|METHOD_ENTRY|[131]|01p3X00000DVhae|Handler.afterInsert()
13:47:05.29 (214711933)|VARIABLE_SCOPE_BEGIN|[147]|this|Handler|true|false
13:47:05.29 (214737260)|VARIABLE_ASSIGNMENT|[147]|this|{"typeName":"0x2c12fcbf"}|0x7164be2e
13:47:05.29 (214751905)|SYSTEM_MODE_ENTER|false
13:47:05.29 (214760146)|HEAP_ALLOCATE|[148]|Bytes:5
13:47:05.29 (214765417)|STATEMENT_EXECUTE|[147]
13:47:05.29 (214768060)|STATEMENT_EXECUTE|[148]
13:47:05.29 (215077139)|HEAP_ALLOCATE|[148]|Bytes:3
13:47:05.29 (215107810)|HEAP_ALLOCATE|[148]|Bytes:28
13:47:05.29 (215134184)|CONSTRUCTOR_ENTRY|[148]|01p3X00000DVhae|<init>()|Handler.TriggerContext
13:47:05.29 (215199620)|VARIABLE_SCOPE_BEGIN|[247]|this|Handler.TriggerContext|true|false
13:47:05.29 (215260760)|VARIABLE_ASSIGNMENT|[247]|this|{}|0x60f5033e
13:47:05.29 (215269289)|STATEMENT_EXECUTE|[238]
13:47:05.29 (215271892)|STATEMENT_EXECUTE|[240]
13:47:05.29 (215274282)|STATEMENT_EXECUTE|[241]
13:47:05.29 (215276964)|STATEMENT_EXECUTE|[242]
13:47:05.29 (215279381)|STATEMENT_EXECUTE|[243]
13:47:05.29 (215281605)|STATEMENT_EXECUTE|[244]
13:47:05.29 (215283897)|STATEMENT_EXECUTE|[245]
13:47:05.29 (215302706)|STATEMENT_EXECUTE|[247]
13:47:05.29 (215305049)|STATEMENT_EXECUTE|[248]
13:47:05.29 (215772161)|VARIABLE_ASSIGNMENT|[248]|this.newList|[{"LastModifiedDate":"2020-01-29T13:47:05.000Z","IsDeleted":false,"customer__c":"a003X0000132mlIQAQ","total_count__c":0,"Additional_Information__c":"test text","Name":"test","SystemModstamp":"2020-01-29T13:47:05.000Z","CreatedById":"0053X00000AtM0MQAV","CreatedDate":"2020-01-29T13:47:05.000Z","Id":"a013X00002RTpBXQA1","Status__c":false,"LastModifiedById":"0053X00000AtM0MQAV","order_price__c":0.00}]|0x60f5033e
13:47:05.29 (215793069)|STATEMENT_EXECUTE|[249]
13:47:05.29 (216068743)|VARIABLE_ASSIGNMENT|[249]|this.newMap|{"a013X00002RTpBXQA1":{"LastModifiedDate":"2020-01-29T13:47:05.000Z","IsDeleted":false,"customer__c":"a003X0000132mlIQAQ","total_count__c":0,"Additional_Information__c":"test text","Name":"test","SystemModstamp":"2020-01-29T13:47:05.000Z","CreatedById":"0053X00000AtM0MQAV","CreatedDate":"2020-01-29T13:47:05.000Z","Id":"a013X00002RTpBXQA1","Status__c":false,"LastModifiedById":"0053X00000AtM0MQAV","order_price__c":0.00}}|0x60f5033e
13:47:05.29 (216089348)|STATEMENT_EXECUTE|[250]
13:47:05.29 (216114992)|VARIABLE_ASSIGNMENT|[250]|this.oldList|null|0x60f5033e
13:47:05.29 (216123167)|STATEMENT_EXECUTE|[251]
13:47:05.29 (216140805)|VARIABLE_ASSIGNMENT|[251]|this.oldMap|null|0x60f5033e
13:47:05.29 (216149342)|STATEMENT_EXECUTE|[252]
13:47:05.29 (216169033)|HEAP_ALLOCATE|[252]|Bytes:4
13:47:05.29 (216182851)|VARIABLE_ASSIGNMENT|[252]|this.size|1|0x60f5033e
13:47:05.29 (216190532)|STATEMENT_EXECUTE|[253]
13:47:05.29 (216285056)|HEAP_ALLOCATE|[252]|Bytes:12
13:47:05.29 (216312046)|VARIABLE_ASSIGNMENT|[253]|this.operationType|0x46a5eea7|0x60f5033e
13:47:05.29 (216326154)|CONSTRUCTOR_EXIT|[148]|01p3X00000DVhae|<init>()|Handler.TriggerContext
13:47:05.29 (216337140)|VARIABLE_SCOPE_BEGIN|[148]|context|Handler.TriggerContext|true|false
13:47:05.29 (216381467)|VARIABLE_ASSIGNMENT|[148]|context|{"newList":"0x67a92951","newMap":"0x3ebdfada","operationType":"0x46a5eea7","size":1}|0x60f5033e
13:47:05.29 (216390624)|STATEMENT_EXECUTE|[149]
13:47:05.29 (216410772)|METHOD_ENTRY|[149]|01p3X00000DVhae|Handler.logBeforeEventHandling(Handler.TriggerContext)
13:47:05.29 (216439561)|VARIABLE_SCOPE_BEGIN|[217]|this|Handler|true|false
13:47:05.29 (216465579)|VARIABLE_ASSIGNMENT|[217]|this|{"typeName":"0x2c12fcbf"}|0x7164be2e
13:47:05.29 (216474290)|VARIABLE_SCOPE_BEGIN|[217]|context|Handler.TriggerContext|true|false
13:47:05.29 (216501445)|VARIABLE_ASSIGNMENT|[217]|context|{"newList":"0x67a92951","newMap":"0x3ebdfada","operationType":"0x46a5eea7","size":1}|0x60f5033e
13:47:05.29 (216520741)|HEAP_ALLOCATE|[EXTERNAL]|Bytes:5
13:47:05.29 (216528401)|STATEMENT_EXECUTE|[217]
13:47:05.29 (216540897)|METHOD_EXIT|[149]|01p3X00000DVhae|Handler.logBeforeEventHandling(Handler.TriggerContext)
13:47:05.29 (216548821)|STATEMENT_EXECUTE|[150]
13:47:05.29 (216570728)|METHOD_ENTRY|[150]|01p3X00000DVjDo|MyOrderEmailService.onAfterInsert(Handler.TriggerContext)
13:47:05.29 (216593769)|VARIABLE_SCOPE_BEGIN|[2]|this|MyOrderEmailService|true|false
13:47:05.29 (216624273)|VARIABLE_ASSIGNMENT|[2]|this|{"typeName":"0x2c12fcbf"}|0x7164be2e
13:47:05.29 (216638408)|VARIABLE_SCOPE_BEGIN|[2]|context|Handler.TriggerContext|true|false
13:47:05.29 (216673569)|VARIABLE_ASSIGNMENT|[2]|context|{"newList":"0x67a92951","newMap":"0x3ebdfada","operationType":"0x46a5eea7","size":1}|0x60f5033e
13:47:05.29 (216693894)|HEAP_ALLOCATE|[3]|Bytes:5
13:47:05.29 (216700425)|STATEMENT_EXECUTE|[2]
13:47:05.29 (216705961)|STATEMENT_EXECUTE|[3]
13:47:05.29 (217710231)|HEAP_ALLOCATE|[3]|Bytes:6
13:47:05.29 (217740260)|HEAP_ALLOCATE|[3]|Bytes:8
13:47:05.29 (217770339)|CONSTRUCTOR_ENTRY|[3]|01p3X00000DVjDo|<init>()|MyOrderEmailService.OrderEmailTriggerHandler
13:47:05.29 (217807616)|VARIABLE_SCOPE_BEGIN|[97]|this|MyOrderEmailService.OrderEmailTriggerHandler|true|false
13:47:05.29 (217840859)|VARIABLE_ASSIGNMENT|[97]|this|{}|0x59e18d83
13:47:05.29 (217849099)|STATEMENT_EXECUTE|[96]
13:47:05.29 (217852228)|STATEMENT_EXECUTE|[98]
13:47:05.29 (217856778)|HEAP_ALLOCATE|[98]|Bytes:20
13:47:05.29 (217868891)|HEAP_ALLOCATE|[98]|Bytes:8
13:47:05.29 (217879340)|HEAP_ALLOCATE|[98]|Bytes:2
13:47:05.29 (217895924)|CONSTRUCTOR_ENTRY|[98]|01p3X00000DVjDo|<init>(String)|MyOrderEmailService.OrderEmailService
13:47:05.29 (217922651)|VARIABLE_SCOPE_BEGIN|[12]|this|MyOrderEmailService.OrderEmailService|true|false
13:47:05.29 (217938504)|VARIABLE_ASSIGNMENT|[12]|this|{}|0x59e18d83
13:47:05.29 (217945077)|VARIABLE_SCOPE_BEGIN|[12]|profileName|String|false|false
13:47:05.29 (217968707)|VARIABLE_ASSIGNMENT|[12]|profileName|"System Administrator"
13:47:05.29 (217974323)|STATEMENT_EXECUTE|[9]
13:47:05.29 (217976773)|STATEMENT_EXECUTE|[10]
13:47:05.29 (217999256)|STATEMENT_EXECUTE|[12]
13:47:05.29 (218001638)|STATEMENT_EXECUTE|[13]
13:47:05.29 (218018908)|CONSTRUCTOR_EXIT|[98]|01p3X00000DVjDo|<init>(String)|MyOrderEmailService.OrderEmailService
13:47:05.29 (218025840)|STATEMENT_EXECUTE|[97]
13:47:05.29 (218029171)|CONSTRUCTOR_EXIT|[3]|01p3X00000DVjDo|<init>()|MyOrderEmailService.OrderEmailTriggerHandler
13:47:05.29 (218066138)|METHOD_ENTRY|[3]|01p3X00000DVjDo|MyOrderEmailService.OrderEmailTriggerHandler.sendEmailOnNewOrder(List<myorder__c>)
13:47:05.29 (218073017)|VARIABLE_SCOPE_BEGIN|[100]|this|MyOrderEmailService.OrderEmailTriggerHandler|true|false
13:47:05.29 (218090607)|VARIABLE_ASSIGNMENT|[100]|this|{"profileName":"System Administrator"}|0x59e18d83
13:47:05.29 (218097277)|VARIABLE_SCOPE_BEGIN|[100]|newOrders|List<myorder__c>|true|false
13:47:05.29 (218301934)|VARIABLE_ASSIGNMENT|[100]|newOrders|[{"LastModifiedDate":"2020-01-29T13:47:05.000Z","IsDeleted":false,"customer__c":"a003X0000132mlIQAQ","total_count__c":0,"Additional_Information__c":"test text","Name":"test","SystemModstamp":"2020-01-29T13:47:05.000Z","CreatedById":"0053X00000AtM0MQAV","CreatedDate":"2020-01-29T13:47:05.000Z","Id":"a013X00002RTpBXQA1","Status__c":false,"LastModifiedById":"0053X00000AtM0MQAV","order_price__c":0.00}]|0x67a92951
13:47:05.29 (218315388)|STATEMENT_EXECUTE|[100]
13:47:05.29 (218317906)|STATEMENT_EXECUTE|[101]
13:47:05.29 (218340621)|HEAP_ALLOCATE|[101]|Bytes:4
13:47:05.29 (218380205)|VARIABLE_SCOPE_BEGIN|[101]|newOrderLetterSubjectList|List<String>|true|false
13:47:05.29 (218415068)|HEAP_ALLOCATE|[EXTERNAL]|Bytes:4
13:47:05.29 (218427202)|VARIABLE_ASSIGNMENT|[101]|newOrderLetterSubjectList|[]|0x17552f1f
13:47:05.29 (218432879)|STATEMENT_EXECUTE|[102]
13:47:05.29 (218440391)|HEAP_ALLOCATE|[102]|Bytes:4
13:47:05.29 (218456331)|VARIABLE_SCOPE_BEGIN|[102]|newOrderLetterBodyList|List<String>|true|false
13:47:05.29 (218471187)|HEAP_ALLOCATE|[EXTERNAL]|Bytes:4
13:47:05.29 (218478608)|VARIABLE_ASSIGNMENT|[102]|newOrderLetterBodyList|[]|0x637f965
13:47:05.29 (218637405)|HEAP_ALLOCATE|[104]|Bytes:5
13:47:05.29 (218669259)|VARIABLE_SCOPE_BEGIN|[104]|order|myorder__c|true|false
13:47:05.29 (218799707)|VARIABLE_ASSIGNMENT|[104]|order|{"LastModifiedDate":"2020-01-29T13:47:05.000Z","IsDeleted":false,"customer__c":"a003X0000132mlIQAQ","total_count__c":0,"Additional_Information__c":"test text","Name":"test","SystemModstamp":"2020-01-29T13:47:05.000Z","CreatedById":"0053X00000AtM0MQAV","CreatedDate":"2020-01-29T13:47:05.000Z","Id":"a013X00002RTpBXQA1","Status__c":false,"LastModifiedById":"0053X00000AtM0MQAV","order_price__c":0.00}|0xb574bbe
13:47:05.29 (218811048)|STATEMENT_EXECUTE|[104]
13:47:05.29 (218813597)|STATEMENT_EXECUTE|[105]
13:47:05.29 (218818235)|HEAP_ALLOCATE|[105]|Bytes:11
13:47:05.29 (218863568)|HEAP_ALLOCATE|[105]|Bytes:15
13:47:05.29 (218906616)|HEAP_ALLOCATE|[EXTERNAL]|Bytes:4
13:47:05.29 (218916895)|STATEMENT_EXECUTE|[106]
13:47:05.29 (218920715)|HEAP_ALLOCATE|[107]|Bytes:12
13:47:05.29 (218929428)|HEAP_ALLOCATE|[109]|Bytes:12
13:47:05.29 (218999581)|HEAP_ALLOCATE|[110]|Bytes:18
13:47:05.29 (219012312)|HEAP_ALLOCATE|[111]|Bytes:1
13:47:05.29 (219023350)|HEAP_ALLOCATE|[107]|Bytes:47
13:47:05.29 (219040534)|HEAP_ALLOCATE|[EXTERNAL]|Bytes:4
13:47:05.29 (219058950)|HEAP_ALLOCATE|[104]|Bytes:5
13:47:05.29 (219075569)|VARIABLE_ASSIGNMENT|[104]|order|null|
13:47:05.29 (219081618)|STATEMENT_EXECUTE|[115]
13:47:05.29 (219098110)|METHOD_ENTRY|[115]|01p3X00000DVjDo|MyOrderEmailService.OrderEmailService.sendEmailOnOrder(List<myorder__c>, List<String>, List<String>)
13:47:05.29 (219114309)|VARIABLE_SCOPE_BEGIN|[16]|this|MyOrderEmailService.OrderEmailService|true|false
13:47:05.29 (219139102)|VARIABLE_ASSIGNMENT|[16]|this|{"profileName":"System Administrator"}|0x59e18d83
13:47:05.29 (219145497)|VARIABLE_SCOPE_BEGIN|[16]|orders|List<myorder__c>|true|false
13:47:05.29 (219263552)|VARIABLE_ASSIGNMENT|[16]|orders|[{"LastModifiedDate":"2020-01-29T13:47:05.000Z","IsDeleted":false,"customer__c":"a003X0000132mlIQAQ","total_count__c":0,"Additional_Information__c":"test text","Name":"test","SystemModstamp":"2020-01-29T13:47:05.000Z","CreatedById":"0053X00000AtM0MQAV","CreatedDate":"2020-01-29T13:47:05.000Z","Id":"a013X00002RTpBXQA1","Status__c":false,"LastModifiedById":"0053X00000AtM0MQAV","order_price__c":0.00}]|0x67a92951
13:47:05.29 (219275076)|VARIABLE_SCOPE_BEGIN|[16]|letterSubject|List<String>|true|false
13:47:05.29 (219288079)|VARIABLE_ASSIGNMENT|[16]|letterSubject|["New Order: test"]|0x17552f1f
13:47:05.29 (219294230)|VARIABLE_SCOPE_BEGIN|[16]|letterBody|List<String>|true|false
13:47:05.29 (219306784)|VARIABLE_ASSIGNMENT|[16]|letterBody|["Order Name: test; Or (27 more) ..."]|0x637f965
13:47:05.29 (219315360)|STATEMENT_EXECUTE|[20]
13:47:05.29 (219317886)|STATEMENT_EXECUTE|[21]
13:47:05.29 (219387166)|HEAP_ALLOCATE|[21]|Bytes:4
13:47:05.29 (219467156)|VARIABLE_SCOPE_BEGIN|[21]|mails|List<Messaging.SingleEmailMessage>|true|false
13:47:05.29 (219503307)|HEAP_ALLOCATE|[EXTERNAL]|Bytes:4
13:47:05.29 (219516816)|VARIABLE_ASSIGNMENT|[21]|mails|[]|0x2cc713c2
13:47:05.29 (219525682)|STATEMENT_EXECUTE|[25]
13:47:05.29 (219531608)|HEAP_ALLOCATE|[25]|Bytes:14
13:47:05.29 (219662926)|HEAP_ALLOCATE|[25]|Bytes:1
13:47:05.29 (219680756)|HEAP_ALLOCATE|[25]|Bytes:20
13:47:05.29 (219713412)|HEAP_ALLOCATE|[25]|Bytes:2
13:47:05.29 (219727269)|HEAP_ALLOCATE|[25]|Bytes:8
13:47:05.29 (219737148)|HEAP_ALLOCATE|[25]|Bytes:45
13:47:05.29 (219775141)|USER_DEBUG|[25]|DEBUG|You have made 0 email calls out of 10 allowed
13:47:05.29 (219789357)|STATEMENT_EXECUTE|[26]
13:47:05.29 (219805763)|HEAP_ALLOCATE|[26]|Bytes:4
13:47:05.29 (219835589)|VARIABLE_SCOPE_BEGIN|[26]|recievers|List<String>|true|false
13:47:05.29 (219868514)|HEAP_ALLOCATE|[EXTERNAL]|Bytes:4
13:47:05.29 (219883351)|VARIABLE_ASSIGNMENT|[26]|recievers|[]|0x5e538ec4
13:47:05.29 (219893540)|STATEMENT_EXECUTE|[27]
13:47:05.29 (219906927)|HEAP_ALLOCATE|[27]|Bytes:23
13:47:05.29 (219944395)|HEAP_ALLOCATE|[EXTERNAL]|Bytes:4
13:47:05.29 (219962653)|STATEMENT_EXECUTE|[28]
13:47:05.29 (219966185)|HEAP_ALLOCATE|[28]|Bytes:27
13:47:05.29 (219982281)|HEAP_ALLOCATE|[EXTERNAL]|Bytes:4
13:47:05.29 (219991177)|STATEMENT_EXECUTE|[30]
13:47:05.29 (219998868)|VARIABLE_SCOPE_BEGIN|[30]|i|Integer|false|false
13:47:05.29 (220009239)|HEAP_ALLOCATE|[30]|Bytes:4
13:47:05.29 (220020150)|VARIABLE_ASSIGNMENT|[30]|i|0
13:47:05.29 (220055147)|STATEMENT_EXECUTE|[30]
13:47:05.29 (220058331)|STATEMENT_EXECUTE|[31]
13:47:05.29 (220175649)|VARIABLE_SCOPE_BEGIN|[31]|mail|Messaging.SingleEmailMessage|true|false
13:47:05.29 (220425584)|VARIABLE_ASSIGNMENT|[31]|mail|"common.api.soap.wsdl.SingleEmailMessage@51b84ff1"|0x135fceac
13:47:05.29 (220440834)|STATEMENT_EXECUTE|[33]
13:47:05.29 (220521826)|STATEMENT_EXECUTE|[34]
13:47:05.29 (220533936)|HEAP_ALLOCATE|[34]|Bytes:15
13:47:05.29 (220613451)|STATEMENT_EXECUTE|[35]
13:47:05.29 (220618376)|HEAP_ALLOCATE|[35]|Bytes:47
13:47:05.29 (220624571)|HEAP_ALLOCATE|[35]|Bytes:14
13:47:05.29 (220634910)|HEAP_ALLOCATE|[35]|Bytes:61
13:47:05.29 (220666038)|STATEMENT_EXECUTE|[36]
13:47:05.29 (220702351)|HEAP_ALLOCATE|[EXTERNAL]|Bytes:4
13:47:05.29 (220713262)|HEAP_ALLOCATE|[30]|Bytes:4
13:47:05.29 (220724064)|VARIABLE_ASSIGNMENT|[30]|i|1
13:47:05.29 (220749692)|METHOD_EXIT|[115]|01p3X00000DVjDo|MyOrderEmailService.OrderEmailService.sendEmailOnOrder(List<myorder__c>, List<String>, List<String>)
13:47:05.29 (220759113)|METHOD_EXIT|[3]|01p3X00000DVjDo|MyOrderEmailService.OrderEmailTriggerHandler.sendEmailOnNewOrder(List<myorder__c>)
13:47:05.29 (220774653)|METHOD_EXIT|[150]|01p3X00000DVjDo|MyOrderEmailService.onAfterInsert(Handler.TriggerContext)
13:47:05.29 (220780576)|STATEMENT_EXECUTE|[151]
13:47:05.29 (220797288)|METHOD_ENTRY|[151]|01p3X00000DVhae|Handler.logAfterEventHandling(Handler.TriggerContext)
13:47:05.29 (220821525)|VARIABLE_SCOPE_BEGIN|[228]|this|Handler|true|false
13:47:05.29 (220853574)|VARIABLE_ASSIGNMENT|[228]|this|{"typeName":"0x2c12fcbf"}|0x7164be2e
13:47:05.29 (220859959)|VARIABLE_SCOPE_BEGIN|[228]|context|Handler.TriggerContext|true|false
13:47:05.29 (220889224)|VARIABLE_ASSIGNMENT|[228]|context|{"newList":"0x67a92951","newMap":"0x3ebdfada","operationType":"0x46a5eea7","size":1}|0x60f5033e
13:47:05.29 (220906698)|HEAP_ALLOCATE|[EXTERNAL]|Bytes:5
13:47:05.29 (220912337)|STATEMENT_EXECUTE|[228]
13:47:05.29 (220918331)|METHOD_EXIT|[151]|01p3X00000DVhae|Handler.logAfterEventHandling(Handler.TriggerContext)
13:47:05.29 (220929570)|SYSTEM_MODE_EXIT|false
13:47:05.29 (220942384)|METHOD_EXIT|[131]|01p3X00000DVhae|Handler.afterInsert()
13:47:05.29 (220958558)|METHOD_EXIT|[79]|01p3X00000DVhaf|HandlerExecutionPool.HandlerExecutor.executeHandler(Handler)
13:47:05.29 (220979139)|HEAP_ALLOCATE|[78]|Bytes:5
13:47:05.29 (220996033)|VARIABLE_ASSIGNMENT|[78]|handler|null|
13:47:05.29 (221003729)|METHOD_EXIT|[2]|01p3X00000DVhaf|HandlerExecutionPool.HandlerExecutor.execute()
13:47:05.221 (221023973)|CUMULATIVE_LIMIT_USAGE
13:47:05.221 (221023973)|LIMIT_USAGE_FOR_NS|(default)|
  Number of SOQL queries: 0 out of 100
  Number of query rows: 1 out of 50000
  Number of SOSL queries: 0 out of 20
  Number of DML statements: 1 out of 150
  Number of DML rows: 1 out of 10000
  Maximum CPU time: 0 out of 10000
  Maximum heap size: 0 out of 6000000
  Number of callouts: 0 out of 100
  Number of Email Invocations: 0 out of 10
  Number of future calls: 0 out of 50
  Number of queueable jobs added to the queue: 0 out of 50
  Number of Mobile Apex push calls: 0 out of 10

13:47:05.221 (221023973)|CUMULATIVE_LIMIT_USAGE_END

13:47:05.29 (222911352)|CODE_UNIT_FINISHED|myOrderTrigger on myorder trigger event AfterInsert|__sfdc_trigger/myOrderTrigger
13:47:05.29 (256045780)|DML_END|[1]
13:47:05.276 (276543515)|CUMULATIVE_LIMIT_USAGE
13:47:05.276 (276543515)|LIMIT_USAGE_FOR_NS|(default)|
  Number of SOQL queries: 0 out of 100
  Number of query rows: 1 out of 50000
  Number of SOSL queries: 0 out of 20
  Number of DML statements: 1 out of 150
  Number of DML rows: 1 out of 10000
  Maximum CPU time: 0 out of 10000
  Maximum heap size: 0 out of 6000000
  Number of callouts: 0 out of 100
  Number of Email Invocations: 0 out of 10
  Number of future calls: 0 out of 50
  Number of queueable jobs added to the queue: 0 out of 50
  Number of Mobile Apex push calls: 0 out of 10

13:47:05.276 (276543515)|CUMULATIVE_LIMIT_USAGE_END

13:47:05.29 (276605886)|CODE_UNIT_FINISHED|execute_anonymous_apex
13:47:05.29 (278337519)|EXECUTION_FINISHED
