47.0 APEX_CODE,FINEST;APEX_PROFILING,INFO;CALLOUT,INFO;DB,INFO;NBA,INFO;SYSTEM,DEBUG;VALIDATION,INFO;VISUALFORCE,FINER;WAVE,INFO;WORKFLOW,INFO
Execute Anonymous: insert new myorder__c(Name = 'test',customer__c = 'a003X0000132mlIQAQ',Additional_Information__c = 'test text');
13:57:57.28 (28164405)|USER_INFO|[EXTERNAL]|0053X00000AtM0M|khrystynych.vasyl@ctdevlviv.stud|(GMT+00:00) Irish Standard Time (Europe/Dublin)|GMTZ
13:57:57.28 (28212989)|EXECUTION_STARTED
13:57:57.28 (28223514)|CODE_UNIT_STARTED|[EXTERNAL]|execute_anonymous_apex
13:57:57.28 (28650940)|HEAP_ALLOCATE|[79]|Bytes:3
13:57:57.28 (28727991)|HEAP_ALLOCATE|[84]|Bytes:152
13:57:57.28 (28754218)|HEAP_ALLOCATE|[399]|Bytes:408
13:57:57.28 (28780215)|HEAP_ALLOCATE|[412]|Bytes:408
13:57:57.28 (28803447)|HEAP_ALLOCATE|[520]|Bytes:48
13:57:57.28 (28842243)|HEAP_ALLOCATE|[139]|Bytes:6
13:57:57.28 (28884968)|HEAP_ALLOCATE|[EXTERNAL]|Bytes:1
13:57:57.28 (29059160)|STATEMENT_EXECUTE|[1]
13:57:57.28 (29067248)|STATEMENT_EXECUTE|[1]
13:57:57.28 (29181004)|HEAP_ALLOCATE|[1]|Bytes:4
13:57:57.28 (29312250)|HEAP_ALLOCATE|[1]|Bytes:4
13:57:57.28 (29607630)|VARIABLE_ASSIGNMENT|[1]|this.Name|"test"|0x54d271c0
13:57:57.28 (29621497)|HEAP_ALLOCATE|[1]|Bytes:18
13:57:57.28 (29647521)|HEAP_ALLOCATE|[1]|Bytes:4
13:57:57.28 (29714969)|VARIABLE_ASSIGNMENT|[1]|this.customer__c|"a003X0000132mlIQAQ"|0x54d271c0
13:57:57.28 (29732154)|HEAP_ALLOCATE|[1]|Bytes:9
13:57:57.28 (29761241)|VARIABLE_ASSIGNMENT|[1]|this.Additional_Information__c|"test text"|0x54d271c0
13:57:57.28 (29840838)|HEAP_ALLOCATE|[52]|Bytes:5
13:57:57.28 (29892883)|HEAP_ALLOCATE|[58]|Bytes:5
13:57:57.28 (29903702)|HEAP_ALLOCATE|[66]|Bytes:7
13:57:57.28 (29956328)|HEAP_ALLOCATE|[1]|Bytes:8
13:57:57.28 (29992051)|DML_BEGIN|[1]|Op:Insert|Type:myorder__c|Rows:1
13:57:57.28 (30078941)|HEAP_ALLOCATE|[EXTERNAL]|Bytes:8
13:57:57.28 (83557647)|CODE_UNIT_STARTED|[EXTERNAL]|01q3X0000018STF|myOrderTrigger on myorder trigger event AfterInsert|__sfdc_trigger/myOrderTrigger
13:57:57.28 (83633953)|HEAP_ALLOCATE|[EXTERNAL]|Bytes:8
13:57:57.28 (83798337)|HEAP_ALLOCATE|[EXTERNAL]|Bytes:4
13:57:57.28 (83817286)|VARIABLE_SCOPE_BEGIN|[1]|this|myOrderTrigger|true|false
13:57:57.28 (84032097)|VARIABLE_ASSIGNMENT|[1]|this|{}|0x7c5253ef
13:57:57.28 (84083954)|HEAP_ALLOCATE|[EXTERNAL]|Bytes:4
13:57:57.28 (84094120)|VARIABLE_SCOPE_BEGIN|[1]|this|myOrderTrigger|true|false
13:57:57.28 (84112129)|VARIABLE_ASSIGNMENT|[1]|this|{}|0x7c5253ef
13:57:57.28 (84120422)|STATEMENT_EXECUTE|[1]
13:57:57.28 (84123323)|STATEMENT_EXECUTE|[2]
13:57:57.28 (87699279)|VARIABLE_SCOPE_BEGIN|[10]|HandlerExecutionPool.instance|HandlerExecutionPool|true|true
13:57:57.28 (87836765)|HEAP_ALLOCATE|[2]|Bytes:31
13:57:57.28 (87852150)|HEAP_ALLOCATE|[2]|Bytes:8
13:57:57.28 (87970397)|METHOD_ENTRY|[8]|01p3X00000DVhaf|HandlerExecutionPool.HandlerExecutionPool()
13:57:57.28 (87980849)|STATEMENT_EXECUTE|[8]
13:57:57.28 (87986865)|STATEMENT_EXECUTE|[8]
13:57:57.28 (88533499)|SYSTEM_MODE_ENTER|false
13:57:57.28 (88563514)|HEAP_ALLOCATE|[2]|Bytes:5
13:57:57.28 (88574890)|STATEMENT_EXECUTE|[60]
13:57:57.28 (88577578)|STATEMENT_EXECUTE|[172]
13:57:57.28 (88589043)|SYSTEM_MODE_EXIT|false
13:57:57.28 (88616561)|METHOD_EXIT|[8]|HandlerExecutionPool
13:57:57.28 (88669976)|METHOD_ENTRY|[2]|01p3X00000DVhaf|HandlerExecutionPool.getInstance()
13:57:57.28 (88706074)|SYSTEM_MODE_ENTER|false
13:57:57.28 (88711888)|HEAP_ALLOCATE|[25]|Bytes:5
13:57:57.28 (88727647)|STATEMENT_EXECUTE|[24]
13:57:57.28 (88737308)|STATEMENT_EXECUTE|[25]
13:57:57.28 (88740405)|STATEMENT_EXECUTE|[26]
13:57:57.28 (89478440)|HEAP_ALLOCATE|[26]|Bytes:8
13:57:57.28 (89601986)|CONSTRUCTOR_ENTRY|[26]|01p3X00000DVhaf|<init>()|HandlerExecutionPool
13:57:57.28 (89698139)|VARIABLE_SCOPE_BEGIN|[13]|this|HandlerExecutionPool|true|false
13:57:57.28 (89851286)|VARIABLE_ASSIGNMENT|[13]|this|{}|0x6f7c326
13:57:57.28 (89869170)|HEAP_ALLOCATE|[14]|Bytes:5
13:57:57.28 (89876759)|STATEMENT_EXECUTE|[8]
13:57:57.28 (89881014)|HEAP_ALLOCATE|[14]|Bytes:5
13:57:57.28 (89884821)|STATEMENT_EXECUTE|[11]
13:57:57.28 (89900086)|HEAP_ALLOCATE|[14]|Bytes:6
13:57:57.28 (90584497)|STATEMENT_EXECUTE|[13]
13:57:57.28 (90589510)|STATEMENT_EXECUTE|[14]
13:57:57.28 (90613769)|HEAP_ALLOCATE|[14]|Bytes:4
13:57:57.28 (90705697)|VARIABLE_ASSIGNMENT|[14]|this.handlerPool|{}|0x6f7c326
13:57:57.28 (90766612)|CONSTRUCTOR_EXIT|[26]|01p3X00000DVhaf|<init>()|HandlerExecutionPool
13:57:57.28 (90894565)|VARIABLE_ASSIGNMENT|[26]|HandlerExecutionPool.instance|{"handlerPool":"0x4215ce90"}|0x6f7c326
13:57:57.28 (90902562)|STATEMENT_EXECUTE|[28]
13:57:57.28 (90912478)|SYSTEM_MODE_EXIT|false
13:57:57.28 (90934340)|METHOD_EXIT|[2]|01p3X00000DVhaf|HandlerExecutionPool.getInstance()
13:57:57.28 (90944275)|HEAP_ALLOCATE|[2]|Bytes:36
13:57:57.28 (91026847)|HEAP_ALLOCATE|[2]|Bytes:30
13:57:57.28 (91120276)|SYSTEM_METHOD_ENTRY|[1]|Type.Type()
13:57:57.28 (91126515)|STATEMENT_EXECUTE|[1]
13:57:57.28 (91149181)|SYSTEM_METHOD_EXIT|[1]|Type
13:57:57.28 (91157762)|HEAP_ALLOCATE|[2]|Bytes:8
13:57:57.28 (91181904)|HEAP_ALLOCATE|[2]|Bytes:8
13:57:57.28 (91188720)|VARIABLE_SCOPE_BEGIN|[4]|this|System.Type|true|false
13:57:57.28 (91241902)|VARIABLE_ASSIGNMENT|[4]|this|{}|0x6abb9da3
13:57:57.28 (91251491)|VARIABLE_SCOPE_BEGIN|[4]|apextype|java:common.apex.runtime.ApexObjectType|true|false
13:57:57.28 (91612113)|VARIABLE_ASSIGNMENT|[4]|apextype|"myorder__c"|0x526d9d21
13:57:57.28 (91665356)|HEAP_ALLOCATE|[2]|Bytes:8
13:57:57.28 (91751947)|METHOD_ENTRY|[2]|01p3X00000DVhaf|HandlerExecutionPool.getHandler(System.Type)
13:57:57.28 (91761463)|VARIABLE_SCOPE_BEGIN|[41]|this|HandlerExecutionPool|true|false
13:57:57.28 (91790362)|VARIABLE_ASSIGNMENT|[41]|this|{"handlerPool":"0x4215ce90"}|0x6f7c326
13:57:57.28 (91797054)|VARIABLE_SCOPE_BEGIN|[41]|typeName|System.Type|true|false
13:57:57.28 (91839151)|VARIABLE_ASSIGNMENT|[41]|typeName|{"aot":"0x526d9d21"}|0x6abb9da3
13:57:57.28 (91855567)|SYSTEM_MODE_ENTER|false
13:57:57.28 (91863143)|HEAP_ALLOCATE|[42]|Bytes:5
13:57:57.28 (91869089)|STATEMENT_EXECUTE|[41]
13:57:57.28 (91871493)|STATEMENT_EXECUTE|[42]
13:57:57.28 (91975161)|VARIABLE_SCOPE_BEGIN|[42]|executor|HandlerExecutionPool.HandlerExecutor|true|false
13:57:57.28 (91990149)|VARIABLE_ASSIGNMENT|[42]|executor|null|
13:57:57.28 (91995852)|STATEMENT_EXECUTE|[43]
13:57:57.28 (91998382)|STATEMENT_EXECUTE|[44]
13:57:57.28 (92004421)|HEAP_ALLOCATE|[44]|Bytes:16
13:57:57.28 (92011510)|HEAP_ALLOCATE|[44]|Bytes:11
13:57:57.28 (124999443)|HEAP_ALLOCATE|[44]|Bytes:12
13:57:57.28 (125104519)|CONSTRUCTOR_ENTRY|[44]|01p3X00000DVhaf|<init>(System.Type)|HandlerExecutionPool.HandlerExecutor
13:57:57.28 (125153051)|VARIABLE_SCOPE_BEGIN|[65]|this|HandlerExecutionPool.HandlerExecutor|true|false
13:57:57.28 (125213781)|VARIABLE_ASSIGNMENT|[65]|this|{}|0x639a5364
13:57:57.28 (125221585)|VARIABLE_SCOPE_BEGIN|[65]|typeName|System.Type|true|false
13:57:57.28 (125247819)|VARIABLE_ASSIGNMENT|[65]|typeName|{"aot":"0x526d9d21"}|0x6abb9da3
13:57:57.28 (125256673)|STATEMENT_EXECUTE|[60]
13:57:57.28 (125259421)|STATEMENT_EXECUTE|[62]
13:57:57.28 (125261884)|STATEMENT_EXECUTE|[63]
13:57:57.28 (125285219)|STATEMENT_EXECUTE|[65]
13:57:57.28 (125287856)|STATEMENT_EXECUTE|[66]
13:57:57.28 (125299002)|VARIABLE_ASSIGNMENT|[66]|this.typeName|0x6abb9da3|0x639a5364
13:57:57.28 (125310427)|CONSTRUCTOR_EXIT|[44]|01p3X00000DVhaf|<init>(System.Type)|HandlerExecutionPool.HandlerExecutor
13:57:57.28 (125329182)|VARIABLE_ASSIGNMENT|[44]|executor|{"typeName":"0x6abb9da3"}|0x639a5364
13:57:57.28 (125335409)|STATEMENT_EXECUTE|[45]
13:57:57.28 (125442348)|HEAP_ALLOCATE|[EXTERNAL]|Bytes:-4
13:57:57.28 (125454997)|STATEMENT_EXECUTE|[47]
13:57:57.28 (125465174)|SYSTEM_MODE_EXIT|false
13:57:57.28 (125479066)|METHOD_EXIT|[2]|01p3X00000DVhaf|HandlerExecutionPool.getHandler(System.Type)
13:57:57.28 (125506832)|METHOD_ENTRY|[2]|01p3X00000DVhaf|HandlerExecutionPool.HandlerExecutor.execute()
13:57:57.28 (125515267)|VARIABLE_SCOPE_BEGIN|[76]|this|HandlerExecutionPool.HandlerExecutor|true|false
13:57:57.28 (125535943)|VARIABLE_ASSIGNMENT|[76]|this|{"typeName":"0x6abb9da3"}|0x639a5364
13:57:57.28 (125543964)|STATEMENT_EXECUTE|[76]
13:57:57.28 (125546401)|STATEMENT_EXECUTE|[77]
13:57:57.28 (125555185)|METHOD_ENTRY|[77]|01p3X00000DVhaf|HandlerExecutionPool.HandlerExecutor.getActiveHandlers()
13:57:57.28 (125588185)|VARIABLE_SCOPE_BEGIN|[95]|this|HandlerExecutionPool.HandlerExecutor|true|false
13:57:57.28 (125604163)|VARIABLE_ASSIGNMENT|[95]|this|{"typeName":"0x6abb9da3"}|0x639a5364
13:57:57.28 (125611042)|STATEMENT_EXECUTE|[95]
13:57:57.28 (125613369)|STATEMENT_EXECUTE|[96]
13:57:57.28 (126023521)|HEAP_ALLOCATE|[96]|Bytes:11
13:57:57.28 (126145164)|HEAP_ALLOCATE|[96]|Bytes:8
13:57:57.28 (126180197)|CONSTRUCTOR_ENTRY|[96]|01p3X00000DVhaf|<init>(System.Type)|HandlerExecutionPool.MetadataHandler
13:57:57.28 (126210537)|VARIABLE_SCOPE_BEGIN|[176]|this|HandlerExecutionPool.MetadataHandler|true|false
13:57:57.28 (126243376)|VARIABLE_ASSIGNMENT|[176]|this|{}|0x206fc30c
13:57:57.28 (126250723)|VARIABLE_SCOPE_BEGIN|[176]|typeName|System.Type|true|false
13:57:57.28 (126271536)|VARIABLE_ASSIGNMENT|[176]|typeName|{"aot":"0x526d9d21"}|0x6abb9da3
13:57:57.28 (126279652)|STATEMENT_EXECUTE|[172]
13:57:57.28 (126282373)|STATEMENT_EXECUTE|[174]
13:57:57.28 (126300460)|STATEMENT_EXECUTE|[176]
13:57:57.28 (126302831)|STATEMENT_EXECUTE|[177]
13:57:57.28 (126324206)|METHOD_ENTRY|[177]|01p3X00000DVhaf|HandlerExecutionPool.MetadataHandler.readHandlersMetadata(System.Type)
13:57:57.28 (126351211)|VARIABLE_SCOPE_BEGIN|[184]|this|HandlerExecutionPool.MetadataHandler|true|false
13:57:57.28 (126365127)|VARIABLE_ASSIGNMENT|[184]|this|{}|0x206fc30c
13:57:57.28 (126371435)|VARIABLE_SCOPE_BEGIN|[184]|typeName|System.Type|true|false
13:57:57.28 (126385400)|VARIABLE_ASSIGNMENT|[184]|typeName|{"aot":"0x526d9d21"}|0x6abb9da3
13:57:57.28 (126392765)|STATEMENT_EXECUTE|[184]
13:57:57.28 (126395208)|STATEMENT_EXECUTE|[185]
13:57:57.28 (126400765)|HEAP_ALLOCATE|[185]|Bytes:199
13:57:57.28 (126426321)|HEAP_ALLOCATE|[185]|Bytes:4
13:57:57.28 (133891805)|SOQL_EXECUTE_BEGIN|[185]|Aggregations:0|SELECT Id, NamespacePrefix, Class_Name__c, Other_Object_API_Name__c, Object_Name__r.QualifiedAPIName FROM Trigger_Dependency__mdt WHERE Is_Active__c = TRUE ORDER BY Execution_Order__c ASC NULLS FIRST
13:57:57.28 (153021660)|SOQL_EXECUTE_END|[185]|Rows:1
13:57:57.28 (153074551)|HEAP_ALLOCATE|[185]|Bytes:8
13:57:57.28 (153115729)|HEAP_ALLOCATE|[185]|Bytes:202
13:57:57.28 (153195452)|HEAP_ALLOCATE|[185]|Bytes:8
13:57:57.28 (153222150)|VARIABLE_SCOPE_BEGIN|[185]|triggerDependencies|List<Trigger_Dependency__mdt>|true|false
13:57:57.28 (153280999)|VARIABLE_ASSIGNMENT|[185]|triggerDependencies|[{"Id":"m003X0000009oReQAI","Class_Name__c":"MyOrderEmailService","Object_Name__c":"01I3X000001p4fD","Object_Name__r":{"Id":"000000000000000AAA","DurableId":"01I3X000001p4fD","QualifiedApiName":"myorder__c"}}]|0x77e64b76
13:57:57.28 (153291114)|STATEMENT_EXECUTE|[195]
13:57:57.28 (153306717)|HEAP_ALLOCATE|[195]|Bytes:4
13:57:57.28 (153448060)|VARIABLE_SCOPE_BEGIN|[195]|result|List<Trigger_Dependency__mdt>|true|false
13:57:57.28 (153460392)|HEAP_ALLOCATE|[EXTERNAL]|Bytes:4
13:57:57.28 (153470347)|VARIABLE_ASSIGNMENT|[195]|result|[]|0x37d86532
13:57:57.28 (153477137)|STATEMENT_EXECUTE|[196]
13:57:57.28 (153502017)|METHOD_ENTRY|[196]||System.Type.toString()
13:57:57.28 (153594531)|METHOD_EXIT|[196]||System.Type.toString()
13:57:57.28 (153602332)|VARIABLE_SCOPE_BEGIN|[196]|typeNameString|String|false|false
13:57:57.28 (153615355)|VARIABLE_ASSIGNMENT|[196]|typeNameString|"myorder__c"
13:57:57.28 (153844156)|HEAP_ALLOCATE|[197]|Bytes:5
13:57:57.28 (153908260)|HEAP_ALLOCATE|[197]|Bytes:20
13:57:57.28 (153921429)|VARIABLE_SCOPE_BEGIN|[197]|dependency|Trigger_Dependency__mdt|true|false
13:57:57.28 (153961698)|VARIABLE_ASSIGNMENT|[197]|dependency|{"Id":"m003X0000009oReQAI","Class_Name__c":"MyOrderEmailService","Object_Name__c":"01I3X000001p4fD","Object_Name__r":{"Id":"000000000000000AAA","DurableId":"01I3X000001p4fD","QualifiedApiName":"myorder__c"}}|0x197a2398
13:57:57.28 (153970793)|STATEMENT_EXECUTE|[197]
13:57:57.28 (154121904)|STATEMENT_EXECUTE|[199]
13:57:57.28 (154125812)|STATEMENT_EXECUTE|[200]
13:57:57.28 (154172272)|HEAP_ALLOCATE|[EXTERNAL]|Bytes:4
13:57:57.28 (154194171)|HEAP_ALLOCATE|[197]|Bytes:5
13:57:57.28 (154211862)|VARIABLE_ASSIGNMENT|[197]|dependency|null|
13:57:57.28 (154217879)|STATEMENT_EXECUTE|[203]
13:57:57.28 (154225032)|METHOD_EXIT|[177]|01p3X00000DVhaf|HandlerExecutionPool.MetadataHandler.readHandlersMetadata(System.Type)
13:57:57.28 (154261458)|VARIABLE_ASSIGNMENT|[177]|this.handlersMeta|[{"Id":"m003X0000009oReQAI","Class_Name__c":"MyOrderEmailService","Object_Name__c":"01I3X000001p4fD","Object_Name__r":{"Id":"000000000000000AAA","DurableId":"01I3X000001p4fD","QualifiedApiName":"myorder__c"}}]|0x206fc30c
13:57:57.28 (154307287)|CONSTRUCTOR_EXIT|[96]|01p3X00000DVhaf|<init>(System.Type)|HandlerExecutionPool.MetadataHandler
13:57:57.28 (154319324)|VARIABLE_SCOPE_BEGIN|[96]|metadataHandler|HandlerExecutionPool.MetadataHandler|true|false
13:57:57.28 (154368440)|VARIABLE_ASSIGNMENT|[96]|metadataHandler|{"handlersMeta":"0x37d86532"}|0x206fc30c
13:57:57.28 (154378306)|STATEMENT_EXECUTE|[97]
13:57:57.28 (154397228)|HEAP_ALLOCATE|[97]|Bytes:4
13:57:57.28 (154472422)|VARIABLE_SCOPE_BEGIN|[97]|handlers|List<Handler>|true|false
13:57:57.28 (154499963)|HEAP_ALLOCATE|[EXTERNAL]|Bytes:4
13:57:57.28 (154512334)|VARIABLE_ASSIGNMENT|[97]|handlers|[]|0x6dff2470
13:57:57.28 (154530891)|METHOD_ENTRY|[98]|01p3X00000DVhaf|HandlerExecutionPool.MetadataHandler.getMeta()
13:57:57.28 (154566323)|VARIABLE_SCOPE_BEGIN|[180]|this|HandlerExecutionPool.MetadataHandler|true|false
13:57:57.28 (154602787)|VARIABLE_ASSIGNMENT|[180]|this|{"handlersMeta":"0x37d86532"}|0x206fc30c
13:57:57.28 (154615340)|STATEMENT_EXECUTE|[180]
13:57:57.28 (154618436)|STATEMENT_EXECUTE|[181]
13:57:57.28 (154628915)|METHOD_EXIT|[98]|01p3X00000DVhaf|HandlerExecutionPool.MetadataHandler.getMeta()
13:57:57.28 (154666866)|HEAP_ALLOCATE|[98]|Bytes:5
13:57:57.28 (154697027)|HEAP_ALLOCATE|[98]|Bytes:20
13:57:57.28 (154709446)|VARIABLE_SCOPE_BEGIN|[98]|handlerMeta|Trigger_Dependency__mdt|true|false
13:57:57.28 (154757521)|VARIABLE_ASSIGNMENT|[98]|handlerMeta|{"Id":"m003X0000009oReQAI","Class_Name__c":"MyOrderEmailService","Object_Name__c":"01I3X000001p4fD","Object_Name__r":{"Id":"000000000000000AAA","DurableId":"01I3X000001p4fD","QualifiedApiName":"myorder__c"}}|0x197a2398
13:57:57.28 (154769707)|STATEMENT_EXECUTE|[98]
13:57:57.28 (154773341)|STATEMENT_EXECUTE|[99]
13:57:57.28 (154843756)|METHOD_ENTRY|[99]||System.Type.forName(String, String)
13:57:57.28 (190308594)|METHOD_EXIT|[99]||System.Type.forName(String, String)
13:57:57.28 (190330824)|VARIABLE_SCOPE_BEGIN|[99]|handlerType|System.Type|true|false
13:57:57.28 (190389165)|VARIABLE_ASSIGNMENT|[99]|handlerType|{"aot":"0xe9a4c49"}|0x697882db
13:57:57.28 (190397957)|STATEMENT_EXECUTE|[100]
13:57:57.28 (190400906)|STATEMENT_EXECUTE|[104]
13:57:57.28 (190417565)|METHOD_ENTRY|[104]||System.Type.newInstance()
13:57:57.28 (190626656)|METHOD_ENTRY|[1]|01p3X00000DVjDo|MyOrderEmailService.MyOrderEmailService()
13:57:57.28 (190636236)|STATEMENT_EXECUTE|[1]
13:57:57.28 (190640376)|STATEMENT_EXECUTE|[1]
13:57:57.28 (191220201)|SYSTEM_MODE_ENTER|false
13:57:57.28 (191242450)|HEAP_ALLOCATE|[42]|Bytes:5
13:57:57.28 (191256681)|STATEMENT_EXECUTE|[9]
13:57:57.28 (191259499)|STATEMENT_EXECUTE|[57]
13:57:57.28 (191262018)|STATEMENT_EXECUTE|[97]
13:57:57.28 (191269077)|SYSTEM_MODE_EXIT|false
13:57:57.28 (191299996)|METHOD_EXIT|[1]|MyOrderEmailService
13:57:57.28 (191323279)|HEAP_ALLOCATE|[42]|Bytes:8
13:57:57.28 (191334876)|VARIABLE_SCOPE_BEGIN|[1]|this|MyOrderEmailService|true|false
13:57:57.28 (191377545)|VARIABLE_ASSIGNMENT|[1]|this|{}|0x3fb28e42
13:57:57.28 (191391049)|SYSTEM_MODE_ENTER|false
13:57:57.28 (191396857)|HEAP_ALLOCATE|[42]|Bytes:5
13:57:57.28 (191422550)|HEAP_ALLOCATE|[42]|Bytes:14
13:57:57.28 (191429203)|HEAP_ALLOCATE|[42]|Bytes:63
13:57:57.28 (191468040)|METHOD_ENTRY|[10]|01p3X00000DVhae|Handler.Handler()
13:57:57.28 (191474220)|STATEMENT_EXECUTE|[10]
13:57:57.28 (191478139)|STATEMENT_EXECUTE|[10]
13:57:57.28 (191482946)|HEAP_ALLOCATE|[42]|Bytes:5
13:57:57.28 (191487391)|STATEMENT_EXECUTE|[238]
13:57:57.28 (191494289)|METHOD_EXIT|[10]|Handler
13:57:57.28 (191508843)|CONSTRUCTOR_ENTRY|[EXTERNAL]|01p3X00000DVhae|<init>()|Handler
13:57:57.28 (191531331)|VARIABLE_SCOPE_BEGIN|[14]|this|Handler|true|false
13:57:57.28 (191552095)|VARIABLE_ASSIGNMENT|[14]|this|{}|0x3fb28e42
13:57:57.28 (191562737)|HEAP_ALLOCATE|[42]|Bytes:5
13:57:57.28 (191567355)|STATEMENT_EXECUTE|[10]
13:57:57.28 (191570869)|HEAP_ALLOCATE|[42]|Bytes:5
13:57:57.28 (191574516)|STATEMENT_EXECUTE|[12]
13:57:57.28 (191595745)|STATEMENT_EXECUTE|[14]
13:57:57.28 (191602694)|CONSTRUCTOR_EXIT|[EXTERNAL]|01p3X00000DVhae|<init>()|Handler
13:57:57.28 (191610305)|SYSTEM_MODE_EXIT|false
13:57:57.28 (191616092)|STATEMENT_EXECUTE|[1]
13:57:57.28 (191620580)|SYSTEM_MODE_ENTER|false
13:57:57.28 (191624994)|HEAP_ALLOCATE|[42]|Bytes:5
13:57:57.28 (191629917)|SYSTEM_MODE_EXIT|false
13:57:57.28 (191661344)|METHOD_EXIT|[104]||System.Type.newInstance()
13:57:57.28 (191677220)|VARIABLE_SCOPE_BEGIN|[104]|handler|Handler|true|false
13:57:57.28 (191695752)|VARIABLE_ASSIGNMENT|[104]|handler|{}|0x3fb28e42
13:57:57.28 (191702868)|STATEMENT_EXECUTE|[105]
13:57:57.28 (191755342)|METHOD_ENTRY|[105]|01p3X00000DVhae|Handler.setSobjectType(System.Type)
13:57:57.28 (191799262)|VARIABLE_SCOPE_BEGIN|[205]|this|Handler|true|false
13:57:57.28 (191817181)|VARIABLE_ASSIGNMENT|[205]|this|{}|0x3fb28e42
13:57:57.28 (191823661)|VARIABLE_SCOPE_BEGIN|[205]|typeName|System.Type|true|false
13:57:57.28 (191845091)|VARIABLE_ASSIGNMENT|[205]|typeName|{"aot":"0x526d9d21"}|0x6abb9da3
13:57:57.28 (191857432)|SYSTEM_MODE_ENTER|false
13:57:57.28 (191871865)|HEAP_ALLOCATE|[206]|Bytes:5
13:57:57.28 (191877918)|STATEMENT_EXECUTE|[205]
13:57:57.28 (191880546)|STATEMENT_EXECUTE|[206]
13:57:57.28 (191887705)|SYSTEM_MODE_EXIT|false
13:57:57.28 (191896504)|METHOD_EXIT|[105]|01p3X00000DVhae|Handler.setSobjectType(System.Type)
13:57:57.28 (191902324)|STATEMENT_EXECUTE|[106]
13:57:57.28 (191945433)|HEAP_ALLOCATE|[EXTERNAL]|Bytes:4
13:57:57.28 (191977287)|HEAP_ALLOCATE|[98]|Bytes:5
13:57:57.28 (191999309)|VARIABLE_ASSIGNMENT|[98]|handlerMeta|null|
13:57:57.28 (192006050)|STATEMENT_EXECUTE|[108]
13:57:57.28 (192012386)|METHOD_EXIT|[77]|01p3X00000DVhaf|HandlerExecutionPool.HandlerExecutor.getActiveHandlers()
13:57:57.28 (192040297)|VARIABLE_ASSIGNMENT|[77]|this.activeHandlers|[{"typeName":"0x6abb9da3"}]|0x639a5364
13:57:57.28 (192183309)|HEAP_ALLOCATE|[78]|Bytes:5
13:57:57.28 (192200214)|HEAP_ALLOCATE|[78]|Bytes:8
13:57:57.28 (192221580)|VARIABLE_SCOPE_BEGIN|[78]|handler|Handler|true|false
13:57:57.28 (192244388)|VARIABLE_ASSIGNMENT|[78]|handler|{"typeName":"0x6abb9da3"}|0x3fb28e42
13:57:57.28 (192251133)|STATEMENT_EXECUTE|[78]
13:57:57.28 (192261242)|STATEMENT_EXECUTE|[79]
13:57:57.28 (192273342)|METHOD_ENTRY|[79]|01p3X00000DVhaf|HandlerExecutionPool.HandlerExecutor.executeHandler(Handler)
13:57:57.28 (192295309)|VARIABLE_SCOPE_BEGIN|[119]|this|HandlerExecutionPool.HandlerExecutor|true|false
13:57:57.28 (192317649)|VARIABLE_ASSIGNMENT|[119]|this|{"activeHandlers":"0x6dff2470","typeName":"0x6abb9da3"}|0x639a5364
13:57:57.28 (192323962)|VARIABLE_SCOPE_BEGIN|[119]|handler|Handler|true|false
13:57:57.28 (192338474)|VARIABLE_ASSIGNMENT|[119]|handler|{"typeName":"0x6abb9da3"}|0x3fb28e42
13:57:57.28 (192354984)|STATEMENT_EXECUTE|[119]
13:57:57.28 (192357504)|STATEMENT_EXECUTE|[120]
13:57:57.28 (192666839)|HEAP_ALLOCATE|[121]|Bytes:12
13:57:57.28 (192844785)|STATEMENT_EXECUTE|[130]
13:57:57.28 (192848099)|STATEMENT_EXECUTE|[131]
13:57:57.28 (192861586)|METHOD_ENTRY|[131]|01p3X00000DVhae|Handler.afterInsert()
13:57:57.28 (192878512)|VARIABLE_SCOPE_BEGIN|[147]|this|Handler|true|false
13:57:57.28 (192918613)|VARIABLE_ASSIGNMENT|[147]|this|{"typeName":"0x6abb9da3"}|0x3fb28e42
13:57:57.28 (192933372)|SYSTEM_MODE_ENTER|false
13:57:57.28 (192941030)|HEAP_ALLOCATE|[148]|Bytes:5
13:57:57.28 (192946954)|STATEMENT_EXECUTE|[147]
13:57:57.28 (192949392)|STATEMENT_EXECUTE|[148]
13:57:57.28 (193281036)|HEAP_ALLOCATE|[148]|Bytes:3
13:57:57.28 (193335773)|HEAP_ALLOCATE|[148]|Bytes:28
13:57:57.28 (193389318)|CONSTRUCTOR_ENTRY|[148]|01p3X00000DVhae|<init>()|Handler.TriggerContext
13:57:57.28 (193480348)|VARIABLE_SCOPE_BEGIN|[247]|this|Handler.TriggerContext|true|false
13:57:57.28 (193550039)|VARIABLE_ASSIGNMENT|[247]|this|{}|0x3f68290f
13:57:57.28 (193558924)|STATEMENT_EXECUTE|[238]
13:57:57.28 (193561408)|STATEMENT_EXECUTE|[240]
13:57:57.28 (193563791)|STATEMENT_EXECUTE|[241]
13:57:57.28 (193566355)|STATEMENT_EXECUTE|[242]
13:57:57.28 (193568752)|STATEMENT_EXECUTE|[243]
13:57:57.28 (193571034)|STATEMENT_EXECUTE|[244]
13:57:57.28 (193573250)|STATEMENT_EXECUTE|[245]
13:57:57.28 (193602012)|STATEMENT_EXECUTE|[247]
13:57:57.28 (193605550)|STATEMENT_EXECUTE|[248]
13:57:57.28 (194126962)|VARIABLE_ASSIGNMENT|[248]|this.newList|[{"LastModifiedDate":"2020-01-29T13:57:57.000Z","IsDeleted":false,"customer__c":"a003X0000132mlIQAQ","total_count__c":0,"Additional_Information__c":"test text","Name":"test","SystemModstamp":"2020-01-29T13:57:57.000Z","CreatedById":"0053X00000AtM0MQAV","CreatedDate":"2020-01-29T13:57:57.000Z","Id":"a013X00002RTpBhQAL","Status__c":false,"LastModifiedById":"0053X00000AtM0MQAV","order_price__c":0.00}]|0x3f68290f
13:57:57.28 (194145174)|STATEMENT_EXECUTE|[249]
13:57:57.28 (194355967)|VARIABLE_ASSIGNMENT|[249]|this.newMap|{"a013X00002RTpBhQAL":{"LastModifiedDate":"2020-01-29T13:57:57.000Z","IsDeleted":false,"customer__c":"a003X0000132mlIQAQ","total_count__c":0,"Additional_Information__c":"test text","Name":"test","SystemModstamp":"2020-01-29T13:57:57.000Z","CreatedById":"0053X00000AtM0MQAV","CreatedDate":"2020-01-29T13:57:57.000Z","Id":"a013X00002RTpBhQAL","Status__c":false,"LastModifiedById":"0053X00000AtM0MQAV","order_price__c":0.00}}|0x3f68290f
13:57:57.28 (194368505)|STATEMENT_EXECUTE|[250]
13:57:57.28 (194389228)|VARIABLE_ASSIGNMENT|[250]|this.oldList|null|0x3f68290f
13:57:57.28 (194395225)|STATEMENT_EXECUTE|[251]
13:57:57.28 (194410407)|VARIABLE_ASSIGNMENT|[251]|this.oldMap|null|0x3f68290f
13:57:57.28 (194416079)|STATEMENT_EXECUTE|[252]
13:57:57.28 (194427443)|HEAP_ALLOCATE|[252]|Bytes:4
13:57:57.28 (194438848)|VARIABLE_ASSIGNMENT|[252]|this.size|1|0x3f68290f
13:57:57.28 (194444426)|STATEMENT_EXECUTE|[253]
13:57:57.28 (194534938)|HEAP_ALLOCATE|[252]|Bytes:12
13:57:57.28 (194560796)|VARIABLE_ASSIGNMENT|[253]|this.operationType|0x6ab59b8b|0x3f68290f
13:57:57.28 (194573635)|CONSTRUCTOR_EXIT|[148]|01p3X00000DVhae|<init>()|Handler.TriggerContext
13:57:57.28 (194583066)|VARIABLE_SCOPE_BEGIN|[148]|context|Handler.TriggerContext|true|false
13:57:57.28 (194630612)|VARIABLE_ASSIGNMENT|[148]|context|{"newList":"0x53373a00","newMap":"0x64c1f80b","operationType":"0x6ab59b8b","size":1}|0x3f68290f
13:57:57.28 (194637514)|STATEMENT_EXECUTE|[149]
13:57:57.28 (194653293)|METHOD_ENTRY|[149]|01p3X00000DVhae|Handler.logBeforeEventHandling(Handler.TriggerContext)
13:57:57.28 (194675585)|VARIABLE_SCOPE_BEGIN|[217]|this|Handler|true|false
13:57:57.28 (194696308)|VARIABLE_ASSIGNMENT|[217]|this|{"typeName":"0x6abb9da3"}|0x3fb28e42
13:57:57.28 (194702872)|VARIABLE_SCOPE_BEGIN|[217]|context|Handler.TriggerContext|true|false
13:57:57.28 (194742222)|VARIABLE_ASSIGNMENT|[217]|context|{"newList":"0x53373a00","newMap":"0x64c1f80b","operationType":"0x6ab59b8b","size":1}|0x3f68290f
13:57:57.28 (194756997)|HEAP_ALLOCATE|[EXTERNAL]|Bytes:5
13:57:57.28 (194762520)|STATEMENT_EXECUTE|[217]
13:57:57.28 (194770328)|METHOD_EXIT|[149]|01p3X00000DVhae|Handler.logBeforeEventHandling(Handler.TriggerContext)
13:57:57.28 (194776007)|STATEMENT_EXECUTE|[150]
13:57:57.28 (194793200)|METHOD_ENTRY|[150]|01p3X00000DVjDo|MyOrderEmailService.onAfterInsert(Handler.TriggerContext)
13:57:57.28 (194809715)|VARIABLE_SCOPE_BEGIN|[2]|this|MyOrderEmailService|true|false
13:57:57.28 (194828511)|VARIABLE_ASSIGNMENT|[2]|this|{"typeName":"0x6abb9da3"}|0x3fb28e42
13:57:57.28 (194834824)|VARIABLE_SCOPE_BEGIN|[2]|context|Handler.TriggerContext|true|false
13:57:57.28 (194854569)|VARIABLE_ASSIGNMENT|[2]|context|{"newList":"0x53373a00","newMap":"0x64c1f80b","operationType":"0x6ab59b8b","size":1}|0x3f68290f
13:57:57.28 (194864528)|HEAP_ALLOCATE|[3]|Bytes:5
13:57:57.28 (194869379)|STATEMENT_EXECUTE|[2]
13:57:57.28 (194871803)|STATEMENT_EXECUTE|[3]
13:57:57.28 (195746302)|HEAP_ALLOCATE|[3]|Bytes:6
13:57:57.28 (195774592)|HEAP_ALLOCATE|[3]|Bytes:8
13:57:57.28 (195799780)|CONSTRUCTOR_ENTRY|[3]|01p3X00000DVjDo|<init>()|MyOrderEmailService.OrderEmailTriggerHandler
13:57:57.28 (195837296)|VARIABLE_SCOPE_BEGIN|[98]|this|MyOrderEmailService.OrderEmailTriggerHandler|true|false
13:57:57.28 (195871832)|VARIABLE_ASSIGNMENT|[98]|this|{}|0x3b008a8c
13:57:57.28 (195879829)|STATEMENT_EXECUTE|[97]
13:57:57.28 (195882729)|STATEMENT_EXECUTE|[99]
13:57:57.28 (195887144)|HEAP_ALLOCATE|[99]|Bytes:20
13:57:57.28 (195898553)|HEAP_ALLOCATE|[99]|Bytes:8
13:57:57.28 (195919586)|HEAP_ALLOCATE|[99]|Bytes:5
13:57:57.28 (195933810)|CONSTRUCTOR_ENTRY|[99]|01p3X00000DVjDo|<init>(String)|MyOrderEmailService.OrderEmailService
13:57:57.28 (195964740)|VARIABLE_SCOPE_BEGIN|[12]|this|MyOrderEmailService.OrderEmailService|true|false
13:57:57.28 (195983903)|VARIABLE_ASSIGNMENT|[12]|this|{}|0x3b008a8c
13:57:57.28 (195991317)|VARIABLE_SCOPE_BEGIN|[12]|profileName|String|false|false
13:57:57.28 (196004436)|VARIABLE_ASSIGNMENT|[12]|profileName|"System Administrator"
13:57:57.28 (196010599)|STATEMENT_EXECUTE|[9]
13:57:57.28 (196013066)|STATEMENT_EXECUTE|[10]
13:57:57.28 (196041820)|STATEMENT_EXECUTE|[12]
13:57:57.28 (196044275)|STATEMENT_EXECUTE|[13]
13:57:57.28 (196096041)|CONSTRUCTOR_EXIT|[99]|01p3X00000DVjDo|<init>(String)|MyOrderEmailService.OrderEmailService
13:57:57.28 (196103662)|STATEMENT_EXECUTE|[98]
13:57:57.28 (196108063)|CONSTRUCTOR_EXIT|[3]|01p3X00000DVjDo|<init>()|MyOrderEmailService.OrderEmailTriggerHandler
13:57:57.28 (196143345)|METHOD_ENTRY|[3]|01p3X00000DVjDo|MyOrderEmailService.OrderEmailTriggerHandler.sendEmailOnNewOrder(List<myorder__c>)
13:57:57.28 (196161759)|VARIABLE_SCOPE_BEGIN|[101]|this|MyOrderEmailService.OrderEmailTriggerHandler|true|false
13:57:57.28 (196184897)|VARIABLE_ASSIGNMENT|[101]|this|{"profileName":"System Administrator"}|0x3b008a8c
13:57:57.28 (196192450)|VARIABLE_SCOPE_BEGIN|[101]|newOrders|List<myorder__c>|true|false
13:57:57.28 (196399037)|VARIABLE_ASSIGNMENT|[101]|newOrders|[{"LastModifiedDate":"2020-01-29T13:57:57.000Z","IsDeleted":false,"customer__c":"a003X0000132mlIQAQ","total_count__c":0,"Additional_Information__c":"test text","Name":"test","SystemModstamp":"2020-01-29T13:57:57.000Z","CreatedById":"0053X00000AtM0MQAV","CreatedDate":"2020-01-29T13:57:57.000Z","Id":"a013X00002RTpBhQAL","Status__c":false,"LastModifiedById":"0053X00000AtM0MQAV","order_price__c":0.00}]|0x53373a00
13:57:57.28 (196420931)|STATEMENT_EXECUTE|[101]
13:57:57.28 (196423550)|STATEMENT_EXECUTE|[102]
13:57:57.28 (196444577)|HEAP_ALLOCATE|[102]|Bytes:4
13:57:57.28 (196486170)|VARIABLE_SCOPE_BEGIN|[102]|newOrderLetterSubjectList|List<String>|true|false
13:57:57.28 (196520757)|HEAP_ALLOCATE|[EXTERNAL]|Bytes:4
13:57:57.28 (196548224)|VARIABLE_ASSIGNMENT|[102]|newOrderLetterSubjectList|[]|0x670f7fd1
13:57:57.28 (196558383)|STATEMENT_EXECUTE|[103]
13:57:57.28 (196569429)|HEAP_ALLOCATE|[103]|Bytes:4
13:57:57.28 (196599056)|VARIABLE_SCOPE_BEGIN|[103]|newOrderLetterBodyList|List<String>|true|false
13:57:57.28 (196635973)|HEAP_ALLOCATE|[EXTERNAL]|Bytes:4
13:57:57.28 (196647783)|VARIABLE_ASSIGNMENT|[103]|newOrderLetterBodyList|[]|0x5b0522f1
13:57:57.28 (196842553)|HEAP_ALLOCATE|[105]|Bytes:5
13:57:57.28 (196875223)|VARIABLE_SCOPE_BEGIN|[105]|order|myorder__c|true|false
13:57:57.28 (197038562)|VARIABLE_ASSIGNMENT|[105]|order|{"LastModifiedDate":"2020-01-29T13:57:57.000Z","IsDeleted":false,"customer__c":"a003X0000132mlIQAQ","total_count__c":0,"Additional_Information__c":"test text","Name":"test","SystemModstamp":"2020-01-29T13:57:57.000Z","CreatedById":"0053X00000AtM0MQAV","CreatedDate":"2020-01-29T13:57:57.000Z","Id":"a013X00002RTpBhQAL","Status__c":false,"LastModifiedById":"0053X00000AtM0MQAV","order_price__c":0.00}|0x62bd65d7
13:57:57.28 (197051411)|STATEMENT_EXECUTE|[105]
13:57:57.28 (197054066)|STATEMENT_EXECUTE|[106]
13:57:57.28 (197059106)|HEAP_ALLOCATE|[106]|Bytes:11
13:57:57.28 (197105018)|HEAP_ALLOCATE|[106]|Bytes:15
13:57:57.28 (197155746)|HEAP_ALLOCATE|[EXTERNAL]|Bytes:4
13:57:57.28 (197165002)|STATEMENT_EXECUTE|[107]
13:57:57.28 (197168579)|HEAP_ALLOCATE|[108]|Bytes:12
13:57:57.28 (197177556)|HEAP_ALLOCATE|[110]|Bytes:12
13:57:57.28 (197260075)|HEAP_ALLOCATE|[111]|Bytes:18
13:57:57.28 (197272784)|HEAP_ALLOCATE|[112]|Bytes:1
13:57:57.28 (197282874)|HEAP_ALLOCATE|[108]|Bytes:47
13:57:57.28 (197301516)|HEAP_ALLOCATE|[EXTERNAL]|Bytes:4
13:57:57.28 (197319739)|HEAP_ALLOCATE|[105]|Bytes:5
13:57:57.28 (197346157)|VARIABLE_ASSIGNMENT|[105]|order|null|
13:57:57.28 (197353165)|STATEMENT_EXECUTE|[116]
13:57:57.28 (197371770)|METHOD_ENTRY|[116]|01p3X00000DVjDo|MyOrderEmailService.OrderEmailService.sendEmailOnOrder(List<myorder__c>, List<String>, List<String>)
13:57:57.28 (197389892)|VARIABLE_SCOPE_BEGIN|[16]|this|MyOrderEmailService.OrderEmailService|true|false
13:57:57.28 (197420697)|VARIABLE_ASSIGNMENT|[16]|this|{"profileName":"System Administrator"}|0x3b008a8c
13:57:57.28 (197436624)|VARIABLE_SCOPE_BEGIN|[16]|orders|List<myorder__c>|true|false
13:57:57.28 (197572742)|VARIABLE_ASSIGNMENT|[16]|orders|[{"LastModifiedDate":"2020-01-29T13:57:57.000Z","IsDeleted":false,"customer__c":"a003X0000132mlIQAQ","total_count__c":0,"Additional_Information__c":"test text","Name":"test","SystemModstamp":"2020-01-29T13:57:57.000Z","CreatedById":"0053X00000AtM0MQAV","CreatedDate":"2020-01-29T13:57:57.000Z","Id":"a013X00002RTpBhQAL","Status__c":false,"LastModifiedById":"0053X00000AtM0MQAV","order_price__c":0.00}]|0x53373a00
13:57:57.28 (197585507)|VARIABLE_SCOPE_BEGIN|[16]|letterSubject|List<String>|true|false
13:57:57.28 (197599494)|VARIABLE_ASSIGNMENT|[16]|letterSubject|["New Order: test"]|0x670f7fd1
13:57:57.28 (197605953)|VARIABLE_SCOPE_BEGIN|[16]|letterBody|List<String>|true|false
13:57:57.28 (197619561)|VARIABLE_ASSIGNMENT|[16]|letterBody|["Order Name: test; Or (27 more) ..."]|0x5b0522f1
13:57:57.28 (197643054)|STATEMENT_EXECUTE|[20]
13:57:57.28 (197645630)|STATEMENT_EXECUTE|[21]
13:57:57.28 (197730789)|HEAP_ALLOCATE|[21]|Bytes:4
13:57:57.28 (197803796)|VARIABLE_SCOPE_BEGIN|[21]|mails|List<Messaging.SingleEmailMessage>|true|false
13:57:57.28 (197840261)|HEAP_ALLOCATE|[EXTERNAL]|Bytes:4
13:57:57.28 (197850991)|VARIABLE_ASSIGNMENT|[21]|mails|[]|0x1a92a72a
13:57:57.28 (197856951)|STATEMENT_EXECUTE|[24]
13:57:57.28 (197874784)|METHOD_ENTRY|[24]|01p3X00000DVjDo|MyOrderEmailService.OrderEmailService.getUserIdsByProfile(String)
13:57:57.28 (197894819)|VARIABLE_SCOPE_BEGIN|[42]|this|MyOrderEmailService.OrderEmailService|true|false
13:57:57.28 (197947951)|VARIABLE_ASSIGNMENT|[42]|this|{"profileName":"System Administrator"}|0x3b008a8c
13:57:57.28 (197955569)|VARIABLE_SCOPE_BEGIN|[42]|profileName|String|false|false
13:57:57.28 (197965971)|VARIABLE_ASSIGNMENT|[42]|profileName|"System Administrator"
13:57:57.28 (197973200)|STATEMENT_EXECUTE|[42]
13:57:57.28 (197975705)|STATEMENT_EXECUTE|[43]
13:57:57.28 (197980747)|HEAP_ALLOCATE|[43]|Bytes:106
13:57:57.28 (198001827)|HEAP_ALLOCATE|[43]|Bytes:4
13:57:57.28 (198448261)|SOQL_EXECUTE_BEGIN|[43]|Aggregations:0|SELECT Id, Email FROM User WHERE ProfileId IN (SELECT Id FROM Profile WHERE Name = 'System Administrator')
13:57:57.28 (211538770)|SOQL_EXECUTE_END|[43]|Rows:2
13:57:57.28 (211594941)|HEAP_ALLOCATE|[43]|Bytes:12
13:57:57.28 (211619202)|HEAP_ALLOCATE|[43]|Bytes:126
13:57:57.28 (211743374)|HEAP_ALLOCATE|[43]|Bytes:12
13:57:57.28 (211770671)|VARIABLE_SCOPE_BEGIN|[43]|users|List<User>|true|false
13:57:57.28 (211826281)|VARIABLE_ASSIGNMENT|[43]|users|[{"Id":"0053X00000AtM0MQAV","Email":"khrystynych.vasyl@gm (7 more) ..."},{"Id":"0053X00000AtUkgQAF","Email":"vasyl.fear.k2@gmail. (3 more) ..."}]|0x655b94a4
13:57:57.28 (211835557)|STATEMENT_EXECUTE|[48]
13:57:57.28 (211860813)|HEAP_ALLOCATE|[48]|Bytes:4
13:57:57.28 (211912692)|VARIABLE_SCOPE_BEGIN|[48]|result|List<String>|true|false
13:57:57.28 (211943180)|HEAP_ALLOCATE|[EXTERNAL]|Bytes:4
13:57:57.28 (211954205)|VARIABLE_ASSIGNMENT|[48]|result|[]|0x5376358b
13:57:57.28 (212148884)|HEAP_ALLOCATE|[49]|Bytes:5
13:57:57.28 (212196130)|HEAP_ALLOCATE|[49]|Bytes:12
13:57:57.28 (212208305)|VARIABLE_SCOPE_BEGIN|[49]|user|User|true|false
13:57:57.28 (212240791)|VARIABLE_ASSIGNMENT|[49]|user|{"Id":"0053X00000AtM0MQAV","Email":"khrystynych.vasyl@gm (7 more) ..."}|0x130987a3
13:57:57.28 (212248511)|STATEMENT_EXECUTE|[49]
13:57:57.28 (212251084)|STATEMENT_EXECUTE|[50]
13:57:57.28 (212325335)|HEAP_ALLOCATE|[EXTERNAL]|Bytes:4
13:57:57.28 (212343139)|HEAP_ALLOCATE|[49]|Bytes:5
13:57:57.28 (212365308)|HEAP_ALLOCATE|[49]|Bytes:12
13:57:57.28 (212372561)|VARIABLE_SCOPE_BEGIN|[49]|user|User|true|false
13:57:57.28 (212390039)|VARIABLE_ASSIGNMENT|[49]|user|{"Id":"0053X00000AtUkgQAF","Email":"vasyl.fear.k2@gmail. (3 more) ..."}|0x71b13224
13:57:57.28 (212396236)|STATEMENT_EXECUTE|[49]
13:57:57.28 (212398578)|STATEMENT_EXECUTE|[50]
13:57:57.28 (212411152)|HEAP_ALLOCATE|[EXTERNAL]|Bytes:4
13:57:57.28 (212423010)|HEAP_ALLOCATE|[49]|Bytes:5
13:57:57.28 (212436043)|VARIABLE_ASSIGNMENT|[49]|user|null|
13:57:57.28 (212442209)|STATEMENT_EXECUTE|[53]
13:57:57.28 (212450950)|METHOD_EXIT|[24]|01p3X00000DVjDo|MyOrderEmailService.OrderEmailService.getUserIdsByProfile(String)
13:57:57.28 (212502094)|USER_DEBUG|[24]|DEBUG|(khrystynych.vasyl@gmail.com, vasyl.fear.k2@gmail.com)
13:57:57.28 (212512798)|STATEMENT_EXECUTE|[26]
13:57:57.28 (212517877)|HEAP_ALLOCATE|[26]|Bytes:14
13:57:57.28 (212688073)|HEAP_ALLOCATE|[26]|Bytes:1
13:57:57.28 (212701248)|HEAP_ALLOCATE|[26]|Bytes:20
13:57:57.28 (212750956)|HEAP_ALLOCATE|[26]|Bytes:2
13:57:57.28 (212761554)|HEAP_ALLOCATE|[26]|Bytes:8
13:57:57.28 (212771817)|HEAP_ALLOCATE|[26]|Bytes:45
13:57:57.28 (212782332)|USER_DEBUG|[26]|DEBUG|You have made 0 email calls out of 10 allowed
13:57:57.28 (212791085)|STATEMENT_EXECUTE|[27]
13:57:57.28 (212804207)|HEAP_ALLOCATE|[27]|Bytes:4
13:57:57.28 (212833943)|VARIABLE_SCOPE_BEGIN|[27]|recievers|List<String>|true|false
13:57:57.28 (212866680)|HEAP_ALLOCATE|[EXTERNAL]|Bytes:4
13:57:57.28 (212878679)|VARIABLE_ASSIGNMENT|[27]|recievers|[]|0x75aaa7ad
13:57:57.28 (212884845)|STATEMENT_EXECUTE|[28]
13:57:57.28 (212888531)|HEAP_ALLOCATE|[28]|Bytes:23
13:57:57.28 (212915205)|HEAP_ALLOCATE|[EXTERNAL]|Bytes:4
13:57:57.28 (212923547)|STATEMENT_EXECUTE|[29]
13:57:57.28 (212926693)|HEAP_ALLOCATE|[29]|Bytes:27
13:57:57.28 (212941243)|HEAP_ALLOCATE|[EXTERNAL]|Bytes:4
13:57:57.28 (212949414)|STATEMENT_EXECUTE|[31]
13:57:57.28 (212955623)|VARIABLE_SCOPE_BEGIN|[31]|i|Integer|false|false
13:57:57.28 (212963907)|HEAP_ALLOCATE|[31]|Bytes:4
13:57:57.28 (212973088)|VARIABLE_ASSIGNMENT|[31]|i|0
13:57:57.28 (212994160)|STATEMENT_EXECUTE|[31]
13:57:57.28 (212996567)|STATEMENT_EXECUTE|[32]
13:57:57.28 (213078004)|VARIABLE_SCOPE_BEGIN|[32]|mail|Messaging.SingleEmailMessage|true|false
13:57:57.28 (213270614)|VARIABLE_ASSIGNMENT|[32]|mail|"common.api.soap.wsdl.SingleEmailMessage@1a2677d4"|0x10eb2bf
13:57:57.28 (213287017)|STATEMENT_EXECUTE|[34]
13:57:57.28 (213364761)|STATEMENT_EXECUTE|[35]
13:57:57.28 (213376971)|HEAP_ALLOCATE|[35]|Bytes:15
13:57:57.28 (213461248)|STATEMENT_EXECUTE|[36]
13:57:57.28 (213466723)|HEAP_ALLOCATE|[36]|Bytes:47
13:57:57.28 (213473094)|HEAP_ALLOCATE|[36]|Bytes:14
13:57:57.28 (213483716)|HEAP_ALLOCATE|[36]|Bytes:61
13:57:57.28 (213505629)|STATEMENT_EXECUTE|[37]
13:57:57.28 (213535728)|HEAP_ALLOCATE|[EXTERNAL]|Bytes:4
13:57:57.28 (213554930)|HEAP_ALLOCATE|[31]|Bytes:4
13:57:57.28 (213583223)|VARIABLE_ASSIGNMENT|[31]|i|1
13:57:57.28 (213608230)|METHOD_EXIT|[116]|01p3X00000DVjDo|MyOrderEmailService.OrderEmailService.sendEmailOnOrder(List<myorder__c>, List<String>, List<String>)
13:57:57.28 (213618521)|METHOD_EXIT|[3]|01p3X00000DVjDo|MyOrderEmailService.OrderEmailTriggerHandler.sendEmailOnNewOrder(List<myorder__c>)
13:57:57.28 (213633024)|METHOD_EXIT|[150]|01p3X00000DVjDo|MyOrderEmailService.onAfterInsert(Handler.TriggerContext)
13:57:57.28 (213638415)|STATEMENT_EXECUTE|[151]
13:57:57.28 (213656169)|METHOD_ENTRY|[151]|01p3X00000DVhae|Handler.logAfterEventHandling(Handler.TriggerContext)
13:57:57.28 (213688604)|VARIABLE_SCOPE_BEGIN|[228]|this|Handler|true|false
13:57:57.28 (213741052)|VARIABLE_ASSIGNMENT|[228]|this|{"typeName":"0x6abb9da3"}|0x3fb28e42
13:57:57.28 (213748352)|VARIABLE_SCOPE_BEGIN|[228]|context|Handler.TriggerContext|true|false
13:57:57.28 (213789820)|VARIABLE_ASSIGNMENT|[228]|context|{"newList":"0x53373a00","newMap":"0x64c1f80b","operationType":"0x6ab59b8b","size":1}|0x3f68290f
13:57:57.28 (213806192)|HEAP_ALLOCATE|[EXTERNAL]|Bytes:5
13:57:57.28 (213812162)|STATEMENT_EXECUTE|[228]
13:57:57.28 (213818970)|METHOD_EXIT|[151]|01p3X00000DVhae|Handler.logAfterEventHandling(Handler.TriggerContext)
13:57:57.28 (213827919)|SYSTEM_MODE_EXIT|false
13:57:57.28 (213837336)|METHOD_EXIT|[131]|01p3X00000DVhae|Handler.afterInsert()
13:57:57.28 (213845210)|METHOD_EXIT|[79]|01p3X00000DVhaf|HandlerExecutionPool.HandlerExecutor.executeHandler(Handler)
13:57:57.28 (213861809)|HEAP_ALLOCATE|[78]|Bytes:5
13:57:57.28 (213876829)|VARIABLE_ASSIGNMENT|[78]|handler|null|
13:57:57.28 (213884470)|METHOD_EXIT|[2]|01p3X00000DVhaf|HandlerExecutionPool.HandlerExecutor.execute()
13:57:57.213 (213895056)|CUMULATIVE_LIMIT_USAGE
13:57:57.213 (213895056)|LIMIT_USAGE_FOR_NS|(default)|
  Number of SOQL queries: 1 out of 100
  Number of query rows: 3 out of 50000
  Number of SOSL queries: 0 out of 20
  Number of DML statements: 1 out of 150
  Number of DML rows: 1 out of 10000
  Maximum CPU time: 0 out of 10000
  Maximum heap size: 0 out of 6000000
  Number of callouts: 0 out of 100
  Number of Email Invocations: 0 out of 10
  Number of future calls: 0 out of 50
  Number of queueable jobs added to the queue: 0 out of 50
  Number of Mobile Apex push calls: 0 out of 10

13:57:57.213 (213895056)|CUMULATIVE_LIMIT_USAGE_END

13:57:57.28 (215450966)|CODE_UNIT_FINISHED|myOrderTrigger on myorder trigger event AfterInsert|__sfdc_trigger/myOrderTrigger
13:57:57.28 (244531424)|DML_END|[1]
13:57:57.274 (274499335)|CUMULATIVE_LIMIT_USAGE
13:57:57.274 (274499335)|LIMIT_USAGE_FOR_NS|(default)|
  Number of SOQL queries: 1 out of 100
  Number of query rows: 3 out of 50000
  Number of SOSL queries: 0 out of 20
  Number of DML statements: 1 out of 150
  Number of DML rows: 1 out of 10000
  Maximum CPU time: 0 out of 10000
  Maximum heap size: 0 out of 6000000
  Number of callouts: 0 out of 100
  Number of Email Invocations: 0 out of 10
  Number of future calls: 0 out of 50
  Number of queueable jobs added to the queue: 0 out of 50
  Number of Mobile Apex push calls: 0 out of 10

13:57:57.274 (274499335)|CUMULATIVE_LIMIT_USAGE_END

13:57:57.28 (274563010)|CODE_UNIT_FINISHED|execute_anonymous_apex
13:57:57.28 (276107052)|EXECUTION_FINISHED
