47.0 APEX_CODE,FINEST;APEX_PROFILING,INFO;CALLOUT,INFO;DB,INFO;NBA,INFO;SYSTEM,DEBUG;VALIDATION,INFO;VISUALFORCE,FINER;WAVE,INFO;WORKFLOW,INFO
Execute Anonymous: insert new myorder__c(Name = 'asd',customer__c = 'a003X0000132mlIQAQ',  Additional_Information__c = 'asdads');
10:47:10.30 (30596989)|USER_INFO|[EXTERNAL]|0053X00000AtM0M|khrystynych.vasyl@ctdevlviv.stud|(GMT+00:00) Irish Standard Time (Europe/Dublin)|GMTZ
10:47:10.30 (30636123)|EXECUTION_STARTED
10:47:10.30 (30641325)|CODE_UNIT_STARTED|[EXTERNAL]|execute_anonymous_apex
10:47:10.30 (30909832)|HEAP_ALLOCATE|[79]|Bytes:3
10:47:10.30 (30953448)|HEAP_ALLOCATE|[84]|Bytes:152
10:47:10.30 (30970596)|HEAP_ALLOCATE|[399]|Bytes:408
10:47:10.30 (30986182)|HEAP_ALLOCATE|[412]|Bytes:408
10:47:10.30 (31000768)|HEAP_ALLOCATE|[520]|Bytes:48
10:47:10.30 (31031031)|HEAP_ALLOCATE|[139]|Bytes:6
10:47:10.30 (31070465)|HEAP_ALLOCATE|[EXTERNAL]|Bytes:1
10:47:10.30 (31193458)|STATEMENT_EXECUTE|[1]
10:47:10.30 (31197057)|STATEMENT_EXECUTE|[1]
10:47:10.30 (31291781)|HEAP_ALLOCATE|[1]|Bytes:4
10:47:10.30 (31412158)|HEAP_ALLOCATE|[1]|Bytes:3
10:47:10.30 (31556239)|VARIABLE_ASSIGNMENT|[1]|this.Name|"asd"|0x5168080f
10:47:10.30 (31570212)|HEAP_ALLOCATE|[1]|Bytes:18
10:47:10.30 (31590125)|HEAP_ALLOCATE|[1]|Bytes:4
10:47:10.30 (31651844)|VARIABLE_ASSIGNMENT|[1]|this.customer__c|"a003X0000132mlIQAQ"|0x5168080f
10:47:10.30 (31663045)|HEAP_ALLOCATE|[1]|Bytes:6
10:47:10.30 (31687343)|VARIABLE_ASSIGNMENT|[1]|this.Additional_Information__c|"asdads"|0x5168080f
10:47:10.30 (31778212)|HEAP_ALLOCATE|[52]|Bytes:5
10:47:10.30 (31805368)|HEAP_ALLOCATE|[58]|Bytes:5
10:47:10.30 (31813755)|HEAP_ALLOCATE|[66]|Bytes:7
10:47:10.30 (31856370)|HEAP_ALLOCATE|[1]|Bytes:8
10:47:10.30 (31881641)|DML_BEGIN|[1]|Op:Insert|Type:myorder__c|Rows:1
10:47:10.30 (31947976)|HEAP_ALLOCATE|[EXTERNAL]|Bytes:8
10:47:10.30 (88467124)|CODE_UNIT_STARTED|[EXTERNAL]|01q3X0000018STF|myOrderTrigger on myorder trigger event AfterInsert|__sfdc_trigger/myOrderTrigger
10:47:10.30 (88567189)|HEAP_ALLOCATE|[EXTERNAL]|Bytes:8
10:47:10.30 (88808519)|HEAP_ALLOCATE|[EXTERNAL]|Bytes:4
10:47:10.30 (88835684)|VARIABLE_SCOPE_BEGIN|[1]|this|myOrderTrigger|true|false
10:47:10.30 (88941479)|VARIABLE_ASSIGNMENT|[1]|this|{}|0x31ed011d
10:47:10.30 (89008731)|HEAP_ALLOCATE|[EXTERNAL]|Bytes:4
10:47:10.30 (89020593)|VARIABLE_SCOPE_BEGIN|[1]|this|myOrderTrigger|true|false
10:47:10.30 (89048086)|VARIABLE_ASSIGNMENT|[1]|this|{}|0x31ed011d
10:47:10.30 (89065358)|STATEMENT_EXECUTE|[1]
10:47:10.30 (89069236)|STATEMENT_EXECUTE|[2]
10:47:10.30 (93122203)|VARIABLE_SCOPE_BEGIN|[10]|HandlerExecutionPool.instance|HandlerExecutionPool|true|true
10:47:10.30 (93229522)|HEAP_ALLOCATE|[2]|Bytes:31
10:47:10.30 (93246707)|HEAP_ALLOCATE|[2]|Bytes:8
10:47:10.30 (93336081)|METHOD_ENTRY|[8]|01p3X00000DVhaf|HandlerExecutionPool.HandlerExecutionPool()
10:47:10.30 (93356158)|STATEMENT_EXECUTE|[8]
10:47:10.30 (93366481)|STATEMENT_EXECUTE|[8]
10:47:10.30 (93942116)|SYSTEM_MODE_ENTER|false
10:47:10.30 (93977384)|HEAP_ALLOCATE|[2]|Bytes:5
10:47:10.30 (93990887)|STATEMENT_EXECUTE|[60]
10:47:10.30 (93994717)|STATEMENT_EXECUTE|[172]
10:47:10.30 (94009876)|SYSTEM_MODE_EXIT|false
10:47:10.30 (94045653)|METHOD_EXIT|[8]|HandlerExecutionPool
10:47:10.30 (94088845)|METHOD_ENTRY|[2]|01p3X00000DVhaf|HandlerExecutionPool.getInstance()
10:47:10.30 (94142445)|SYSTEM_MODE_ENTER|false
10:47:10.30 (94153960)|HEAP_ALLOCATE|[25]|Bytes:5
10:47:10.30 (94163628)|STATEMENT_EXECUTE|[24]
10:47:10.30 (94170801)|STATEMENT_EXECUTE|[25]
10:47:10.30 (94176087)|STATEMENT_EXECUTE|[26]
10:47:10.30 (95056931)|HEAP_ALLOCATE|[26]|Bytes:8
10:47:10.30 (95102963)|CONSTRUCTOR_ENTRY|[26]|01p3X00000DVhaf|<init>()|HandlerExecutionPool
10:47:10.30 (95204503)|VARIABLE_SCOPE_BEGIN|[13]|this|HandlerExecutionPool|true|false
10:47:10.30 (95267306)|VARIABLE_ASSIGNMENT|[13]|this|{}|0x12ed1c79
10:47:10.30 (95294561)|HEAP_ALLOCATE|[14]|Bytes:5
10:47:10.30 (95305625)|STATEMENT_EXECUTE|[8]
10:47:10.30 (95311931)|HEAP_ALLOCATE|[14]|Bytes:5
10:47:10.30 (95320246)|STATEMENT_EXECUTE|[11]
10:47:10.30 (95336336)|HEAP_ALLOCATE|[14]|Bytes:6
10:47:10.30 (96086724)|STATEMENT_EXECUTE|[13]
10:47:10.30 (96093112)|STATEMENT_EXECUTE|[14]
10:47:10.30 (96115792)|HEAP_ALLOCATE|[14]|Bytes:4
10:47:10.30 (96219713)|VARIABLE_ASSIGNMENT|[14]|this.handlerPool|{}|0x12ed1c79
10:47:10.30 (96239282)|CONSTRUCTOR_EXIT|[26]|01p3X00000DVhaf|<init>()|HandlerExecutionPool
10:47:10.30 (96283199)|VARIABLE_ASSIGNMENT|[26]|HandlerExecutionPool.instance|{"handlerPool":"0x73cf7ecf"}|0x12ed1c79
10:47:10.30 (96293067)|STATEMENT_EXECUTE|[28]
10:47:10.30 (96300850)|SYSTEM_MODE_EXIT|false
10:47:10.30 (96315234)|METHOD_EXIT|[2]|01p3X00000DVhaf|HandlerExecutionPool.getInstance()
10:47:10.30 (96328705)|HEAP_ALLOCATE|[2]|Bytes:36
10:47:10.30 (96398680)|HEAP_ALLOCATE|[2]|Bytes:30
10:47:10.30 (96412381)|SYSTEM_METHOD_ENTRY|[1]|Type.Type()
10:47:10.30 (96419032)|STATEMENT_EXECUTE|[1]
10:47:10.30 (96425922)|SYSTEM_METHOD_EXIT|[1]|Type
10:47:10.30 (96434408)|HEAP_ALLOCATE|[2]|Bytes:8
10:47:10.30 (96451224)|HEAP_ALLOCATE|[2]|Bytes:8
10:47:10.30 (96459404)|VARIABLE_SCOPE_BEGIN|[4]|this|System.Type|true|false
10:47:10.30 (96485469)|VARIABLE_ASSIGNMENT|[4]|this|{}|0x1fca5e4c
10:47:10.30 (96497410)|VARIABLE_SCOPE_BEGIN|[4]|apextype|java:common.apex.runtime.ApexObjectType|true|false
10:47:10.30 (96878164)|VARIABLE_ASSIGNMENT|[4]|apextype|"myorder__c"|0x653e8718
10:47:10.30 (96929912)|HEAP_ALLOCATE|[2]|Bytes:8
10:47:10.30 (96960847)|METHOD_ENTRY|[2]|01p3X00000DVhaf|HandlerExecutionPool.getHandler(System.Type)
10:47:10.30 (96977500)|VARIABLE_SCOPE_BEGIN|[41]|this|HandlerExecutionPool|true|false
10:47:10.30 (97017179)|VARIABLE_ASSIGNMENT|[41]|this|{"handlerPool":"0x73cf7ecf"}|0x12ed1c79
10:47:10.30 (97029334)|VARIABLE_SCOPE_BEGIN|[41]|typeName|System.Type|true|false
10:47:10.30 (97048154)|VARIABLE_ASSIGNMENT|[41]|typeName|{"aot":"0x653e8718"}|0x1fca5e4c
10:47:10.30 (97066535)|SYSTEM_MODE_ENTER|false
10:47:10.30 (97076962)|HEAP_ALLOCATE|[42]|Bytes:5
10:47:10.30 (97084388)|STATEMENT_EXECUTE|[41]
10:47:10.30 (97087197)|STATEMENT_EXECUTE|[42]
10:47:10.30 (97204582)|VARIABLE_SCOPE_BEGIN|[42]|executor|HandlerExecutionPool.HandlerExecutor|true|false
10:47:10.30 (97223802)|VARIABLE_ASSIGNMENT|[42]|executor|null|
10:47:10.30 (97231249)|STATEMENT_EXECUTE|[43]
10:47:10.30 (97233830)|STATEMENT_EXECUTE|[44]
10:47:10.30 (97241544)|HEAP_ALLOCATE|[44]|Bytes:16
10:47:10.30 (97249518)|HEAP_ALLOCATE|[44]|Bytes:11
10:47:10.30 (138724520)|HEAP_ALLOCATE|[44]|Bytes:12
10:47:10.30 (138777719)|CONSTRUCTOR_ENTRY|[44]|01p3X00000DVhaf|<init>(System.Type)|HandlerExecutionPool.HandlerExecutor
10:47:10.30 (138818483)|VARIABLE_SCOPE_BEGIN|[65]|this|HandlerExecutionPool.HandlerExecutor|true|false
10:47:10.30 (138865014)|VARIABLE_ASSIGNMENT|[65]|this|{}|0x63b0664c
10:47:10.30 (138873254)|VARIABLE_SCOPE_BEGIN|[65]|typeName|System.Type|true|false
10:47:10.30 (138895485)|VARIABLE_ASSIGNMENT|[65]|typeName|{"aot":"0x653e8718"}|0x1fca5e4c
10:47:10.30 (138905373)|STATEMENT_EXECUTE|[60]
10:47:10.30 (138908717)|STATEMENT_EXECUTE|[62]
10:47:10.30 (138911413)|STATEMENT_EXECUTE|[63]
10:47:10.30 (138933036)|STATEMENT_EXECUTE|[65]
10:47:10.30 (138935494)|STATEMENT_EXECUTE|[66]
10:47:10.30 (138945641)|VARIABLE_ASSIGNMENT|[66]|this.typeName|0x1fca5e4c|0x63b0664c
10:47:10.30 (138954683)|CONSTRUCTOR_EXIT|[44]|01p3X00000DVhaf|<init>(System.Type)|HandlerExecutionPool.HandlerExecutor
10:47:10.30 (138971000)|VARIABLE_ASSIGNMENT|[44]|executor|{"typeName":"0x1fca5e4c"}|0x63b0664c
10:47:10.30 (138976882)|STATEMENT_EXECUTE|[45]
10:47:10.30 (139066160)|HEAP_ALLOCATE|[EXTERNAL]|Bytes:-4
10:47:10.30 (139079661)|STATEMENT_EXECUTE|[47]
10:47:10.30 (139088653)|SYSTEM_MODE_EXIT|false
10:47:10.30 (139102590)|METHOD_EXIT|[2]|01p3X00000DVhaf|HandlerExecutionPool.getHandler(System.Type)
10:47:10.30 (139139936)|METHOD_ENTRY|[2]|01p3X00000DVhaf|HandlerExecutionPool.HandlerExecutor.execute()
10:47:10.30 (139148516)|VARIABLE_SCOPE_BEGIN|[76]|this|HandlerExecutionPool.HandlerExecutor|true|false
10:47:10.30 (139165432)|VARIABLE_ASSIGNMENT|[76]|this|{"typeName":"0x1fca5e4c"}|0x63b0664c
10:47:10.30 (139173999)|STATEMENT_EXECUTE|[76]
10:47:10.30 (139176506)|STATEMENT_EXECUTE|[77]
10:47:10.30 (139185280)|METHOD_ENTRY|[77]|01p3X00000DVhaf|HandlerExecutionPool.HandlerExecutor.getActiveHandlers()
10:47:10.30 (139218729)|VARIABLE_SCOPE_BEGIN|[95]|this|HandlerExecutionPool.HandlerExecutor|true|false
10:47:10.30 (139232904)|VARIABLE_ASSIGNMENT|[95]|this|{"typeName":"0x1fca5e4c"}|0x63b0664c
10:47:10.30 (139239547)|STATEMENT_EXECUTE|[95]
10:47:10.30 (139242227)|STATEMENT_EXECUTE|[96]
10:47:10.30 (139598488)|HEAP_ALLOCATE|[96]|Bytes:11
10:47:10.30 (139702031)|HEAP_ALLOCATE|[96]|Bytes:8
10:47:10.30 (139727923)|CONSTRUCTOR_ENTRY|[96]|01p3X00000DVhaf|<init>(System.Type)|HandlerExecutionPool.MetadataHandler
10:47:10.30 (139751296)|VARIABLE_SCOPE_BEGIN|[176]|this|HandlerExecutionPool.MetadataHandler|true|false
10:47:10.30 (139776290)|VARIABLE_ASSIGNMENT|[176]|this|{}|0x643f811
10:47:10.30 (139782901)|VARIABLE_SCOPE_BEGIN|[176]|typeName|System.Type|true|false
10:47:10.30 (139799975)|VARIABLE_ASSIGNMENT|[176]|typeName|{"aot":"0x653e8718"}|0x1fca5e4c
10:47:10.30 (139808494)|STATEMENT_EXECUTE|[172]
10:47:10.30 (139811196)|STATEMENT_EXECUTE|[174]
10:47:10.30 (139827370)|STATEMENT_EXECUTE|[176]
10:47:10.30 (139829767)|STATEMENT_EXECUTE|[177]
10:47:10.30 (139847837)|METHOD_ENTRY|[177]|01p3X00000DVhaf|HandlerExecutionPool.MetadataHandler.readHandlersMetadata(System.Type)
10:47:10.30 (139874028)|VARIABLE_SCOPE_BEGIN|[184]|this|HandlerExecutionPool.MetadataHandler|true|false
10:47:10.30 (139887201)|VARIABLE_ASSIGNMENT|[184]|this|{}|0x643f811
10:47:10.30 (139893192)|VARIABLE_SCOPE_BEGIN|[184]|typeName|System.Type|true|false
10:47:10.30 (139905998)|VARIABLE_ASSIGNMENT|[184]|typeName|{"aot":"0x653e8718"}|0x1fca5e4c
10:47:10.30 (139912912)|STATEMENT_EXECUTE|[184]
10:47:10.30 (139915384)|STATEMENT_EXECUTE|[185]
10:47:10.30 (139919976)|HEAP_ALLOCATE|[185]|Bytes:199
10:47:10.30 (139941965)|HEAP_ALLOCATE|[185]|Bytes:4
10:47:10.30 (147647689)|SOQL_EXECUTE_BEGIN|[185]|Aggregations:0|SELECT Id, NamespacePrefix, Class_Name__c, Other_Object_API_Name__c, Object_Name__r.QualifiedAPIName FROM Trigger_Dependency__mdt WHERE Is_Active__c = TRUE ORDER BY Execution_Order__c ASC NULLS FIRST
10:47:10.30 (165757931)|SOQL_EXECUTE_END|[185]|Rows:1
10:47:10.30 (165799610)|HEAP_ALLOCATE|[185]|Bytes:8
10:47:10.30 (165831030)|HEAP_ALLOCATE|[185]|Bytes:202
10:47:10.30 (165867898)|HEAP_ALLOCATE|[185]|Bytes:8
10:47:10.30 (165886698)|VARIABLE_SCOPE_BEGIN|[185]|triggerDependencies|List<Trigger_Dependency__mdt>|true|false
10:47:10.30 (165934297)|VARIABLE_ASSIGNMENT|[185]|triggerDependencies|[{"Id":"m003X0000009oReQAI","Class_Name__c":"MyOrderEmailService","Object_Name__c":"01I3X000001p4fD","Object_Name__r":{"Id":"000000000000000AAA","DurableId":"01I3X000001p4fD","QualifiedApiName":"myorder__c"}}]|0x1b05884
10:47:10.30 (165945610)|STATEMENT_EXECUTE|[195]
10:47:10.30 (165959057)|HEAP_ALLOCATE|[195]|Bytes:4
10:47:10.30 (166033486)|VARIABLE_SCOPE_BEGIN|[195]|result|List<Trigger_Dependency__mdt>|true|false
10:47:10.30 (166044905)|HEAP_ALLOCATE|[EXTERNAL]|Bytes:4
10:47:10.30 (166054060)|VARIABLE_ASSIGNMENT|[195]|result|[]|0x38996aa6
10:47:10.30 (166060451)|STATEMENT_EXECUTE|[196]
10:47:10.30 (166084223)|METHOD_ENTRY|[196]||System.Type.toString()
10:47:10.30 (166167796)|METHOD_EXIT|[196]||System.Type.toString()
10:47:10.30 (166175125)|VARIABLE_SCOPE_BEGIN|[196]|typeNameString|String|false|false
10:47:10.30 (166187584)|VARIABLE_ASSIGNMENT|[196]|typeNameString|"myorder__c"
10:47:10.30 (166342049)|HEAP_ALLOCATE|[197]|Bytes:5
10:47:10.30 (166404282)|HEAP_ALLOCATE|[197]|Bytes:20
10:47:10.30 (166415758)|VARIABLE_SCOPE_BEGIN|[197]|dependency|Trigger_Dependency__mdt|true|false
10:47:10.30 (166447954)|VARIABLE_ASSIGNMENT|[197]|dependency|{"Id":"m003X0000009oReQAI","Class_Name__c":"MyOrderEmailService","Object_Name__c":"01I3X000001p4fD","Object_Name__r":{"Id":"000000000000000AAA","DurableId":"01I3X000001p4fD","QualifiedApiName":"myorder__c"}}|0x516619fa
10:47:10.30 (166456791)|STATEMENT_EXECUTE|[197]
10:47:10.30 (166596321)|STATEMENT_EXECUTE|[199]
10:47:10.30 (166599506)|STATEMENT_EXECUTE|[200]
10:47:10.30 (166645058)|HEAP_ALLOCATE|[EXTERNAL]|Bytes:4
10:47:10.30 (166681169)|HEAP_ALLOCATE|[197]|Bytes:5
10:47:10.30 (166707824)|VARIABLE_ASSIGNMENT|[197]|dependency|null|
10:47:10.30 (166718326)|STATEMENT_EXECUTE|[203]
10:47:10.30 (166727897)|METHOD_EXIT|[177]|01p3X00000DVhaf|HandlerExecutionPool.MetadataHandler.readHandlersMetadata(System.Type)
10:47:10.30 (166765004)|VARIABLE_ASSIGNMENT|[177]|this.handlersMeta|[{"Id":"m003X0000009oReQAI","Class_Name__c":"MyOrderEmailService","Object_Name__c":"01I3X000001p4fD","Object_Name__r":{"Id":"000000000000000AAA","DurableId":"01I3X000001p4fD","QualifiedApiName":"myorder__c"}}]|0x643f811
10:47:10.30 (166780414)|CONSTRUCTOR_EXIT|[96]|01p3X00000DVhaf|<init>(System.Type)|HandlerExecutionPool.MetadataHandler
10:47:10.30 (166788196)|VARIABLE_SCOPE_BEGIN|[96]|metadataHandler|HandlerExecutionPool.MetadataHandler|true|false
10:47:10.30 (166815075)|VARIABLE_ASSIGNMENT|[96]|metadataHandler|{"handlersMeta":"0x38996aa6"}|0x643f811
10:47:10.30 (166821105)|STATEMENT_EXECUTE|[97]
10:47:10.30 (166835494)|HEAP_ALLOCATE|[97]|Bytes:4
10:47:10.30 (166886473)|VARIABLE_SCOPE_BEGIN|[97]|handlers|List<Handler>|true|false
10:47:10.30 (166908948)|HEAP_ALLOCATE|[EXTERNAL]|Bytes:4
10:47:10.30 (166919535)|VARIABLE_ASSIGNMENT|[97]|handlers|[]|0x2259852a
10:47:10.30 (166935083)|METHOD_ENTRY|[98]|01p3X00000DVhaf|HandlerExecutionPool.MetadataHandler.getMeta()
10:47:10.30 (166953762)|VARIABLE_SCOPE_BEGIN|[180]|this|HandlerExecutionPool.MetadataHandler|true|false
10:47:10.30 (166970806)|VARIABLE_ASSIGNMENT|[180]|this|{"handlersMeta":"0x38996aa6"}|0x643f811
10:47:10.30 (166979636)|STATEMENT_EXECUTE|[180]
10:47:10.30 (166982240)|STATEMENT_EXECUTE|[181]
10:47:10.30 (166988433)|METHOD_EXIT|[98]|01p3X00000DVhaf|HandlerExecutionPool.MetadataHandler.getMeta()
10:47:10.30 (167014910)|HEAP_ALLOCATE|[98]|Bytes:5
10:47:10.30 (167030501)|HEAP_ALLOCATE|[98]|Bytes:20
10:47:10.30 (167037957)|VARIABLE_SCOPE_BEGIN|[98]|handlerMeta|Trigger_Dependency__mdt|true|false
10:47:10.30 (167060930)|VARIABLE_ASSIGNMENT|[98]|handlerMeta|{"Id":"m003X0000009oReQAI","Class_Name__c":"MyOrderEmailService","Object_Name__c":"01I3X000001p4fD","Object_Name__r":{"Id":"000000000000000AAA","DurableId":"01I3X000001p4fD","QualifiedApiName":"myorder__c"}}|0x516619fa
10:47:10.30 (167068951)|STATEMENT_EXECUTE|[98]
10:47:10.30 (167071557)|STATEMENT_EXECUTE|[99]
10:47:10.30 (167136233)|METHOD_ENTRY|[99]||System.Type.forName(String, String)
10:47:10.30 (198520125)|METHOD_EXIT|[99]||System.Type.forName(String, String)
10:47:10.30 (198538685)|VARIABLE_SCOPE_BEGIN|[99]|handlerType|System.Type|true|false
10:47:10.30 (198582830)|VARIABLE_ASSIGNMENT|[99]|handlerType|{"aot":"0x5e3dabc3"}|0xe949ca1
10:47:10.30 (198592241)|STATEMENT_EXECUTE|[100]
10:47:10.30 (198595375)|STATEMENT_EXECUTE|[104]
10:47:10.30 (198608571)|METHOD_ENTRY|[104]||System.Type.newInstance()
10:47:10.30 (198807512)|METHOD_ENTRY|[1]|01p3X00000DVjDo|MyOrderEmailService.MyOrderEmailService()
10:47:10.30 (198816335)|STATEMENT_EXECUTE|[1]
10:47:10.30 (198820734)|STATEMENT_EXECUTE|[1]
10:47:10.30 (199303326)|SYSTEM_MODE_ENTER|false
10:47:10.30 (199320484)|HEAP_ALLOCATE|[42]|Bytes:5
10:47:10.30 (199331364)|STATEMENT_EXECUTE|[9]
10:47:10.30 (199334125)|STATEMENT_EXECUTE|[57]
10:47:10.30 (199336496)|STATEMENT_EXECUTE|[97]
10:47:10.30 (199343492)|SYSTEM_MODE_EXIT|false
10:47:10.30 (199355747)|METHOD_EXIT|[1]|MyOrderEmailService
10:47:10.30 (199377596)|HEAP_ALLOCATE|[42]|Bytes:8
10:47:10.30 (199387714)|VARIABLE_SCOPE_BEGIN|[1]|this|MyOrderEmailService|true|false
10:47:10.30 (199422688)|VARIABLE_ASSIGNMENT|[1]|this|{}|0x30c8a2a5
10:47:10.30 (199435778)|SYSTEM_MODE_ENTER|false
10:47:10.30 (199441008)|HEAP_ALLOCATE|[42]|Bytes:5
10:47:10.30 (199455940)|HEAP_ALLOCATE|[42]|Bytes:14
10:47:10.30 (199462264)|HEAP_ALLOCATE|[42]|Bytes:63
10:47:10.30 (199493521)|METHOD_ENTRY|[10]|01p3X00000DVhae|Handler.Handler()
10:47:10.30 (199515958)|STATEMENT_EXECUTE|[10]
10:47:10.30 (199519908)|STATEMENT_EXECUTE|[10]
10:47:10.30 (199523999)|HEAP_ALLOCATE|[42]|Bytes:5
10:47:10.30 (199528469)|STATEMENT_EXECUTE|[238]
10:47:10.30 (199533643)|METHOD_EXIT|[10]|Handler
10:47:10.30 (199543839)|CONSTRUCTOR_ENTRY|[EXTERNAL]|01p3X00000DVhae|<init>()|Handler
10:47:10.30 (199555487)|VARIABLE_SCOPE_BEGIN|[14]|this|Handler|true|false
10:47:10.30 (199572361)|VARIABLE_ASSIGNMENT|[14]|this|{}|0x30c8a2a5
10:47:10.30 (199580718)|HEAP_ALLOCATE|[42]|Bytes:5
10:47:10.30 (199584895)|STATEMENT_EXECUTE|[10]
10:47:10.30 (199588487)|HEAP_ALLOCATE|[42]|Bytes:5
10:47:10.30 (199592146)|STATEMENT_EXECUTE|[12]
10:47:10.30 (199625174)|STATEMENT_EXECUTE|[14]
10:47:10.30 (199630736)|CONSTRUCTOR_EXIT|[EXTERNAL]|01p3X00000DVhae|<init>()|Handler
10:47:10.30 (199638358)|SYSTEM_MODE_EXIT|false
10:47:10.30 (199643501)|STATEMENT_EXECUTE|[1]
10:47:10.30 (199647916)|SYSTEM_MODE_ENTER|false
10:47:10.30 (199652484)|HEAP_ALLOCATE|[42]|Bytes:5
10:47:10.30 (199657129)|SYSTEM_MODE_EXIT|false
10:47:10.30 (199678533)|METHOD_EXIT|[104]||System.Type.newInstance()
10:47:10.30 (199692495)|VARIABLE_SCOPE_BEGIN|[104]|handler|Handler|true|false
10:47:10.30 (199708242)|VARIABLE_ASSIGNMENT|[104]|handler|{}|0x30c8a2a5
10:47:10.30 (199714703)|STATEMENT_EXECUTE|[105]
10:47:10.30 (199751477)|METHOD_ENTRY|[105]|01p3X00000DVhae|Handler.setSobjectType(System.Type)
10:47:10.30 (199781449)|VARIABLE_SCOPE_BEGIN|[205]|this|Handler|true|false
10:47:10.30 (199796014)|VARIABLE_ASSIGNMENT|[205]|this|{}|0x30c8a2a5
10:47:10.30 (199802440)|VARIABLE_SCOPE_BEGIN|[205]|typeName|System.Type|true|false
10:47:10.30 (199822645)|VARIABLE_ASSIGNMENT|[205]|typeName|{"aot":"0x653e8718"}|0x1fca5e4c
10:47:10.30 (199832774)|SYSTEM_MODE_ENTER|false
10:47:10.30 (199837818)|HEAP_ALLOCATE|[206]|Bytes:5
10:47:10.30 (199843289)|STATEMENT_EXECUTE|[205]
10:47:10.30 (199845940)|STATEMENT_EXECUTE|[206]
10:47:10.30 (199852732)|SYSTEM_MODE_EXIT|false
10:47:10.30 (199860266)|METHOD_EXIT|[105]|01p3X00000DVhae|Handler.setSobjectType(System.Type)
10:47:10.30 (199866274)|STATEMENT_EXECUTE|[106]
10:47:10.30 (199902623)|HEAP_ALLOCATE|[EXTERNAL]|Bytes:4
10:47:10.30 (199922959)|HEAP_ALLOCATE|[98]|Bytes:5
10:47:10.30 (199941647)|VARIABLE_ASSIGNMENT|[98]|handlerMeta|null|
10:47:10.30 (199947296)|STATEMENT_EXECUTE|[108]
10:47:10.30 (199952463)|METHOD_EXIT|[77]|01p3X00000DVhaf|HandlerExecutionPool.HandlerExecutor.getActiveHandlers()
10:47:10.30 (199978103)|VARIABLE_ASSIGNMENT|[77]|this.activeHandlers|[{"typeName":"0x1fca5e4c"}]|0x63b0664c
10:47:10.30 (200066983)|HEAP_ALLOCATE|[78]|Bytes:5
10:47:10.30 (200081826)|HEAP_ALLOCATE|[78]|Bytes:8
10:47:10.30 (200099763)|VARIABLE_SCOPE_BEGIN|[78]|handler|Handler|true|false
10:47:10.30 (200118029)|VARIABLE_ASSIGNMENT|[78]|handler|{"typeName":"0x1fca5e4c"}|0x30c8a2a5
10:47:10.30 (200125073)|STATEMENT_EXECUTE|[78]
10:47:10.30 (200134672)|STATEMENT_EXECUTE|[79]
10:47:10.30 (200145297)|METHOD_ENTRY|[79]|01p3X00000DVhaf|HandlerExecutionPool.HandlerExecutor.executeHandler(Handler)
10:47:10.30 (200164043)|VARIABLE_SCOPE_BEGIN|[119]|this|HandlerExecutionPool.HandlerExecutor|true|false
10:47:10.30 (200183148)|VARIABLE_ASSIGNMENT|[119]|this|{"activeHandlers":"0x2259852a","typeName":"0x1fca5e4c"}|0x63b0664c
10:47:10.30 (200189653)|VARIABLE_SCOPE_BEGIN|[119]|handler|Handler|true|false
10:47:10.30 (200203357)|VARIABLE_ASSIGNMENT|[119]|handler|{"typeName":"0x1fca5e4c"}|0x30c8a2a5
10:47:10.30 (200210930)|STATEMENT_EXECUTE|[119]
10:47:10.30 (200213389)|STATEMENT_EXECUTE|[120]
10:47:10.30 (200419830)|HEAP_ALLOCATE|[121]|Bytes:12
10:47:10.30 (200566715)|STATEMENT_EXECUTE|[130]
10:47:10.30 (200569668)|STATEMENT_EXECUTE|[131]
10:47:10.30 (200582534)|METHOD_ENTRY|[131]|01p3X00000DVhae|Handler.afterInsert()
10:47:10.30 (200598681)|VARIABLE_SCOPE_BEGIN|[147]|this|Handler|true|false
10:47:10.30 (200621781)|VARIABLE_ASSIGNMENT|[147]|this|{"typeName":"0x1fca5e4c"}|0x30c8a2a5
10:47:10.30 (200635766)|SYSTEM_MODE_ENTER|false
10:47:10.30 (200643557)|HEAP_ALLOCATE|[148]|Bytes:5
10:47:10.30 (200648593)|STATEMENT_EXECUTE|[147]
10:47:10.30 (200651185)|STATEMENT_EXECUTE|[148]
10:47:10.30 (200936167)|HEAP_ALLOCATE|[148]|Bytes:3
10:47:10.30 (200963512)|HEAP_ALLOCATE|[148]|Bytes:28
10:47:10.30 (200981809)|CONSTRUCTOR_ENTRY|[148]|01p3X00000DVhae|<init>()|Handler.TriggerContext
10:47:10.30 (201042158)|VARIABLE_SCOPE_BEGIN|[247]|this|Handler.TriggerContext|true|false
10:47:10.30 (201075633)|VARIABLE_ASSIGNMENT|[247]|this|{}|0x7dad44e2
10:47:10.30 (201083951)|STATEMENT_EXECUTE|[238]
10:47:10.30 (201086651)|STATEMENT_EXECUTE|[240]
10:47:10.30 (201089064)|STATEMENT_EXECUTE|[241]
10:47:10.30 (201091697)|STATEMENT_EXECUTE|[242]
10:47:10.30 (201094239)|STATEMENT_EXECUTE|[243]
10:47:10.30 (201096477)|STATEMENT_EXECUTE|[244]
10:47:10.30 (201098713)|STATEMENT_EXECUTE|[245]
10:47:10.30 (201145448)|STATEMENT_EXECUTE|[247]
10:47:10.30 (201147888)|STATEMENT_EXECUTE|[248]
10:47:10.30 (201563133)|VARIABLE_ASSIGNMENT|[248]|this.newList|[{"LastModifiedDate":"2020-01-29T10:47:10.000Z","IsDeleted":false,"customer__c":"a003X0000132mlIQAQ","total_count__c":0,"Additional_Information__c":"asdads","Name":"asd","SystemModstamp":"2020-01-29T10:47:10.000Z","CreatedById":"0053X00000AtM0MQAV","CreatedDate":"2020-01-29T10:47:10.000Z","Id":"a013X00002RTmBNQA1","Status__c":false,"LastModifiedById":"0053X00000AtM0MQAV","order_price__c":0.00}]|0x7dad44e2
10:47:10.30 (201580829)|STATEMENT_EXECUTE|[249]
10:47:10.30 (201747505)|VARIABLE_ASSIGNMENT|[249]|this.newMap|{"a013X00002RTmBNQA1":{"LastModifiedDate":"2020-01-29T10:47:10.000Z","IsDeleted":false,"customer__c":"a003X0000132mlIQAQ","total_count__c":0,"Additional_Information__c":"asdads","Name":"asd","SystemModstamp":"2020-01-29T10:47:10.000Z","CreatedById":"0053X00000AtM0MQAV","CreatedDate":"2020-01-29T10:47:10.000Z","Id":"a013X00002RTmBNQA1","Status__c":false,"LastModifiedById":"0053X00000AtM0MQAV","order_price__c":0.00}}|0x7dad44e2
10:47:10.30 (201759366)|STATEMENT_EXECUTE|[250]
10:47:10.30 (201775572)|VARIABLE_ASSIGNMENT|[250]|this.oldList|null|0x7dad44e2
10:47:10.30 (201781110)|STATEMENT_EXECUTE|[251]
10:47:10.30 (201794497)|VARIABLE_ASSIGNMENT|[251]|this.oldMap|null|0x7dad44e2
10:47:10.30 (201801016)|STATEMENT_EXECUTE|[252]
10:47:10.30 (201817824)|HEAP_ALLOCATE|[252]|Bytes:4
10:47:10.30 (201828213)|VARIABLE_ASSIGNMENT|[252]|this.size|1|0x7dad44e2
10:47:10.30 (201834159)|STATEMENT_EXECUTE|[253]
10:47:10.30 (201913459)|HEAP_ALLOCATE|[252]|Bytes:12
10:47:10.30 (201930422)|VARIABLE_ASSIGNMENT|[253]|this.operationType|0x69869f8f|0x7dad44e2
10:47:10.30 (201945173)|CONSTRUCTOR_EXIT|[148]|01p3X00000DVhae|<init>()|Handler.TriggerContext
10:47:10.30 (201953144)|VARIABLE_SCOPE_BEGIN|[148]|context|Handler.TriggerContext|true|false
10:47:10.30 (201984966)|VARIABLE_ASSIGNMENT|[148]|context|{"newList":"0x6bbae32a","newMap":"0x5af3d3b5","operationType":"0x69869f8f","size":1}|0x7dad44e2
10:47:10.30 (201992317)|STATEMENT_EXECUTE|[149]
10:47:10.30 (202009454)|METHOD_ENTRY|[149]|01p3X00000DVhae|Handler.logBeforeEventHandling(Handler.TriggerContext)
10:47:10.30 (202031399)|VARIABLE_SCOPE_BEGIN|[217]|this|Handler|true|false
10:47:10.30 (202050142)|VARIABLE_ASSIGNMENT|[217]|this|{"typeName":"0x1fca5e4c"}|0x30c8a2a5
10:47:10.30 (202056440)|VARIABLE_SCOPE_BEGIN|[217]|context|Handler.TriggerContext|true|false
10:47:10.30 (202074040)|VARIABLE_ASSIGNMENT|[217]|context|{"newList":"0x6bbae32a","newMap":"0x5af3d3b5","operationType":"0x69869f8f","size":1}|0x7dad44e2
10:47:10.30 (202086995)|HEAP_ALLOCATE|[EXTERNAL]|Bytes:5
10:47:10.30 (202095936)|STATEMENT_EXECUTE|[217]
10:47:10.30 (202105777)|METHOD_EXIT|[149]|01p3X00000DVhae|Handler.logBeforeEventHandling(Handler.TriggerContext)
10:47:10.30 (202111210)|STATEMENT_EXECUTE|[150]
10:47:10.30 (202126609)|METHOD_ENTRY|[150]|01p3X00000DVjDo|MyOrderEmailService.onAfterInsert(Handler.TriggerContext)
10:47:10.30 (202149359)|VARIABLE_SCOPE_BEGIN|[2]|this|MyOrderEmailService|true|false
10:47:10.30 (202165844)|VARIABLE_ASSIGNMENT|[2]|this|{"typeName":"0x1fca5e4c"}|0x30c8a2a5
10:47:10.30 (202171984)|VARIABLE_SCOPE_BEGIN|[2]|context|Handler.TriggerContext|true|false
10:47:10.30 (202189584)|VARIABLE_ASSIGNMENT|[2]|context|{"newList":"0x6bbae32a","newMap":"0x5af3d3b5","operationType":"0x69869f8f","size":1}|0x7dad44e2
10:47:10.30 (202198972)|HEAP_ALLOCATE|[3]|Bytes:5
10:47:10.30 (202203679)|STATEMENT_EXECUTE|[2]
10:47:10.30 (202206195)|STATEMENT_EXECUTE|[3]
10:47:10.30 (202867626)|HEAP_ALLOCATE|[3]|Bytes:6
10:47:10.30 (202893403)|HEAP_ALLOCATE|[3]|Bytes:8
10:47:10.30 (202913858)|CONSTRUCTOR_ENTRY|[3]|01p3X00000DVjDo|<init>()|MyOrderEmailService.OrderEmailTriggerHandler
10:47:10.30 (202947281)|VARIABLE_SCOPE_BEGIN|[98]|this|MyOrderEmailService.OrderEmailTriggerHandler|true|false
10:47:10.30 (202976241)|VARIABLE_ASSIGNMENT|[98]|this|{}|0x559dbff0
10:47:10.30 (202984165)|STATEMENT_EXECUTE|[97]
10:47:10.30 (202987457)|STATEMENT_EXECUTE|[99]
10:47:10.30 (202991898)|HEAP_ALLOCATE|[99]|Bytes:10
10:47:10.30 (203003425)|HEAP_ALLOCATE|[99]|Bytes:8
10:47:10.30 (203013414)|HEAP_ALLOCATE|[99]|Bytes:11
10:47:10.30 (203024480)|CONSTRUCTOR_ENTRY|[99]|01p3X00000DVjDo|<init>(String)|MyOrderEmailService.OrderEmailService
10:47:10.30 (203058735)|VARIABLE_SCOPE_BEGIN|[12]|this|MyOrderEmailService.OrderEmailService|true|false
10:47:10.30 (203081610)|VARIABLE_ASSIGNMENT|[12]|this|{}|0x559dbff0
10:47:10.30 (203093141)|VARIABLE_SCOPE_BEGIN|[12]|profileName|String|false|false
10:47:10.30 (203110466)|VARIABLE_ASSIGNMENT|[12]|profileName|"Shop Admin"
10:47:10.30 (203117191)|STATEMENT_EXECUTE|[9]
10:47:10.30 (203119939)|STATEMENT_EXECUTE|[10]
10:47:10.30 (203148256)|STATEMENT_EXECUTE|[12]
10:47:10.30 (203150789)|STATEMENT_EXECUTE|[13]
10:47:10.30 (203169305)|CONSTRUCTOR_EXIT|[99]|01p3X00000DVjDo|<init>(String)|MyOrderEmailService.OrderEmailService
10:47:10.30 (203176516)|STATEMENT_EXECUTE|[98]
10:47:10.30 (203180116)|CONSTRUCTOR_EXIT|[3]|01p3X00000DVjDo|<init>()|MyOrderEmailService.OrderEmailTriggerHandler
10:47:10.30 (203212571)|METHOD_ENTRY|[3]|01p3X00000DVjDo|MyOrderEmailService.OrderEmailTriggerHandler.sendEmailOnNewOrder(List<myorder__c>)
10:47:10.30 (203219651)|VARIABLE_SCOPE_BEGIN|[101]|this|MyOrderEmailService.OrderEmailTriggerHandler|true|false
10:47:10.30 (203238316)|VARIABLE_ASSIGNMENT|[101]|this|{"profileName":"Shop Admin"}|0x559dbff0
10:47:10.30 (203245417)|VARIABLE_SCOPE_BEGIN|[101]|newOrders|List<myorder__c>|true|false
10:47:10.30 (203452479)|VARIABLE_ASSIGNMENT|[101]|newOrders|[{"LastModifiedDate":"2020-01-29T10:47:10.000Z","IsDeleted":false,"customer__c":"a003X0000132mlIQAQ","total_count__c":0,"Additional_Information__c":"asdads","Name":"asd","SystemModstamp":"2020-01-29T10:47:10.000Z","CreatedById":"0053X00000AtM0MQAV","CreatedDate":"2020-01-29T10:47:10.000Z","Id":"a013X00002RTmBNQA1","Status__c":false,"LastModifiedById":"0053X00000AtM0MQAV","order_price__c":0.00}]|0x6bbae32a
10:47:10.30 (203468144)|STATEMENT_EXECUTE|[101]
10:47:10.30 (203471016)|STATEMENT_EXECUTE|[102]
10:47:10.30 (203489286)|HEAP_ALLOCATE|[102]|Bytes:4
10:47:10.30 (203524339)|VARIABLE_SCOPE_BEGIN|[102]|newOrderLetterSubjectList|List<String>|true|false
10:47:10.30 (203557237)|HEAP_ALLOCATE|[EXTERNAL]|Bytes:4
10:47:10.30 (203569103)|VARIABLE_ASSIGNMENT|[102]|newOrderLetterSubjectList|[]|0x49dec1cb
10:47:10.30 (203575217)|STATEMENT_EXECUTE|[103]
10:47:10.30 (203582673)|HEAP_ALLOCATE|[103]|Bytes:4
10:47:10.30 (203598216)|VARIABLE_SCOPE_BEGIN|[103]|newOrderLetterBodyList|List<String>|true|false
10:47:10.30 (203613262)|HEAP_ALLOCATE|[EXTERNAL]|Bytes:4
10:47:10.30 (203620314)|VARIABLE_ASSIGNMENT|[103]|newOrderLetterBodyList|[]|0x4963c82f
10:47:10.30 (203763672)|HEAP_ALLOCATE|[105]|Bytes:5
10:47:10.30 (203787116)|VARIABLE_SCOPE_BEGIN|[105]|order|myorder__c|true|false
10:47:10.30 (203920237)|VARIABLE_ASSIGNMENT|[105]|order|{"LastModifiedDate":"2020-01-29T10:47:10.000Z","IsDeleted":false,"customer__c":"a003X0000132mlIQAQ","total_count__c":0,"Additional_Information__c":"asdads","Name":"asd","SystemModstamp":"2020-01-29T10:47:10.000Z","CreatedById":"0053X00000AtM0MQAV","CreatedDate":"2020-01-29T10:47:10.000Z","Id":"a013X00002RTmBNQA1","Status__c":false,"LastModifiedById":"0053X00000AtM0MQAV","order_price__c":0.00}|0x1c4f3962
10:47:10.30 (203932143)|STATEMENT_EXECUTE|[105]
10:47:10.30 (203934916)|STATEMENT_EXECUTE|[106]
10:47:10.30 (203939231)|HEAP_ALLOCATE|[106]|Bytes:11
10:47:10.30 (203979621)|HEAP_ALLOCATE|[106]|Bytes:14
10:47:10.30 (204017570)|HEAP_ALLOCATE|[EXTERNAL]|Bytes:4
10:47:10.30 (204027656)|STATEMENT_EXECUTE|[107]
10:47:10.30 (204031449)|HEAP_ALLOCATE|[108]|Bytes:12
10:47:10.30 (204039614)|HEAP_ALLOCATE|[110]|Bytes:12
10:47:10.30 (204090372)|HEAP_ALLOCATE|[111]|Bytes:18
10:47:10.30 (204101906)|HEAP_ALLOCATE|[112]|Bytes:1
10:47:10.30 (204111045)|HEAP_ALLOCATE|[108]|Bytes:46
10:47:10.30 (204134203)|HEAP_ALLOCATE|[EXTERNAL]|Bytes:4
10:47:10.30 (204152360)|HEAP_ALLOCATE|[105]|Bytes:5
10:47:10.30 (204169098)|VARIABLE_ASSIGNMENT|[105]|order|null|
10:47:10.30 (204175444)|STATEMENT_EXECUTE|[116]
10:47:10.30 (204191630)|METHOD_ENTRY|[116]|01p3X00000DVjDo|MyOrderEmailService.OrderEmailService.sendEmailOnOrder(List<myorder__c>, List<String>, List<String>)
10:47:10.30 (204208679)|VARIABLE_SCOPE_BEGIN|[16]|this|MyOrderEmailService.OrderEmailService|true|false
10:47:10.30 (204232046)|VARIABLE_ASSIGNMENT|[16]|this|{"profileName":"Shop Admin"}|0x559dbff0
10:47:10.30 (204239277)|VARIABLE_SCOPE_BEGIN|[16]|orders|List<myorder__c>|true|false
10:47:10.30 (204357354)|VARIABLE_ASSIGNMENT|[16]|orders|[{"LastModifiedDate":"2020-01-29T10:47:10.000Z","IsDeleted":false,"customer__c":"a003X0000132mlIQAQ","total_count__c":0,"Additional_Information__c":"asdads","Name":"asd","SystemModstamp":"2020-01-29T10:47:10.000Z","CreatedById":"0053X00000AtM0MQAV","CreatedDate":"2020-01-29T10:47:10.000Z","Id":"a013X00002RTmBNQA1","Status__c":false,"LastModifiedById":"0053X00000AtM0MQAV","order_price__c":0.00}]|0x6bbae32a
10:47:10.30 (204367955)|VARIABLE_SCOPE_BEGIN|[16]|letterSubject|List<String>|true|false
10:47:10.30 (204380262)|VARIABLE_ASSIGNMENT|[16]|letterSubject|["New Order: asd"]|0x49dec1cb
10:47:10.30 (204386534)|VARIABLE_SCOPE_BEGIN|[16]|letterBody|List<String>|true|false
10:47:10.30 (204398505)|VARIABLE_ASSIGNMENT|[16]|letterBody|["Order Name: asd; Ord (26 more) ..."]|0x4963c82f
10:47:10.30 (204406276)|STATEMENT_EXECUTE|[20]
10:47:10.30 (204408820)|STATEMENT_EXECUTE|[21]
10:47:10.30 (204474125)|HEAP_ALLOCATE|[21]|Bytes:4
10:47:10.30 (204528160)|VARIABLE_SCOPE_BEGIN|[21]|mails|List<Messaging.SingleEmailMessage>|true|false
10:47:10.30 (204552036)|HEAP_ALLOCATE|[EXTERNAL]|Bytes:4
10:47:10.30 (204561913)|VARIABLE_ASSIGNMENT|[21]|mails|[]|0x54facaf9
10:47:10.30 (204568188)|STATEMENT_EXECUTE|[22]
10:47:10.30 (204582372)|METHOD_ENTRY|[22]|01p3X00000DVjDo|MyOrderEmailService.OrderEmailService.getUserIdsByProfile(String)
10:47:10.30 (204602468)|VARIABLE_SCOPE_BEGIN|[46]|this|MyOrderEmailService.OrderEmailService|true|false
10:47:10.30 (204626358)|VARIABLE_ASSIGNMENT|[46]|this|{"profileName":"Shop Admin"}|0x559dbff0
10:47:10.30 (204632900)|VARIABLE_SCOPE_BEGIN|[46]|profileName|String|false|false
10:47:10.30 (204642153)|VARIABLE_ASSIGNMENT|[46]|profileName|"Shop Admin"
10:47:10.30 (204648034)|STATEMENT_EXECUTE|[46]
10:47:10.30 (204650806)|STATEMENT_EXECUTE|[47]
10:47:10.30 (204655001)|HEAP_ALLOCATE|[47]|Bytes:44
10:47:10.30 (204672672)|HEAP_ALLOCATE|[47]|Bytes:4
10:47:10.30 (204680001)|HEAP_ALLOCATE|[47]|Bytes:7
10:47:10.30 (204974206)|SOQL_EXECUTE_BEGIN|[47]|Aggregations:0|SELECT Id FROM Profile WHERE Name = :tmpVar1
10:47:10.30 (212356768)|SOQL_EXECUTE_END|[47]|Rows:1
10:47:10.30 (212396369)|HEAP_ALLOCATE|[47]|Bytes:8
10:47:10.30 (212415426)|HEAP_ALLOCATE|[47]|Bytes:29
10:47:10.30 (212497733)|HEAP_ALLOCATE|[47]|Bytes:8
10:47:10.30 (212519391)|VARIABLE_SCOPE_BEGIN|[47]|profiles|List<Profile>|true|false
10:47:10.30 (212557766)|VARIABLE_ASSIGNMENT|[47]|profiles|[{"Id":"00e3X000002PAHAQA4"}]|0x1b3c2704
10:47:10.30 (212567489)|STATEMENT_EXECUTE|[52]
10:47:10.30 (212572473)|HEAP_ALLOCATE|[52]|Bytes:47
10:47:10.30 (212592003)|HEAP_ALLOCATE|[52]|Bytes:4
10:47:10.30 (212902265)|SOQL_EXECUTE_BEGIN|[52]|Aggregations:0|SELECT Id FROM User WHERE ProfileId IN :tmpVar1
10:47:10.30 (222296035)|SOQL_EXECUTE_END|[52]|Rows:1
10:47:10.30 (222344816)|HEAP_ALLOCATE|[52]|Bytes:8
10:47:10.30 (222367708)|HEAP_ALLOCATE|[52]|Bytes:29
10:47:10.30 (222448840)|HEAP_ALLOCATE|[52]|Bytes:8
10:47:10.30 (222469982)|VARIABLE_SCOPE_BEGIN|[52]|users|List<User>|true|false
10:47:10.30 (222508832)|VARIABLE_ASSIGNMENT|[52]|users|[{"Id":"0053X00000AtUkgQAF"}]|0x4b28f151
10:47:10.30 (222520532)|STATEMENT_EXECUTE|[53]
10:47:10.30 (222535533)|HEAP_ALLOCATE|[53]|Bytes:4
10:47:10.30 (222612581)|HEAP_ALLOCATE|[53]|Bytes:4
10:47:10.30 (222665530)|HEAP_ALLOCATE|[53]|Bytes:8
10:47:10.30 (222675493)|HEAP_ALLOCATE|[53]|Bytes:18
10:47:10.30 (222722596)|HEAP_ALLOCATE|[53]|Bytes:26
10:47:10.30 (222815530)|HEAP_ALLOCATE|[53]|Bytes:4
10:47:10.30 (222826324)|HEAP_ALLOCATE|[53]|Bytes:54
10:47:10.30 (222853860)|HEAP_ALLOCATE|[EXTERNAL]|Bytes:8
10:47:10.30 (222888425)|METHOD_EXIT|[22]|01p3X00000DVjDo|MyOrderEmailService.OrderEmailService.getUserIdsByProfile(String)
10:47:10.30 (222899244)|VARIABLE_SCOPE_BEGIN|[22]|recievers|List<String>|true|false
10:47:10.30 (222921663)|VARIABLE_ASSIGNMENT|[22]|recievers|["0053X00000AtUkgQAF"]|0x14983602
10:47:10.30 (222930280)|STATEMENT_EXECUTE|[24]
10:47:10.30 (222937486)|VARIABLE_SCOPE_BEGIN|[24]|i|Integer|false|false
10:47:10.30 (222945991)|HEAP_ALLOCATE|[24]|Bytes:4
10:47:10.30 (222955925)|VARIABLE_ASSIGNMENT|[24]|i|0
10:47:10.30 (222994343)|STATEMENT_EXECUTE|[24]
10:47:10.30 (222997282)|STATEMENT_EXECUTE|[25]
10:47:10.30 (223088783)|VARIABLE_SCOPE_BEGIN|[25]|mail|Messaging.SingleEmailMessage|true|false
10:47:10.30 (223247327)|VARIABLE_ASSIGNMENT|[25]|mail|"common.api.soap.wsdl.SingleEmailMessage@5a2a7ebc"|0x5684aed1
10:47:10.30 (223255837)|STATEMENT_EXECUTE|[26]
10:47:10.30 (223341383)|STATEMENT_EXECUTE|[28]
10:47:10.30 (223381908)|USER_DEBUG|[28]|DEBUG|(0053X00000AtUkgQAF)
10:47:10.30 (223393048)|STATEMENT_EXECUTE|[30]
10:47:10.30 (223404169)|HEAP_ALLOCATE|[30]|Bytes:14
10:47:10.30 (223458848)|STATEMENT_EXECUTE|[32]
10:47:10.30 (223463360)|HEAP_ALLOCATE|[32]|Bytes:14
10:47:10.30 (223490868)|USER_DEBUG|[32]|DEBUG|New Order: asd
10:47:10.30 (223500145)|STATEMENT_EXECUTE|[34]
10:47:10.30 (223504833)|HEAP_ALLOCATE|[34]|Bytes:46
10:47:10.30 (223526456)|STATEMENT_EXECUTE|[36]
10:47:10.30 (223530191)|HEAP_ALLOCATE|[36]|Bytes:46
10:47:10.30 (223542827)|USER_DEBUG|[36]|DEBUG|Order Name: asd; Order Id: a013X00002RTmBNQA1;
10:47:10.30 (223551226)|STATEMENT_EXECUTE|[38]
10:47:10.30 (223587582)|HEAP_ALLOCATE|[EXTERNAL]|Bytes:4
10:47:10.30 (223597835)|HEAP_ALLOCATE|[24]|Bytes:4
10:47:10.30 (223609171)|VARIABLE_ASSIGNMENT|[24]|i|1
10:47:10.30 (223626151)|STATEMENT_EXECUTE|[41]
10:47:10.30 (223818830)|HEAP_ALLOCATE|[EXTERNAL]|Bytes:8
10:47:10.30 (223867830)|USER_DEBUG|[41]|DEBUG|(Messaging.SingleEmailMessage[getBccAddresses=null;getCcAddresses=null;getCharset=null;getEntityAttachments=null;getFileAttachments=null;getHtmlBody=null;getInReplyTo=null;getOptOutPolicy=SEND;getOrgWideEmailAddressId=null;getPlainTextBody=Order Name: asd; Order Id: a013X00002RTmBNQA1;;getReferences=null;getTargetObjectId=null;getTemplateId=null;getTemplateName=null;getToAddresses=(0053X00000AtUkgQAF);getWhatId=null;isTreatBodiesAsTemplate=false;isTreatTargetObjectAsRecipient=true;isUserMail=false;])
10:47:10.30 (223890191)|METHOD_EXIT|[116]|01p3X00000DVjDo|MyOrderEmailService.OrderEmailService.sendEmailOnOrder(List<myorder__c>, List<String>, List<String>)
10:47:10.30 (223900517)|METHOD_EXIT|[3]|01p3X00000DVjDo|MyOrderEmailService.OrderEmailTriggerHandler.sendEmailOnNewOrder(List<myorder__c>)
10:47:10.30 (223915475)|METHOD_EXIT|[150]|01p3X00000DVjDo|MyOrderEmailService.onAfterInsert(Handler.TriggerContext)
10:47:10.30 (223921894)|STATEMENT_EXECUTE|[151]
10:47:10.30 (223941120)|METHOD_ENTRY|[151]|01p3X00000DVhae|Handler.logAfterEventHandling(Handler.TriggerContext)
10:47:10.30 (223965071)|VARIABLE_SCOPE_BEGIN|[228]|this|Handler|true|false
10:47:10.30 (224001188)|VARIABLE_ASSIGNMENT|[228]|this|{"typeName":"0x1fca5e4c"}|0x30c8a2a5
10:47:10.30 (224008745)|VARIABLE_SCOPE_BEGIN|[228]|context|Handler.TriggerContext|true|false
10:47:10.30 (224039387)|VARIABLE_ASSIGNMENT|[228]|context|{"newList":"0x6bbae32a","newMap":"0x5af3d3b5","operationType":"0x69869f8f","size":1}|0x7dad44e2
10:47:10.30 (224057450)|HEAP_ALLOCATE|[EXTERNAL]|Bytes:5
10:47:10.30 (224063302)|STATEMENT_EXECUTE|[228]
10:47:10.30 (224069232)|METHOD_EXIT|[151]|01p3X00000DVhae|Handler.logAfterEventHandling(Handler.TriggerContext)
10:47:10.30 (224077732)|SYSTEM_MODE_EXIT|false
10:47:10.30 (224087921)|METHOD_EXIT|[131]|01p3X00000DVhae|Handler.afterInsert()
10:47:10.30 (224095991)|METHOD_EXIT|[79]|01p3X00000DVhaf|HandlerExecutionPool.HandlerExecutor.executeHandler(Handler)
10:47:10.30 (224113656)|HEAP_ALLOCATE|[78]|Bytes:5
10:47:10.30 (224134203)|VARIABLE_ASSIGNMENT|[78]|handler|null|
10:47:10.30 (224142184)|METHOD_EXIT|[2]|01p3X00000DVhaf|HandlerExecutionPool.HandlerExecutor.execute()
10:47:10.224 (224152533)|CUMULATIVE_LIMIT_USAGE
10:47:10.224 (224152533)|LIMIT_USAGE_FOR_NS|(default)|
  Number of SOQL queries: 2 out of 100
  Number of query rows: 3 out of 50000
  Number of SOSL queries: 0 out of 20
  Number of DML statements: 1 out of 150
  Number of DML rows: 1 out of 10000
  Maximum CPU time: 0 out of 10000
  Maximum heap size: 0 out of 6000000
  Number of callouts: 0 out of 100
  Number of Email Invocations: 0 out of 10
  Number of future calls: 0 out of 50
  Number of queueable jobs added to the queue: 0 out of 50
  Number of Mobile Apex push calls: 0 out of 10

10:47:10.224 (224152533)|CUMULATIVE_LIMIT_USAGE_END

10:47:10.30 (225812612)|CODE_UNIT_FINISHED|myOrderTrigger on myorder trigger event AfterInsert|__sfdc_trigger/myOrderTrigger
10:47:10.30 (261672161)|DML_END|[1]
10:47:10.284 (284745580)|CUMULATIVE_LIMIT_USAGE
10:47:10.284 (284745580)|LIMIT_USAGE_FOR_NS|(default)|
  Number of SOQL queries: 2 out of 100
  Number of query rows: 3 out of 50000
  Number of SOSL queries: 0 out of 20
  Number of DML statements: 1 out of 150
  Number of DML rows: 1 out of 10000
  Maximum CPU time: 0 out of 10000
  Maximum heap size: 0 out of 6000000
  Number of callouts: 0 out of 100
  Number of Email Invocations: 0 out of 10
  Number of future calls: 0 out of 50
  Number of queueable jobs added to the queue: 0 out of 50
  Number of Mobile Apex push calls: 0 out of 10

10:47:10.284 (284745580)|CUMULATIVE_LIMIT_USAGE_END

10:47:10.30 (284814417)|CODE_UNIT_FINISHED|execute_anonymous_apex
10:47:10.30 (286939590)|EXECUTION_FINISHED
