47.0 APEX_CODE,FINEST;APEX_PROFILING,INFO;CALLOUT,INFO;DB,INFO;NBA,INFO;SYSTEM,DEBUG;VALIDATION,INFO;VISUALFORCE,FINER;WAVE,INFO;WORKFLOW,INFO
Execute Anonymous: insert new myorder__c(Name = 'asd',customer__c = 'a003X0000132mlIQAQ',  Additional_Information__c = 'asdads');
11:05:26.28 (28215526)|USER_INFO|[EXTERNAL]|0053X00000AtM0M|khrystynych.vasyl@ctdevlviv.stud|(GMT+00:00) Irish Standard Time (Europe/Dublin)|GMTZ
11:05:26.28 (28252471)|EXECUTION_STARTED
11:05:26.28 (28261628)|CODE_UNIT_STARTED|[EXTERNAL]|execute_anonymous_apex
11:05:26.28 (28513741)|HEAP_ALLOCATE|[79]|Bytes:3
11:05:26.28 (28569879)|HEAP_ALLOCATE|[84]|Bytes:152
11:05:26.28 (28597300)|HEAP_ALLOCATE|[399]|Bytes:408
11:05:26.28 (28629922)|HEAP_ALLOCATE|[412]|Bytes:408
11:05:26.28 (28642976)|HEAP_ALLOCATE|[520]|Bytes:48
11:05:26.28 (28671086)|HEAP_ALLOCATE|[139]|Bytes:6
11:05:26.28 (28724966)|HEAP_ALLOCATE|[EXTERNAL]|Bytes:1
11:05:26.28 (28831204)|STATEMENT_EXECUTE|[1]
11:05:26.28 (28834690)|STATEMENT_EXECUTE|[1]
11:05:26.28 (28920422)|HEAP_ALLOCATE|[1]|Bytes:4
11:05:26.28 (29010415)|HEAP_ALLOCATE|[1]|Bytes:3
11:05:26.28 (29154570)|VARIABLE_ASSIGNMENT|[1]|this.Name|"asd"|0x62ef8732
11:05:26.28 (29166242)|HEAP_ALLOCATE|[1]|Bytes:18
11:05:26.28 (29179065)|HEAP_ALLOCATE|[1]|Bytes:4
11:05:26.28 (29226563)|VARIABLE_ASSIGNMENT|[1]|this.customer__c|"a003X0000132mlIQAQ"|0x62ef8732
11:05:26.28 (29233408)|HEAP_ALLOCATE|[1]|Bytes:6
11:05:26.28 (29253835)|VARIABLE_ASSIGNMENT|[1]|this.Additional_Information__c|"asdads"|0x62ef8732
11:05:26.28 (29306168)|HEAP_ALLOCATE|[52]|Bytes:5
11:05:26.28 (29329655)|HEAP_ALLOCATE|[58]|Bytes:5
11:05:26.28 (29337216)|HEAP_ALLOCATE|[66]|Bytes:7
11:05:26.28 (29382048)|HEAP_ALLOCATE|[1]|Bytes:8
11:05:26.28 (29398426)|DML_BEGIN|[1]|Op:Insert|Type:myorder__c|Rows:1
11:05:26.28 (29441275)|HEAP_ALLOCATE|[EXTERNAL]|Bytes:8
11:05:26.28 (84823922)|CODE_UNIT_STARTED|[EXTERNAL]|01q3X0000018STF|myOrderTrigger on myorder trigger event AfterInsert|__sfdc_trigger/myOrderTrigger
11:05:26.28 (84884745)|HEAP_ALLOCATE|[EXTERNAL]|Bytes:8
11:05:26.28 (85050516)|HEAP_ALLOCATE|[EXTERNAL]|Bytes:4
11:05:26.28 (85076017)|VARIABLE_SCOPE_BEGIN|[1]|this|myOrderTrigger|true|false
11:05:26.28 (85146626)|VARIABLE_ASSIGNMENT|[1]|this|{}|0x6ae808c4
11:05:26.28 (85184178)|HEAP_ALLOCATE|[EXTERNAL]|Bytes:4
11:05:26.28 (85191283)|VARIABLE_SCOPE_BEGIN|[1]|this|myOrderTrigger|true|false
11:05:26.28 (85204039)|VARIABLE_ASSIGNMENT|[1]|this|{}|0x6ae808c4
11:05:26.28 (85211250)|STATEMENT_EXECUTE|[1]
11:05:26.28 (85213932)|STATEMENT_EXECUTE|[2]
11:05:26.28 (88978173)|VARIABLE_SCOPE_BEGIN|[10]|HandlerExecutionPool.instance|HandlerExecutionPool|true|true
11:05:26.28 (89056482)|HEAP_ALLOCATE|[2]|Bytes:31
11:05:26.28 (89070122)|HEAP_ALLOCATE|[2]|Bytes:8
11:05:26.28 (89112880)|METHOD_ENTRY|[8]|01p3X00000DVhaf|HandlerExecutionPool.HandlerExecutionPool()
11:05:26.28 (89119989)|STATEMENT_EXECUTE|[8]
11:05:26.28 (89124511)|STATEMENT_EXECUTE|[8]
11:05:26.28 (89680373)|SYSTEM_MODE_ENTER|false
11:05:26.28 (89699070)|HEAP_ALLOCATE|[2]|Bytes:5
11:05:26.28 (89707673)|STATEMENT_EXECUTE|[60]
11:05:26.28 (89710411)|STATEMENT_EXECUTE|[172]
11:05:26.28 (89718580)|SYSTEM_MODE_EXIT|false
11:05:26.28 (89732526)|METHOD_EXIT|[8]|HandlerExecutionPool
11:05:26.28 (89769248)|METHOD_ENTRY|[2]|01p3X00000DVhaf|HandlerExecutionPool.getInstance()
11:05:26.28 (89805101)|SYSTEM_MODE_ENTER|false
11:05:26.28 (89811061)|HEAP_ALLOCATE|[25]|Bytes:5
11:05:26.28 (89816753)|STATEMENT_EXECUTE|[24]
11:05:26.28 (89822971)|STATEMENT_EXECUTE|[25]
11:05:26.28 (89825426)|STATEMENT_EXECUTE|[26]
11:05:26.28 (90454696)|HEAP_ALLOCATE|[26]|Bytes:8
11:05:26.28 (90489705)|CONSTRUCTOR_ENTRY|[26]|01p3X00000DVhaf|<init>()|HandlerExecutionPool
11:05:26.28 (90542177)|VARIABLE_SCOPE_BEGIN|[13]|this|HandlerExecutionPool|true|false
11:05:26.28 (90586273)|VARIABLE_ASSIGNMENT|[13]|this|{}|0x1eee8b5e
11:05:26.28 (90600926)|HEAP_ALLOCATE|[14]|Bytes:5
11:05:26.28 (90608397)|STATEMENT_EXECUTE|[8]
11:05:26.28 (90612279)|HEAP_ALLOCATE|[14]|Bytes:5
11:05:26.28 (90616007)|STATEMENT_EXECUTE|[11]
11:05:26.28 (90625510)|HEAP_ALLOCATE|[14]|Bytes:6
11:05:26.28 (91495057)|STATEMENT_EXECUTE|[13]
11:05:26.28 (91499530)|STATEMENT_EXECUTE|[14]
11:05:26.28 (91519796)|HEAP_ALLOCATE|[14]|Bytes:4
11:05:26.28 (91604465)|VARIABLE_ASSIGNMENT|[14]|this.handlerPool|{}|0x1eee8b5e
11:05:26.28 (91623272)|CONSTRUCTOR_EXIT|[26]|01p3X00000DVhaf|<init>()|HandlerExecutionPool
11:05:26.28 (91667755)|VARIABLE_ASSIGNMENT|[26]|HandlerExecutionPool.instance|{"handlerPool":"0x1f33cdf3"}|0x1eee8b5e
11:05:26.28 (91674572)|STATEMENT_EXECUTE|[28]
11:05:26.28 (91682765)|SYSTEM_MODE_EXIT|false
11:05:26.28 (91697603)|METHOD_EXIT|[2]|01p3X00000DVhaf|HandlerExecutionPool.getInstance()
11:05:26.28 (91708928)|HEAP_ALLOCATE|[2]|Bytes:36
11:05:26.28 (91774708)|HEAP_ALLOCATE|[2]|Bytes:30
11:05:26.28 (91786087)|SYSTEM_METHOD_ENTRY|[1]|Type.Type()
11:05:26.28 (91790234)|STATEMENT_EXECUTE|[1]
11:05:26.28 (91796265)|SYSTEM_METHOD_EXIT|[1]|Type
11:05:26.28 (91802342)|HEAP_ALLOCATE|[2]|Bytes:8
11:05:26.28 (91820005)|HEAP_ALLOCATE|[2]|Bytes:8
11:05:26.28 (91826834)|VARIABLE_SCOPE_BEGIN|[4]|this|System.Type|true|false
11:05:26.28 (91854805)|VARIABLE_ASSIGNMENT|[4]|this|{}|0x3e45a61f
11:05:26.28 (91861401)|VARIABLE_SCOPE_BEGIN|[4]|apextype|java:common.apex.runtime.ApexObjectType|true|false
11:05:26.28 (92227509)|VARIABLE_ASSIGNMENT|[4]|apextype|"myorder__c"|0x549b6ef2
11:05:26.28 (92272273)|HEAP_ALLOCATE|[2]|Bytes:8
11:05:26.28 (92296634)|METHOD_ENTRY|[2]|01p3X00000DVhaf|HandlerExecutionPool.getHandler(System.Type)
11:05:26.28 (92305830)|VARIABLE_SCOPE_BEGIN|[41]|this|HandlerExecutionPool|true|false
11:05:26.28 (92328003)|VARIABLE_ASSIGNMENT|[41]|this|{"handlerPool":"0x1f33cdf3"}|0x1eee8b5e
11:05:26.28 (92334696)|VARIABLE_SCOPE_BEGIN|[41]|typeName|System.Type|true|false
11:05:26.28 (92350328)|VARIABLE_ASSIGNMENT|[41]|typeName|{"aot":"0x549b6ef2"}|0x3e45a61f
11:05:26.28 (92364051)|SYSTEM_MODE_ENTER|false
11:05:26.28 (92371885)|HEAP_ALLOCATE|[42]|Bytes:5
11:05:26.28 (92376601)|STATEMENT_EXECUTE|[41]
11:05:26.28 (92379160)|STATEMENT_EXECUTE|[42]
11:05:26.28 (92474966)|VARIABLE_SCOPE_BEGIN|[42]|executor|HandlerExecutionPool.HandlerExecutor|true|false
11:05:26.28 (92488220)|VARIABLE_ASSIGNMENT|[42]|executor|null|
11:05:26.28 (92493706)|STATEMENT_EXECUTE|[43]
11:05:26.28 (92496211)|STATEMENT_EXECUTE|[44]
11:05:26.28 (92501193)|HEAP_ALLOCATE|[44]|Bytes:16
11:05:26.28 (92507059)|HEAP_ALLOCATE|[44]|Bytes:11
11:05:26.28 (174640489)|HEAP_ALLOCATE|[44]|Bytes:12
11:05:26.28 (174704586)|CONSTRUCTOR_ENTRY|[44]|01p3X00000DVhaf|<init>(System.Type)|HandlerExecutionPool.HandlerExecutor
11:05:26.28 (174759363)|VARIABLE_SCOPE_BEGIN|[65]|this|HandlerExecutionPool.HandlerExecutor|true|false
11:05:26.28 (174818052)|VARIABLE_ASSIGNMENT|[65]|this|{}|0xa1860bc
11:05:26.28 (174825634)|VARIABLE_SCOPE_BEGIN|[65]|typeName|System.Type|true|false
11:05:26.28 (174850855)|VARIABLE_ASSIGNMENT|[65]|typeName|{"aot":"0x549b6ef2"}|0x3e45a61f
11:05:26.28 (174860964)|STATEMENT_EXECUTE|[60]
11:05:26.28 (174864076)|STATEMENT_EXECUTE|[62]
11:05:26.28 (174866504)|STATEMENT_EXECUTE|[63]
11:05:26.28 (174891080)|STATEMENT_EXECUTE|[65]
11:05:26.28 (174893564)|STATEMENT_EXECUTE|[66]
11:05:26.28 (174905881)|VARIABLE_ASSIGNMENT|[66]|this.typeName|0x3e45a61f|0xa1860bc
11:05:26.28 (174917064)|CONSTRUCTOR_EXIT|[44]|01p3X00000DVhaf|<init>(System.Type)|HandlerExecutionPool.HandlerExecutor
11:05:26.28 (174934895)|VARIABLE_ASSIGNMENT|[44]|executor|{"typeName":"0x3e45a61f"}|0xa1860bc
11:05:26.28 (174941359)|STATEMENT_EXECUTE|[45]
11:05:26.28 (175014679)|HEAP_ALLOCATE|[EXTERNAL]|Bytes:-4
11:05:26.28 (175027283)|STATEMENT_EXECUTE|[47]
11:05:26.28 (175036415)|SYSTEM_MODE_EXIT|false
11:05:26.28 (175052948)|METHOD_EXIT|[2]|01p3X00000DVhaf|HandlerExecutionPool.getHandler(System.Type)
11:05:26.28 (175080467)|METHOD_ENTRY|[2]|01p3X00000DVhaf|HandlerExecutionPool.HandlerExecutor.execute()
11:05:26.28 (175087498)|VARIABLE_SCOPE_BEGIN|[76]|this|HandlerExecutionPool.HandlerExecutor|true|false
11:05:26.28 (175103888)|VARIABLE_ASSIGNMENT|[76]|this|{"typeName":"0x3e45a61f"}|0xa1860bc
11:05:26.28 (175111943)|STATEMENT_EXECUTE|[76]
11:05:26.28 (175114500)|STATEMENT_EXECUTE|[77]
11:05:26.28 (175122923)|METHOD_ENTRY|[77]|01p3X00000DVhaf|HandlerExecutionPool.HandlerExecutor.getActiveHandlers()
11:05:26.28 (175158151)|VARIABLE_SCOPE_BEGIN|[95]|this|HandlerExecutionPool.HandlerExecutor|true|false
11:05:26.28 (175172418)|VARIABLE_ASSIGNMENT|[95]|this|{"typeName":"0x3e45a61f"}|0xa1860bc
11:05:26.28 (175182842)|STATEMENT_EXECUTE|[95]
11:05:26.28 (175185302)|STATEMENT_EXECUTE|[96]
11:05:26.28 (175597915)|HEAP_ALLOCATE|[96]|Bytes:11
11:05:26.28 (175717447)|HEAP_ALLOCATE|[96]|Bytes:8
11:05:26.28 (175746203)|CONSTRUCTOR_ENTRY|[96]|01p3X00000DVhaf|<init>(System.Type)|HandlerExecutionPool.MetadataHandler
11:05:26.28 (175770369)|VARIABLE_SCOPE_BEGIN|[176]|this|HandlerExecutionPool.MetadataHandler|true|false
11:05:26.28 (175806737)|VARIABLE_ASSIGNMENT|[176]|this|{}|0x4ac9244d
11:05:26.28 (175819276)|VARIABLE_SCOPE_BEGIN|[176]|typeName|System.Type|true|false
11:05:26.28 (175844140)|VARIABLE_ASSIGNMENT|[176]|typeName|{"aot":"0x549b6ef2"}|0x3e45a61f
11:05:26.28 (175852136)|STATEMENT_EXECUTE|[172]
11:05:26.28 (175855320)|STATEMENT_EXECUTE|[174]
11:05:26.28 (175872784)|STATEMENT_EXECUTE|[176]
11:05:26.28 (175875142)|STATEMENT_EXECUTE|[177]
11:05:26.28 (175894029)|METHOD_ENTRY|[177]|01p3X00000DVhaf|HandlerExecutionPool.MetadataHandler.readHandlersMetadata(System.Type)
11:05:26.28 (175921425)|VARIABLE_SCOPE_BEGIN|[184]|this|HandlerExecutionPool.MetadataHandler|true|false
11:05:26.28 (175935295)|VARIABLE_ASSIGNMENT|[184]|this|{}|0x4ac9244d
11:05:26.28 (175941177)|VARIABLE_SCOPE_BEGIN|[184]|typeName|System.Type|true|false
11:05:26.28 (175960593)|VARIABLE_ASSIGNMENT|[184]|typeName|{"aot":"0x549b6ef2"}|0x3e45a61f
11:05:26.28 (175968068)|STATEMENT_EXECUTE|[184]
11:05:26.28 (175970592)|STATEMENT_EXECUTE|[185]
11:05:26.28 (175975162)|HEAP_ALLOCATE|[185]|Bytes:199
11:05:26.28 (175997296)|HEAP_ALLOCATE|[185]|Bytes:4
11:05:26.28 (184242031)|SOQL_EXECUTE_BEGIN|[185]|Aggregations:0|SELECT Id, NamespacePrefix, Class_Name__c, Other_Object_API_Name__c, Object_Name__r.QualifiedAPIName FROM Trigger_Dependency__mdt WHERE Is_Active__c = TRUE ORDER BY Execution_Order__c ASC NULLS FIRST
11:05:26.28 (210122371)|SOQL_EXECUTE_END|[185]|Rows:1
11:05:26.28 (210168940)|HEAP_ALLOCATE|[185]|Bytes:8
11:05:26.28 (210209155)|HEAP_ALLOCATE|[185]|Bytes:202
11:05:26.28 (210250126)|HEAP_ALLOCATE|[185]|Bytes:8
11:05:26.28 (210267310)|VARIABLE_SCOPE_BEGIN|[185]|triggerDependencies|List<Trigger_Dependency__mdt>|true|false
11:05:26.28 (210315767)|VARIABLE_ASSIGNMENT|[185]|triggerDependencies|[{"Id":"m003X0000009oReQAI","Class_Name__c":"MyOrderEmailService","Object_Name__c":"01I3X000001p4fD","Object_Name__r":{"Id":"000000000000000AAA","DurableId":"01I3X000001p4fD","QualifiedApiName":"myorder__c"}}]|0x2aea504b
11:05:26.28 (210325702)|STATEMENT_EXECUTE|[195]
11:05:26.28 (210336473)|HEAP_ALLOCATE|[195]|Bytes:4
11:05:26.28 (210430573)|VARIABLE_SCOPE_BEGIN|[195]|result|List<Trigger_Dependency__mdt>|true|false
11:05:26.28 (210443033)|HEAP_ALLOCATE|[EXTERNAL]|Bytes:4
11:05:26.28 (210457428)|VARIABLE_ASSIGNMENT|[195]|result|[]|0x68f88009
11:05:26.28 (210463489)|STATEMENT_EXECUTE|[196]
11:05:26.28 (210488194)|METHOD_ENTRY|[196]||System.Type.toString()
11:05:26.28 (210572574)|METHOD_EXIT|[196]||System.Type.toString()
11:05:26.28 (210581246)|VARIABLE_SCOPE_BEGIN|[196]|typeNameString|String|false|false
11:05:26.28 (210594854)|VARIABLE_ASSIGNMENT|[196]|typeNameString|"myorder__c"
11:05:26.28 (210750499)|HEAP_ALLOCATE|[197]|Bytes:5
11:05:26.28 (210803632)|HEAP_ALLOCATE|[197]|Bytes:20
11:05:26.28 (210815215)|VARIABLE_SCOPE_BEGIN|[197]|dependency|Trigger_Dependency__mdt|true|false
11:05:26.28 (210857812)|VARIABLE_ASSIGNMENT|[197]|dependency|{"Id":"m003X0000009oReQAI","Class_Name__c":"MyOrderEmailService","Object_Name__c":"01I3X000001p4fD","Object_Name__r":{"Id":"000000000000000AAA","DurableId":"01I3X000001p4fD","QualifiedApiName":"myorder__c"}}|0x7850571d
11:05:26.28 (210866506)|STATEMENT_EXECUTE|[197]
11:05:26.28 (211030775)|STATEMENT_EXECUTE|[199]
11:05:26.28 (211034464)|STATEMENT_EXECUTE|[200]
11:05:26.28 (211075828)|HEAP_ALLOCATE|[EXTERNAL]|Bytes:4
11:05:26.28 (211096346)|HEAP_ALLOCATE|[197]|Bytes:5
11:05:26.28 (211113290)|VARIABLE_ASSIGNMENT|[197]|dependency|null|
11:05:26.28 (211123774)|STATEMENT_EXECUTE|[203]
11:05:26.28 (211129598)|METHOD_EXIT|[177]|01p3X00000DVhaf|HandlerExecutionPool.MetadataHandler.readHandlersMetadata(System.Type)
11:05:26.28 (211164618)|VARIABLE_ASSIGNMENT|[177]|this.handlersMeta|[{"Id":"m003X0000009oReQAI","Class_Name__c":"MyOrderEmailService","Object_Name__c":"01I3X000001p4fD","Object_Name__r":{"Id":"000000000000000AAA","DurableId":"01I3X000001p4fD","QualifiedApiName":"myorder__c"}}]|0x4ac9244d
11:05:26.28 (211179974)|CONSTRUCTOR_EXIT|[96]|01p3X00000DVhaf|<init>(System.Type)|HandlerExecutionPool.MetadataHandler
11:05:26.28 (211187533)|VARIABLE_SCOPE_BEGIN|[96]|metadataHandler|HandlerExecutionPool.MetadataHandler|true|false
11:05:26.28 (211213083)|VARIABLE_ASSIGNMENT|[96]|metadataHandler|{"handlersMeta":"0x68f88009"}|0x4ac9244d
11:05:26.28 (211219119)|STATEMENT_EXECUTE|[97]
11:05:26.28 (211231231)|HEAP_ALLOCATE|[97]|Bytes:4
11:05:26.28 (211281411)|VARIABLE_SCOPE_BEGIN|[97]|handlers|List<Handler>|true|false
11:05:26.28 (211303204)|HEAP_ALLOCATE|[EXTERNAL]|Bytes:4
11:05:26.28 (211313641)|VARIABLE_ASSIGNMENT|[97]|handlers|[]|0x540478d6
11:05:26.28 (211328131)|METHOD_ENTRY|[98]|01p3X00000DVhaf|HandlerExecutionPool.MetadataHandler.getMeta()
11:05:26.28 (211346141)|VARIABLE_SCOPE_BEGIN|[180]|this|HandlerExecutionPool.MetadataHandler|true|false
11:05:26.28 (211364750)|VARIABLE_ASSIGNMENT|[180]|this|{"handlersMeta":"0x68f88009"}|0x4ac9244d
11:05:26.28 (211372563)|STATEMENT_EXECUTE|[180]
11:05:26.28 (211375085)|STATEMENT_EXECUTE|[181]
11:05:26.28 (211381252)|METHOD_EXIT|[98]|01p3X00000DVhaf|HandlerExecutionPool.MetadataHandler.getMeta()
11:05:26.28 (211405187)|HEAP_ALLOCATE|[98]|Bytes:5
11:05:26.28 (211419321)|HEAP_ALLOCATE|[98]|Bytes:20
11:05:26.28 (211427124)|VARIABLE_SCOPE_BEGIN|[98]|handlerMeta|Trigger_Dependency__mdt|true|false
11:05:26.28 (211449061)|VARIABLE_ASSIGNMENT|[98]|handlerMeta|{"Id":"m003X0000009oReQAI","Class_Name__c":"MyOrderEmailService","Object_Name__c":"01I3X000001p4fD","Object_Name__r":{"Id":"000000000000000AAA","DurableId":"01I3X000001p4fD","QualifiedApiName":"myorder__c"}}|0x7850571d
11:05:26.28 (211457186)|STATEMENT_EXECUTE|[98]
11:05:26.28 (211460152)|STATEMENT_EXECUTE|[99]
11:05:26.28 (211510101)|METHOD_ENTRY|[99]||System.Type.forName(String, String)
11:05:26.28 (258483680)|METHOD_EXIT|[99]||System.Type.forName(String, String)
11:05:26.28 (258505083)|VARIABLE_SCOPE_BEGIN|[99]|handlerType|System.Type|true|false
11:05:26.28 (258551451)|VARIABLE_ASSIGNMENT|[99]|handlerType|{"aot":"0x7775817d"}|0x48d5f326
11:05:26.28 (258559917)|STATEMENT_EXECUTE|[100]
11:05:26.28 (258562759)|STATEMENT_EXECUTE|[104]
11:05:26.28 (258576173)|METHOD_ENTRY|[104]||System.Type.newInstance()
11:05:26.28 (258774768)|METHOD_ENTRY|[1]|01p3X00000DVjDo|MyOrderEmailService.MyOrderEmailService()
11:05:26.28 (258782598)|STATEMENT_EXECUTE|[1]
11:05:26.28 (258786584)|STATEMENT_EXECUTE|[1]
11:05:26.28 (260285030)|SYSTEM_MODE_ENTER|false
11:05:26.28 (260306536)|HEAP_ALLOCATE|[42]|Bytes:5
11:05:26.28 (260318328)|STATEMENT_EXECUTE|[9]
11:05:26.28 (260321050)|STATEMENT_EXECUTE|[62]
11:05:26.28 (260323572)|STATEMENT_EXECUTE|[102]
11:05:26.28 (260330492)|SYSTEM_MODE_EXIT|false
11:05:26.28 (260343764)|METHOD_EXIT|[1]|MyOrderEmailService
11:05:26.28 (260367203)|HEAP_ALLOCATE|[42]|Bytes:8
11:05:26.28 (260379162)|VARIABLE_SCOPE_BEGIN|[1]|this|MyOrderEmailService|true|false
11:05:26.28 (260416618)|VARIABLE_ASSIGNMENT|[1]|this|{}|0x343d6a68
11:05:26.28 (260429693)|SYSTEM_MODE_ENTER|false
11:05:26.28 (260435087)|HEAP_ALLOCATE|[42]|Bytes:5
11:05:26.28 (260450978)|HEAP_ALLOCATE|[42]|Bytes:14
11:05:26.28 (260456984)|HEAP_ALLOCATE|[42]|Bytes:63
11:05:26.28 (260490198)|METHOD_ENTRY|[10]|01p3X00000DVhae|Handler.Handler()
11:05:26.28 (260495728)|STATEMENT_EXECUTE|[10]
11:05:26.28 (260498915)|STATEMENT_EXECUTE|[10]
11:05:26.28 (260502855)|HEAP_ALLOCATE|[42]|Bytes:5
11:05:26.28 (260507747)|STATEMENT_EXECUTE|[238]
11:05:26.28 (260512286)|METHOD_EXIT|[10]|Handler
11:05:26.28 (260522808)|CONSTRUCTOR_ENTRY|[EXTERNAL]|01p3X00000DVhae|<init>()|Handler
11:05:26.28 (260535750)|VARIABLE_SCOPE_BEGIN|[14]|this|Handler|true|false
11:05:26.28 (260552964)|VARIABLE_ASSIGNMENT|[14]|this|{}|0x343d6a68
11:05:26.28 (260561642)|HEAP_ALLOCATE|[42]|Bytes:5
11:05:26.28 (260565871)|STATEMENT_EXECUTE|[10]
11:05:26.28 (260569362)|HEAP_ALLOCATE|[42]|Bytes:5
11:05:26.28 (260573175)|STATEMENT_EXECUTE|[12]
11:05:26.28 (260592652)|STATEMENT_EXECUTE|[14]
11:05:26.28 (260598872)|CONSTRUCTOR_EXIT|[EXTERNAL]|01p3X00000DVhae|<init>()|Handler
11:05:26.28 (260606266)|SYSTEM_MODE_EXIT|false
11:05:26.28 (260610768)|STATEMENT_EXECUTE|[1]
11:05:26.28 (260615083)|SYSTEM_MODE_ENTER|false
11:05:26.28 (260619394)|HEAP_ALLOCATE|[42]|Bytes:5
11:05:26.28 (260623710)|SYSTEM_MODE_EXIT|false
11:05:26.28 (260642910)|METHOD_EXIT|[104]||System.Type.newInstance()
11:05:26.28 (260656512)|VARIABLE_SCOPE_BEGIN|[104]|handler|Handler|true|false
11:05:26.28 (260670988)|VARIABLE_ASSIGNMENT|[104]|handler|{}|0x343d6a68
11:05:26.28 (260677021)|STATEMENT_EXECUTE|[105]
11:05:26.28 (260716188)|METHOD_ENTRY|[105]|01p3X00000DVhae|Handler.setSobjectType(System.Type)
11:05:26.28 (260746741)|VARIABLE_SCOPE_BEGIN|[205]|this|Handler|true|false
11:05:26.28 (260761046)|VARIABLE_ASSIGNMENT|[205]|this|{}|0x343d6a68
11:05:26.28 (260767279)|VARIABLE_SCOPE_BEGIN|[205]|typeName|System.Type|true|false
11:05:26.28 (260788829)|VARIABLE_ASSIGNMENT|[205]|typeName|{"aot":"0x549b6ef2"}|0x3e45a61f
11:05:26.28 (260799531)|SYSTEM_MODE_ENTER|false
11:05:26.28 (260804606)|HEAP_ALLOCATE|[206]|Bytes:5
11:05:26.28 (260809669)|STATEMENT_EXECUTE|[205]
11:05:26.28 (260812267)|STATEMENT_EXECUTE|[206]
11:05:26.28 (260819883)|SYSTEM_MODE_EXIT|false
11:05:26.28 (260826514)|METHOD_EXIT|[105]|01p3X00000DVhae|Handler.setSobjectType(System.Type)
11:05:26.28 (260831777)|STATEMENT_EXECUTE|[106]
11:05:26.28 (260871172)|HEAP_ALLOCATE|[EXTERNAL]|Bytes:4
11:05:26.28 (260893781)|HEAP_ALLOCATE|[98]|Bytes:5
11:05:26.28 (260914307)|VARIABLE_ASSIGNMENT|[98]|handlerMeta|null|
11:05:26.28 (260921484)|STATEMENT_EXECUTE|[108]
11:05:26.28 (260926407)|METHOD_EXIT|[77]|01p3X00000DVhaf|HandlerExecutionPool.HandlerExecutor.getActiveHandlers()
11:05:26.28 (260961848)|VARIABLE_ASSIGNMENT|[77]|this.activeHandlers|[{"typeName":"0x3e45a61f"}]|0xa1860bc
11:05:26.28 (261086874)|HEAP_ALLOCATE|[78]|Bytes:5
11:05:26.28 (261102204)|HEAP_ALLOCATE|[78]|Bytes:8
11:05:26.28 (261123495)|VARIABLE_SCOPE_BEGIN|[78]|handler|Handler|true|false
11:05:26.28 (261143295)|VARIABLE_ASSIGNMENT|[78]|handler|{"typeName":"0x3e45a61f"}|0x343d6a68
11:05:26.28 (261150075)|STATEMENT_EXECUTE|[78]
11:05:26.28 (261152617)|STATEMENT_EXECUTE|[79]
11:05:26.28 (261162847)|METHOD_ENTRY|[79]|01p3X00000DVhaf|HandlerExecutionPool.HandlerExecutor.executeHandler(Handler)
11:05:26.28 (261182686)|VARIABLE_SCOPE_BEGIN|[119]|this|HandlerExecutionPool.HandlerExecutor|true|false
11:05:26.28 (261202500)|VARIABLE_ASSIGNMENT|[119]|this|{"activeHandlers":"0x540478d6","typeName":"0x3e45a61f"}|0xa1860bc
11:05:26.28 (261209211)|VARIABLE_SCOPE_BEGIN|[119]|handler|Handler|true|false
11:05:26.28 (261222284)|VARIABLE_ASSIGNMENT|[119]|handler|{"typeName":"0x3e45a61f"}|0x343d6a68
11:05:26.28 (261229381)|STATEMENT_EXECUTE|[119]
11:05:26.28 (261231811)|STATEMENT_EXECUTE|[120]
11:05:26.28 (261465160)|HEAP_ALLOCATE|[121]|Bytes:12
11:05:26.28 (261611102)|STATEMENT_EXECUTE|[130]
11:05:26.28 (261613941)|STATEMENT_EXECUTE|[131]
11:05:26.28 (261626882)|METHOD_ENTRY|[131]|01p3X00000DVhae|Handler.afterInsert()
11:05:26.28 (261642214)|VARIABLE_SCOPE_BEGIN|[147]|this|Handler|true|false
11:05:26.28 (261664439)|VARIABLE_ASSIGNMENT|[147]|this|{"typeName":"0x3e45a61f"}|0x343d6a68
11:05:26.28 (261677307)|SYSTEM_MODE_ENTER|false
11:05:26.28 (261684017)|HEAP_ALLOCATE|[148]|Bytes:5
11:05:26.28 (261688815)|STATEMENT_EXECUTE|[147]
11:05:26.28 (261691234)|STATEMENT_EXECUTE|[148]
11:05:26.28 (261998187)|HEAP_ALLOCATE|[148]|Bytes:3
11:05:26.28 (262023082)|HEAP_ALLOCATE|[148]|Bytes:28
11:05:26.28 (262041284)|CONSTRUCTOR_ENTRY|[148]|01p3X00000DVhae|<init>()|Handler.TriggerContext
11:05:26.28 (262100624)|VARIABLE_SCOPE_BEGIN|[247]|this|Handler.TriggerContext|true|false
11:05:26.28 (262132964)|VARIABLE_ASSIGNMENT|[247]|this|{}|0x461fb509
11:05:26.28 (262140429)|STATEMENT_EXECUTE|[238]
11:05:26.28 (262143047)|STATEMENT_EXECUTE|[240]
11:05:26.28 (262145370)|STATEMENT_EXECUTE|[241]
11:05:26.28 (262148097)|STATEMENT_EXECUTE|[242]
11:05:26.28 (262150331)|STATEMENT_EXECUTE|[243]
11:05:26.28 (262152607)|STATEMENT_EXECUTE|[244]
11:05:26.28 (262154910)|STATEMENT_EXECUTE|[245]
11:05:26.28 (262170234)|STATEMENT_EXECUTE|[247]
11:05:26.28 (262172564)|STATEMENT_EXECUTE|[248]
11:05:26.28 (262582335)|VARIABLE_ASSIGNMENT|[248]|this.newList|[{"LastModifiedDate":"2020-01-29T11:05:26.000Z","IsDeleted":false,"customer__c":"a003X0000132mlIQAQ","total_count__c":0,"Additional_Information__c":"asdads","Name":"asd","SystemModstamp":"2020-01-29T11:05:26.000Z","CreatedById":"0053X00000AtM0MQAV","CreatedDate":"2020-01-29T11:05:26.000Z","Id":"a013X00002RTmFzQAL","Status__c":false,"LastModifiedById":"0053X00000AtM0MQAV","order_price__c":0.00}]|0x461fb509
11:05:26.28 (262597023)|STATEMENT_EXECUTE|[249]
11:05:26.28 (262760266)|VARIABLE_ASSIGNMENT|[249]|this.newMap|{"a013X00002RTmFzQAL":{"LastModifiedDate":"2020-01-29T11:05:26.000Z","IsDeleted":false,"customer__c":"a003X0000132mlIQAQ","total_count__c":0,"Additional_Information__c":"asdads","Name":"asd","SystemModstamp":"2020-01-29T11:05:26.000Z","CreatedById":"0053X00000AtM0MQAV","CreatedDate":"2020-01-29T11:05:26.000Z","Id":"a013X00002RTmFzQAL","Status__c":false,"LastModifiedById":"0053X00000AtM0MQAV","order_price__c":0.00}}|0x461fb509
11:05:26.28 (262771164)|STATEMENT_EXECUTE|[250]
11:05:26.28 (262786313)|VARIABLE_ASSIGNMENT|[250]|this.oldList|null|0x461fb509
11:05:26.28 (262792267)|STATEMENT_EXECUTE|[251]
11:05:26.28 (262804643)|VARIABLE_ASSIGNMENT|[251]|this.oldMap|null|0x461fb509
11:05:26.28 (262810162)|STATEMENT_EXECUTE|[252]
11:05:26.28 (262824888)|HEAP_ALLOCATE|[252]|Bytes:4
11:05:26.28 (262835870)|VARIABLE_ASSIGNMENT|[252]|this.size|1|0x461fb509
11:05:26.28 (262841269)|STATEMENT_EXECUTE|[253]
11:05:26.28 (262905902)|HEAP_ALLOCATE|[252]|Bytes:12
11:05:26.28 (262922723)|VARIABLE_ASSIGNMENT|[253]|this.operationType|0x4885df10|0x461fb509
11:05:26.28 (262932582)|CONSTRUCTOR_EXIT|[148]|01p3X00000DVhae|<init>()|Handler.TriggerContext
11:05:26.28 (262940665)|VARIABLE_SCOPE_BEGIN|[148]|context|Handler.TriggerContext|true|false
11:05:26.28 (262979411)|VARIABLE_ASSIGNMENT|[148]|context|{"newList":"0x39421bee","newMap":"0x3c8af1dd","operationType":"0x4885df10","size":1}|0x461fb509
11:05:26.28 (262986252)|STATEMENT_EXECUTE|[149]
11:05:26.28 (262999901)|METHOD_ENTRY|[149]|01p3X00000DVhae|Handler.logBeforeEventHandling(Handler.TriggerContext)
11:05:26.28 (263020555)|VARIABLE_SCOPE_BEGIN|[217]|this|Handler|true|false
11:05:26.28 (263040178)|VARIABLE_ASSIGNMENT|[217]|this|{"typeName":"0x3e45a61f"}|0x343d6a68
11:05:26.28 (263046270)|VARIABLE_SCOPE_BEGIN|[217]|context|Handler.TriggerContext|true|false
11:05:26.28 (263063515)|VARIABLE_ASSIGNMENT|[217]|context|{"newList":"0x39421bee","newMap":"0x3c8af1dd","operationType":"0x4885df10","size":1}|0x461fb509
11:05:26.28 (263076066)|HEAP_ALLOCATE|[EXTERNAL]|Bytes:5
11:05:26.28 (263081320)|STATEMENT_EXECUTE|[217]
11:05:26.28 (263088271)|METHOD_EXIT|[149]|01p3X00000DVhae|Handler.logBeforeEventHandling(Handler.TriggerContext)
11:05:26.28 (263093868)|STATEMENT_EXECUTE|[150]
11:05:26.28 (263108895)|METHOD_ENTRY|[150]|01p3X00000DVjDo|MyOrderEmailService.onAfterInsert(Handler.TriggerContext)
11:05:26.28 (263122619)|VARIABLE_SCOPE_BEGIN|[2]|this|MyOrderEmailService|true|false
11:05:26.28 (263137871)|VARIABLE_ASSIGNMENT|[2]|this|{"typeName":"0x3e45a61f"}|0x343d6a68
11:05:26.28 (263143640)|VARIABLE_SCOPE_BEGIN|[2]|context|Handler.TriggerContext|true|false
11:05:26.28 (263160910)|VARIABLE_ASSIGNMENT|[2]|context|{"newList":"0x39421bee","newMap":"0x3c8af1dd","operationType":"0x4885df10","size":1}|0x461fb509
11:05:26.28 (263170326)|HEAP_ALLOCATE|[3]|Bytes:5
11:05:26.28 (263175096)|STATEMENT_EXECUTE|[2]
11:05:26.28 (263177476)|STATEMENT_EXECUTE|[3]
11:05:26.28 (263831685)|HEAP_ALLOCATE|[3]|Bytes:7
11:05:26.28 (263853490)|HEAP_ALLOCATE|[3]|Bytes:8
11:05:26.28 (263871008)|CONSTRUCTOR_ENTRY|[3]|01p3X00000DVjDo|<init>()|MyOrderEmailService.OrderEmailTriggerHandler
11:05:26.28 (263903050)|VARIABLE_SCOPE_BEGIN|[103]|this|MyOrderEmailService.OrderEmailTriggerHandler|true|false
11:05:26.28 (263938664)|VARIABLE_ASSIGNMENT|[103]|this|{}|0x1117fbdc
11:05:26.28 (263946363)|STATEMENT_EXECUTE|[102]
11:05:26.28 (263949298)|STATEMENT_EXECUTE|[104]
11:05:26.28 (263959542)|HEAP_ALLOCATE|[104]|Bytes:20
11:05:26.28 (263971313)|HEAP_ALLOCATE|[104]|Bytes:8
11:05:26.28 (263980738)|HEAP_ALLOCATE|[104]|Bytes:14
11:05:26.28 (263992352)|CONSTRUCTOR_ENTRY|[104]|01p3X00000DVjDo|<init>(String)|MyOrderEmailService.OrderEmailService
11:05:26.28 (264020317)|VARIABLE_SCOPE_BEGIN|[12]|this|MyOrderEmailService.OrderEmailService|true|false
11:05:26.28 (264036386)|VARIABLE_ASSIGNMENT|[12]|this|{}|0x1117fbdc
11:05:26.28 (264043827)|VARIABLE_SCOPE_BEGIN|[12]|profileName|String|false|false
11:05:26.28 (264056662)|VARIABLE_ASSIGNMENT|[12]|profileName|"System Administrator"
11:05:26.28 (264062276)|STATEMENT_EXECUTE|[9]
11:05:26.28 (264064876)|STATEMENT_EXECUTE|[10]
11:05:26.28 (264081737)|STATEMENT_EXECUTE|[12]
11:05:26.28 (264084079)|STATEMENT_EXECUTE|[13]
11:05:26.28 (264100122)|CONSTRUCTOR_EXIT|[104]|01p3X00000DVjDo|<init>(String)|MyOrderEmailService.OrderEmailService
11:05:26.28 (264108801)|STATEMENT_EXECUTE|[103]
11:05:26.28 (264112283)|CONSTRUCTOR_EXIT|[3]|01p3X00000DVjDo|<init>()|MyOrderEmailService.OrderEmailTriggerHandler
11:05:26.28 (264142257)|METHOD_ENTRY|[3]|01p3X00000DVjDo|MyOrderEmailService.OrderEmailTriggerHandler.sendEmailOnNewOrder(List<myorder__c>)
11:05:26.28 (264148848)|VARIABLE_SCOPE_BEGIN|[106]|this|MyOrderEmailService.OrderEmailTriggerHandler|true|false
11:05:26.28 (264166420)|VARIABLE_ASSIGNMENT|[106]|this|{"profileName":"System Administrator"}|0x1117fbdc
11:05:26.28 (264172973)|VARIABLE_SCOPE_BEGIN|[106]|newOrders|List<myorder__c>|true|false
11:05:26.28 (264381320)|VARIABLE_ASSIGNMENT|[106]|newOrders|[{"LastModifiedDate":"2020-01-29T11:05:26.000Z","IsDeleted":false,"customer__c":"a003X0000132mlIQAQ","total_count__c":0,"Additional_Information__c":"asdads","Name":"asd","SystemModstamp":"2020-01-29T11:05:26.000Z","CreatedById":"0053X00000AtM0MQAV","CreatedDate":"2020-01-29T11:05:26.000Z","Id":"a013X00002RTmFzQAL","Status__c":false,"LastModifiedById":"0053X00000AtM0MQAV","order_price__c":0.00}]|0x39421bee
11:05:26.28 (264404899)|STATEMENT_EXECUTE|[106]
11:05:26.28 (264408930)|STATEMENT_EXECUTE|[107]
11:05:26.28 (264431050)|HEAP_ALLOCATE|[107]|Bytes:4
11:05:26.28 (264470677)|VARIABLE_SCOPE_BEGIN|[107]|newOrderLetterSubjectList|List<String>|true|false
11:05:26.28 (264505122)|HEAP_ALLOCATE|[EXTERNAL]|Bytes:4
11:05:26.28 (264517542)|VARIABLE_ASSIGNMENT|[107]|newOrderLetterSubjectList|[]|0x214a24d1
11:05:26.28 (264524423)|STATEMENT_EXECUTE|[108]
11:05:26.28 (264530992)|HEAP_ALLOCATE|[108]|Bytes:4
11:05:26.28 (264554793)|VARIABLE_SCOPE_BEGIN|[108]|newOrderLetterBodyList|List<String>|true|false
11:05:26.28 (264579002)|HEAP_ALLOCATE|[EXTERNAL]|Bytes:4
11:05:26.28 (264587624)|VARIABLE_ASSIGNMENT|[108]|newOrderLetterBodyList|[]|0xe1f7d
11:05:26.28 (264736411)|HEAP_ALLOCATE|[110]|Bytes:5
11:05:26.28 (264763842)|VARIABLE_SCOPE_BEGIN|[110]|order|myorder__c|true|false
11:05:26.28 (264901621)|VARIABLE_ASSIGNMENT|[110]|order|{"LastModifiedDate":"2020-01-29T11:05:26.000Z","IsDeleted":false,"customer__c":"a003X0000132mlIQAQ","total_count__c":0,"Additional_Information__c":"asdads","Name":"asd","SystemModstamp":"2020-01-29T11:05:26.000Z","CreatedById":"0053X00000AtM0MQAV","CreatedDate":"2020-01-29T11:05:26.000Z","Id":"a013X00002RTmFzQAL","Status__c":false,"LastModifiedById":"0053X00000AtM0MQAV","order_price__c":0.00}|0x49cdfb3e
11:05:26.28 (264912643)|STATEMENT_EXECUTE|[110]
11:05:26.28 (264915332)|STATEMENT_EXECUTE|[111]
11:05:26.28 (264919283)|HEAP_ALLOCATE|[111]|Bytes:11
11:05:26.28 (264970413)|HEAP_ALLOCATE|[111]|Bytes:14
11:05:26.28 (265006459)|HEAP_ALLOCATE|[EXTERNAL]|Bytes:4
11:05:26.28 (265016588)|STATEMENT_EXECUTE|[112]
11:05:26.28 (265020138)|HEAP_ALLOCATE|[113]|Bytes:12
11:05:26.28 (265028301)|HEAP_ALLOCATE|[115]|Bytes:12
11:05:26.28 (265088176)|HEAP_ALLOCATE|[116]|Bytes:18
11:05:26.28 (265099921)|HEAP_ALLOCATE|[117]|Bytes:1
11:05:26.28 (265109582)|HEAP_ALLOCATE|[113]|Bytes:46
11:05:26.28 (265126140)|HEAP_ALLOCATE|[EXTERNAL]|Bytes:4
11:05:26.28 (265144065)|HEAP_ALLOCATE|[110]|Bytes:5
11:05:26.28 (265159532)|VARIABLE_ASSIGNMENT|[110]|order|null|
11:05:26.28 (265165279)|STATEMENT_EXECUTE|[121]
11:05:26.28 (265181744)|METHOD_ENTRY|[121]|01p3X00000DVjDo|MyOrderEmailService.OrderEmailService.sendEmailOnOrder(List<myorder__c>, List<String>, List<String>)
11:05:26.28 (265198188)|VARIABLE_SCOPE_BEGIN|[16]|this|MyOrderEmailService.OrderEmailService|true|false
11:05:26.28 (265222373)|VARIABLE_ASSIGNMENT|[16]|this|{"profileName":"System Administrator"}|0x1117fbdc
11:05:26.28 (265229867)|VARIABLE_SCOPE_BEGIN|[16]|orders|List<myorder__c>|true|false
11:05:26.28 (265361430)|VARIABLE_ASSIGNMENT|[16]|orders|[{"LastModifiedDate":"2020-01-29T11:05:26.000Z","IsDeleted":false,"customer__c":"a003X0000132mlIQAQ","total_count__c":0,"Additional_Information__c":"asdads","Name":"asd","SystemModstamp":"2020-01-29T11:05:26.000Z","CreatedById":"0053X00000AtM0MQAV","CreatedDate":"2020-01-29T11:05:26.000Z","Id":"a013X00002RTmFzQAL","Status__c":false,"LastModifiedById":"0053X00000AtM0MQAV","order_price__c":0.00}]|0x39421bee
11:05:26.28 (265377705)|VARIABLE_SCOPE_BEGIN|[16]|letterSubject|List<String>|true|false
11:05:26.28 (265390406)|VARIABLE_ASSIGNMENT|[16]|letterSubject|["New Order: asd"]|0x214a24d1
11:05:26.28 (265396434)|VARIABLE_SCOPE_BEGIN|[16]|letterBody|List<String>|true|false
11:05:26.28 (265409080)|VARIABLE_ASSIGNMENT|[16]|letterBody|["Order Name: asd; Ord (26 more) ..."]|0xe1f7d
11:05:26.28 (265417415)|STATEMENT_EXECUTE|[20]
11:05:26.28 (265420111)|STATEMENT_EXECUTE|[21]
11:05:26.28 (265485793)|HEAP_ALLOCATE|[21]|Bytes:4
11:05:26.28 (265542254)|VARIABLE_SCOPE_BEGIN|[21]|mails|List<Messaging.SingleEmailMessage>|true|false
11:05:26.28 (265574904)|HEAP_ALLOCATE|[EXTERNAL]|Bytes:4
11:05:26.28 (265586260)|VARIABLE_ASSIGNMENT|[21]|mails|[]|0x3416c606
11:05:26.28 (265592512)|STATEMENT_EXECUTE|[22]
11:05:26.28 (265608577)|METHOD_ENTRY|[22]|01p3X00000DVjDo|MyOrderEmailService.OrderEmailService.getUserIdsByProfile(String)
11:05:26.28 (265627778)|VARIABLE_SCOPE_BEGIN|[47]|this|MyOrderEmailService.OrderEmailService|true|false
11:05:26.28 (265650683)|VARIABLE_ASSIGNMENT|[47]|this|{"profileName":"System Administrator"}|0x1117fbdc
11:05:26.28 (265657222)|VARIABLE_SCOPE_BEGIN|[47]|profileName|String|false|false
11:05:26.28 (265667211)|VARIABLE_ASSIGNMENT|[47]|profileName|"System Administrator"
11:05:26.28 (265673774)|STATEMENT_EXECUTE|[47]
11:05:26.28 (265676249)|STATEMENT_EXECUTE|[53]
11:05:26.28 (265680185)|HEAP_ALLOCATE|[53]|Bytes:85
11:05:26.28 (265698056)|HEAP_ALLOCATE|[53]|Bytes:4
11:05:26.28 (265705978)|HEAP_ALLOCATE|[53]|Bytes:7
11:05:26.28 (266048928)|SOQL_EXECUTE_BEGIN|[53]|Aggregations:0|SELECT Id FROM User WHERE ProfileId IN (SELECT Id FROM Profile WHERE Name = :tmpVar1)
11:05:26.28 (274731628)|SOQL_EXECUTE_END|[53]|Rows:2
11:05:26.28 (274774646)|HEAP_ALLOCATE|[53]|Bytes:12
11:05:26.28 (274798089)|HEAP_ALLOCATE|[53]|Bytes:58
11:05:26.28 (274895776)|HEAP_ALLOCATE|[53]|Bytes:12
11:05:26.28 (274919102)|VARIABLE_SCOPE_BEGIN|[53]|users|List<User>|true|false
11:05:26.28 (274968651)|VARIABLE_ASSIGNMENT|[53]|users|[{"Id":"0053X00000AtM0MQAV"},{"Id":"0053X00000AtUkgQAF"}]|0x787fc3d
11:05:26.28 (274977488)|STATEMENT_EXECUTE|[58]
11:05:26.28 (274991584)|HEAP_ALLOCATE|[58]|Bytes:4
11:05:26.28 (275073527)|HEAP_ALLOCATE|[58]|Bytes:4
11:05:26.28 (275148404)|HEAP_ALLOCATE|[58]|Bytes:8
11:05:26.28 (275167358)|HEAP_ALLOCATE|[58]|Bytes:18
11:05:26.28 (275175750)|HEAP_ALLOCATE|[58]|Bytes:8
11:05:26.28 (275181372)|HEAP_ALLOCATE|[58]|Bytes:18
11:05:26.28 (275230768)|HEAP_ALLOCATE|[58]|Bytes:48
11:05:26.28 (275257576)|HEAP_ALLOCATE|[58]|Bytes:8
11:05:26.28 (275272083)|METHOD_EXIT|[22]|01p3X00000DVjDo|MyOrderEmailService.OrderEmailService.getUserIdsByProfile(String)
11:05:26.28 (275280321)|VARIABLE_SCOPE_BEGIN|[22]|recievers|List<String>|true|false
11:05:26.28 (275304929)|HEAP_ALLOCATE|[EXTERNAL]|Bytes:12
11:05:26.28 (275322541)|VARIABLE_ASSIGNMENT|[22]|recievers|["0053X00000AtM0MQAV","0053X00000AtUkgQAF"]|0x2d5fa043
11:05:26.28 (275331504)|STATEMENT_EXECUTE|[24]
11:05:26.28 (275338933)|VARIABLE_SCOPE_BEGIN|[24]|i|Integer|false|false
11:05:26.28 (275346758)|HEAP_ALLOCATE|[24]|Bytes:4
11:05:26.28 (275356928)|VARIABLE_ASSIGNMENT|[24]|i|0
11:05:26.28 (275392632)|STATEMENT_EXECUTE|[24]
11:05:26.28 (275395191)|STATEMENT_EXECUTE|[25]
11:05:26.28 (275503804)|VARIABLE_SCOPE_BEGIN|[25]|mail|Messaging.SingleEmailMessage|true|false
11:05:26.28 (275631984)|VARIABLE_ASSIGNMENT|[25]|mail|"common.api.soap.wsdl.SingleEmailMessage@3c01205"|0x3b1e6054
11:05:26.28 (275639413)|STATEMENT_EXECUTE|[27]
11:05:26.28 (275725097)|STATEMENT_EXECUTE|[29]
11:05:26.28 (275773296)|USER_DEBUG|[29]|DEBUG|(0053X00000AtM0MQAV, 0053X00000AtUkgQAF)
11:05:26.28 (275785757)|STATEMENT_EXECUTE|[31]
11:05:26.28 (275798221)|HEAP_ALLOCATE|[31]|Bytes:14
11:05:26.28 (275867898)|STATEMENT_EXECUTE|[33]
11:05:26.28 (275872241)|HEAP_ALLOCATE|[33]|Bytes:14
11:05:26.28 (275885956)|USER_DEBUG|[33]|DEBUG|New Order: asd
11:05:26.28 (275894493)|STATEMENT_EXECUTE|[35]
11:05:26.28 (275898939)|HEAP_ALLOCATE|[35]|Bytes:46
11:05:26.28 (275922726)|STATEMENT_EXECUTE|[37]
11:05:26.28 (275926557)|HEAP_ALLOCATE|[37]|Bytes:46
11:05:26.28 (275937852)|USER_DEBUG|[37]|DEBUG|Order Name: asd; Order Id: a013X00002RTmFzQAL;
11:05:26.28 (275945868)|STATEMENT_EXECUTE|[38]
11:05:26.28 (276131957)|HEAP_ALLOCATE|[EXTERNAL]|Bytes:12
11:05:26.28 (276166060)|USER_DEBUG|[38]|DEBUG|Messaging.SingleEmailMessage[getBccAddresses=null;getCcAddresses=null;getCharset=null;getEntityAttachments=null;getFileAttachments=null;getHtmlBody=null;getInReplyTo=null;getOptOutPolicy=SEND;getOrgWideEmailAddressId=null;getPlainTextBody=Order Name: asd; Order Id: a013X00002RTmFzQAL;;getReferences=null;getTargetObjectId=null;getTemplateId=null;getTemplateName=null;getToAddresses=(0053X00000AtM0MQAV, 0053X00000AtUkgQAF);getWhatId=null;isTreatBodiesAsTemplate=false;isTreatTargetObjectAsRecipient=true;isUserMail=false;]
11:05:26.28 (276178913)|STATEMENT_EXECUTE|[39]
11:05:26.28 (276214887)|HEAP_ALLOCATE|[EXTERNAL]|Bytes:4
11:05:26.28 (276224638)|HEAP_ALLOCATE|[24]|Bytes:4
11:05:26.28 (276236418)|VARIABLE_ASSIGNMENT|[24]|i|1
11:05:26.28 (276253985)|STATEMENT_EXECUTE|[42]
11:05:26.28 (276309853)|USER_DEBUG|[42]|DEBUG|(Messaging.SingleEmailMessage[getBccAddresses=null;getCcAddresses=null;getCharset=null;getEntityAttachments=null;getFileAttachments=null;getHtmlBody=null;getInReplyTo=null;getOptOutPolicy=SEND;getOrgWideEmailAddressId=null;getPlainTextBody=Order Name: asd; Order Id: a013X00002RTmFzQAL;;getReferences=null;getTargetObjectId=null;getTemplateId=null;getTemplateName=null;getToAddresses=(0053X00000AtM0MQAV, 0053X00000AtUkgQAF);getWhatId=null;isTreatBodiesAsTemplate=false;isTreatTargetObjectAsRecipient=true;isUserMail=false;])
11:05:26.28 (276322292)|STATEMENT_EXECUTE|[44]
11:05:26.28 (276381944)|HEAP_ALLOCATE|[EXTERNAL]|Bytes:8
11:05:26.28 (360857573)|EMAIL_QUEUE|[44]|subject: New Order: asd, bccSender: false, saveAsActivity: true, useSignature: true, toAddresses: [0053X00000AtM0MQAV, 0053X00000AtUkgQAF], plainTextBody: Order Name: asd; Order Id: a013X00002RTmFzQAL;, 
11:05:26.28 (360999179)|HEAP_ALLOCATE|[EXTERNAL]|Bytes:8
11:05:26.28 (361066716)|METHOD_EXIT|[121]|01p3X00000DVjDo|MyOrderEmailService.OrderEmailService.sendEmailOnOrder(List<myorder__c>, List<String>, List<String>)
11:05:26.28 (361081782)|METHOD_EXIT|[3]|01p3X00000DVjDo|MyOrderEmailService.OrderEmailTriggerHandler.sendEmailOnNewOrder(List<myorder__c>)
11:05:26.28 (361105381)|METHOD_EXIT|[150]|01p3X00000DVjDo|MyOrderEmailService.onAfterInsert(Handler.TriggerContext)
11:05:26.28 (361115271)|STATEMENT_EXECUTE|[151]
11:05:26.28 (361152673)|METHOD_ENTRY|[151]|01p3X00000DVhae|Handler.logAfterEventHandling(Handler.TriggerContext)
11:05:26.28 (361199116)|VARIABLE_SCOPE_BEGIN|[228]|this|Handler|true|false
11:05:26.28 (361251738)|VARIABLE_ASSIGNMENT|[228]|this|{"typeName":"0x3e45a61f"}|0x343d6a68
11:05:26.28 (361258958)|VARIABLE_SCOPE_BEGIN|[228]|context|Handler.TriggerContext|true|false
11:05:26.28 (361296810)|VARIABLE_ASSIGNMENT|[228]|context|{"newList":"0x39421bee","newMap":"0x3c8af1dd","operationType":"0x4885df10","size":1}|0x461fb509
11:05:26.28 (361322986)|HEAP_ALLOCATE|[EXTERNAL]|Bytes:5
11:05:26.28 (361331269)|STATEMENT_EXECUTE|[228]
11:05:26.28 (361338779)|METHOD_EXIT|[151]|01p3X00000DVhae|Handler.logAfterEventHandling(Handler.TriggerContext)
11:05:26.28 (361348499)|SYSTEM_MODE_EXIT|false
11:05:26.28 (361358422)|METHOD_EXIT|[131]|01p3X00000DVhae|Handler.afterInsert()
11:05:26.28 (361366387)|METHOD_EXIT|[79]|01p3X00000DVhaf|HandlerExecutionPool.HandlerExecutor.executeHandler(Handler)
11:05:26.28 (361389116)|HEAP_ALLOCATE|[78]|Bytes:5
11:05:26.28 (361407070)|VARIABLE_ASSIGNMENT|[78]|handler|null|
11:05:26.28 (361416166)|METHOD_EXIT|[2]|01p3X00000DVhaf|HandlerExecutionPool.HandlerExecutor.execute()
11:05:26.361 (361433786)|CUMULATIVE_LIMIT_USAGE
11:05:26.361 (361433786)|LIMIT_USAGE_FOR_NS|(default)|
  Number of SOQL queries: 1 out of 100
  Number of query rows: 3 out of 50000
  Number of SOSL queries: 0 out of 20
  Number of DML statements: 1 out of 150
  Number of DML rows: 1 out of 10000
  Maximum CPU time: 0 out of 10000
  Maximum heap size: 0 out of 6000000
  Number of callouts: 0 out of 100
  Number of Email Invocations: 1 out of 10
  Number of future calls: 0 out of 50
  Number of queueable jobs added to the queue: 0 out of 50
  Number of Mobile Apex push calls: 0 out of 10

11:05:26.361 (361433786)|CUMULATIVE_LIMIT_USAGE_END

11:05:26.28 (363337018)|CODE_UNIT_FINISHED|myOrderTrigger on myorder trigger event AfterInsert|__sfdc_trigger/myOrderTrigger
11:05:26.28 (385505708)|DML_END|[1]
11:05:26.436 (436477360)|CUMULATIVE_LIMIT_USAGE
11:05:26.436 (436477360)|LIMIT_USAGE_FOR_NS|(default)|
  Number of SOQL queries: 1 out of 100
  Number of query rows: 3 out of 50000
  Number of SOSL queries: 0 out of 20
  Number of DML statements: 1 out of 150
  Number of DML rows: 1 out of 10000
  Maximum CPU time: 0 out of 10000
  Maximum heap size: 0 out of 6000000
  Number of callouts: 0 out of 100
  Number of Email Invocations: 1 out of 10
  Number of future calls: 0 out of 50
  Number of queueable jobs added to the queue: 0 out of 50
  Number of Mobile Apex push calls: 0 out of 10

11:05:26.436 (436477360)|CUMULATIVE_LIMIT_USAGE_END

11:05:26.28 (436571588)|CODE_UNIT_FINISHED|execute_anonymous_apex
11:05:26.28 (438093918)|EXECUTION_FINISHED
