47.0 APEX_CODE,FINEST;APEX_PROFILING,INFO;CALLOUT,INFO;DB,INFO;NBA,INFO;SYSTEM,DEBUG;VALIDATION,INFO;VISUALFORCE,FINER;WAVE,INFO;WORKFLOW,INFO
Execute Anonymous: System.debug('asdsad');
10:19:26.10 (10162497)|USER_INFO|[EXTERNAL]|0053X00000AtM0M|khrystynych.vasyl@ctdevlviv.stud|(GMT+00:00) Irish Standard Time (Europe/Dublin)|GMTZ
10:19:26.10 (10196326)|EXECUTION_STARTED
10:19:26.10 (10203657)|CODE_UNIT_STARTED|[EXTERNAL]|execute_anonymous_apex
10:19:26.10 (10495566)|HEAP_ALLOCATE|[79]|Bytes:3
10:19:26.10 (10539328)|HEAP_ALLOCATE|[84]|Bytes:152
10:19:26.10 (10562647)|HEAP_ALLOCATE|[399]|Bytes:408
10:19:26.10 (10590037)|HEAP_ALLOCATE|[412]|Bytes:408
10:19:26.10 (10615192)|HEAP_ALLOCATE|[520]|Bytes:48
10:19:26.10 (10650792)|HEAP_ALLOCATE|[139]|Bytes:6
10:19:26.10 (10682643)|HEAP_ALLOCATE|[EXTERNAL]|Bytes:1
10:19:26.10 (10774597)|STATEMENT_EXECUTE|[1]
10:19:26.10 (10779393)|STATEMENT_EXECUTE|[1]
10:19:26.10 (10784010)|HEAP_ALLOCATE|[1]|Bytes:6
10:19:26.10 (10827380)|HEAP_ALLOCATE|[52]|Bytes:5
10:19:26.10 (10860736)|HEAP_ALLOCATE|[58]|Bytes:5
10:19:26.10 (10872341)|HEAP_ALLOCATE|[66]|Bytes:7
10:19:26.10 (10965351)|USER_DEBUG|[1]|DEBUG|asdsad
10:19:26.11 (11029477)|CUMULATIVE_LIMIT_USAGE
10:19:26.11 (11029477)|LIMIT_USAGE_FOR_NS|(default)|
  Number of SOQL queries: 0 out of 100
  Number of query rows: 0 out of 50000
  Number of SOSL queries: 0 out of 20
  Number of DML statements: 0 out of 150
  Number of DML rows: 0 out of 10000
  Maximum CPU time: 0 out of 10000
  Maximum heap size: 0 out of 6000000
  Number of callouts: 0 out of 100
  Number of Email Invocations: 0 out of 10
  Number of future calls: 0 out of 50
  Number of queueable jobs added to the queue: 0 out of 50
  Number of Mobile Apex push calls: 0 out of 10

10:19:26.11 (11029477)|CUMULATIVE_LIMIT_USAGE_END

10:19:26.10 (11087993)|CODE_UNIT_FINISHED|execute_anonymous_apex
10:19:26.10 (12877166)|EXECUTION_FINISHED
