47.0 APEX_CODE,FINEST;APEX_PROFILING,INFO;CALLOUT,INFO;DB,INFO;NBA,INFO;SYSTEM,DEBUG;VALIDATION,INFO;VISUALFORCE,FINER;WAVE,INFO;WORKFLOW,INFO
Execute Anonymous: insert new myorder__c(Name = 'asd',customer__c = 'a003X0000132mlIQAQ',  Additional_Information__c = 'asdads');
10:42:18.28 (28205687)|USER_INFO|[EXTERNAL]|0053X00000AtM0M|khrystynych.vasyl@ctdevlviv.stud|(GMT+00:00) Irish Standard Time (Europe/Dublin)|GMTZ
10:42:18.28 (28228520)|EXECUTION_STARTED
10:42:18.28 (28234236)|CODE_UNIT_STARTED|[EXTERNAL]|execute_anonymous_apex
10:42:18.28 (28464528)|HEAP_ALLOCATE|[79]|Bytes:3
10:42:18.28 (28501413)|HEAP_ALLOCATE|[84]|Bytes:152
10:42:18.28 (28516721)|HEAP_ALLOCATE|[399]|Bytes:408
10:42:18.28 (28532521)|HEAP_ALLOCATE|[412]|Bytes:408
10:42:18.28 (28545900)|HEAP_ALLOCATE|[520]|Bytes:48
10:42:18.28 (28570021)|HEAP_ALLOCATE|[139]|Bytes:6
10:42:18.28 (28607125)|HEAP_ALLOCATE|[EXTERNAL]|Bytes:1
10:42:18.28 (28731109)|STATEMENT_EXECUTE|[1]
10:42:18.28 (28734343)|STATEMENT_EXECUTE|[1]
10:42:18.28 (28826508)|HEAP_ALLOCATE|[1]|Bytes:4
10:42:18.28 (28961659)|HEAP_ALLOCATE|[1]|Bytes:3
10:42:18.28 (29056323)|VARIABLE_ASSIGNMENT|[1]|this.Name|"asd"|0x10886095
10:42:18.28 (29070806)|HEAP_ALLOCATE|[1]|Bytes:18
10:42:18.28 (29091914)|HEAP_ALLOCATE|[1]|Bytes:4
10:42:18.28 (29152548)|VARIABLE_ASSIGNMENT|[1]|this.customer__c|"a003X0000132mlIQAQ"|0x10886095
10:42:18.28 (29160293)|HEAP_ALLOCATE|[1]|Bytes:6
10:42:18.28 (29182745)|VARIABLE_ASSIGNMENT|[1]|this.Additional_Information__c|"asdads"|0x10886095
10:42:18.28 (29237692)|HEAP_ALLOCATE|[52]|Bytes:5
10:42:18.28 (29260098)|HEAP_ALLOCATE|[58]|Bytes:5
10:42:18.28 (29268513)|HEAP_ALLOCATE|[66]|Bytes:7
10:42:18.28 (29343255)|HEAP_ALLOCATE|[1]|Bytes:8
10:42:18.28 (29355553)|DML_BEGIN|[1]|Op:Insert|Type:myorder__c|Rows:1
10:42:18.28 (29395359)|HEAP_ALLOCATE|[EXTERNAL]|Bytes:8
10:42:18.28 (95231953)|CODE_UNIT_STARTED|[EXTERNAL]|01q3X0000018STF|myOrderTrigger on myorder trigger event AfterInsert|__sfdc_trigger/myOrderTrigger
10:42:18.28 (95477497)|HEAP_ALLOCATE|[EXTERNAL]|Bytes:8
10:42:18.28 (95689221)|HEAP_ALLOCATE|[EXTERNAL]|Bytes:4
10:42:18.28 (95711348)|VARIABLE_SCOPE_BEGIN|[1]|this|myOrderTrigger|true|false
10:42:18.28 (95766958)|VARIABLE_ASSIGNMENT|[1]|this|{}|0x2bf0dd78
10:42:18.28 (95828914)|HEAP_ALLOCATE|[EXTERNAL]|Bytes:4
10:42:18.28 (95839168)|VARIABLE_SCOPE_BEGIN|[1]|this|myOrderTrigger|true|false
10:42:18.28 (95861864)|VARIABLE_ASSIGNMENT|[1]|this|{}|0x2bf0dd78
10:42:18.28 (95874580)|STATEMENT_EXECUTE|[1]
10:42:18.28 (95878633)|STATEMENT_EXECUTE|[2]
10:42:18.28 (100226051)|VARIABLE_SCOPE_BEGIN|[10]|HandlerExecutionPool.instance|HandlerExecutionPool|true|true
10:42:18.28 (100297242)|HEAP_ALLOCATE|[2]|Bytes:31
10:42:18.28 (100318887)|HEAP_ALLOCATE|[2]|Bytes:8
10:42:18.28 (100355886)|METHOD_ENTRY|[8]|01p3X00000DVhaf|HandlerExecutionPool.HandlerExecutionPool()
10:42:18.28 (100363936)|STATEMENT_EXECUTE|[8]
10:42:18.28 (100369170)|STATEMENT_EXECUTE|[8]
10:42:18.28 (100905257)|SYSTEM_MODE_ENTER|false
10:42:18.28 (100935403)|HEAP_ALLOCATE|[2]|Bytes:5
10:42:18.28 (100950349)|STATEMENT_EXECUTE|[60]
10:42:18.28 (100954364)|STATEMENT_EXECUTE|[172]
10:42:18.28 (100962154)|SYSTEM_MODE_EXIT|false
10:42:18.28 (100980984)|METHOD_EXIT|[8]|HandlerExecutionPool
10:42:18.28 (101021295)|METHOD_ENTRY|[2]|01p3X00000DVhaf|HandlerExecutionPool.getInstance()
10:42:18.28 (101110331)|SYSTEM_MODE_ENTER|false
10:42:18.28 (101123717)|HEAP_ALLOCATE|[25]|Bytes:5
10:42:18.28 (101133467)|STATEMENT_EXECUTE|[24]
10:42:18.28 (101141822)|STATEMENT_EXECUTE|[25]
10:42:18.28 (101145064)|STATEMENT_EXECUTE|[26]
10:42:18.28 (102290072)|HEAP_ALLOCATE|[26]|Bytes:8
10:42:18.28 (102322377)|CONSTRUCTOR_ENTRY|[26]|01p3X00000DVhaf|<init>()|HandlerExecutionPool
10:42:18.28 (102380701)|VARIABLE_SCOPE_BEGIN|[13]|this|HandlerExecutionPool|true|false
10:42:18.28 (102421432)|VARIABLE_ASSIGNMENT|[13]|this|{}|0x576b1158
10:42:18.28 (102437660)|HEAP_ALLOCATE|[14]|Bytes:5
10:42:18.28 (102443929)|STATEMENT_EXECUTE|[8]
10:42:18.28 (102448013)|HEAP_ALLOCATE|[14]|Bytes:5
10:42:18.28 (102452211)|STATEMENT_EXECUTE|[11]
10:42:18.28 (102466253)|HEAP_ALLOCATE|[14]|Bytes:6
10:42:18.28 (103295262)|STATEMENT_EXECUTE|[13]
10:42:18.28 (103300348)|STATEMENT_EXECUTE|[14]
10:42:18.28 (103320907)|HEAP_ALLOCATE|[14]|Bytes:4
10:42:18.28 (103402897)|VARIABLE_ASSIGNMENT|[14]|this.handlerPool|{}|0x576b1158
10:42:18.28 (103418995)|CONSTRUCTOR_EXIT|[26]|01p3X00000DVhaf|<init>()|HandlerExecutionPool
10:42:18.28 (103454368)|VARIABLE_ASSIGNMENT|[26]|HandlerExecutionPool.instance|{"handlerPool":"0x5f49f7fb"}|0x576b1158
10:42:18.28 (103461706)|STATEMENT_EXECUTE|[28]
10:42:18.28 (103470138)|SYSTEM_MODE_EXIT|false
10:42:18.28 (103484385)|METHOD_EXIT|[2]|01p3X00000DVhaf|HandlerExecutionPool.getInstance()
10:42:18.28 (103495978)|HEAP_ALLOCATE|[2]|Bytes:36
10:42:18.28 (103604568)|HEAP_ALLOCATE|[2]|Bytes:30
10:42:18.28 (103621123)|SYSTEM_METHOD_ENTRY|[1]|Type.Type()
10:42:18.28 (103625864)|STATEMENT_EXECUTE|[1]
10:42:18.28 (103633783)|SYSTEM_METHOD_EXIT|[1]|Type
10:42:18.28 (103642088)|HEAP_ALLOCATE|[2]|Bytes:8
10:42:18.28 (103662316)|HEAP_ALLOCATE|[2]|Bytes:8
10:42:18.28 (103669028)|VARIABLE_SCOPE_BEGIN|[4]|this|System.Type|true|false
10:42:18.28 (103689284)|VARIABLE_ASSIGNMENT|[4]|this|{}|0x237ce83c
10:42:18.28 (103696759)|VARIABLE_SCOPE_BEGIN|[4]|apextype|java:common.apex.runtime.ApexObjectType|true|false
10:42:18.28 (103970799)|VARIABLE_ASSIGNMENT|[4]|apextype|"myorder__c"|0x2c12dcda
10:42:18.28 (104018377)|HEAP_ALLOCATE|[2]|Bytes:8
10:42:18.28 (104048271)|METHOD_ENTRY|[2]|01p3X00000DVhaf|HandlerExecutionPool.getHandler(System.Type)
10:42:18.28 (104057211)|VARIABLE_SCOPE_BEGIN|[41]|this|HandlerExecutionPool|true|false
10:42:18.28 (104080210)|VARIABLE_ASSIGNMENT|[41]|this|{"handlerPool":"0x5f49f7fb"}|0x576b1158
10:42:18.28 (104087281)|VARIABLE_SCOPE_BEGIN|[41]|typeName|System.Type|true|false
10:42:18.28 (104101457)|VARIABLE_ASSIGNMENT|[41]|typeName|{"aot":"0x2c12dcda"}|0x237ce83c
10:42:18.28 (104116152)|SYSTEM_MODE_ENTER|false
10:42:18.28 (104124125)|HEAP_ALLOCATE|[42]|Bytes:5
10:42:18.28 (104129650)|STATEMENT_EXECUTE|[41]
10:42:18.28 (104132326)|STATEMENT_EXECUTE|[42]
10:42:18.28 (104235259)|VARIABLE_SCOPE_BEGIN|[42]|executor|HandlerExecutionPool.HandlerExecutor|true|false
10:42:18.28 (104249577)|VARIABLE_ASSIGNMENT|[42]|executor|null|
10:42:18.28 (104255677)|STATEMENT_EXECUTE|[43]
10:42:18.28 (104258380)|STATEMENT_EXECUTE|[44]
10:42:18.28 (104265011)|HEAP_ALLOCATE|[44]|Bytes:16
10:42:18.28 (104271113)|HEAP_ALLOCATE|[44]|Bytes:11
10:42:18.28 (141110396)|HEAP_ALLOCATE|[44]|Bytes:12
10:42:18.28 (141233229)|CONSTRUCTOR_ENTRY|[44]|01p3X00000DVhaf|<init>(System.Type)|HandlerExecutionPool.HandlerExecutor
10:42:18.28 (141343251)|VARIABLE_SCOPE_BEGIN|[65]|this|HandlerExecutionPool.HandlerExecutor|true|false
10:42:18.28 (141401405)|VARIABLE_ASSIGNMENT|[65]|this|{}|0x39b2e9ad
10:42:18.28 (141410275)|VARIABLE_SCOPE_BEGIN|[65]|typeName|System.Type|true|false
10:42:18.28 (141447390)|VARIABLE_ASSIGNMENT|[65]|typeName|{"aot":"0x2c12dcda"}|0x237ce83c
10:42:18.28 (141457999)|STATEMENT_EXECUTE|[60]
10:42:18.28 (141461291)|STATEMENT_EXECUTE|[62]
10:42:18.28 (141464374)|STATEMENT_EXECUTE|[63]
10:42:18.28 (141492742)|STATEMENT_EXECUTE|[65]
10:42:18.28 (141495212)|STATEMENT_EXECUTE|[66]
10:42:18.28 (141505854)|VARIABLE_ASSIGNMENT|[66]|this.typeName|0x237ce83c|0x39b2e9ad
10:42:18.28 (141522415)|CONSTRUCTOR_EXIT|[44]|01p3X00000DVhaf|<init>(System.Type)|HandlerExecutionPool.HandlerExecutor
10:42:18.28 (141551314)|VARIABLE_ASSIGNMENT|[44]|executor|{"typeName":"0x237ce83c"}|0x39b2e9ad
10:42:18.28 (141560829)|STATEMENT_EXECUTE|[45]
10:42:18.28 (141700546)|HEAP_ALLOCATE|[EXTERNAL]|Bytes:-4
10:42:18.28 (141720943)|STATEMENT_EXECUTE|[47]
10:42:18.28 (141731372)|SYSTEM_MODE_EXIT|false
10:42:18.28 (141746512)|METHOD_EXIT|[2]|01p3X00000DVhaf|HandlerExecutionPool.getHandler(System.Type)
10:42:18.28 (141786890)|METHOD_ENTRY|[2]|01p3X00000DVhaf|HandlerExecutionPool.HandlerExecutor.execute()
10:42:18.28 (141850305)|VARIABLE_SCOPE_BEGIN|[76]|this|HandlerExecutionPool.HandlerExecutor|true|false
10:42:18.28 (141883755)|VARIABLE_ASSIGNMENT|[76]|this|{"typeName":"0x237ce83c"}|0x39b2e9ad
10:42:18.28 (141893960)|STATEMENT_EXECUTE|[76]
10:42:18.28 (141896818)|STATEMENT_EXECUTE|[77]
10:42:18.28 (141941037)|METHOD_ENTRY|[77]|01p3X00000DVhaf|HandlerExecutionPool.HandlerExecutor.getActiveHandlers()
10:42:18.28 (141994623)|VARIABLE_SCOPE_BEGIN|[95]|this|HandlerExecutionPool.HandlerExecutor|true|false
10:42:18.28 (142015765)|VARIABLE_ASSIGNMENT|[95]|this|{"typeName":"0x237ce83c"}|0x39b2e9ad
10:42:18.28 (142025270)|STATEMENT_EXECUTE|[95]
10:42:18.28 (142027801)|STATEMENT_EXECUTE|[96]
10:42:18.28 (142468422)|HEAP_ALLOCATE|[96]|Bytes:11
10:42:18.28 (142600322)|HEAP_ALLOCATE|[96]|Bytes:8
10:42:18.28 (142632404)|CONSTRUCTOR_ENTRY|[96]|01p3X00000DVhaf|<init>(System.Type)|HandlerExecutionPool.MetadataHandler
10:42:18.28 (142658492)|VARIABLE_SCOPE_BEGIN|[176]|this|HandlerExecutionPool.MetadataHandler|true|false
10:42:18.28 (142684244)|VARIABLE_ASSIGNMENT|[176]|this|{}|0x7712f766
10:42:18.28 (142691172)|VARIABLE_SCOPE_BEGIN|[176]|typeName|System.Type|true|false
10:42:18.28 (142712571)|VARIABLE_ASSIGNMENT|[176]|typeName|{"aot":"0x2c12dcda"}|0x237ce83c
10:42:18.28 (142720714)|STATEMENT_EXECUTE|[172]
10:42:18.28 (142723593)|STATEMENT_EXECUTE|[174]
10:42:18.28 (142745848)|STATEMENT_EXECUTE|[176]
10:42:18.28 (142748278)|STATEMENT_EXECUTE|[177]
10:42:18.28 (142767867)|METHOD_ENTRY|[177]|01p3X00000DVhaf|HandlerExecutionPool.MetadataHandler.readHandlersMetadata(System.Type)
10:42:18.28 (142795853)|VARIABLE_SCOPE_BEGIN|[184]|this|HandlerExecutionPool.MetadataHandler|true|false
10:42:18.28 (142809001)|VARIABLE_ASSIGNMENT|[184]|this|{}|0x7712f766
10:42:18.28 (142815314)|VARIABLE_SCOPE_BEGIN|[184]|typeName|System.Type|true|false
10:42:18.28 (142828820)|VARIABLE_ASSIGNMENT|[184]|typeName|{"aot":"0x2c12dcda"}|0x237ce83c
10:42:18.28 (142836130)|STATEMENT_EXECUTE|[184]
10:42:18.28 (142838525)|STATEMENT_EXECUTE|[185]
10:42:18.28 (142844558)|HEAP_ALLOCATE|[185]|Bytes:199
10:42:18.28 (142866072)|HEAP_ALLOCATE|[185]|Bytes:4
10:42:18.28 (151290168)|SOQL_EXECUTE_BEGIN|[185]|Aggregations:0|SELECT Id, NamespacePrefix, Class_Name__c, Other_Object_API_Name__c, Object_Name__r.QualifiedAPIName FROM Trigger_Dependency__mdt WHERE Is_Active__c = TRUE ORDER BY Execution_Order__c ASC NULLS FIRST
10:42:18.28 (175593197)|SOQL_EXECUTE_END|[185]|Rows:1
10:42:18.28 (175644859)|HEAP_ALLOCATE|[185]|Bytes:8
10:42:18.28 (175681339)|HEAP_ALLOCATE|[185]|Bytes:202
10:42:18.28 (175735550)|HEAP_ALLOCATE|[185]|Bytes:8
10:42:18.28 (175757893)|VARIABLE_SCOPE_BEGIN|[185]|triggerDependencies|List<Trigger_Dependency__mdt>|true|false
10:42:18.28 (175805956)|VARIABLE_ASSIGNMENT|[185]|triggerDependencies|[{"Id":"m003X0000009oReQAI","Class_Name__c":"MyOrderEmailService","Object_Name__c":"01I3X000001p4fD","Object_Name__r":{"Id":"000000000000000AAA","DurableId":"01I3X000001p4fD","QualifiedApiName":"myorder__c"}}]|0xb3cfee7
10:42:18.28 (175817241)|STATEMENT_EXECUTE|[195]
10:42:18.28 (175828809)|HEAP_ALLOCATE|[195]|Bytes:4
10:42:18.28 (175916772)|VARIABLE_SCOPE_BEGIN|[195]|result|List<Trigger_Dependency__mdt>|true|false
10:42:18.28 (175927703)|HEAP_ALLOCATE|[EXTERNAL]|Bytes:4
10:42:18.28 (175936428)|VARIABLE_ASSIGNMENT|[195]|result|[]|0x137941e7
10:42:18.28 (175942610)|STATEMENT_EXECUTE|[196]
10:42:18.28 (175963608)|METHOD_ENTRY|[196]||System.Type.toString()
10:42:18.28 (176039542)|METHOD_EXIT|[196]||System.Type.toString()
10:42:18.28 (176049448)|VARIABLE_SCOPE_BEGIN|[196]|typeNameString|String|false|false
10:42:18.28 (176062103)|VARIABLE_ASSIGNMENT|[196]|typeNameString|"myorder__c"
10:42:18.28 (176247170)|HEAP_ALLOCATE|[197]|Bytes:5
10:42:18.28 (176293058)|HEAP_ALLOCATE|[197]|Bytes:20
10:42:18.28 (176305248)|VARIABLE_SCOPE_BEGIN|[197]|dependency|Trigger_Dependency__mdt|true|false
10:42:18.28 (176339896)|VARIABLE_ASSIGNMENT|[197]|dependency|{"Id":"m003X0000009oReQAI","Class_Name__c":"MyOrderEmailService","Object_Name__c":"01I3X000001p4fD","Object_Name__r":{"Id":"000000000000000AAA","DurableId":"01I3X000001p4fD","QualifiedApiName":"myorder__c"}}|0x17bc3516
10:42:18.28 (176351359)|STATEMENT_EXECUTE|[197]
10:42:18.28 (176511370)|STATEMENT_EXECUTE|[199]
10:42:18.28 (176514825)|STATEMENT_EXECUTE|[200]
10:42:18.28 (176610407)|HEAP_ALLOCATE|[EXTERNAL]|Bytes:4
10:42:18.28 (176643930)|HEAP_ALLOCATE|[197]|Bytes:5
10:42:18.28 (176667710)|VARIABLE_ASSIGNMENT|[197]|dependency|null|
10:42:18.28 (176678557)|STATEMENT_EXECUTE|[203]
10:42:18.28 (176689377)|METHOD_EXIT|[177]|01p3X00000DVhaf|HandlerExecutionPool.MetadataHandler.readHandlersMetadata(System.Type)
10:42:18.28 (176739837)|VARIABLE_ASSIGNMENT|[177]|this.handlersMeta|[{"Id":"m003X0000009oReQAI","Class_Name__c":"MyOrderEmailService","Object_Name__c":"01I3X000001p4fD","Object_Name__r":{"Id":"000000000000000AAA","DurableId":"01I3X000001p4fD","QualifiedApiName":"myorder__c"}}]|0x7712f766
10:42:18.28 (176764428)|CONSTRUCTOR_EXIT|[96]|01p3X00000DVhaf|<init>(System.Type)|HandlerExecutionPool.MetadataHandler
10:42:18.28 (176794612)|VARIABLE_SCOPE_BEGIN|[96]|metadataHandler|HandlerExecutionPool.MetadataHandler|true|false
10:42:18.28 (176833449)|VARIABLE_ASSIGNMENT|[96]|metadataHandler|{"handlersMeta":"0x137941e7"}|0x7712f766
10:42:18.28 (176842852)|STATEMENT_EXECUTE|[97]
10:42:18.28 (176862245)|HEAP_ALLOCATE|[97]|Bytes:4
10:42:18.28 (177000498)|VARIABLE_SCOPE_BEGIN|[97]|handlers|List<Handler>|true|false
10:42:18.28 (177036819)|HEAP_ALLOCATE|[EXTERNAL]|Bytes:4
10:42:18.28 (177052863)|VARIABLE_ASSIGNMENT|[97]|handlers|[]|0x4e93287f
10:42:18.28 (177078044)|METHOD_ENTRY|[98]|01p3X00000DVhaf|HandlerExecutionPool.MetadataHandler.getMeta()
10:42:18.28 (177105404)|VARIABLE_SCOPE_BEGIN|[180]|this|HandlerExecutionPool.MetadataHandler|true|false
10:42:18.28 (177134331)|VARIABLE_ASSIGNMENT|[180]|this|{"handlersMeta":"0x137941e7"}|0x7712f766
10:42:18.28 (177146854)|STATEMENT_EXECUTE|[180]
10:42:18.28 (177150219)|STATEMENT_EXECUTE|[181]
10:42:18.28 (177161297)|METHOD_EXIT|[98]|01p3X00000DVhaf|HandlerExecutionPool.MetadataHandler.getMeta()
10:42:18.28 (177206372)|HEAP_ALLOCATE|[98]|Bytes:5
10:42:18.28 (177232858)|HEAP_ALLOCATE|[98]|Bytes:20
10:42:18.28 (177246842)|VARIABLE_SCOPE_BEGIN|[98]|handlerMeta|Trigger_Dependency__mdt|true|false
10:42:18.28 (177283853)|VARIABLE_ASSIGNMENT|[98]|handlerMeta|{"Id":"m003X0000009oReQAI","Class_Name__c":"MyOrderEmailService","Object_Name__c":"01I3X000001p4fD","Object_Name__r":{"Id":"000000000000000AAA","DurableId":"01I3X000001p4fD","QualifiedApiName":"myorder__c"}}|0x17bc3516
10:42:18.28 (177297400)|STATEMENT_EXECUTE|[98]
10:42:18.28 (177301586)|STATEMENT_EXECUTE|[99]
10:42:18.28 (177403469)|METHOD_ENTRY|[99]||System.Type.forName(String, String)
10:42:18.28 (230247123)|METHOD_EXIT|[99]||System.Type.forName(String, String)
10:42:18.28 (230268993)|VARIABLE_SCOPE_BEGIN|[99]|handlerType|System.Type|true|false
10:42:18.28 (230318221)|VARIABLE_ASSIGNMENT|[99]|handlerType|{"aot":"0x4c29ce1e"}|0x4a076abf
10:42:18.28 (230328116)|STATEMENT_EXECUTE|[100]
10:42:18.28 (230331849)|STATEMENT_EXECUTE|[104]
10:42:18.28 (230344982)|METHOD_ENTRY|[104]||System.Type.newInstance()
10:42:18.28 (230570254)|METHOD_ENTRY|[1]|01p3X00000DVjDo|MyOrderEmailService.MyOrderEmailService()
10:42:18.28 (230580013)|STATEMENT_EXECUTE|[1]
10:42:18.28 (230584714)|STATEMENT_EXECUTE|[1]
10:42:18.28 (231705031)|SYSTEM_MODE_ENTER|false
10:42:18.28 (231729997)|HEAP_ALLOCATE|[42]|Bytes:5
10:42:18.28 (231745056)|STATEMENT_EXECUTE|[9]
10:42:18.28 (231748941)|STATEMENT_EXECUTE|[46]
10:42:18.28 (231752269)|STATEMENT_EXECUTE|[86]
10:42:18.28 (231760676)|SYSTEM_MODE_EXIT|false
10:42:18.28 (231778659)|METHOD_EXIT|[1]|MyOrderEmailService
10:42:18.28 (231806235)|HEAP_ALLOCATE|[42]|Bytes:8
10:42:18.28 (231820964)|VARIABLE_SCOPE_BEGIN|[1]|this|MyOrderEmailService|true|false
10:42:18.28 (231875253)|VARIABLE_ASSIGNMENT|[1]|this|{}|0x350087a8
10:42:18.28 (231896434)|SYSTEM_MODE_ENTER|false
10:42:18.28 (231905711)|HEAP_ALLOCATE|[42]|Bytes:5
10:42:18.28 (231924667)|HEAP_ALLOCATE|[42]|Bytes:14
10:42:18.28 (231933736)|HEAP_ALLOCATE|[42]|Bytes:63
10:42:18.28 (231974253)|METHOD_ENTRY|[10]|01p3X00000DVhae|Handler.Handler()
10:42:18.28 (231983249)|STATEMENT_EXECUTE|[10]
10:42:18.28 (231988448)|STATEMENT_EXECUTE|[10]
10:42:18.28 (231995344)|HEAP_ALLOCATE|[42]|Bytes:5
10:42:18.28 (232001597)|STATEMENT_EXECUTE|[238]
10:42:18.28 (232010509)|METHOD_EXIT|[10]|Handler
10:42:18.28 (232025662)|CONSTRUCTOR_ENTRY|[EXTERNAL]|01p3X00000DVhae|<init>()|Handler
10:42:18.28 (232046183)|VARIABLE_SCOPE_BEGIN|[14]|this|Handler|true|false
10:42:18.28 (232074646)|VARIABLE_ASSIGNMENT|[14]|this|{}|0x350087a8
10:42:18.28 (232094194)|HEAP_ALLOCATE|[42]|Bytes:5
10:42:18.28 (232100540)|STATEMENT_EXECUTE|[10]
10:42:18.28 (232105235)|HEAP_ALLOCATE|[42]|Bytes:5
10:42:18.28 (232110693)|STATEMENT_EXECUTE|[12]
10:42:18.28 (232139959)|STATEMENT_EXECUTE|[14]
10:42:18.28 (232149636)|CONSTRUCTOR_EXIT|[EXTERNAL]|01p3X00000DVhae|<init>()|Handler
10:42:18.28 (232161832)|SYSTEM_MODE_EXIT|false
10:42:18.28 (232170192)|STATEMENT_EXECUTE|[1]
10:42:18.28 (232177124)|SYSTEM_MODE_ENTER|false
10:42:18.28 (232183934)|HEAP_ALLOCATE|[42]|Bytes:5
10:42:18.28 (232190223)|SYSTEM_MODE_EXIT|false
10:42:18.28 (232223858)|METHOD_EXIT|[104]||System.Type.newInstance()
10:42:18.28 (232243568)|VARIABLE_SCOPE_BEGIN|[104]|handler|Handler|true|false
10:42:18.28 (232270734)|VARIABLE_ASSIGNMENT|[104]|handler|{}|0x350087a8
10:42:18.28 (232280249)|STATEMENT_EXECUTE|[105]
10:42:18.28 (232336616)|METHOD_ENTRY|[105]|01p3X00000DVhae|Handler.setSobjectType(System.Type)
10:42:18.28 (232383529)|VARIABLE_SCOPE_BEGIN|[205]|this|Handler|true|false
10:42:18.28 (232409254)|VARIABLE_ASSIGNMENT|[205]|this|{}|0x350087a8
10:42:18.28 (232419557)|VARIABLE_SCOPE_BEGIN|[205]|typeName|System.Type|true|false
10:42:18.28 (232458936)|VARIABLE_ASSIGNMENT|[205]|typeName|{"aot":"0x2c12dcda"}|0x237ce83c
10:42:18.28 (232475906)|SYSTEM_MODE_ENTER|false
10:42:18.28 (232484442)|HEAP_ALLOCATE|[206]|Bytes:5
10:42:18.28 (232490294)|STATEMENT_EXECUTE|[205]
10:42:18.28 (232493099)|STATEMENT_EXECUTE|[206]
10:42:18.28 (232501800)|SYSTEM_MODE_EXIT|false
10:42:18.28 (232534873)|METHOD_EXIT|[105]|01p3X00000DVhae|Handler.setSobjectType(System.Type)
10:42:18.28 (232542359)|STATEMENT_EXECUTE|[106]
10:42:18.28 (232593739)|HEAP_ALLOCATE|[EXTERNAL]|Bytes:4
10:42:18.28 (232617683)|HEAP_ALLOCATE|[98]|Bytes:5
10:42:18.28 (232637456)|VARIABLE_ASSIGNMENT|[98]|handlerMeta|null|
10:42:18.28 (232643513)|STATEMENT_EXECUTE|[108]
10:42:18.28 (232649346)|METHOD_EXIT|[77]|01p3X00000DVhaf|HandlerExecutionPool.HandlerExecutor.getActiveHandlers()
10:42:18.28 (232688819)|VARIABLE_ASSIGNMENT|[77]|this.activeHandlers|[{"typeName":"0x237ce83c"}]|0x39b2e9ad
10:42:18.28 (232846892)|HEAP_ALLOCATE|[78]|Bytes:5
10:42:18.28 (232869634)|HEAP_ALLOCATE|[78]|Bytes:8
10:42:18.28 (233001972)|VARIABLE_SCOPE_BEGIN|[78]|handler|Handler|true|false
10:42:18.28 (233040766)|VARIABLE_ASSIGNMENT|[78]|handler|{"typeName":"0x237ce83c"}|0x350087a8
10:42:18.28 (233051477)|STATEMENT_EXECUTE|[78]
10:42:18.28 (233054880)|STATEMENT_EXECUTE|[79]
10:42:18.28 (233074728)|METHOD_ENTRY|[79]|01p3X00000DVhaf|HandlerExecutionPool.HandlerExecutor.executeHandler(Handler)
10:42:18.28 (233107878)|VARIABLE_SCOPE_BEGIN|[119]|this|HandlerExecutionPool.HandlerExecutor|true|false
10:42:18.28 (233141192)|VARIABLE_ASSIGNMENT|[119]|this|{"activeHandlers":"0x4e93287f","typeName":"0x237ce83c"}|0x39b2e9ad
10:42:18.28 (233150818)|VARIABLE_SCOPE_BEGIN|[119]|handler|Handler|true|false
10:42:18.28 (233170231)|VARIABLE_ASSIGNMENT|[119]|handler|{"typeName":"0x237ce83c"}|0x350087a8
10:42:18.28 (233181519)|STATEMENT_EXECUTE|[119]
10:42:18.28 (233184833)|STATEMENT_EXECUTE|[120]
10:42:18.28 (233709553)|HEAP_ALLOCATE|[121]|Bytes:12
10:42:18.28 (233953431)|STATEMENT_EXECUTE|[130]
10:42:18.28 (233958918)|STATEMENT_EXECUTE|[131]
10:42:18.28 (234042534)|METHOD_ENTRY|[131]|01p3X00000DVhae|Handler.afterInsert()
10:42:18.28 (234077263)|VARIABLE_SCOPE_BEGIN|[147]|this|Handler|true|false
10:42:18.28 (234165097)|VARIABLE_ASSIGNMENT|[147]|this|{"typeName":"0x237ce83c"}|0x350087a8
10:42:18.28 (234191058)|SYSTEM_MODE_ENTER|false
10:42:18.28 (234205254)|HEAP_ALLOCATE|[148]|Bytes:5
10:42:18.28 (234214928)|STATEMENT_EXECUTE|[147]
10:42:18.28 (234218640)|STATEMENT_EXECUTE|[148]
10:42:18.28 (234721556)|HEAP_ALLOCATE|[148]|Bytes:3
10:42:18.28 (234753737)|HEAP_ALLOCATE|[148]|Bytes:28
10:42:18.28 (234777888)|CONSTRUCTOR_ENTRY|[148]|01p3X00000DVhae|<init>()|Handler.TriggerContext
10:42:18.28 (234863539)|VARIABLE_SCOPE_BEGIN|[247]|this|Handler.TriggerContext|true|false
10:42:18.28 (234930514)|VARIABLE_ASSIGNMENT|[247]|this|{}|0x2f2d442c
10:42:18.28 (234942943)|STATEMENT_EXECUTE|[238]
10:42:18.28 (234946603)|STATEMENT_EXECUTE|[240]
10:42:18.28 (234950560)|STATEMENT_EXECUTE|[241]
10:42:18.28 (234953495)|STATEMENT_EXECUTE|[242]
10:42:18.28 (234956323)|STATEMENT_EXECUTE|[243]
10:42:18.28 (234959143)|STATEMENT_EXECUTE|[244]
10:42:18.28 (234962170)|STATEMENT_EXECUTE|[245]
10:42:18.28 (234990067)|STATEMENT_EXECUTE|[247]
10:42:18.28 (234993186)|STATEMENT_EXECUTE|[248]
10:42:18.28 (235545552)|VARIABLE_ASSIGNMENT|[248]|this.newList|[{"LastModifiedDate":"2020-01-29T10:42:18.000Z","IsDeleted":false,"customer__c":"a003X0000132mlIQAQ","total_count__c":0,"Additional_Information__c":"asdads","Name":"asd","SystemModstamp":"2020-01-29T10:42:18.000Z","CreatedById":"0053X00000AtM0MQAV","CreatedDate":"2020-01-29T10:42:18.000Z","Id":"a013X00002RTmB8QAL","Status__c":false,"LastModifiedById":"0053X00000AtM0MQAV","order_price__c":0.00}]|0x2f2d442c
10:42:18.28 (235569938)|STATEMENT_EXECUTE|[249]
10:42:18.28 (235850660)|VARIABLE_ASSIGNMENT|[249]|this.newMap|{"a013X00002RTmB8QAL":{"LastModifiedDate":"2020-01-29T10:42:18.000Z","IsDeleted":false,"customer__c":"a003X0000132mlIQAQ","total_count__c":0,"Additional_Information__c":"asdads","Name":"asd","SystemModstamp":"2020-01-29T10:42:18.000Z","CreatedById":"0053X00000AtM0MQAV","CreatedDate":"2020-01-29T10:42:18.000Z","Id":"a013X00002RTmB8QAL","Status__c":false,"LastModifiedById":"0053X00000AtM0MQAV","order_price__c":0.00}}|0x2f2d442c
10:42:18.28 (235865969)|STATEMENT_EXECUTE|[250]
10:42:18.28 (235888976)|VARIABLE_ASSIGNMENT|[250]|this.oldList|null|0x2f2d442c
10:42:18.28 (235895140)|STATEMENT_EXECUTE|[251]
10:42:18.28 (235908817)|VARIABLE_ASSIGNMENT|[251]|this.oldMap|null|0x2f2d442c
10:42:18.28 (235914580)|STATEMENT_EXECUTE|[252]
10:42:18.28 (235924610)|HEAP_ALLOCATE|[252]|Bytes:4
10:42:18.28 (235934869)|VARIABLE_ASSIGNMENT|[252]|this.size|1|0x2f2d442c
10:42:18.28 (235940658)|STATEMENT_EXECUTE|[253]
10:42:18.28 (236031297)|HEAP_ALLOCATE|[252]|Bytes:12
10:42:18.28 (236057106)|VARIABLE_ASSIGNMENT|[253]|this.operationType|0x5acb27bb|0x2f2d442c
10:42:18.28 (236072991)|CONSTRUCTOR_EXIT|[148]|01p3X00000DVhae|<init>()|Handler.TriggerContext
10:42:18.28 (236085957)|VARIABLE_SCOPE_BEGIN|[148]|context|Handler.TriggerContext|true|false
10:42:18.28 (236155419)|VARIABLE_ASSIGNMENT|[148]|context|{"newList":"0x754e05b5","newMap":"0x1827dbdf","operationType":"0x5acb27bb","size":1}|0x2f2d442c
10:42:18.28 (236167139)|STATEMENT_EXECUTE|[149]
10:42:18.28 (236194111)|METHOD_ENTRY|[149]|01p3X00000DVhae|Handler.logBeforeEventHandling(Handler.TriggerContext)
10:42:18.28 (236229789)|VARIABLE_SCOPE_BEGIN|[217]|this|Handler|true|false
10:42:18.28 (236260363)|VARIABLE_ASSIGNMENT|[217]|this|{"typeName":"0x237ce83c"}|0x350087a8
10:42:18.28 (236271278)|VARIABLE_SCOPE_BEGIN|[217]|context|Handler.TriggerContext|true|false
10:42:18.28 (236305022)|VARIABLE_ASSIGNMENT|[217]|context|{"newList":"0x754e05b5","newMap":"0x1827dbdf","operationType":"0x5acb27bb","size":1}|0x2f2d442c
10:42:18.28 (236325035)|HEAP_ALLOCATE|[EXTERNAL]|Bytes:5
10:42:18.28 (236333383)|STATEMENT_EXECUTE|[217]
10:42:18.28 (236345820)|METHOD_EXIT|[149]|01p3X00000DVhae|Handler.logBeforeEventHandling(Handler.TriggerContext)
10:42:18.28 (236355295)|STATEMENT_EXECUTE|[150]
10:42:18.28 (236381596)|METHOD_ENTRY|[150]|01p3X00000DVjDo|MyOrderEmailService.onAfterInsert(Handler.TriggerContext)
10:42:18.28 (236409611)|VARIABLE_SCOPE_BEGIN|[2]|this|MyOrderEmailService|true|false
10:42:18.28 (236435416)|VARIABLE_ASSIGNMENT|[2]|this|{"typeName":"0x237ce83c"}|0x350087a8
10:42:18.28 (236444612)|VARIABLE_SCOPE_BEGIN|[2]|context|Handler.TriggerContext|true|false
10:42:18.28 (236474401)|VARIABLE_ASSIGNMENT|[2]|context|{"newList":"0x754e05b5","newMap":"0x1827dbdf","operationType":"0x5acb27bb","size":1}|0x2f2d442c
10:42:18.28 (236490776)|HEAP_ALLOCATE|[3]|Bytes:5
10:42:18.28 (236498871)|STATEMENT_EXECUTE|[2]
10:42:18.28 (236502502)|STATEMENT_EXECUTE|[3]
10:42:18.28 (237618375)|HEAP_ALLOCATE|[3]|Bytes:5
10:42:18.28 (237640150)|HEAP_ALLOCATE|[3]|Bytes:7
10:42:18.28 (237670629)|HEAP_ALLOCATE|[3]|Bytes:8
10:42:18.28 (237697771)|CONSTRUCTOR_ENTRY|[3]|01p3X00000DVjDo|<init>()|MyOrderEmailService.OrderEmailTriggerHandler
10:42:18.28 (237752702)|VARIABLE_SCOPE_BEGIN|[87]|this|MyOrderEmailService.OrderEmailTriggerHandler|true|false
10:42:18.28 (237793988)|VARIABLE_ASSIGNMENT|[87]|this|{}|0x57e0796d
10:42:18.28 (237806152)|STATEMENT_EXECUTE|[86]
10:42:18.28 (237810111)|STATEMENT_EXECUTE|[88]
10:42:18.28 (237817020)|HEAP_ALLOCATE|[88]|Bytes:10
10:42:18.28 (237833822)|HEAP_ALLOCATE|[88]|Bytes:8
10:42:18.28 (237857829)|CONSTRUCTOR_ENTRY|[88]|01p3X00000DVjDo|<init>(String)|MyOrderEmailService.OrderEmailService
10:42:18.28 (237914040)|VARIABLE_SCOPE_BEGIN|[12]|this|MyOrderEmailService.OrderEmailService|true|false
10:42:18.28 (237935025)|VARIABLE_ASSIGNMENT|[12]|this|{}|0x57e0796d
10:42:18.28 (237942808)|VARIABLE_SCOPE_BEGIN|[12]|profileName|String|false|false
10:42:18.28 (237955248)|VARIABLE_ASSIGNMENT|[12]|profileName|"Shop Admin"
10:42:18.28 (237962261)|STATEMENT_EXECUTE|[9]
10:42:18.28 (237964823)|STATEMENT_EXECUTE|[10]
10:42:18.28 (237987710)|STATEMENT_EXECUTE|[12]
10:42:18.28 (237990149)|STATEMENT_EXECUTE|[13]
10:42:18.28 (238029577)|CONSTRUCTOR_EXIT|[88]|01p3X00000DVjDo|<init>(String)|MyOrderEmailService.OrderEmailService
10:42:18.28 (238038803)|STATEMENT_EXECUTE|[87]
10:42:18.28 (238043126)|CONSTRUCTOR_EXIT|[3]|01p3X00000DVjDo|<init>()|MyOrderEmailService.OrderEmailTriggerHandler
10:42:18.28 (238079400)|METHOD_ENTRY|[3]|01p3X00000DVjDo|MyOrderEmailService.OrderEmailTriggerHandler.sendEmailOnNewOrder(List<myorder__c>)
10:42:18.28 (238087136)|VARIABLE_SCOPE_BEGIN|[90]|this|MyOrderEmailService.OrderEmailTriggerHandler|true|false
10:42:18.28 (238120494)|VARIABLE_ASSIGNMENT|[90]|this|{"profileName":"Shop Admin"}|0x57e0796d
10:42:18.28 (238128139)|VARIABLE_SCOPE_BEGIN|[90]|newOrders|List<myorder__c>|true|false
10:42:18.28 (238418441)|VARIABLE_ASSIGNMENT|[90]|newOrders|[{"LastModifiedDate":"2020-01-29T10:42:18.000Z","IsDeleted":false,"customer__c":"a003X0000132mlIQAQ","total_count__c":0,"Additional_Information__c":"asdads","Name":"asd","SystemModstamp":"2020-01-29T10:42:18.000Z","CreatedById":"0053X00000AtM0MQAV","CreatedDate":"2020-01-29T10:42:18.000Z","Id":"a013X00002RTmB8QAL","Status__c":false,"LastModifiedById":"0053X00000AtM0MQAV","order_price__c":0.00}]|0x754e05b5
10:42:18.28 (238442754)|STATEMENT_EXECUTE|[90]
10:42:18.28 (238446467)|STATEMENT_EXECUTE|[91]
10:42:18.28 (238488294)|HEAP_ALLOCATE|[91]|Bytes:4
10:42:18.28 (238537051)|VARIABLE_SCOPE_BEGIN|[91]|newOrderLetterSubjectList|List<String>|true|false
10:42:18.28 (238577381)|HEAP_ALLOCATE|[EXTERNAL]|Bytes:4
10:42:18.28 (238602119)|VARIABLE_ASSIGNMENT|[91]|newOrderLetterSubjectList|[]|0x5a1f6c2d
10:42:18.28 (238611936)|STATEMENT_EXECUTE|[92]
10:42:18.28 (238624420)|HEAP_ALLOCATE|[92]|Bytes:4
10:42:18.28 (238654007)|VARIABLE_SCOPE_BEGIN|[92]|newOrderLetterBodyList|List<String>|true|false
10:42:18.28 (238682370)|HEAP_ALLOCATE|[EXTERNAL]|Bytes:4
10:42:18.28 (238694020)|VARIABLE_ASSIGNMENT|[92]|newOrderLetterBodyList|[]|0x52a457f4
10:42:18.28 (238934287)|HEAP_ALLOCATE|[94]|Bytes:5
10:42:18.28 (238965974)|VARIABLE_SCOPE_BEGIN|[94]|order|myorder__c|true|false
10:42:18.28 (239160896)|VARIABLE_ASSIGNMENT|[94]|order|{"LastModifiedDate":"2020-01-29T10:42:18.000Z","IsDeleted":false,"customer__c":"a003X0000132mlIQAQ","total_count__c":0,"Additional_Information__c":"asdads","Name":"asd","SystemModstamp":"2020-01-29T10:42:18.000Z","CreatedById":"0053X00000AtM0MQAV","CreatedDate":"2020-01-29T10:42:18.000Z","Id":"a013X00002RTmB8QAL","Status__c":false,"LastModifiedById":"0053X00000AtM0MQAV","order_price__c":0.00}|0x42e9c6c7
10:42:18.28 (239181939)|STATEMENT_EXECUTE|[94]
10:42:18.28 (239185970)|STATEMENT_EXECUTE|[95]
10:42:18.28 (239193029)|HEAP_ALLOCATE|[95]|Bytes:11
10:42:18.28 (239249212)|HEAP_ALLOCATE|[95]|Bytes:14
10:42:18.28 (239307846)|HEAP_ALLOCATE|[EXTERNAL]|Bytes:4
10:42:18.28 (239318948)|STATEMENT_EXECUTE|[96]
10:42:18.28 (239323516)|HEAP_ALLOCATE|[97]|Bytes:12
10:42:18.28 (239333336)|HEAP_ALLOCATE|[99]|Bytes:12
10:42:18.28 (239388081)|HEAP_ALLOCATE|[100]|Bytes:18
10:42:18.28 (239400728)|HEAP_ALLOCATE|[101]|Bytes:1
10:42:18.28 (239410971)|HEAP_ALLOCATE|[97]|Bytes:46
10:42:18.28 (239429178)|HEAP_ALLOCATE|[EXTERNAL]|Bytes:4
10:42:18.28 (239448063)|HEAP_ALLOCATE|[94]|Bytes:5
10:42:18.28 (239466905)|VARIABLE_ASSIGNMENT|[94]|order|null|
10:42:18.28 (239473618)|STATEMENT_EXECUTE|[107]
10:42:18.28 (239477197)|HEAP_ALLOCATE|[107]|Bytes:16
10:42:18.28 (239533473)|HEAP_ALLOCATE|[107]|Bytes:24
10:42:18.28 (239549464)|SYSTEM_METHOD_ENTRY|[1]|JSON.JSON()
10:42:18.28 (239554156)|STATEMENT_EXECUTE|[1]
10:42:18.28 (239561366)|SYSTEM_METHOD_EXIT|[1]|JSON
10:42:18.28 (239574608)|METHOD_ENTRY|[107]||System.JSON.serialize(Object)
10:42:18.28 (240084819)|METHOD_EXIT|[107]||System.JSON.serialize(Object)
10:42:18.28 (240102862)|HEAP_ALLOCATE|[107]|Bytes:528
10:42:18.28 (240111753)|VARIABLE_SCOPE_BEGIN|[107]|send|String|false|false
10:42:18.28 (240130485)|VARIABLE_ASSIGNMENT|[107]|send|"to adres list : [{\"a (508 more) ..."
10:42:18.28 (240136879)|STATEMENT_EXECUTE|[108]
10:42:18.28 (240141330)|HEAP_ALLOCATE|[110]|Bytes:17
10:42:18.28 (240150523)|METHOD_ENTRY|[111]||System.JSON.serialize(Object)
10:42:18.28 (240366781)|METHOD_EXIT|[111]||System.JSON.serialize(Object)
10:42:18.28 (240387876)|HEAP_ALLOCATE|[109]|Bytes:563
10:42:18.28 (240408248)|VARIABLE_ASSIGNMENT|[108]|send|"to adres list : [{\"a (543 more) ..."
10:42:18.28 (240416903)|STATEMENT_EXECUTE|[112]
10:42:18.28 (240422532)|HEAP_ALLOCATE|[114]|Bytes:14
10:42:18.28 (240435218)|METHOD_ENTRY|[115]||System.JSON.serialize(Object)
10:42:18.28 (240675254)|METHOD_EXIT|[115]||System.JSON.serialize(Object)
10:42:18.28 (240691004)|HEAP_ALLOCATE|[113]|Bytes:627
10:42:18.28 (240707454)|VARIABLE_ASSIGNMENT|[112]|send|"to adres list : [{\"a (607 more) ..."
10:42:18.28 (240713663)|STATEMENT_EXECUTE|[119]
10:42:18.28 (240717983)|HEAP_ALLOCATE|[119]|Bytes:89
10:42:18.28 (240736425)|HEAP_ALLOCATE|[119]|Bytes:4
10:42:18.28 (241185789)|SOQL_EXECUTE_BEGIN|[119]|Aggregations:0|SELECT Id FROM User WHERE ProfileId IN (SELECT Id FROM Profile WHERE Name = 'Shop Admin')
10:42:18.28 (252401074)|SOQL_EXECUTE_END|[119]|Rows:1
10:42:18.28 (252453583)|HEAP_ALLOCATE|[119]|Bytes:8
10:42:18.28 (252478763)|HEAP_ALLOCATE|[119]|Bytes:29
10:42:18.28 (252607173)|HEAP_ALLOCATE|[119]|Bytes:8
10:42:18.28 (252637372)|VARIABLE_SCOPE_BEGIN|[119]|users|List<User>|true|false
10:42:18.28 (252678485)|VARIABLE_ASSIGNMENT|[119]|users|[{"Id":"0053X00000AtUkgQAF"}]|0x64067648
10:42:18.28 (252688323)|STATEMENT_EXECUTE|[126]
10:42:18.28 (252696185)|HEAP_ALLOCATE|[126]|Bytes:5
10:42:18.28 (252807302)|HEAP_ALLOCATE|[126]|Bytes:30
10:42:18.28 (252827641)|HEAP_ALLOCATE|[126]|Bytes:35
10:42:18.28 (252857626)|USER_DEBUG|[126]|DEBUG|test (User:{Id=0053X00000AtUkgQAF})
10:42:18.28 (252869010)|STATEMENT_EXECUTE|[127]
10:42:18.28 (252873416)|HEAP_ALLOCATE|[127]|Bytes:60
10:42:18.28 (252896390)|HEAP_ALLOCATE|[127]|Bytes:4
10:42:18.28 (253141965)|SOQL_EXECUTE_BEGIN|[127]|Aggregations:0|SELECT Name, Email FROM User WHERE Id = '0053X00000AtUkgQAF'
10:42:18.28 (263327671)|SOQL_EXECUTE_END|[127]|Rows:1
10:42:18.28 (263373128)|HEAP_ALLOCATE|[127]|Bytes:8
10:42:18.28 (263395295)|HEAP_ALLOCATE|[127]|Bytes:87
10:42:18.28 (263440999)|HEAP_ALLOCATE|[127]|Bytes:8
10:42:18.28 (263558559)|USER_DEBUG|[127]|DEBUG|(User:{Name=I Василь Христинич, Email=vasyl.fear.k2@gmail.com, Id=0053X00000AtUkgQAF})
10:42:18.28 (263606555)|METHOD_EXIT|[3]|01p3X00000DVjDo|MyOrderEmailService.OrderEmailTriggerHandler.sendEmailOnNewOrder(List<myorder__c>)
10:42:18.28 (263630472)|METHOD_EXIT|[150]|01p3X00000DVjDo|MyOrderEmailService.onAfterInsert(Handler.TriggerContext)
10:42:18.28 (263638924)|STATEMENT_EXECUTE|[151]
10:42:18.28 (263666783)|METHOD_ENTRY|[151]|01p3X00000DVhae|Handler.logAfterEventHandling(Handler.TriggerContext)
10:42:18.28 (263710653)|VARIABLE_SCOPE_BEGIN|[228]|this|Handler|true|false
10:42:18.28 (263759765)|VARIABLE_ASSIGNMENT|[228]|this|{"typeName":"0x237ce83c"}|0x350087a8
10:42:18.28 (263768440)|VARIABLE_SCOPE_BEGIN|[228]|context|Handler.TriggerContext|true|false
10:42:18.28 (263807493)|VARIABLE_ASSIGNMENT|[228]|context|{"newList":"0x754e05b5","newMap":"0x1827dbdf","operationType":"0x5acb27bb","size":1}|0x2f2d442c
10:42:18.28 (263832412)|HEAP_ALLOCATE|[EXTERNAL]|Bytes:5
10:42:18.28 (263842838)|STATEMENT_EXECUTE|[228]
10:42:18.28 (263851073)|METHOD_EXIT|[151]|01p3X00000DVhae|Handler.logAfterEventHandling(Handler.TriggerContext)
10:42:18.28 (263859987)|SYSTEM_MODE_EXIT|false
10:42:18.28 (263870259)|METHOD_EXIT|[131]|01p3X00000DVhae|Handler.afterInsert()
10:42:18.28 (263878890)|METHOD_EXIT|[79]|01p3X00000DVhaf|HandlerExecutionPool.HandlerExecutor.executeHandler(Handler)
10:42:18.28 (263900322)|HEAP_ALLOCATE|[78]|Bytes:5
10:42:18.28 (263916565)|VARIABLE_ASSIGNMENT|[78]|handler|null|
10:42:18.28 (263926262)|METHOD_EXIT|[2]|01p3X00000DVhaf|HandlerExecutionPool.HandlerExecutor.execute()
10:42:18.263 (263941530)|CUMULATIVE_LIMIT_USAGE
10:42:18.263 (263941530)|LIMIT_USAGE_FOR_NS|(default)|
  Number of SOQL queries: 2 out of 100
  Number of query rows: 3 out of 50000
  Number of SOSL queries: 0 out of 20
  Number of DML statements: 1 out of 150
  Number of DML rows: 1 out of 10000
  Maximum CPU time: 0 out of 10000
  Maximum heap size: 0 out of 6000000
  Number of callouts: 0 out of 100
  Number of Email Invocations: 0 out of 10
  Number of future calls: 0 out of 50
  Number of queueable jobs added to the queue: 0 out of 50
  Number of Mobile Apex push calls: 0 out of 10

10:42:18.263 (263941530)|CUMULATIVE_LIMIT_USAGE_END

10:42:18.28 (265471906)|CODE_UNIT_FINISHED|myOrderTrigger on myorder trigger event AfterInsert|__sfdc_trigger/myOrderTrigger
10:42:18.28 (295612804)|DML_END|[1]
10:42:18.316 (316309713)|CUMULATIVE_LIMIT_USAGE
10:42:18.316 (316309713)|LIMIT_USAGE_FOR_NS|(default)|
  Number of SOQL queries: 2 out of 100
  Number of query rows: 3 out of 50000
  Number of SOSL queries: 0 out of 20
  Number of DML statements: 1 out of 150
  Number of DML rows: 1 out of 10000
  Maximum CPU time: 0 out of 10000
  Maximum heap size: 0 out of 6000000
  Number of callouts: 0 out of 100
  Number of Email Invocations: 0 out of 10
  Number of future calls: 0 out of 50
  Number of queueable jobs added to the queue: 0 out of 50
  Number of Mobile Apex push calls: 0 out of 10

10:42:18.316 (316309713)|CUMULATIVE_LIMIT_USAGE_END

10:42:18.28 (316371842)|CODE_UNIT_FINISHED|execute_anonymous_apex
10:42:18.28 (317697700)|EXECUTION_FINISHED
